[ 2017-07-01T13:20:00+08:00 ] ::1 /test/
INFO: [ app_init ] --START--
INFO: Run Behavior\BuildLiteBehavior [ RunTime:0.000132s ]
INFO: [ app_init ] --END-- [ RunTime:0.034629s ]
INFO: [ app_begin ] --START--
INFO: Run Behavior\ReadHtmlCacheBehavior [ RunTime:0.005717s ]
INFO: [ app_begin ] --END-- [ RunTime:0.006043s ]
SQL: SHOW COLUMNS FROM `cates` [ RunTime:0.069139s ]
SQL: SELECT * FROM `cates` WHERE ( pid=0 )  [ RunTime:0.016984s ]
SQL: SELECT * FROM `cates` WHERE ( pid=3 )  [ RunTime:0.000832s ]
SQL: SELECT * FROM `cates` WHERE ( pid=5 )  [ RunTime:0.000735s ]
SQL: SELECT * FROM `cates` WHERE ( pid=64 )  [ RunTime:0.001037s ]
SQL: SELECT * FROM `cates` WHERE ( pid=145 )  [ RunTime:0.000877s ]
NOTIC: [2] Invalid argument supplied for foreach() F:\wamp\www\test\Myweb\Home\Controller\IndexController.class.php 第 11 行.
SQL: SELECT * FROM `cates` WHERE ( pid=146 )  [ RunTime:0.001261s ]
NOTIC: [2] Invalid argument supplied for foreach() F:\wamp\www\test\Myweb\Home\Controller\IndexController.class.php 第 11 行.
SQL: SELECT * FROM `cates` WHERE ( pid=147 )  [ RunTime:0.004756s ]
NOTIC: [2] Invalid argument supplied for foreach() F:\wamp\www\test\Myweb\Home\Controller\IndexController.class.php 第 11 行.
SQL: SELECT * FROM `cates` WHERE ( pid=148 )  [ RunTime:0.002682s ]
NOTIC: [2] Invalid argument supplied for foreach() F:\wamp\www\test\Myweb\Home\Controller\IndexController.class.php 第 11 行.
SQL: SELECT * FROM `cates` WHERE ( pid=65 )  [ RunTime:0.003640s ]
SQL: SELECT * FROM `cates` WHERE ( pid=149 )  [ RunTime:0.001210s ]
NOTIC: [2] Invalid argument supplied for foreach() F:\wamp\www\test\Myweb\Home\Controller\IndexController.class.php 第 11 行.
SQL: SELECT * FROM `cates` WHERE ( pid=150 )  [ RunTime:0.001019s ]
NOTIC: [2] Invalid argument supplied for foreach() F:\wamp\www\test\Myweb\Home\Controller\IndexController.class.php 第 11 行.
SQL: SELECT * FROM `cates` WHERE ( pid=151 )  [ RunTime:0.000972s ]
NOTIC: [2] Invalid argument supplied for foreach() F:\wamp\www\test\Myweb\Home\Controller\IndexController.class.php 第 11 行.
SQL: SELECT * FROM `cates` WHERE ( pid=152 )  [ RunTime:0.000698s ]
NOTIC: [2] Invalid argument supplied for foreach() F:\wamp\www\test\Myweb\Home\Controller\IndexController.class.php 第 11 行.
SQL: SELECT * FROM `cates` WHERE ( pid=232 )  [ RunTime:0.001036s ]
SQL: SELECT * FROM `cates` WHERE ( pid=234 )  [ RunTime:0.000879s ]
NOTIC: [2] Invalid argument supplied for foreach() F:\wamp\www\test\Myweb\Home\Controller\IndexController.class.php 第 11 行.
SQL: SELECT * FROM `cates` WHERE ( pid=6 )  [ RunTime:0.000648s ]
SQL: SELECT * FROM `cates` WHERE ( pid=66 )  [ RunTime:0.000914s ]
SQL: SELECT * FROM `cates` WHERE ( pid=153 )  [ RunTime:0.000730s ]
NOTIC: [2] Invalid argument supplied for foreach() F:\wamp\www\test\Myweb\Home\Controller\IndexController.class.php 第 11 行.
SQL: SELECT * FROM `cates` WHERE ( pid=154 )  [ RunTime:0.000750s ]
NOTIC: [2] Invalid argument supplied for foreach() F:\wamp\www\test\Myweb\Home\Controller\IndexController.class.php 第 11 行.
SQL: SELECT * FROM `cates` WHERE ( pid=68 )  [ RunTime:0.000724s ]
SQL: SELECT * FROM `cates` WHERE ( pid=155 )  [ RunTime:0.000686s ]
NOTIC: [2] Invalid argument supplied for foreach() F:\wamp\www\test\Myweb\Home\Controller\IndexController.class.php 第 11 行.
SQL: SELECT * FROM `cates` WHERE ( pid=156 )  [ RunTime:0.000779s ]
NOTIC: [2] Invalid argument supplied for foreach() F:\wamp\www\test\Myweb\Home\Controller\IndexController.class.php 第 11 行.
SQL: SELECT * FROM `cates` WHERE ( pid=157 )  [ RunTime:0.000920s ]
NOTIC: [2] Invalid argument supplied for foreach() F:\wamp\www\test\Myweb\Home\Controller\IndexController.class.php 第 11 行.
SQL: SELECT * FROM `cates` WHERE ( pid=233 )  [ RunTime:0.000786s ]
SQL: SELECT * FROM `cates` WHERE ( pid=235 )  [ RunTime:0.001316s ]
NOTIC: [2] Invalid argument supplied for foreach() F:\wamp\www\test\Myweb\Home\Controller\IndexController.class.php 第 11 行.
SQL: SELECT * FROM `cates` WHERE ( pid=236 )  [ RunTime:0.000826s ]
NOTIC: [2] Invalid argument supplied for foreach() F:\wamp\www\test\Myweb\Home\Controller\IndexController.class.php 第 11 行.
SQL: SELECT * FROM `cates` WHERE ( pid=7 )  [ RunTime:0.000764s ]
SQL: SELECT * FROM `cates` WHERE ( pid=8 )  [ RunTime:0.000622s ]
SQL: SELECT * FROM `cates` WHERE ( pid=79 )  [ RunTime:0.000934s ]
SQL: SELECT * FROM `cates` WHERE ( pid=191 )  [ RunTime:0.001303s ]
NOTIC: [2] Invalid argument supplied for foreach() F:\wamp\www\test\Myweb\Home\Controller\IndexController.class.php 第 11 行.
SQL: SELECT * FROM `cates` WHERE ( pid=192 )  [ RunTime:0.001483s ]
NOTIC: [2] Invalid argument supplied for foreach() F:\wamp\www\test\Myweb\Home\Controller\IndexController.class.php 第 11 行.
SQL: SELECT * FROM `cates` WHERE ( pid=193 )  [ RunTime:0.005611s ]
NOTIC: [2] Invalid argument supplied for foreach() F:\wamp\www\test\Myweb\Home\Controller\IndexController.class.php 第 11 行.
SQL: SELECT * FROM `cates` WHERE ( pid=80 )  [ RunTime:0.001002s ]
SQL: SELECT * FROM `cates` WHERE ( pid=194 )  [ RunTime:0.000875s ]
NOTIC: [2] Invalid argument supplied for foreach() F:\wamp\www\test\Myweb\Home\Controller\IndexController.class.php 第 11 行.
SQL: SELECT * FROM `cates` WHERE ( pid=195 )  [ RunTime:0.000960s ]
NOTIC: [2] Invalid argument supplied for foreach() F:\wamp\www\test\Myweb\Home\Controller\IndexController.class.php 第 11 行.
SQL: SELECT * FROM `cates` WHERE ( pid=256 )  [ RunTime:0.000992s ]
SQL: SELECT * FROM `cates` WHERE ( pid=258 )  [ RunTime:0.004926s ]
NOTIC: [2] Invalid argument supplied for foreach() F:\wamp\www\test\Myweb\Home\Controller\IndexController.class.php 第 11 行.
SQL: SELECT * FROM `cates` WHERE ( pid=259 )  [ RunTime:0.000810s ]
NOTIC: [2] Invalid argument supplied for foreach() F:\wamp\www\test\Myweb\Home\Controller\IndexController.class.php 第 11 行.
SQL: SELECT * FROM `cates` WHERE ( pid=9 )  [ RunTime:0.000636s ]
SQL: SELECT * FROM `cates` WHERE ( pid=81 )  [ RunTime:0.000621s ]
SQL: SELECT * FROM `cates` WHERE ( pid=198 )  [ RunTime:0.000433s ]
NOTIC: [2] Invalid argument supplied for foreach() F:\wamp\www\test\Myweb\Home\Controller\IndexController.class.php 第 11 行.
SQL: SELECT * FROM `cates` WHERE ( pid=82 )  [ RunTime:0.000633s ]
SQL: SELECT * FROM `cates` WHERE ( pid=196 )  [ RunTime:0.000510s ]
NOTIC: [2] Invalid argument supplied for foreach() F:\wamp\www\test\Myweb\Home\Controller\IndexController.class.php 第 11 行.
SQL: SELECT * FROM `cates` WHERE ( pid=197 )  [ RunTime:0.001393s ]
NOTIC: [2] Invalid argument supplied for foreach() F:\wamp\www\test\Myweb\Home\Controller\IndexController.class.php 第 11 行.
SQL: SELECT * FROM `cates` WHERE ( pid=257 )  [ RunTime:0.000709s ]
SQL: SELECT * FROM `cates` WHERE ( pid=260 )  [ RunTime:0.001271s ]
NOTIC: [2] Invalid argument supplied for foreach() F:\wamp\www\test\Myweb\Home\Controller\IndexController.class.php 第 11 行.
SQL: SELECT * FROM `cates` WHERE ( pid=11 )  [ RunTime:0.002057s ]
SQL: SELECT * FROM `cates` WHERE ( pid=13 )  [ RunTime:0.000608s ]
SQL: SELECT * FROM `cates` WHERE ( pid=43 )  [ RunTime:0.000553s ]
SQL: SELECT * FROM `cates` WHERE ( pid=94 )  [ RunTime:0.000543s ]
NOTIC: [2] Invalid argument supplied for foreach() F:\wamp\www\test\Myweb\Home\Controller\IndexController.class.php 第 11 行.
SQL: SELECT * FROM `cates` WHERE ( pid=95 )  [ RunTime:0.000851s ]
NOTIC: [2] Invalid argument supplied for foreach() F:\wamp\www\test\Myweb\Home\Controller\IndexController.class.php 第 11 行.
SQL: SELECT * FROM `cates` WHERE ( pid=96 )  [ RunTime:0.000712s ]
NOTIC: [2] Invalid argument supplied for foreach() F:\wamp\www\test\Myweb\Home\Controller\IndexController.class.php 第 11 行.
SQL: SELECT * FROM `cates` WHERE ( pid=97 )  [ RunTime:0.002466s ]
NOTIC: [2] Invalid argument supplied for foreach() F:\wamp\www\test\Myweb\Home\Controller\IndexController.class.php 第 11 行.
SQL: SELECT * FROM `cates` WHERE ( pid=44 )  [ RunTime:0.000684s ]
SQL: SELECT * FROM `cates` WHERE ( pid=199 )  [ RunTime:0.000550s ]
NOTIC: [2] Invalid argument supplied for foreach() F:\wamp\www\test\Myweb\Home\Controller\IndexController.class.php 第 11 行.
SQL: SELECT * FROM `cates` WHERE ( pid=200 )  [ RunTime:0.000644s ]
NOTIC: [2] Invalid argument supplied for foreach() F:\wamp\www\test\Myweb\Home\Controller\IndexController.class.php 第 11 行.
SQL: SELECT * FROM `cates` WHERE ( pid=201 )  [ RunTime:0.000565s ]
SQL: SELECT * FROM `cates` WHERE ( pid=203 )  [ RunTime:0.000583s ]
NOTIC: [2] Invalid argument supplied for foreach() F:\wamp\www\test\Myweb\Home\Controller\IndexController.class.php 第 11 行.
SQL: SELECT * FROM `cates` WHERE ( pid=204 )  [ RunTime:0.000488s ]
NOTIC: [2] Invalid argument supplied for foreach() F:\wamp\www\test\Myweb\Home\Controller\IndexController.class.php 第 11 行.
SQL: SELECT * FROM `cates` WHERE ( pid=14 )  [ RunTime:0.000418s ]
SQL: SELECT * FROM `cates` WHERE ( pid=46 )  [ RunTime:0.000381s ]
SQL: SELECT * FROM `cates` WHERE ( pid=85 )  [ RunTime:0.000358s ]
NOTIC: [2] Invalid argument supplied for foreach() F:\wamp\www\test\Myweb\Home\Controller\IndexController.class.php 第 11 行.
SQL: SELECT * FROM `cates` WHERE ( pid=86 )  [ RunTime:0.000354s ]
NOTIC: [2] Invalid argument supplied for foreach() F:\wamp\www\test\Myweb\Home\Controller\IndexController.class.php 第 11 行.
SQL: SELECT * FROM `cates` WHERE ( pid=87 )  [ RunTime:0.000375s ]
NOTIC: [2] Invalid argument supplied for foreach() F:\wamp\www\test\Myweb\Home\Controller\IndexController.class.php 第 11 行.
SQL: SELECT * FROM `cates` WHERE ( pid=88 )  [ RunTime:0.000410s ]
NOTIC: [2] Invalid argument supplied for foreach() F:\wamp\www\test\Myweb\Home\Controller\IndexController.class.php 第 11 行.
SQL: SELECT * FROM `cates` WHERE ( pid=89 )  [ RunTime:0.000376s ]
NOTIC: [2] Invalid argument supplied for foreach() F:\wamp\www\test\Myweb\Home\Controller\IndexController.class.php 第 11 行.
SQL: SELECT * FROM `cates` WHERE ( pid=45 )  [ RunTime:0.000383s ]
SQL: SELECT * FROM `cates` WHERE ( pid=90 )  [ RunTime:0.000373s ]
NOTIC: [2] Invalid argument supplied for foreach() F:\wamp\www\test\Myweb\Home\Controller\IndexController.class.php 第 11 行.
SQL: SELECT * FROM `cates` WHERE ( pid=91 )  [ RunTime:0.000598s ]
NOTIC: [2] Invalid argument supplied for foreach() F:\wamp\www\test\Myweb\Home\Controller\IndexController.class.php 第 11 行.
SQL: SELECT * FROM `cates` WHERE ( pid=92 )  [ RunTime:0.000608s ]
NOTIC: [2] Invalid argument supplied for foreach() F:\wamp\www\test\Myweb\Home\Controller\IndexController.class.php 第 11 行.
SQL: SELECT * FROM `cates` WHERE ( pid=93 )  [ RunTime:0.000580s ]
NOTIC: [2] Invalid argument supplied for foreach() F:\wamp\www\test\Myweb\Home\Controller\IndexController.class.php 第 11 行.
SQL: SELECT * FROM `cates` WHERE ( pid=202 )  [ RunTime:0.000543s ]
SQL: SELECT * FROM `cates` WHERE ( pid=205 )  [ RunTime:0.000533s ]
NOTIC: [2] Invalid argument supplied for foreach() F:\wamp\www\test\Myweb\Home\Controller\IndexController.class.php 第 11 行.
SQL: SELECT * FROM `cates` WHERE ( pid=206 )  [ RunTime:0.000532s ]
NOTIC: [2] Invalid argument supplied for foreach() F:\wamp\www\test\Myweb\Home\Controller\IndexController.class.php 第 11 行.
SQL: SELECT * FROM `cates` WHERE ( pid=207 )  [ RunTime:0.000492s ]
NOTIC: [2] Invalid argument supplied for foreach() F:\wamp\www\test\Myweb\Home\Controller\IndexController.class.php 第 11 行.
SQL: SELECT * FROM `cates` WHERE ( pid=15 )  [ RunTime:0.000482s ]
SQL: SELECT * FROM `cates` WHERE ( pid=16 )  [ RunTime:0.000481s ]
SQL: SELECT * FROM `cates` WHERE ( pid=48 )  [ RunTime:0.000527s ]
SQL: SELECT * FROM `cates` WHERE ( pid=103 )  [ RunTime:0.000386s ]
NOTIC: [2] Invalid argument supplied for foreach() F:\wamp\www\test\Myweb\Home\Controller\IndexController.class.php 第 11 行.
SQL: SELECT * FROM `cates` WHERE ( pid=104 )  [ RunTime:0.000439s ]
NOTIC: [2] Invalid argument supplied for foreach() F:\wamp\www\test\Myweb\Home\Controller\IndexController.class.php 第 11 行.
SQL: SELECT * FROM `cates` WHERE ( pid=105 )  [ RunTime:0.000589s ]
NOTIC: [2] Invalid argument supplied for foreach() F:\wamp\www\test\Myweb\Home\Controller\IndexController.class.php 第 11 行.
SQL: SELECT * FROM `cates` WHERE ( pid=106 )  [ RunTime:0.000551s ]
NOTIC: [2] Invalid argument supplied for foreach() F:\wamp\www\test\Myweb\Home\Controller\IndexController.class.php 第 11 行.
SQL: SELECT * FROM `cates` WHERE ( pid=47 )  [ RunTime:0.000392s ]
SQL: SELECT * FROM `cates` WHERE ( pid=98 )  [ RunTime:0.000371s ]
NOTIC: [2] Invalid argument supplied for foreach() F:\wamp\www\test\Myweb\Home\Controller\IndexController.class.php 第 11 行.
SQL: SELECT * FROM `cates` WHERE ( pid=99 )  [ RunTime:0.001058s ]
NOTIC: [2] Invalid argument supplied for foreach() F:\wamp\www\test\Myweb\Home\Controller\IndexController.class.php 第 11 行.
SQL: SELECT * FROM `cates` WHERE ( pid=100 )  [ RunTime:0.000639s ]
NOTIC: [2] Invalid argument supplied for foreach() F:\wamp\www\test\Myweb\Home\Controller\IndexController.class.php 第 11 行.
SQL: SELECT * FROM `cates` WHERE ( pid=101 )  [ RunTime:0.001817s ]
NOTIC: [2] Invalid argument supplied for foreach() F:\wamp\www\test\Myweb\Home\Controller\IndexController.class.php 第 11 行.
SQL: SELECT * FROM `cates` WHERE ( pid=102 )  [ RunTime:0.001701s ]
NOTIC: [2] Invalid argument supplied for foreach() F:\wamp\www\test\Myweb\Home\Controller\IndexController.class.php 第 11 行.
SQL: SELECT * FROM `cates` WHERE ( pid=208 )  [ RunTime:0.000461s ]
SQL: SELECT * FROM `cates` WHERE ( pid=209 )  [ RunTime:0.000431s ]
NOTIC: [2] Invalid argument supplied for foreach() F:\wamp\www\test\Myweb\Home\Controller\IndexController.class.php 第 11 行.
SQL: SELECT * FROM `cates` WHERE ( pid=210 )  [ RunTime:0.000847s ]
NOTIC: [2] Invalid argument supplied for foreach() F:\wamp\www\test\Myweb\Home\Controller\IndexController.class.php 第 11 行.
SQL: SELECT * FROM `cates` WHERE ( pid=17 )  [ RunTime:0.000390s ]
SQL: SELECT * FROM `cates` WHERE ( pid=49 )  [ RunTime:0.000326s ]
SQL: SELECT * FROM `cates` WHERE ( pid=107 )  [ RunTime:0.000329s ]
NOTIC: [2] Invalid argument supplied for foreach() F:\wamp\www\test\Myweb\Home\Controller\IndexController.class.php 第 11 行.
SQL: SELECT * FROM `cates` WHERE ( pid=108 )  [ RunTime:0.000299s ]
NOTIC: [2] Invalid argument supplied for foreach() F:\wamp\www\test\Myweb\Home\Controller\IndexController.class.php 第 11 行.
SQL: SELECT * FROM `cates` WHERE ( pid=109 )  [ RunTime:0.000292s ]
NOTIC: [2] Invalid argument supplied for foreach() F:\wamp\www\test\Myweb\Home\Controller\IndexController.class.php 第 11 行.
SQL: SELECT * FROM `cates` WHERE ( pid=110 )  [ RunTime:0.000339s ]
NOTIC: [2] Invalid argument supplied for foreach() F:\wamp\www\test\Myweb\Home\Controller\IndexController.class.php 第 11 行.
SQL: SELECT * FROM `cates` WHERE ( pid=50 )  [ RunTime:0.000632s ]
SQL: SELECT * FROM `cates` WHERE ( pid=111 )  [ RunTime:0.000464s ]
NOTIC: [2] Invalid argument supplied for foreach() F:\wamp\www\test\Myweb\Home\Controller\IndexController.class.php 第 11 行.
SQL: SELECT * FROM `cates` WHERE ( pid=112 )  [ RunTime:0.000306s ]
NOTIC: [2] Invalid argument supplied for foreach() F:\wamp\www\test\Myweb\Home\Controller\IndexController.class.php 第 11 行.
SQL: SELECT * FROM `cates` WHERE ( pid=211 )  [ RunTime:0.000300s ]
SQL: SELECT * FROM `cates` WHERE ( pid=212 )  [ RunTime:0.000295s ]
NOTIC: [2] Invalid argument supplied for foreach() F:\wamp\www\test\Myweb\Home\Controller\IndexController.class.php 第 11 行.
SQL: SELECT * FROM `cates` WHERE ( pid=213 )  [ RunTime:0.000293s ]
NOTIC: [2] Invalid argument supplied for foreach() F:\wamp\www\test\Myweb\Home\Controller\IndexController.class.php 第 11 行.
SQL: SELECT * FROM `cates` WHERE ( pid=19 )  [ RunTime:0.000323s ]
SQL: SELECT * FROM `cates` WHERE ( pid=20 )  [ RunTime:0.000307s ]
SQL: SELECT * FROM `cates` WHERE ( pid=51 )  [ RunTime:0.000294s ]
SQL: SELECT * FROM `cates` WHERE ( pid=113 )  [ RunTime:0.000289s ]
NOTIC: [2] Invalid argument supplied for foreach() F:\wamp\www\test\Myweb\Home\Controller\IndexController.class.php 第 11 行.
SQL: SELECT * FROM `cates` WHERE ( pid=52 )  [ RunTime:0.001318s ]
SQL: SELECT * FROM `cates` WHERE ( pid=115 )  [ RunTime:0.000797s ]
NOTIC: [2] Invalid argument supplied for foreach() F:\wamp\www\test\Myweb\Home\Controller\IndexController.class.php 第 11 行.
SQL: SELECT * FROM `cates` WHERE ( pid=116 )  [ RunTime:0.000464s ]
NOTIC: [2] Invalid argument supplied for foreach() F:\wamp\www\test\Myweb\Home\Controller\IndexController.class.php 第 11 行.
SQL: SELECT * FROM `cates` WHERE ( pid=214 )  [ RunTime:0.000612s ]
SQL: SELECT * FROM `cates` WHERE ( pid=215 )  [ RunTime:0.000414s ]
NOTIC: [2] Invalid argument supplied for foreach() F:\wamp\www\test\Myweb\Home\Controller\IndexController.class.php 第 11 行.
SQL: SELECT * FROM `cates` WHERE ( pid=216 )  [ RunTime:0.000301s ]
NOTIC: [2] Invalid argument supplied for foreach() F:\wamp\www\test\Myweb\Home\Controller\IndexController.class.php 第 11 行.
SQL: SELECT * FROM `cates` WHERE ( pid=21 )  [ RunTime:0.000476s ]
SQL: SELECT * FROM `cates` WHERE ( pid=53 )  [ RunTime:0.000450s ]
SQL: SELECT * FROM `cates` WHERE ( pid=117 )  [ RunTime:0.000311s ]
NOTIC: [2] Invalid argument supplied for foreach() F:\wamp\www\test\Myweb\Home\Controller\IndexController.class.php 第 11 行.
SQL: SELECT * FROM `cates` WHERE ( pid=54 )  [ RunTime:0.000298s ]
SQL: SELECT * FROM `cates` WHERE ( pid=118 )  [ RunTime:0.000290s ]
NOTIC: [2] Invalid argument supplied for foreach() F:\wamp\www\test\Myweb\Home\Controller\IndexController.class.php 第 11 行.
SQL: SELECT * FROM `cates` WHERE ( pid=119 )  [ RunTime:0.000289s ]
NOTIC: [2] Invalid argument supplied for foreach() F:\wamp\www\test\Myweb\Home\Controller\IndexController.class.php 第 11 行.
SQL: SELECT * FROM `cates` WHERE ( pid=217 )  [ RunTime:0.000557s ]
SQL: SELECT * FROM `cates` WHERE ( pid=218 )  [ RunTime:0.000391s ]
NOTIC: [2] Invalid argument supplied for foreach() F:\wamp\www\test\Myweb\Home\Controller\IndexController.class.php 第 11 行.
SQL: SELECT * FROM `cates` WHERE ( pid=219 )  [ RunTime:0.000297s ]
NOTIC: [2] Invalid argument supplied for foreach() F:\wamp\www\test\Myweb\Home\Controller\IndexController.class.php 第 11 行.
SQL: SELECT * FROM `cates` WHERE ( pid=23 )  [ RunTime:0.000296s ]
SQL: SELECT * FROM `cates` WHERE ( pid=25 )  [ RunTime:0.000365s ]
SQL: SELECT * FROM `cates` WHERE ( pid=55 )  [ RunTime:0.000301s ]
SQL: SELECT * FROM `cates` WHERE ( pid=123 )  [ RunTime:0.000289s ]
NOTIC: [2] Invalid argument supplied for foreach() F:\wamp\www\test\Myweb\Home\Controller\IndexController.class.php 第 11 行.
SQL: SELECT * FROM `cates` WHERE ( pid=124 )  [ RunTime:0.000402s ]
NOTIC: [2] Invalid argument supplied for foreach() F:\wamp\www\test\Myweb\Home\Controller\IndexController.class.php 第 11 行.
SQL: SELECT * FROM `cates` WHERE ( pid=125 )  [ RunTime:0.000344s ]
NOTIC: [2] Invalid argument supplied for foreach() F:\wamp\www\test\Myweb\Home\Controller\IndexController.class.php 第 11 行.
SQL: SELECT * FROM `cates` WHERE ( pid=56 )  [ RunTime:0.000296s ]
SQL: SELECT * FROM `cates` WHERE ( pid=120 )  [ RunTime:0.000289s ]
NOTIC: [2] Invalid argument supplied for foreach() F:\wamp\www\test\Myweb\Home\Controller\IndexController.class.php 第 11 行.
SQL: SELECT * FROM `cates` WHERE ( pid=121 )  [ RunTime:0.000561s ]
NOTIC: [2] Invalid argument supplied for foreach() F:\wamp\www\test\Myweb\Home\Controller\IndexController.class.php 第 11 行.
SQL: SELECT * FROM `cates` WHERE ( pid=122 )  [ RunTime:0.000462s ]
NOTIC: [2] Invalid argument supplied for foreach() F:\wamp\www\test\Myweb\Home\Controller\IndexController.class.php 第 11 行.
SQL: SELECT * FROM `cates` WHERE ( pid=220 )  [ RunTime:0.000464s ]
SQL: SELECT * FROM `cates` WHERE ( pid=221 )  [ RunTime:0.000441s ]
NOTIC: [2] Invalid argument supplied for foreach() F:\wamp\www\test\Myweb\Home\Controller\IndexController.class.php 第 11 行.
SQL: SELECT * FROM `cates` WHERE ( pid=222 )  [ RunTime:0.000544s ]
NOTIC: [2] Invalid argument supplied for foreach() F:\wamp\www\test\Myweb\Home\Controller\IndexController.class.php 第 11 行.
SQL: SELECT * FROM `cates` WHERE ( pid=26 )  [ RunTime:0.000744s ]
SQL: SELECT * FROM `cates` WHERE ( pid=57 )  [ RunTime:0.000635s ]
SQL: SELECT * FROM `cates` WHERE ( pid=128 )  [ RunTime:0.000347s ]
NOTIC: [2] Invalid argument supplied for foreach() F:\wamp\www\test\Myweb\Home\Controller\IndexController.class.php 第 11 行.
SQL: SELECT * FROM `cates` WHERE ( pid=129 )  [ RunTime:0.000297s ]
NOTIC: [2] Invalid argument supplied for foreach() F:\wamp\www\test\Myweb\Home\Controller\IndexController.class.php 第 11 行.
SQL: SELECT * FROM `cates` WHERE ( pid=130 )  [ RunTime:0.000362s ]
NOTIC: [2] Invalid argument supplied for foreach() F:\wamp\www\test\Myweb\Home\Controller\IndexController.class.php 第 11 行.
SQL: SELECT * FROM `cates` WHERE ( pid=58 )  [ RunTime:0.000317s ]
SQL: SELECT * FROM `cates` WHERE ( pid=126 )  [ RunTime:0.000290s ]
NOTIC: [2] Invalid argument supplied for foreach() F:\wamp\www\test\Myweb\Home\Controller\IndexController.class.php 第 11 行.
SQL: SELECT * FROM `cates` WHERE ( pid=127 )  [ RunTime:0.000285s ]
NOTIC: [2] Invalid argument supplied for foreach() F:\wamp\www\test\Myweb\Home\Controller\IndexController.class.php 第 11 行.
SQL: SELECT * FROM `cates` WHERE ( pid=223 )  [ RunTime:0.000295s ]
SQL: SELECT * FROM `cates` WHERE ( pid=224 )  [ RunTime:0.000285s ]
NOTIC: [2] Invalid argument supplied for foreach() F:\wamp\www\test\Myweb\Home\Controller\IndexController.class.php 第 11 行.
SQL: SELECT * FROM `cates` WHERE ( pid=225 )  [ RunTime:0.000318s ]
NOTIC: [2] Invalid argument supplied for foreach() F:\wamp\www\test\Myweb\Home\Controller\IndexController.class.php 第 11 行.
SQL: SELECT * FROM `cates` WHERE ( pid=27 )  [ RunTime:0.000300s ]
SQL: SELECT * FROM `cates` WHERE ( pid=28 )  [ RunTime:0.000302s ]
SQL: SELECT * FROM `cates` WHERE ( pid=59 )  [ RunTime:0.000296s ]
SQL: SELECT * FROM `cates` WHERE ( pid=131 )  [ RunTime:0.001705s ]
NOTIC: [2] Invalid argument supplied for foreach() F:\wamp\www\test\Myweb\Home\Controller\IndexController.class.php 第 11 行.
SQL: SELECT * FROM `cates` WHERE ( pid=132 )  [ RunTime:0.000706s ]
NOTIC: [2] Invalid argument supplied for foreach() F:\wamp\www\test\Myweb\Home\Controller\IndexController.class.php 第 11 行.
SQL: SELECT * FROM `cates` WHERE ( pid=133 )  [ RunTime:0.000507s ]
NOTIC: [2] Invalid argument supplied for foreach() F:\wamp\www\test\Myweb\Home\Controller\IndexController.class.php 第 11 行.
SQL: SELECT * FROM `cates` WHERE ( pid=61 )  [ RunTime:0.000350s ]
SQL: SELECT * FROM `cates` WHERE ( pid=134 )  [ RunTime:0.000311s ]
NOTIC: [2] Invalid argument supplied for foreach() F:\wamp\www\test\Myweb\Home\Controller\IndexController.class.php 第 11 行.
SQL: SELECT * FROM `cates` WHERE ( pid=135 )  [ RunTime:0.000302s ]
NOTIC: [2] Invalid argument supplied for foreach() F:\wamp\www\test\Myweb\Home\Controller\IndexController.class.php 第 11 行.
SQL: SELECT * FROM `cates` WHERE ( pid=136 )  [ RunTime:0.000512s ]
NOTIC: [2] Invalid argument supplied for foreach() F:\wamp\www\test\Myweb\Home\Controller\IndexController.class.php 第 11 行.
SQL: SELECT * FROM `cates` WHERE ( pid=137 )  [ RunTime:0.000471s ]
NOTIC: [2] Invalid argument supplied for foreach() F:\wamp\www\test\Myweb\Home\Controller\IndexController.class.php 第 11 行.
SQL: SELECT * FROM `cates` WHERE ( pid=226 )  [ RunTime:0.000502s ]
SQL: SELECT * FROM `cates` WHERE ( pid=228 )  [ RunTime:0.000491s ]
NOTIC: [2] Invalid argument supplied for foreach() F:\wamp\www\test\Myweb\Home\Controller\IndexController.class.php 第 11 行.
SQL: SELECT * FROM `cates` WHERE ( pid=229 )  [ RunTime:0.000443s ]
NOTIC: [2] Invalid argument supplied for foreach() F:\wamp\www\test\Myweb\Home\Controller\IndexController.class.php 第 11 行.
SQL: SELECT * FROM `cates` WHERE ( pid=29 )  [ RunTime:0.000325s ]
SQL: SELECT * FROM `cates` WHERE ( pid=62 )  [ RunTime:0.000321s ]
SQL: SELECT * FROM `cates` WHERE ( pid=138 )  [ RunTime:0.000294s ]
NOTIC: [2] Invalid argument supplied for foreach() F:\wamp\www\test\Myweb\Home\Controller\IndexController.class.php 第 11 行.
SQL: SELECT * FROM `cates` WHERE ( pid=139 )  [ RunTime:0.000296s ]
NOTIC: [2] Invalid argument supplied for foreach() F:\wamp\www\test\Myweb\Home\Controller\IndexController.class.php 第 11 行.
SQL: SELECT * FROM `cates` WHERE ( pid=63 )  [ RunTime:0.000311s ]
SQL: SELECT * FROM `cates` WHERE ( pid=140 )  [ RunTime:0.000288s ]
NOTIC: [2] Invalid argument supplied for foreach() F:\wamp\www\test\Myweb\Home\Controller\IndexController.class.php 第 11 行.
SQL: SELECT * FROM `cates` WHERE ( pid=141 )  [ RunTime:0.000289s ]
NOTIC: [2] Invalid argument supplied for foreach() F:\wamp\www\test\Myweb\Home\Controller\IndexController.class.php 第 11 行.
SQL: SELECT * FROM `cates` WHERE ( pid=142 )  [ RunTime:0.000292s ]
NOTIC: [2] Invalid argument supplied for foreach() F:\wamp\www\test\Myweb\Home\Controller\IndexController.class.php 第 11 行.
SQL: SELECT * FROM `cates` WHERE ( pid=143 )  [ RunTime:0.000820s ]
NOTIC: [2] Invalid argument supplied for foreach() F:\wamp\www\test\Myweb\Home\Controller\IndexController.class.php 第 11 行.
SQL: SELECT * FROM `cates` WHERE ( pid=144 )  [ RunTime:0.000329s ]
NOTIC: [2] Invalid argument supplied for foreach() F:\wamp\www\test\Myweb\Home\Controller\IndexController.class.php 第 11 行.
SQL: SELECT * FROM `cates` WHERE ( pid=227 )  [ RunTime:0.000316s ]
SQL: SELECT * FROM `cates` WHERE ( pid=230 )  [ RunTime:0.000309s ]
NOTIC: [2] Invalid argument supplied for foreach() F:\wamp\www\test\Myweb\Home\Controller\IndexController.class.php 第 11 行.
SQL: SELECT * FROM `cates` WHERE ( pid=231 )  [ RunTime:0.000725s ]
NOTIC: [2] Invalid argument supplied for foreach() F:\wamp\www\test\Myweb\Home\Controller\IndexController.class.php 第 11 行.
SQL: SELECT * FROM `cates` WHERE ( pid=31 )  [ RunTime:0.000399s ]
SQL: SELECT * FROM `cates` WHERE ( pid=32 )  [ RunTime:0.000328s ]
SQL: SELECT * FROM `cates` WHERE ( pid=69 )  [ RunTime:0.000322s ]
SQL: SELECT * FROM `cates` WHERE ( pid=158 )  [ RunTime:0.000300s ]
NOTIC: [2] Invalid argument supplied for foreach() F:\wamp\www\test\Myweb\Home\Controller\IndexController.class.php 第 11 行.
SQL: SELECT * FROM `cates` WHERE ( pid=159 )  [ RunTime:0.000301s ]
NOTIC: [2] Invalid argument supplied for foreach() F:\wamp\www\test\Myweb\Home\Controller\IndexController.class.php 第 11 行.
SQL: SELECT * FROM `cates` WHERE ( pid=160 )  [ RunTime:0.000290s ]
NOTIC: [2] Invalid argument supplied for foreach() F:\wamp\www\test\Myweb\Home\Controller\IndexController.class.php 第 11 行.
SQL: SELECT * FROM `cates` WHERE ( pid=161 )  [ RunTime:0.000292s ]
NOTIC: [2] Invalid argument supplied for foreach() F:\wamp\www\test\Myweb\Home\Controller\IndexController.class.php 第 11 行.
SQL: SELECT * FROM `cates` WHERE ( pid=70 )  [ RunTime:0.000313s ]
SQL: SELECT * FROM `cates` WHERE ( pid=162 )  [ RunTime:0.000298s ]
NOTIC: [2] Invalid argument supplied for foreach() F:\wamp\www\test\Myweb\Home\Controller\IndexController.class.php 第 11 行.
SQL: SELECT * FROM `cates` WHERE ( pid=163 )  [ RunTime:0.000292s ]
NOTIC: [2] Invalid argument supplied for foreach() F:\wamp\www\test\Myweb\Home\Controller\IndexController.class.php 第 11 行.
SQL: SELECT * FROM `cates` WHERE ( pid=164 )  [ RunTime:0.000433s ]
NOTIC: [2] Invalid argument supplied for foreach() F:\wamp\www\test\Myweb\Home\Controller\IndexController.class.php 第 11 行.
SQL: SELECT * FROM `cates` WHERE ( pid=237 )  [ RunTime:0.000307s ]
SQL: SELECT * FROM `cates` WHERE ( pid=239 )  [ RunTime:0.000294s ]
NOTIC: [2] Invalid argument supplied for foreach() F:\wamp\www\test\Myweb\Home\Controller\IndexController.class.php 第 11 行.
SQL: SELECT * FROM `cates` WHERE ( pid=240 )  [ RunTime:0.000283s ]
NOTIC: [2] Invalid argument supplied for foreach() F:\wamp\www\test\Myweb\Home\Controller\IndexController.class.php 第 11 行.
SQL: SELECT * FROM `cates` WHERE ( pid=34 )  [ RunTime:0.000570s ]
SQL: SELECT * FROM `cates` WHERE ( pid=71 )  [ RunTime:0.000498s ]
SQL: SELECT * FROM `cates` WHERE ( pid=165 )  [ RunTime:0.000458s ]
NOTIC: [2] Invalid argument supplied for foreach() F:\wamp\www\test\Myweb\Home\Controller\IndexController.class.php 第 11 行.
SQL: SELECT * FROM `cates` WHERE ( pid=166 )  [ RunTime:0.000739s ]
NOTIC: [2] Invalid argument supplied for foreach() F:\wamp\www\test\Myweb\Home\Controller\IndexController.class.php 第 11 行.
SQL: SELECT * FROM `cates` WHERE ( pid=72 )  [ RunTime:0.000469s ]
SQL: SELECT * FROM `cates` WHERE ( pid=167 )  [ RunTime:0.000415s ]
NOTIC: [2] Invalid argument supplied for foreach() F:\wamp\www\test\Myweb\Home\Controller\IndexController.class.php 第 11 行.
SQL: SELECT * FROM `cates` WHERE ( pid=168 )  [ RunTime:0.000531s ]
NOTIC: [2] Invalid argument supplied for foreach() F:\wamp\www\test\Myweb\Home\Controller\IndexController.class.php 第 11 行.
SQL: SELECT * FROM `cates` WHERE ( pid=238 )  [ RunTime:0.000484s ]
SQL: SELECT * FROM `cates` WHERE ( pid=241 )  [ RunTime:0.000443s ]
NOTIC: [2] Invalid argument supplied for foreach() F:\wamp\www\test\Myweb\Home\Controller\IndexController.class.php 第 11 行.
SQL: SELECT * FROM `cates` WHERE ( pid=242 )  [ RunTime:0.000441s ]
NOTIC: [2] Invalid argument supplied for foreach() F:\wamp\www\test\Myweb\Home\Controller\IndexController.class.php 第 11 行.
SQL: SELECT * FROM `cates` WHERE ( pid=35 )  [ RunTime:0.000345s ]
SQL: SELECT * FROM `cates` WHERE ( pid=36 )  [ RunTime:0.000311s ]
SQL: SELECT * FROM `cates` WHERE ( pid=73 )  [ RunTime:0.000305s ]
SQL: SELECT * FROM `cates` WHERE ( pid=169 )  [ RunTime:0.000299s ]
NOTIC: [2] Invalid argument supplied for foreach() F:\wamp\www\test\Myweb\Home\Controller\IndexController.class.php 第 11 行.
SQL: SELECT * FROM `cates` WHERE ( pid=170 )  [ RunTime:0.000294s ]
NOTIC: [2] Invalid argument supplied for foreach() F:\wamp\www\test\Myweb\Home\Controller\IndexController.class.php 第 11 行.
SQL: SELECT * FROM `cates` WHERE ( pid=171 )  [ RunTime:0.000288s ]
NOTIC: [2] Invalid argument supplied for foreach() F:\wamp\www\test\Myweb\Home\Controller\IndexController.class.php 第 11 行.
SQL: SELECT * FROM `cates` WHERE ( pid=74 )  [ RunTime:0.000300s ]
SQL: SELECT * FROM `cates` WHERE ( pid=172 )  [ RunTime:0.000295s ]
NOTIC: [2] Invalid argument supplied for foreach() F:\wamp\www\test\Myweb\Home\Controller\IndexController.class.php 第 11 行.
SQL: SELECT * FROM `cates` WHERE ( pid=173 )  [ RunTime:0.000341s ]
NOTIC: [2] Invalid argument supplied for foreach() F:\wamp\www\test\Myweb\Home\Controller\IndexController.class.php 第 11 行.
SQL: SELECT * FROM `cates` WHERE ( pid=174 )  [ RunTime:0.001555s ]
NOTIC: [2] Invalid argument supplied for foreach() F:\wamp\www\test\Myweb\Home\Controller\IndexController.class.php 第 11 行.
SQL: SELECT * FROM `cates` WHERE ( pid=243 )  [ RunTime:0.000582s ]
SQL: SELECT * FROM `cates` WHERE ( pid=244 )  [ RunTime:0.000489s ]
NOTIC: [2] Invalid argument supplied for foreach() F:\wamp\www\test\Myweb\Home\Controller\IndexController.class.php 第 11 行.
SQL: SELECT * FROM `cates` WHERE ( pid=245 )  [ RunTime:0.000478s ]
NOTIC: [2] Invalid argument supplied for foreach() F:\wamp\www\test\Myweb\Home\Controller\IndexController.class.php 第 11 行.
SQL: SELECT * FROM `cates` WHERE ( pid=37 )  [ RunTime:0.000577s ]
SQL: SELECT * FROM `cates` WHERE ( pid=75 )  [ RunTime:0.000481s ]
SQL: SELECT * FROM `cates` WHERE ( pid=175 )  [ RunTime:0.000476s ]
NOTIC: [2] Invalid argument supplied for foreach() F:\wamp\www\test\Myweb\Home\Controller\IndexController.class.php 第 11 行.
SQL: SELECT * FROM `cates` WHERE ( pid=176 )  [ RunTime:0.000472s ]
NOTIC: [2] Invalid argument supplied for foreach() F:\wamp\www\test\Myweb\Home\Controller\IndexController.class.php 第 11 行.
SQL: SELECT * FROM `cates` WHERE ( pid=76 )  [ RunTime:0.000429s ]
SQL: SELECT * FROM `cates` WHERE ( pid=177 )  [ RunTime:0.000415s ]
NOTIC: [2] Invalid argument supplied for foreach() F:\wamp\www\test\Myweb\Home\Controller\IndexController.class.php 第 11 行.
SQL: SELECT * FROM `cates` WHERE ( pid=178 )  [ RunTime:0.000414s ]
NOTIC: [2] Invalid argument supplied for foreach() F:\wamp\www\test\Myweb\Home\Controller\IndexController.class.php 第 11 行.
SQL: SELECT * FROM `cates` WHERE ( pid=246 )  [ RunTime:0.000414s ]
SQL: SELECT * FROM `cates` WHERE ( pid=247 )  [ RunTime:0.000410s ]
NOTIC: [2] Invalid argument supplied for foreach() F:\wamp\www\test\Myweb\Home\Controller\IndexController.class.php 第 11 行.
SQL: SELECT * FROM `cates` WHERE ( pid=248 )  [ RunTime:0.001794s ]
NOTIC: [2] Invalid argument supplied for foreach() F:\wamp\www\test\Myweb\Home\Controller\IndexController.class.php 第 11 行.
SQL: SELECT * FROM `cates` WHERE ( pid=39 )  [ RunTime:0.000533s ]
SQL: SELECT * FROM `cates` WHERE ( pid=41 )  [ RunTime:0.000505s ]
SQL: SELECT * FROM `cates` WHERE ( pid=77 )  [ RunTime:0.000492s ]
SQL: SELECT * FROM `cates` WHERE ( pid=179 )  [ RunTime:0.000423s ]
NOTIC: [2] Invalid argument supplied for foreach() F:\wamp\www\test\Myweb\Home\Controller\IndexController.class.php 第 11 行.
SQL: SELECT * FROM `cates` WHERE ( pid=180 )  [ RunTime:0.000489s ]
NOTIC: [2] Invalid argument supplied for foreach() F:\wamp\www\test\Myweb\Home\Controller\IndexController.class.php 第 11 行.
SQL: SELECT * FROM `cates` WHERE ( pid=181 )  [ RunTime:0.000432s ]
NOTIC: [2] Invalid argument supplied for foreach() F:\wamp\www\test\Myweb\Home\Controller\IndexController.class.php 第 11 行.
SQL: SELECT * FROM `cates` WHERE ( pid=182 )  [ RunTime:0.000412s ]
NOTIC: [2] Invalid argument supplied for foreach() F:\wamp\www\test\Myweb\Home\Controller\IndexController.class.php 第 11 行.
SQL: SELECT * FROM `cates` WHERE ( pid=78 )  [ RunTime:0.000434s ]
SQL: SELECT * FROM `cates` WHERE ( pid=183 )  [ RunTime:0.000425s ]
NOTIC: [2] Invalid argument supplied for foreach() F:\wamp\www\test\Myweb\Home\Controller\IndexController.class.php 第 11 行.
SQL: SELECT * FROM `cates` WHERE ( pid=184 )  [ RunTime:0.000464s ]
NOTIC: [2] Invalid argument supplied for foreach() F:\wamp\www\test\Myweb\Home\Controller\IndexController.class.php 第 11 行.
SQL: SELECT * FROM `cates` WHERE ( pid=185 )  [ RunTime:0.000497s ]
NOTIC: [2] Invalid argument supplied for foreach() F:\wamp\www\test\Myweb\Home\Controller\IndexController.class.php 第 11 行.
SQL: SELECT * FROM `cates` WHERE ( pid=249 )  [ RunTime:0.000532s ]
SQL: SELECT * FROM `cates` WHERE ( pid=250 )  [ RunTime:0.000437s ]
NOTIC: [2] Invalid argument supplied for foreach() F:\wamp\www\test\Myweb\Home\Controller\IndexController.class.php 第 11 行.
SQL: SELECT * FROM `cates` WHERE ( pid=251 )  [ RunTime:0.000460s ]
NOTIC: [2] Invalid argument supplied for foreach() F:\wamp\www\test\Myweb\Home\Controller\IndexController.class.php 第 11 行.
SQL: SELECT * FROM `cates` WHERE ( pid=252 )  [ RunTime:0.000592s ]
NOTIC: [2] Invalid argument supplied for foreach() F:\wamp\www\test\Myweb\Home\Controller\IndexController.class.php 第 11 行.
SQL: SELECT * FROM `cates` WHERE ( pid=42 )  [ RunTime:0.000547s ]
SQL: SELECT * FROM `cates` WHERE ( pid=83 )  [ RunTime:0.000478s ]
SQL: SELECT * FROM `cates` WHERE ( pid=186 )  [ RunTime:0.000453s ]
NOTIC: [2] Invalid argument supplied for foreach() F:\wamp\www\test\Myweb\Home\Controller\IndexController.class.php 第 11 行.
SQL: SELECT * FROM `cates` WHERE ( pid=187 )  [ RunTime:0.000448s ]
NOTIC: [2] Invalid argument supplied for foreach() F:\wamp\www\test\Myweb\Home\Controller\IndexController.class.php 第 11 行.
SQL: SELECT * FROM `cates` WHERE ( pid=188 )  [ RunTime:0.000563s ]
NOTIC: [2] Invalid argument supplied for foreach() F:\wamp\www\test\Myweb\Home\Controller\IndexController.class.php 第 11 行.
SQL: SELECT * FROM `cates` WHERE ( pid=84 )  [ RunTime:0.000402s ]
SQL: SELECT * FROM `cates` WHERE ( pid=189 )  [ RunTime:0.000382s ]
NOTIC: [2] Invalid argument supplied for foreach() F:\wamp\www\test\Myweb\Home\Controller\IndexController.class.php 第 11 行.
SQL: SELECT * FROM `cates` WHERE ( pid=190 )  [ RunTime:0.000352s ]
NOTIC: [2] Invalid argument supplied for foreach() F:\wamp\www\test\Myweb\Home\Controller\IndexController.class.php 第 11 行.
SQL: SELECT * FROM `cates` WHERE ( pid=253 )  [ RunTime:0.000341s ]
SQL: SELECT * FROM `cates` WHERE ( pid=254 )  [ RunTime:0.000333s ]
NOTIC: [2] Invalid argument supplied for foreach() F:\wamp\www\test\Myweb\Home\Controller\IndexController.class.php 第 11 行.
SQL: SELECT * FROM `cates` WHERE ( pid=255 )  [ RunTime:0.000326s ]
NOTIC: [2] Invalid argument supplied for foreach() F:\wamp\www\test\Myweb\Home\Controller\IndexController.class.php 第 11 行.
SQL: SHOW COLUMNS FROM `goods` [ RunTime:0.002142s ]
SQL: SELECT * FROM `goods` WHERE ( status!='3' ) LIMIT 0,3   [ RunTime:0.015627s ]
SQL: select * from goods where status!='3' order by id desc limit 0,4 [ RunTime:0.001277s ]
SQL: select * from goods where typeid=3 and status!='3' limit 0,7 [ RunTime:0.001639s ]
SQL: select * from goods where typeid=7 and status!='3' limit 0,7 [ RunTime:0.001356s ]
SQL: select * from goods where typeid=11 and status!='3' limit 0,7 [ RunTime:0.001026s ]
SQL: select * from goods where typeid=15 and status!='3' limit 0,7 [ RunTime:0.000971s ]
SQL: select * from goods where typeid=19 and status!='3' limit 0,7 [ RunTime:0.000940s ]
SQL: select * from goods where typeid=23 and status!='3' limit 0,7 [ RunTime:0.000962s ]
SQL: select * from goods where typeid=27 and status!='3' limit 0,7 [ RunTime:0.001206s ]
SQL: select * from goods where typeid=31 and status!='3' limit 0,7 [ RunTime:0.003197s ]
SQL: select * from goods where typeid=35 and status!='3' limit 0,7 [ RunTime:0.001190s ]
SQL: select * from goods where typeid=39 and status!='3' limit 0,7 [ RunTime:0.001195s ]
SQL: SHOW COLUMNS FROM `lunbos` [ RunTime:0.029150s ]
SQL: SELECT * FROM `lunbos` WHERE `status` = 1  [ RunTime:0.000668s ]
SQL: SHOW COLUMNS FROM `adverts` [ RunTime:0.011787s ]
SQL: SELECT * FROM `adverts` LIMIT 0,7   [ RunTime:0.000637s ]
SQL: SHOW COLUMNS FROM `friends` [ RunTime:0.007126s ]
SQL: SELECT * FROM `friends` LIMIT 0,20   [ RunTime:0.000593s ]
INFO: [ view_parse ] --START--
INFO: [ template_filter ] --START--
INFO: Run Behavior\ContentReplaceBehavior [ RunTime:0.000622s ]
INFO: [ template_filter ] --END-- [ RunTime:0.000808s ]
NOTIC: [8] Undefined index: username2 F:\wamp\www\test\Myweb\Runtime\Cache\Home\9485de9478e82fac04c3714025ac334a.php 第 30 行.
NOTIC: [8] Undefined index: username2 F:\wamp\www\test\Myweb\Runtime\Cache\Home\9485de9478e82fac04c3714025ac334a.php 第 33 行.
NOTIC: [8] Undefined index: username2 F:\wamp\www\test\Myweb\Runtime\Cache\Home\9485de9478e82fac04c3714025ac334a.php 第 38 行.
NOTIC: [8] Undefined index: goods F:\wamp\www\test\Myweb\Runtime\Cache\Home\9485de9478e82fac04c3714025ac334a.php 第 56 行.
NOTIC: [8] Undefined index: username2 F:\wamp\www\test\Myweb\Runtime\Cache\Home\9485de9478e82fac04c3714025ac334a.php 第 656 行.
NOTIC: [8] Undefined index: pic2 F:\wamp\www\test\Myweb\Runtime\Cache\Home\9485de9478e82fac04c3714025ac334a.php 第 658 行.
NOTIC: [8] Undefined index: count2 F:\wamp\www\test\Myweb\Runtime\Cache\Home\9485de9478e82fac04c3714025ac334a.php 第 690 行.
INFO: Run Behavior\ParseTemplateBehavior [ RunTime:0.311555s ]
INFO: [ view_parse ] --END-- [ RunTime:0.312032s ]
INFO: [ view_filter ] --START--
INFO: Run Behavior\WriteHtmlCacheBehavior [ RunTime:0.015276s ]
INFO: [ view_filter ] --END-- [ RunTime:0.015511s ]
INFO: [ app_end ] --START--
INFO: Run Behavior\ShowPageTraceBehavior [ RunTime:0.030213s ]
INFO: [ app_end ] --END-- [ RunTime:0.030567s ]

[ 2017-07-01T13:20:15+08:00 ] ::1 /test/index.php/amdin
INFO: [ app_init ] --START--
INFO: Run Behavior\BuildLiteBehavior [ RunTime:0.000034s ]
INFO: [ app_init ] --END-- [ RunTime:0.000843s ]
INFO: [ app_begin ] --START--
INFO: Run Behavior\ReadHtmlCacheBehavior [ RunTime:0.000815s ]
INFO: [ app_begin ] --END-- [ RunTime:0.000958s ]
INFO: [ app_end ] --START--
INFO: Run Behavior\ShowPageTraceBehavior [ RunTime:0.000802s ]
INFO: [ app_end ] --END-- [ RunTime:0.000949s ]

