[ 2017-04-21T00:42:03+08:00 ] ::1 /test/
INFO: [ app_init ] --START--
INFO: Run Behavior\BuildLiteBehavior [ RunTime:0.000029s ]
INFO: [ app_init ] --END-- [ RunTime:0.000545s ]
INFO: [ app_begin ] --START--
INFO: Run Behavior\ReadHtmlCacheBehavior [ RunTime:0.000607s ]
INFO: [ app_begin ] --END-- [ RunTime:0.000734s ]
NOTIC: [8192] mysql_connect(): The mysql extension is deprecated and will be removed in the future: use mysqli or PDO instead F:\wamp\www\test\ThinkPHP\Library\Think\Db\Driver\Mysql.class.php 第 52 行.
SQL: SHOW COLUMNS FROM `cates` [ RunTime:0.003866s ]
SQL: SELECT * FROM `cates` WHERE ( pid=0 )  [ RunTime:0.000849s ]
SQL: SELECT * FROM `cates` WHERE ( pid=3 )  [ RunTime:0.000614s ]
SQL: SELECT * FROM `cates` WHERE ( pid=5 )  [ RunTime:0.000579s ]
SQL: SELECT * FROM `cates` WHERE ( pid=64 )  [ RunTime:0.000484s ]
SQL: SELECT * FROM `cates` WHERE ( pid=145 )  [ RunTime:0.000483s ]
NOTIC: [2] Invalid argument supplied for foreach() F:\wamp\www\test\Myweb\Home\Controller\IndexController.class.php 第 11 行.
SQL: SELECT * FROM `cates` WHERE ( pid=146 )  [ RunTime:0.000570s ]
NOTIC: [2] Invalid argument supplied for foreach() F:\wamp\www\test\Myweb\Home\Controller\IndexController.class.php 第 11 行.
SQL: SELECT * FROM `cates` WHERE ( pid=147 )  [ RunTime:0.000456s ]
NOTIC: [2] Invalid argument supplied for foreach() F:\wamp\www\test\Myweb\Home\Controller\IndexController.class.php 第 11 行.
SQL: SELECT * FROM `cates` WHERE ( pid=148 )  [ RunTime:0.000543s ]
NOTIC: [2] Invalid argument supplied for foreach() F:\wamp\www\test\Myweb\Home\Controller\IndexController.class.php 第 11 行.
SQL: SELECT * FROM `cates` WHERE ( pid=65 )  [ RunTime:0.000444s ]
SQL: SELECT * FROM `cates` WHERE ( pid=149 )  [ RunTime:0.000429s ]
NOTIC: [2] Invalid argument supplied for foreach() F:\wamp\www\test\Myweb\Home\Controller\IndexController.class.php 第 11 行.
SQL: SELECT * FROM `cates` WHERE ( pid=150 )  [ RunTime:0.000426s ]
NOTIC: [2] Invalid argument supplied for foreach() F:\wamp\www\test\Myweb\Home\Controller\IndexController.class.php 第 11 行.
SQL: SELECT * FROM `cates` WHERE ( pid=151 )  [ RunTime:0.000511s ]
NOTIC: [2] Invalid argument supplied for foreach() F:\wamp\www\test\Myweb\Home\Controller\IndexController.class.php 第 11 行.
SQL: SELECT * FROM `cates` WHERE ( pid=152 )  [ RunTime:0.000405s ]
NOTIC: [2] Invalid argument supplied for foreach() F:\wamp\www\test\Myweb\Home\Controller\IndexController.class.php 第 11 行.
SQL: SELECT * FROM `cates` WHERE ( pid=232 )  [ RunTime:0.000417s ]
SQL: SELECT * FROM `cates` WHERE ( pid=234 )  [ RunTime:0.000417s ]
NOTIC: [2] Invalid argument supplied for foreach() F:\wamp\www\test\Myweb\Home\Controller\IndexController.class.php 第 11 行.
SQL: SELECT * FROM `cates` WHERE ( pid=6 )  [ RunTime:0.000462s ]
SQL: SELECT * FROM `cates` WHERE ( pid=66 )  [ RunTime:0.000478s ]
SQL: SELECT * FROM `cates` WHERE ( pid=153 )  [ RunTime:0.000482s ]
NOTIC: [2] Invalid argument supplied for foreach() F:\wamp\www\test\Myweb\Home\Controller\IndexController.class.php 第 11 行.
SQL: SELECT * FROM `cates` WHERE ( pid=154 )  [ RunTime:0.000454s ]
NOTIC: [2] Invalid argument supplied for foreach() F:\wamp\www\test\Myweb\Home\Controller\IndexController.class.php 第 11 行.
SQL: SELECT * FROM `cates` WHERE ( pid=68 )  [ RunTime:0.000682s ]
SQL: SELECT * FROM `cates` WHERE ( pid=155 )  [ RunTime:0.000645s ]
NOTIC: [2] Invalid argument supplied for foreach() F:\wamp\www\test\Myweb\Home\Controller\IndexController.class.php 第 11 行.
SQL: SELECT * FROM `cates` WHERE ( pid=156 )  [ RunTime:0.000646s ]
NOTIC: [2] Invalid argument supplied for foreach() F:\wamp\www\test\Myweb\Home\Controller\IndexController.class.php 第 11 行.
SQL: SELECT * FROM `cates` WHERE ( pid=157 )  [ RunTime:0.000673s ]
NOTIC: [2] Invalid argument supplied for foreach() F:\wamp\www\test\Myweb\Home\Controller\IndexController.class.php 第 11 行.
SQL: SELECT * FROM `cates` WHERE ( pid=233 )  [ RunTime:0.000674s ]
SQL: SELECT * FROM `cates` WHERE ( pid=235 )  [ RunTime:0.000641s ]
NOTIC: [2] Invalid argument supplied for foreach() F:\wamp\www\test\Myweb\Home\Controller\IndexController.class.php 第 11 行.
SQL: SELECT * FROM `cates` WHERE ( pid=236 )  [ RunTime:0.000492s ]
NOTIC: [2] Invalid argument supplied for foreach() F:\wamp\www\test\Myweb\Home\Controller\IndexController.class.php 第 11 行.
SQL: SELECT * FROM `cates` WHERE ( pid=7 )  [ RunTime:0.000480s ]
SQL: SELECT * FROM `cates` WHERE ( pid=8 )  [ RunTime:0.000519s ]
SQL: SELECT * FROM `cates` WHERE ( pid=79 )  [ RunTime:0.000517s ]
SQL: SELECT * FROM `cates` WHERE ( pid=191 )  [ RunTime:0.000393s ]
NOTIC: [2] Invalid argument supplied for foreach() F:\wamp\www\test\Myweb\Home\Controller\IndexController.class.php 第 11 行.
SQL: SELECT * FROM `cates` WHERE ( pid=192 )  [ RunTime:0.000379s ]
NOTIC: [2] Invalid argument supplied for foreach() F:\wamp\www\test\Myweb\Home\Controller\IndexController.class.php 第 11 行.
SQL: SELECT * FROM `cates` WHERE ( pid=193 )  [ RunTime:0.000387s ]
NOTIC: [2] Invalid argument supplied for foreach() F:\wamp\www\test\Myweb\Home\Controller\IndexController.class.php 第 11 行.
SQL: SELECT * FROM `cates` WHERE ( pid=80 )  [ RunTime:0.000429s ]
SQL: SELECT * FROM `cates` WHERE ( pid=194 )  [ RunTime:0.000415s ]
NOTIC: [2] Invalid argument supplied for foreach() F:\wamp\www\test\Myweb\Home\Controller\IndexController.class.php 第 11 行.
SQL: SELECT * FROM `cates` WHERE ( pid=195 )  [ RunTime:0.000688s ]
NOTIC: [2] Invalid argument supplied for foreach() F:\wamp\www\test\Myweb\Home\Controller\IndexController.class.php 第 11 行.
SQL: SELECT * FROM `cates` WHERE ( pid=256 )  [ RunTime:0.000669s ]
SQL: SELECT * FROM `cates` WHERE ( pid=258 )  [ RunTime:0.000492s ]
NOTIC: [2] Invalid argument supplied for foreach() F:\wamp\www\test\Myweb\Home\Controller\IndexController.class.php 第 11 行.
SQL: SELECT * FROM `cates` WHERE ( pid=259 )  [ RunTime:0.000627s ]
NOTIC: [2] Invalid argument supplied for foreach() F:\wamp\www\test\Myweb\Home\Controller\IndexController.class.php 第 11 行.
SQL: SELECT * FROM `cates` WHERE ( pid=9 )  [ RunTime:0.000568s ]
SQL: SELECT * FROM `cates` WHERE ( pid=81 )  [ RunTime:0.000474s ]
SQL: SELECT * FROM `cates` WHERE ( pid=198 )  [ RunTime:0.000362s ]
NOTIC: [2] Invalid argument supplied for foreach() F:\wamp\www\test\Myweb\Home\Controller\IndexController.class.php 第 11 行.
SQL: SELECT * FROM `cates` WHERE ( pid=82 )  [ RunTime:0.000325s ]
SQL: SELECT * FROM `cates` WHERE ( pid=196 )  [ RunTime:0.000426s ]
NOTIC: [2] Invalid argument supplied for foreach() F:\wamp\www\test\Myweb\Home\Controller\IndexController.class.php 第 11 行.
SQL: SELECT * FROM `cates` WHERE ( pid=197 )  [ RunTime:0.000431s ]
NOTIC: [2] Invalid argument supplied for foreach() F:\wamp\www\test\Myweb\Home\Controller\IndexController.class.php 第 11 行.
SQL: SELECT * FROM `cates` WHERE ( pid=257 )  [ RunTime:0.000487s ]
SQL: SELECT * FROM `cates` WHERE ( pid=260 )  [ RunTime:0.000368s ]
NOTIC: [2] Invalid argument supplied for foreach() F:\wamp\www\test\Myweb\Home\Controller\IndexController.class.php 第 11 行.
SQL: SELECT * FROM `cates` WHERE ( pid=11 )  [ RunTime:0.000330s ]
SQL: SELECT * FROM `cates` WHERE ( pid=13 )  [ RunTime:0.000457s ]
SQL: SELECT * FROM `cates` WHERE ( pid=43 )  [ RunTime:0.000664s ]
SQL: SELECT * FROM `cates` WHERE ( pid=94 )  [ RunTime:0.000626s ]
NOTIC: [2] Invalid argument supplied for foreach() F:\wamp\www\test\Myweb\Home\Controller\IndexController.class.php 第 11 行.
SQL: SELECT * FROM `cates` WHERE ( pid=95 )  [ RunTime:0.001082s ]
NOTIC: [2] Invalid argument supplied for foreach() F:\wamp\www\test\Myweb\Home\Controller\IndexController.class.php 第 11 行.
SQL: SELECT * FROM `cates` WHERE ( pid=96 )  [ RunTime:0.000562s ]
NOTIC: [2] Invalid argument supplied for foreach() F:\wamp\www\test\Myweb\Home\Controller\IndexController.class.php 第 11 行.
SQL: SELECT * FROM `cates` WHERE ( pid=97 )  [ RunTime:0.000467s ]
NOTIC: [2] Invalid argument supplied for foreach() F:\wamp\www\test\Myweb\Home\Controller\IndexController.class.php 第 11 行.
SQL: SELECT * FROM `cates` WHERE ( pid=44 )  [ RunTime:0.000489s ]
SQL: SELECT * FROM `cates` WHERE ( pid=199 )  [ RunTime:0.000483s ]
NOTIC: [2] Invalid argument supplied for foreach() F:\wamp\www\test\Myweb\Home\Controller\IndexController.class.php 第 11 行.
SQL: SELECT * FROM `cates` WHERE ( pid=200 )  [ RunTime:0.000472s ]
NOTIC: [2] Invalid argument supplied for foreach() F:\wamp\www\test\Myweb\Home\Controller\IndexController.class.php 第 11 行.
SQL: SELECT * FROM `cates` WHERE ( pid=201 )  [ RunTime:0.000406s ]
SQL: SELECT * FROM `cates` WHERE ( pid=203 )  [ RunTime:0.000322s ]
NOTIC: [2] Invalid argument supplied for foreach() F:\wamp\www\test\Myweb\Home\Controller\IndexController.class.php 第 11 行.
SQL: SELECT * FROM `cates` WHERE ( pid=204 )  [ RunTime:0.000308s ]
NOTIC: [2] Invalid argument supplied for foreach() F:\wamp\www\test\Myweb\Home\Controller\IndexController.class.php 第 11 行.
SQL: SELECT * FROM `cates` WHERE ( pid=14 )  [ RunTime:0.000335s ]
SQL: SELECT * FROM `cates` WHERE ( pid=46 )  [ RunTime:0.000344s ]
SQL: SELECT * FROM `cates` WHERE ( pid=85 )  [ RunTime:0.000315s ]
NOTIC: [2] Invalid argument supplied for foreach() F:\wamp\www\test\Myweb\Home\Controller\IndexController.class.php 第 11 行.
SQL: SELECT * FROM `cates` WHERE ( pid=86 )  [ RunTime:0.000325s ]
NOTIC: [2] Invalid argument supplied for foreach() F:\wamp\www\test\Myweb\Home\Controller\IndexController.class.php 第 11 行.
SQL: SELECT * FROM `cates` WHERE ( pid=87 )  [ RunTime:0.000360s ]
NOTIC: [2] Invalid argument supplied for foreach() F:\wamp\www\test\Myweb\Home\Controller\IndexController.class.php 第 11 行.
SQL: SELECT * FROM `cates` WHERE ( pid=88 )  [ RunTime:0.000365s ]
NOTIC: [2] Invalid argument supplied for foreach() F:\wamp\www\test\Myweb\Home\Controller\IndexController.class.php 第 11 行.
SQL: SELECT * FROM `cates` WHERE ( pid=89 )  [ RunTime:0.000339s ]
NOTIC: [2] Invalid argument supplied for foreach() F:\wamp\www\test\Myweb\Home\Controller\IndexController.class.php 第 11 行.
SQL: SELECT * FROM `cates` WHERE ( pid=45 )  [ RunTime:0.000393s ]
SQL: SELECT * FROM `cates` WHERE ( pid=90 )  [ RunTime:0.000889s ]
NOTIC: [2] Invalid argument supplied for foreach() F:\wamp\www\test\Myweb\Home\Controller\IndexController.class.php 第 11 行.
SQL: SELECT * FROM `cates` WHERE ( pid=91 )  [ RunTime:0.000422s ]
NOTIC: [2] Invalid argument supplied for foreach() F:\wamp\www\test\Myweb\Home\Controller\IndexController.class.php 第 11 行.
SQL: SELECT * FROM `cates` WHERE ( pid=92 )  [ RunTime:0.000326s ]
NOTIC: [2] Invalid argument supplied for foreach() F:\wamp\www\test\Myweb\Home\Controller\IndexController.class.php 第 11 行.
SQL: SELECT * FROM `cates` WHERE ( pid=93 )  [ RunTime:0.000316s ]
NOTIC: [2] Invalid argument supplied for foreach() F:\wamp\www\test\Myweb\Home\Controller\IndexController.class.php 第 11 行.
SQL: SELECT * FROM `cates` WHERE ( pid=202 )  [ RunTime:0.000334s ]
SQL: SELECT * FROM `cates` WHERE ( pid=205 )  [ RunTime:0.000320s ]
NOTIC: [2] Invalid argument supplied for foreach() F:\wamp\www\test\Myweb\Home\Controller\IndexController.class.php 第 11 行.
SQL: SELECT * FROM `cates` WHERE ( pid=206 )  [ RunTime:0.000313s ]
NOTIC: [2] Invalid argument supplied for foreach() F:\wamp\www\test\Myweb\Home\Controller\IndexController.class.php 第 11 行.
SQL: SELECT * FROM `cates` WHERE ( pid=207 )  [ RunTime:0.000317s ]
NOTIC: [2] Invalid argument supplied for foreach() F:\wamp\www\test\Myweb\Home\Controller\IndexController.class.php 第 11 行.
SQL: SELECT * FROM `cates` WHERE ( pid=15 )  [ RunTime:0.000324s ]
SQL: SELECT * FROM `cates` WHERE ( pid=16 )  [ RunTime:0.000328s ]
SQL: SELECT * FROM `cates` WHERE ( pid=48 )  [ RunTime:0.000319s ]
SQL: SELECT * FROM `cates` WHERE ( pid=103 )  [ RunTime:0.000327s ]
NOTIC: [2] Invalid argument supplied for foreach() F:\wamp\www\test\Myweb\Home\Controller\IndexController.class.php 第 11 行.
SQL: SELECT * FROM `cates` WHERE ( pid=104 )  [ RunTime:0.000431s ]
NOTIC: [2] Invalid argument supplied for foreach() F:\wamp\www\test\Myweb\Home\Controller\IndexController.class.php 第 11 行.
SQL: SELECT * FROM `cates` WHERE ( pid=105 )  [ RunTime:0.000417s ]
NOTIC: [2] Invalid argument supplied for foreach() F:\wamp\www\test\Myweb\Home\Controller\IndexController.class.php 第 11 行.
SQL: SELECT * FROM `cates` WHERE ( pid=106 )  [ RunTime:0.000309s ]
NOTIC: [2] Invalid argument supplied for foreach() F:\wamp\www\test\Myweb\Home\Controller\IndexController.class.php 第 11 行.
SQL: SELECT * FROM `cates` WHERE ( pid=47 )  [ RunTime:0.000310s ]
SQL: SELECT * FROM `cates` WHERE ( pid=98 )  [ RunTime:0.000285s ]
NOTIC: [2] Invalid argument supplied for foreach() F:\wamp\www\test\Myweb\Home\Controller\IndexController.class.php 第 11 行.
SQL: SELECT * FROM `cates` WHERE ( pid=99 )  [ RunTime:0.000411s ]
NOTIC: [2] Invalid argument supplied for foreach() F:\wamp\www\test\Myweb\Home\Controller\IndexController.class.php 第 11 行.
SQL: SELECT * FROM `cates` WHERE ( pid=100 )  [ RunTime:0.000291s ]
NOTIC: [2] Invalid argument supplied for foreach() F:\wamp\www\test\Myweb\Home\Controller\IndexController.class.php 第 11 行.
SQL: SELECT * FROM `cates` WHERE ( pid=101 )  [ RunTime:0.000424s ]
NOTIC: [2] Invalid argument supplied for foreach() F:\wamp\www\test\Myweb\Home\Controller\IndexController.class.php 第 11 行.
SQL: SELECT * FROM `cates` WHERE ( pid=102 )  [ RunTime:0.000622s ]
NOTIC: [2] Invalid argument supplied for foreach() F:\wamp\www\test\Myweb\Home\Controller\IndexController.class.php 第 11 行.
SQL: SELECT * FROM `cates` WHERE ( pid=208 )  [ RunTime:0.000554s ]
SQL: SELECT * FROM `cates` WHERE ( pid=209 )  [ RunTime:0.000426s ]
NOTIC: [2] Invalid argument supplied for foreach() F:\wamp\www\test\Myweb\Home\Controller\IndexController.class.php 第 11 行.
SQL: SELECT * FROM `cates` WHERE ( pid=210 )  [ RunTime:0.000644s ]
NOTIC: [2] Invalid argument supplied for foreach() F:\wamp\www\test\Myweb\Home\Controller\IndexController.class.php 第 11 行.
SQL: SELECT * FROM `cates` WHERE ( pid=17 )  [ RunTime:0.000506s ]
SQL: SELECT * FROM `cates` WHERE ( pid=49 )  [ RunTime:0.000446s ]
SQL: SELECT * FROM `cates` WHERE ( pid=107 )  [ RunTime:0.000427s ]
NOTIC: [2] Invalid argument supplied for foreach() F:\wamp\www\test\Myweb\Home\Controller\IndexController.class.php 第 11 行.
SQL: SELECT * FROM `cates` WHERE ( pid=108 )  [ RunTime:0.000537s ]
NOTIC: [2] Invalid argument supplied for foreach() F:\wamp\www\test\Myweb\Home\Controller\IndexController.class.php 第 11 行.
SQL: SELECT * FROM `cates` WHERE ( pid=109 )  [ RunTime:0.000458s ]
NOTIC: [2] Invalid argument supplied for foreach() F:\wamp\www\test\Myweb\Home\Controller\IndexController.class.php 第 11 行.
SQL: SELECT * FROM `cates` WHERE ( pid=110 )  [ RunTime:0.000524s ]
NOTIC: [2] Invalid argument supplied for foreach() F:\wamp\www\test\Myweb\Home\Controller\IndexController.class.php 第 11 行.
SQL: SELECT * FROM `cates` WHERE ( pid=50 )  [ RunTime:0.000478s ]
SQL: SELECT * FROM `cates` WHERE ( pid=111 )  [ RunTime:0.000420s ]
NOTIC: [2] Invalid argument supplied for foreach() F:\wamp\www\test\Myweb\Home\Controller\IndexController.class.php 第 11 行.
SQL: SELECT * FROM `cates` WHERE ( pid=112 )  [ RunTime:0.000997s ]
NOTIC: [2] Invalid argument supplied for foreach() F:\wamp\www\test\Myweb\Home\Controller\IndexController.class.php 第 11 行.
SQL: SELECT * FROM `cates` WHERE ( pid=211 )  [ RunTime:0.000323s ]
SQL: SELECT * FROM `cates` WHERE ( pid=212 )  [ RunTime:0.000900s ]
NOTIC: [2] Invalid argument supplied for foreach() F:\wamp\www\test\Myweb\Home\Controller\IndexController.class.php 第 11 行.
SQL: SELECT * FROM `cates` WHERE ( pid=213 )  [ RunTime:0.000327s ]
NOTIC: [2] Invalid argument supplied for foreach() F:\wamp\www\test\Myweb\Home\Controller\IndexController.class.php 第 11 行.
SQL: SELECT * FROM `cates` WHERE ( pid=19 )  [ RunTime:0.000311s ]
SQL: SELECT * FROM `cates` WHERE ( pid=20 )  [ RunTime:0.000288s ]
SQL: SELECT * FROM `cates` WHERE ( pid=51 )  [ RunTime:0.000283s ]
SQL: SELECT * FROM `cates` WHERE ( pid=113 )  [ RunTime:0.000278s ]
NOTIC: [2] Invalid argument supplied for foreach() F:\wamp\www\test\Myweb\Home\Controller\IndexController.class.php 第 11 行.
SQL: SELECT * FROM `cates` WHERE ( pid=52 )  [ RunTime:0.000312s ]
SQL: SELECT * FROM `cates` WHERE ( pid=115 )  [ RunTime:0.000284s ]
NOTIC: [2] Invalid argument supplied for foreach() F:\wamp\www\test\Myweb\Home\Controller\IndexController.class.php 第 11 行.
SQL: SELECT * FROM `cates` WHERE ( pid=116 )  [ RunTime:0.000284s ]
NOTIC: [2] Invalid argument supplied for foreach() F:\wamp\www\test\Myweb\Home\Controller\IndexController.class.php 第 11 行.
SQL: SELECT * FROM `cates` WHERE ( pid=214 )  [ RunTime:0.000289s ]
SQL: SELECT * FROM `cates` WHERE ( pid=215 )  [ RunTime:0.000517s ]
NOTIC: [2] Invalid argument supplied for foreach() F:\wamp\www\test\Myweb\Home\Controller\IndexController.class.php 第 11 行.
SQL: SELECT * FROM `cates` WHERE ( pid=216 )  [ RunTime:0.000295s ]
NOTIC: [2] Invalid argument supplied for foreach() F:\wamp\www\test\Myweb\Home\Controller\IndexController.class.php 第 11 行.
SQL: SELECT * FROM `cates` WHERE ( pid=21 )  [ RunTime:0.000298s ]
SQL: SELECT * FROM `cates` WHERE ( pid=53 )  [ RunTime:0.000289s ]
SQL: SELECT * FROM `cates` WHERE ( pid=117 )  [ RunTime:0.000282s ]
NOTIC: [2] Invalid argument supplied for foreach() F:\wamp\www\test\Myweb\Home\Controller\IndexController.class.php 第 11 行.
SQL: SELECT * FROM `cates` WHERE ( pid=54 )  [ RunTime:0.000308s ]
SQL: SELECT * FROM `cates` WHERE ( pid=118 )  [ RunTime:0.000400s ]
NOTIC: [2] Invalid argument supplied for foreach() F:\wamp\www\test\Myweb\Home\Controller\IndexController.class.php 第 11 行.
SQL: SELECT * FROM `cates` WHERE ( pid=119 )  [ RunTime:0.000296s ]
NOTIC: [2] Invalid argument supplied for foreach() F:\wamp\www\test\Myweb\Home\Controller\IndexController.class.php 第 11 行.
SQL: SELECT * FROM `cates` WHERE ( pid=217 )  [ RunTime:0.000292s ]
SQL: SELECT * FROM `cates` WHERE ( pid=218 )  [ RunTime:0.000284s ]
NOTIC: [2] Invalid argument supplied for foreach() F:\wamp\www\test\Myweb\Home\Controller\IndexController.class.php 第 11 行.
SQL: SELECT * FROM `cates` WHERE ( pid=219 )  [ RunTime:0.000308s ]
NOTIC: [2] Invalid argument supplied for foreach() F:\wamp\www\test\Myweb\Home\Controller\IndexController.class.php 第 11 行.
SQL: SELECT * FROM `cates` WHERE ( pid=23 )  [ RunTime:0.000496s ]
SQL: SELECT * FROM `cates` WHERE ( pid=25 )  [ RunTime:0.000962s ]
SQL: SELECT * FROM `cates` WHERE ( pid=55 )  [ RunTime:0.000479s ]
SQL: SELECT * FROM `cates` WHERE ( pid=123 )  [ RunTime:0.000404s ]
NOTIC: [2] Invalid argument supplied for foreach() F:\wamp\www\test\Myweb\Home\Controller\IndexController.class.php 第 11 行.
SQL: SELECT * FROM `cates` WHERE ( pid=124 )  [ RunTime:0.000421s ]
NOTIC: [2] Invalid argument supplied for foreach() F:\wamp\www\test\Myweb\Home\Controller\IndexController.class.php 第 11 行.
SQL: SELECT * FROM `cates` WHERE ( pid=125 )  [ RunTime:0.000497s ]
NOTIC: [2] Invalid argument supplied for foreach() F:\wamp\www\test\Myweb\Home\Controller\IndexController.class.php 第 11 行.
SQL: SELECT * FROM `cates` WHERE ( pid=56 )  [ RunTime:0.000440s ]
SQL: SELECT * FROM `cates` WHERE ( pid=120 )  [ RunTime:0.000305s ]
NOTIC: [2] Invalid argument supplied for foreach() F:\wamp\www\test\Myweb\Home\Controller\IndexController.class.php 第 11 行.
SQL: SELECT * FROM `cates` WHERE ( pid=121 )  [ RunTime:0.000286s ]
NOTIC: [2] Invalid argument supplied for foreach() F:\wamp\www\test\Myweb\Home\Controller\IndexController.class.php 第 11 行.
SQL: SELECT * FROM `cates` WHERE ( pid=122 )  [ RunTime:0.000310s ]
NOTIC: [2] Invalid argument supplied for foreach() F:\wamp\www\test\Myweb\Home\Controller\IndexController.class.php 第 11 行.
SQL: SELECT * FROM `cates` WHERE ( pid=220 )  [ RunTime:0.000292s ]
SQL: SELECT * FROM `cates` WHERE ( pid=221 )  [ RunTime:0.000279s ]
NOTIC: [2] Invalid argument supplied for foreach() F:\wamp\www\test\Myweb\Home\Controller\IndexController.class.php 第 11 行.
SQL: SELECT * FROM `cates` WHERE ( pid=222 )  [ RunTime:0.000283s ]
NOTIC: [2] Invalid argument supplied for foreach() F:\wamp\www\test\Myweb\Home\Controller\IndexController.class.php 第 11 行.
SQL: SELECT * FROM `cates` WHERE ( pid=26 )  [ RunTime:0.001066s ]
SQL: SELECT * FROM `cates` WHERE ( pid=57 )  [ RunTime:0.000312s ]
SQL: SELECT * FROM `cates` WHERE ( pid=128 )  [ RunTime:0.000282s ]
NOTIC: [2] Invalid argument supplied for foreach() F:\wamp\www\test\Myweb\Home\Controller\IndexController.class.php 第 11 行.
SQL: SELECT * FROM `cates` WHERE ( pid=129 )  [ RunTime:0.000294s ]
NOTIC: [2] Invalid argument supplied for foreach() F:\wamp\www\test\Myweb\Home\Controller\IndexController.class.php 第 11 行.
SQL: SELECT * FROM `cates` WHERE ( pid=130 )  [ RunTime:0.000283s ]
NOTIC: [2] Invalid argument supplied for foreach() F:\wamp\www\test\Myweb\Home\Controller\IndexController.class.php 第 11 行.
SQL: SELECT * FROM `cates` WHERE ( pid=58 )  [ RunTime:0.000292s ]
SQL: SELECT * FROM `cates` WHERE ( pid=126 )  [ RunTime:0.000279s ]
NOTIC: [2] Invalid argument supplied for foreach() F:\wamp\www\test\Myweb\Home\Controller\IndexController.class.php 第 11 行.
SQL: SELECT * FROM `cates` WHERE ( pid=127 )  [ RunTime:0.000917s ]
NOTIC: [2] Invalid argument supplied for foreach() F:\wamp\www\test\Myweb\Home\Controller\IndexController.class.php 第 11 行.
SQL: SELECT * FROM `cates` WHERE ( pid=223 )  [ RunTime:0.000360s ]
SQL: SELECT * FROM `cates` WHERE ( pid=224 )  [ RunTime:0.000328s ]
NOTIC: [2] Invalid argument supplied for foreach() F:\wamp\www\test\Myweb\Home\Controller\IndexController.class.php 第 11 行.
SQL: SELECT * FROM `cates` WHERE ( pid=225 )  [ RunTime:0.000305s ]
NOTIC: [2] Invalid argument supplied for foreach() F:\wamp\www\test\Myweb\Home\Controller\IndexController.class.php 第 11 行.
SQL: SELECT * FROM `cates` WHERE ( pid=27 )  [ RunTime:0.000292s ]
SQL: SELECT * FROM `cates` WHERE ( pid=28 )  [ RunTime:0.000384s ]
SQL: SELECT * FROM `cates` WHERE ( pid=59 )  [ RunTime:0.000397s ]
SQL: SELECT * FROM `cates` WHERE ( pid=131 )  [ RunTime:0.000283s ]
NOTIC: [2] Invalid argument supplied for foreach() F:\wamp\www\test\Myweb\Home\Controller\IndexController.class.php 第 11 行.
SQL: SELECT * FROM `cates` WHERE ( pid=132 )  [ RunTime:0.000334s ]
NOTIC: [2] Invalid argument supplied for foreach() F:\wamp\www\test\Myweb\Home\Controller\IndexController.class.php 第 11 行.
SQL: SELECT * FROM `cates` WHERE ( pid=133 )  [ RunTime:0.000289s ]
NOTIC: [2] Invalid argument supplied for foreach() F:\wamp\www\test\Myweb\Home\Controller\IndexController.class.php 第 11 行.
SQL: SELECT * FROM `cates` WHERE ( pid=61 )  [ RunTime:0.000288s ]
SQL: SELECT * FROM `cates` WHERE ( pid=134 )  [ RunTime:0.000317s ]
NOTIC: [2] Invalid argument supplied for foreach() F:\wamp\www\test\Myweb\Home\Controller\IndexController.class.php 第 11 行.
SQL: SELECT * FROM `cates` WHERE ( pid=135 )  [ RunTime:0.000279s ]
NOTIC: [2] Invalid argument supplied for foreach() F:\wamp\www\test\Myweb\Home\Controller\IndexController.class.php 第 11 行.
SQL: SELECT * FROM `cates` WHERE ( pid=136 )  [ RunTime:0.000277s ]
NOTIC: [2] Invalid argument supplied for foreach() F:\wamp\www\test\Myweb\Home\Controller\IndexController.class.php 第 11 行.
SQL: SELECT * FROM `cates` WHERE ( pid=137 )  [ RunTime:0.000452s ]
NOTIC: [2] Invalid argument supplied for foreach() F:\wamp\www\test\Myweb\Home\Controller\IndexController.class.php 第 11 行.
SQL: SELECT * FROM `cates` WHERE ( pid=226 )  [ RunTime:0.000445s ]
SQL: SELECT * FROM `cates` WHERE ( pid=228 )  [ RunTime:0.000471s ]
NOTIC: [2] Invalid argument supplied for foreach() F:\wamp\www\test\Myweb\Home\Controller\IndexController.class.php 第 11 行.
SQL: SELECT * FROM `cates` WHERE ( pid=229 )  [ RunTime:0.000448s ]
NOTIC: [2] Invalid argument supplied for foreach() F:\wamp\www\test\Myweb\Home\Controller\IndexController.class.php 第 11 行.
SQL: SELECT * FROM `cates` WHERE ( pid=29 )  [ RunTime:0.000492s ]
SQL: SELECT * FROM `cates` WHERE ( pid=62 )  [ RunTime:0.000489s ]
SQL: SELECT * FROM `cates` WHERE ( pid=138 )  [ RunTime:0.000602s ]
NOTIC: [2] Invalid argument supplied for foreach() F:\wamp\www\test\Myweb\Home\Controller\IndexController.class.php 第 11 行.
SQL: SELECT * FROM `cates` WHERE ( pid=139 )  [ RunTime:0.000553s ]
NOTIC: [2] Invalid argument supplied for foreach() F:\wamp\www\test\Myweb\Home\Controller\IndexController.class.php 第 11 行.
SQL: SELECT * FROM `cates` WHERE ( pid=63 )  [ RunTime:0.000365s ]
SQL: SELECT * FROM `cates` WHERE ( pid=140 )  [ RunTime:0.000319s ]
NOTIC: [2] Invalid argument supplied for foreach() F:\wamp\www\test\Myweb\Home\Controller\IndexController.class.php 第 11 行.
SQL: SELECT * FROM `cates` WHERE ( pid=141 )  [ RunTime:0.000285s ]
NOTIC: [2] Invalid argument supplied for foreach() F:\wamp\www\test\Myweb\Home\Controller\IndexController.class.php 第 11 行.
SQL: SELECT * FROM `cates` WHERE ( pid=142 )  [ RunTime:0.000277s ]
NOTIC: [2] Invalid argument supplied for foreach() F:\wamp\www\test\Myweb\Home\Controller\IndexController.class.php 第 11 行.
SQL: SELECT * FROM `cates` WHERE ( pid=143 )  [ RunTime:0.000299s ]
NOTIC: [2] Invalid argument supplied for foreach() F:\wamp\www\test\Myweb\Home\Controller\IndexController.class.php 第 11 行.
SQL: SELECT * FROM `cates` WHERE ( pid=144 )  [ RunTime:0.000297s ]
NOTIC: [2] Invalid argument supplied for foreach() F:\wamp\www\test\Myweb\Home\Controller\IndexController.class.php 第 11 行.
SQL: SELECT * FROM `cates` WHERE ( pid=227 )  [ RunTime:0.000406s ]
SQL: SELECT * FROM `cates` WHERE ( pid=230 )  [ RunTime:0.000330s ]
NOTIC: [2] Invalid argument supplied for foreach() F:\wamp\www\test\Myweb\Home\Controller\IndexController.class.php 第 11 行.
SQL: SELECT * FROM `cates` WHERE ( pid=231 )  [ RunTime:0.000485s ]
NOTIC: [2] Invalid argument supplied for foreach() F:\wamp\www\test\Myweb\Home\Controller\IndexController.class.php 第 11 行.
SQL: SELECT * FROM `cates` WHERE ( pid=31 )  [ RunTime:0.000305s ]
SQL: SELECT * FROM `cates` WHERE ( pid=32 )  [ RunTime:0.000327s ]
SQL: SELECT * FROM `cates` WHERE ( pid=69 )  [ RunTime:0.000292s ]
SQL: SELECT * FROM `cates` WHERE ( pid=158 )  [ RunTime:0.000297s ]
NOTIC: [2] Invalid argument supplied for foreach() F:\wamp\www\test\Myweb\Home\Controller\IndexController.class.php 第 11 行.
SQL: SELECT * FROM `cates` WHERE ( pid=159 )  [ RunTime:0.000339s ]
NOTIC: [2] Invalid argument supplied for foreach() F:\wamp\www\test\Myweb\Home\Controller\IndexController.class.php 第 11 行.
SQL: SELECT * FROM `cates` WHERE ( pid=160 )  [ RunTime:0.000451s ]
NOTIC: [2] Invalid argument supplied for foreach() F:\wamp\www\test\Myweb\Home\Controller\IndexController.class.php 第 11 行.
SQL: SELECT * FROM `cates` WHERE ( pid=161 )  [ RunTime:0.000548s ]
NOTIC: [2] Invalid argument supplied for foreach() F:\wamp\www\test\Myweb\Home\Controller\IndexController.class.php 第 11 行.
SQL: SELECT * FROM `cates` WHERE ( pid=70 )  [ RunTime:0.002057s ]
SQL: SELECT * FROM `cates` WHERE ( pid=162 )  [ RunTime:0.000674s ]
NOTIC: [2] Invalid argument supplied for foreach() F:\wamp\www\test\Myweb\Home\Controller\IndexController.class.php 第 11 行.
SQL: SELECT * FROM `cates` WHERE ( pid=163 )  [ RunTime:0.000502s ]
NOTIC: [2] Invalid argument supplied for foreach() F:\wamp\www\test\Myweb\Home\Controller\IndexController.class.php 第 11 行.
SQL: SELECT * FROM `cates` WHERE ( pid=164 )  [ RunTime:0.000403s ]
NOTIC: [2] Invalid argument supplied for foreach() F:\wamp\www\test\Myweb\Home\Controller\IndexController.class.php 第 11 行.
SQL: SELECT * FROM `cates` WHERE ( pid=237 )  [ RunTime:0.000396s ]
SQL: SELECT * FROM `cates` WHERE ( pid=239 )  [ RunTime:0.000284s ]
NOTIC: [2] Invalid argument supplied for foreach() F:\wamp\www\test\Myweb\Home\Controller\IndexController.class.php 第 11 行.
SQL: SELECT * FROM `cates` WHERE ( pid=240 )  [ RunTime:0.000279s ]
NOTIC: [2] Invalid argument supplied for foreach() F:\wamp\www\test\Myweb\Home\Controller\IndexController.class.php 第 11 行.
SQL: SELECT * FROM `cates` WHERE ( pid=34 )  [ RunTime:0.000419s ]
SQL: SELECT * FROM `cates` WHERE ( pid=71 )  [ RunTime:0.000465s ]
SQL: SELECT * FROM `cates` WHERE ( pid=165 )  [ RunTime:0.000324s ]
NOTIC: [2] Invalid argument supplied for foreach() F:\wamp\www\test\Myweb\Home\Controller\IndexController.class.php 第 11 行.
SQL: SELECT * FROM `cates` WHERE ( pid=166 )  [ RunTime:0.000283s ]
NOTIC: [2] Invalid argument supplied for foreach() F:\wamp\www\test\Myweb\Home\Controller\IndexController.class.php 第 11 行.
SQL: SELECT * FROM `cates` WHERE ( pid=72 )  [ RunTime:0.000285s ]
SQL: SELECT * FROM `cates` WHERE ( pid=167 )  [ RunTime:0.000313s ]
NOTIC: [2] Invalid argument supplied for foreach() F:\wamp\www\test\Myweb\Home\Controller\IndexController.class.php 第 11 行.
SQL: SELECT * FROM `cates` WHERE ( pid=168 )  [ RunTime:0.000282s ]
NOTIC: [2] Invalid argument supplied for foreach() F:\wamp\www\test\Myweb\Home\Controller\IndexController.class.php 第 11 行.
SQL: SELECT * FROM `cates` WHERE ( pid=238 )  [ RunTime:0.000453s ]
SQL: SELECT * FROM `cates` WHERE ( pid=241 )  [ RunTime:0.000482s ]
NOTIC: [2] Invalid argument supplied for foreach() F:\wamp\www\test\Myweb\Home\Controller\IndexController.class.php 第 11 行.
SQL: SELECT * FROM `cates` WHERE ( pid=242 )  [ RunTime:0.000643s ]
NOTIC: [2] Invalid argument supplied for foreach() F:\wamp\www\test\Myweb\Home\Controller\IndexController.class.php 第 11 行.
SQL: SELECT * FROM `cates` WHERE ( pid=35 )  [ RunTime:0.000520s ]
SQL: SELECT * FROM `cates` WHERE ( pid=36 )  [ RunTime:0.000431s ]
SQL: SELECT * FROM `cates` WHERE ( pid=73 )  [ RunTime:0.000508s ]
SQL: SELECT * FROM `cates` WHERE ( pid=169 )  [ RunTime:0.000301s ]
NOTIC: [2] Invalid argument supplied for foreach() F:\wamp\www\test\Myweb\Home\Controller\IndexController.class.php 第 11 行.
SQL: SELECT * FROM `cates` WHERE ( pid=170 )  [ RunTime:0.000287s ]
NOTIC: [2] Invalid argument supplied for foreach() F:\wamp\www\test\Myweb\Home\Controller\IndexController.class.php 第 11 行.
SQL: SELECT * FROM `cates` WHERE ( pid=171 )  [ RunTime:0.000527s ]
NOTIC: [2] Invalid argument supplied for foreach() F:\wamp\www\test\Myweb\Home\Controller\IndexController.class.php 第 11 行.
SQL: SELECT * FROM `cates` WHERE ( pid=74 )  [ RunTime:0.000422s ]
SQL: SELECT * FROM `cates` WHERE ( pid=172 )  [ RunTime:0.000304s ]
NOTIC: [2] Invalid argument supplied for foreach() F:\wamp\www\test\Myweb\Home\Controller\IndexController.class.php 第 11 行.
SQL: SELECT * FROM `cates` WHERE ( pid=173 )  [ RunTime:0.000283s ]
NOTIC: [2] Invalid argument supplied for foreach() F:\wamp\www\test\Myweb\Home\Controller\IndexController.class.php 第 11 行.
SQL: SELECT * FROM `cates` WHERE ( pid=174 )  [ RunTime:0.000275s ]
NOTIC: [2] Invalid argument supplied for foreach() F:\wamp\www\test\Myweb\Home\Controller\IndexController.class.php 第 11 行.
SQL: SELECT * FROM `cates` WHERE ( pid=243 )  [ RunTime:0.000294s ]
SQL: SELECT * FROM `cates` WHERE ( pid=244 )  [ RunTime:0.000440s ]
NOTIC: [2] Invalid argument supplied for foreach() F:\wamp\www\test\Myweb\Home\Controller\IndexController.class.php 第 11 行.
SQL: SELECT * FROM `cates` WHERE ( pid=245 )  [ RunTime:0.000507s ]
NOTIC: [2] Invalid argument supplied for foreach() F:\wamp\www\test\Myweb\Home\Controller\IndexController.class.php 第 11 行.
SQL: SELECT * FROM `cates` WHERE ( pid=37 )  [ RunTime:0.000319s ]
SQL: SELECT * FROM `cates` WHERE ( pid=75 )  [ RunTime:0.000310s ]
SQL: SELECT * FROM `cates` WHERE ( pid=175 )  [ RunTime:0.000430s ]
NOTIC: [2] Invalid argument supplied for foreach() F:\wamp\www\test\Myweb\Home\Controller\IndexController.class.php 第 11 行.
SQL: SELECT * FROM `cates` WHERE ( pid=176 )  [ RunTime:0.000303s ]
NOTIC: [2] Invalid argument supplied for foreach() F:\wamp\www\test\Myweb\Home\Controller\IndexController.class.php 第 11 行.
SQL: SELECT * FROM `cates` WHERE ( pid=76 )  [ RunTime:0.000287s ]
SQL: SELECT * FROM `cates` WHERE ( pid=177 )  [ RunTime:0.000599s ]
NOTIC: [2] Invalid argument supplied for foreach() F:\wamp\www\test\Myweb\Home\Controller\IndexController.class.php 第 11 行.
SQL: SELECT * FROM `cates` WHERE ( pid=178 )  [ RunTime:0.000317s ]
NOTIC: [2] Invalid argument supplied for foreach() F:\wamp\www\test\Myweb\Home\Controller\IndexController.class.php 第 11 行.
SQL: SELECT * FROM `cates` WHERE ( pid=246 )  [ RunTime:0.000327s ]
SQL: SELECT * FROM `cates` WHERE ( pid=247 )  [ RunTime:0.000287s ]
NOTIC: [2] Invalid argument supplied for foreach() F:\wamp\www\test\Myweb\Home\Controller\IndexController.class.php 第 11 行.
SQL: SELECT * FROM `cates` WHERE ( pid=248 )  [ RunTime:0.000282s ]
NOTIC: [2] Invalid argument supplied for foreach() F:\wamp\www\test\Myweb\Home\Controller\IndexController.class.php 第 11 行.
SQL: SELECT * FROM `cates` WHERE ( pid=39 )  [ RunTime:0.000313s ]
SQL: SELECT * FROM `cates` WHERE ( pid=41 )  [ RunTime:0.000288s ]
SQL: SELECT * FROM `cates` WHERE ( pid=77 )  [ RunTime:0.000293s ]
SQL: SELECT * FROM `cates` WHERE ( pid=179 )  [ RunTime:0.000289s ]
NOTIC: [2] Invalid argument supplied for foreach() F:\wamp\www\test\Myweb\Home\Controller\IndexController.class.php 第 11 行.
SQL: SELECT * FROM `cates` WHERE ( pid=180 )  [ RunTime:0.000501s ]
NOTIC: [2] Invalid argument supplied for foreach() F:\wamp\www\test\Myweb\Home\Controller\IndexController.class.php 第 11 行.
SQL: SELECT * FROM `cates` WHERE ( pid=181 )  [ RunTime:0.000432s ]
NOTIC: [2] Invalid argument supplied for foreach() F:\wamp\www\test\Myweb\Home\Controller\IndexController.class.php 第 11 行.
SQL: SELECT * FROM `cates` WHERE ( pid=182 )  [ RunTime:0.000303s ]
NOTIC: [2] Invalid argument supplied for foreach() F:\wamp\www\test\Myweb\Home\Controller\IndexController.class.php 第 11 行.
SQL: SELECT * FROM `cates` WHERE ( pid=78 )  [ RunTime:0.000287s ]
SQL: SELECT * FROM `cates` WHERE ( pid=183 )  [ RunTime:0.000278s ]
NOTIC: [2] Invalid argument supplied for foreach() F:\wamp\www\test\Myweb\Home\Controller\IndexController.class.php 第 11 行.
SQL: SELECT * FROM `cates` WHERE ( pid=184 )  [ RunTime:0.000294s ]
NOTIC: [2] Invalid argument supplied for foreach() F:\wamp\www\test\Myweb\Home\Controller\IndexController.class.php 第 11 行.
SQL: SELECT * FROM `cates` WHERE ( pid=185 )  [ RunTime:0.000280s ]
NOTIC: [2] Invalid argument supplied for foreach() F:\wamp\www\test\Myweb\Home\Controller\IndexController.class.php 第 11 行.
SQL: SELECT * FROM `cates` WHERE ( pid=249 )  [ RunTime:0.000288s ]
SQL: SELECT * FROM `cates` WHERE ( pid=250 )  [ RunTime:0.000296s ]
NOTIC: [2] Invalid argument supplied for foreach() F:\wamp\www\test\Myweb\Home\Controller\IndexController.class.php 第 11 行.
SQL: SELECT * FROM `cates` WHERE ( pid=251 )  [ RunTime:0.000284s ]
NOTIC: [2] Invalid argument supplied for foreach() F:\wamp\www\test\Myweb\Home\Controller\IndexController.class.php 第 11 行.
SQL: SELECT * FROM `cates` WHERE ( pid=252 )  [ RunTime:0.000278s ]
NOTIC: [2] Invalid argument supplied for foreach() F:\wamp\www\test\Myweb\Home\Controller\IndexController.class.php 第 11 行.
SQL: SELECT * FROM `cates` WHERE ( pid=42 )  [ RunTime:0.000312s ]
SQL: SELECT * FROM `cates` WHERE ( pid=83 )  [ RunTime:0.000491s ]
SQL: SELECT * FROM `cates` WHERE ( pid=186 )  [ RunTime:0.001553s ]
NOTIC: [2] Invalid argument supplied for foreach() F:\wamp\www\test\Myweb\Home\Controller\IndexController.class.php 第 11 行.
SQL: SELECT * FROM `cates` WHERE ( pid=187 )  [ RunTime:0.000589s ]
NOTIC: [2] Invalid argument supplied for foreach() F:\wamp\www\test\Myweb\Home\Controller\IndexController.class.php 第 11 行.
SQL: SELECT * FROM `cates` WHERE ( pid=188 )  [ RunTime:0.000659s ]
NOTIC: [2] Invalid argument supplied for foreach() F:\wamp\www\test\Myweb\Home\Controller\IndexController.class.php 第 11 行.
SQL: SELECT * FROM `cates` WHERE ( pid=84 )  [ RunTime:0.000466s ]
SQL: SELECT * FROM `cates` WHERE ( pid=189 )  [ RunTime:0.000484s ]
NOTIC: [2] Invalid argument supplied for foreach() F:\wamp\www\test\Myweb\Home\Controller\IndexController.class.php 第 11 行.
SQL: SELECT * FROM `cates` WHERE ( pid=190 )  [ RunTime:0.000437s ]
NOTIC: [2] Invalid argument supplied for foreach() F:\wamp\www\test\Myweb\Home\Controller\IndexController.class.php 第 11 行.
SQL: SELECT * FROM `cates` WHERE ( pid=253 )  [ RunTime:0.000431s ]
SQL: SELECT * FROM `cates` WHERE ( pid=254 )  [ RunTime:0.000430s ]
NOTIC: [2] Invalid argument supplied for foreach() F:\wamp\www\test\Myweb\Home\Controller\IndexController.class.php 第 11 行.
SQL: SELECT * FROM `cates` WHERE ( pid=255 )  [ RunTime:0.000414s ]
NOTIC: [2] Invalid argument supplied for foreach() F:\wamp\www\test\Myweb\Home\Controller\IndexController.class.php 第 11 行.
SQL: SHOW COLUMNS FROM `goods` [ RunTime:0.001598s ]
SQL: SELECT * FROM `goods` WHERE ( status!='3' ) LIMIT 0,3   [ RunTime:0.000554s ]
SQL: select * from goods where status!='3' order by id desc limit 0,4 [ RunTime:0.000615s ]
SQL: select * from goods where typeid=3 and status!='3' limit 0,7 [ RunTime:0.000504s ]
SQL: select * from goods where typeid=7 and status!='3' limit 0,7 [ RunTime:0.000944s ]
SQL: select * from goods where typeid=11 and status!='3' limit 0,7 [ RunTime:0.000539s ]
SQL: select * from goods where typeid=15 and status!='3' limit 0,7 [ RunTime:0.000405s ]
SQL: select * from goods where typeid=19 and status!='3' limit 0,7 [ RunTime:0.000412s ]
SQL: select * from goods where typeid=23 and status!='3' limit 0,7 [ RunTime:0.000423s ]
SQL: select * from goods where typeid=27 and status!='3' limit 0,7 [ RunTime:0.000481s ]
SQL: select * from goods where typeid=31 and status!='3' limit 0,7 [ RunTime:0.000403s ]
SQL: select * from goods where typeid=35 and status!='3' limit 0,7 [ RunTime:0.000436s ]
SQL: select * from goods where typeid=39 and status!='3' limit 0,7 [ RunTime:0.000480s ]
SQL: SHOW COLUMNS FROM `lunbos` [ RunTime:0.001458s ]
SQL: SELECT * FROM `lunbos` WHERE `status` = 1  [ RunTime:0.000428s ]
SQL: SHOW COLUMNS FROM `adverts` [ RunTime:0.001551s ]
SQL: SELECT * FROM `adverts` LIMIT 0,7   [ RunTime:0.000364s ]
SQL: SHOW COLUMNS FROM `friends` [ RunTime:0.001379s ]
SQL: SELECT * FROM `friends` LIMIT 0,20   [ RunTime:0.001157s ]
INFO: [ view_parse ] --START--
INFO: [ template_filter ] --START--
INFO: Run Behavior\ContentReplaceBehavior [ RunTime:0.002575s ]
INFO: [ template_filter ] --END-- [ RunTime:0.002781s ]
NOTIC: [8] Undefined index: username2 F:\wamp\www\test\Myweb\Runtime\Cache\Home\9485de9478e82fac04c3714025ac334a.php 第 30 行.
NOTIC: [8] Undefined index: username2 F:\wamp\www\test\Myweb\Runtime\Cache\Home\9485de9478e82fac04c3714025ac334a.php 第 33 行.
NOTIC: [8] Undefined index: username2 F:\wamp\www\test\Myweb\Runtime\Cache\Home\9485de9478e82fac04c3714025ac334a.php 第 38 行.
NOTIC: [8] Undefined index: goods F:\wamp\www\test\Myweb\Runtime\Cache\Home\9485de9478e82fac04c3714025ac334a.php 第 56 行.
NOTIC: [8] Undefined index: username2 F:\wamp\www\test\Myweb\Runtime\Cache\Home\9485de9478e82fac04c3714025ac334a.php 第 656 行.
NOTIC: [8] Undefined index: pic2 F:\wamp\www\test\Myweb\Runtime\Cache\Home\9485de9478e82fac04c3714025ac334a.php 第 658 行.
NOTIC: [8] Undefined index: count2 F:\wamp\www\test\Myweb\Runtime\Cache\Home\9485de9478e82fac04c3714025ac334a.php 第 690 行.
INFO: Run Behavior\ParseTemplateBehavior [ RunTime:0.079241s ]
INFO: [ view_parse ] --END-- [ RunTime:0.079478s ]
INFO: [ view_filter ] --START--
INFO: Run Behavior\WriteHtmlCacheBehavior [ RunTime:0.000836s ]
INFO: [ view_filter ] --END-- [ RunTime:0.001067s ]
INFO: [ app_end ] --START--
INFO: Run Behavior\ShowPageTraceBehavior [ RunTime:0.006793s ]
INFO: [ app_end ] --END-- [ RunTime:0.007132s ]

[ 2017-04-21T00:42:25+08:00 ] ::1 /test/
INFO: [ app_init ] --START--
INFO: Run Behavior\BuildLiteBehavior [ RunTime:0.000040s ]
INFO: [ app_init ] --END-- [ RunTime:0.000858s ]
INFO: [ app_begin ] --START--
INFO: Run Behavior\ReadHtmlCacheBehavior [ RunTime:0.001030s ]
INFO: [ app_begin ] --END-- [ RunTime:0.001186s ]
ERR: 系统不支持:mysql

[ 2017-04-21T00:42:47+08:00 ] ::1 /test/
INFO: [ app_init ] --START--
INFO: Run Behavior\BuildLiteBehavior [ RunTime:0.000026s ]
INFO: [ app_init ] --END-- [ RunTime:0.000678s ]
INFO: [ app_begin ] --START--
INFO: Run Behavior\ReadHtmlCacheBehavior [ RunTime:0.001495s ]
INFO: [ app_begin ] --END-- [ RunTime:0.001812s ]
SQL: SHOW COLUMNS FROM `cates` [ RunTime:0.001338s ]
SQL: SELECT * FROM `cates` WHERE ( pid=0 )  [ RunTime:0.000988s ]
SQL: SELECT * FROM `cates` WHERE ( pid=3 )  [ RunTime:0.000958s ]
SQL: SELECT * FROM `cates` WHERE ( pid=5 )  [ RunTime:0.000799s ]
SQL: SELECT * FROM `cates` WHERE ( pid=64 )  [ RunTime:0.000700s ]
SQL: SELECT * FROM `cates` WHERE ( pid=145 )  [ RunTime:0.001169s ]
NOTIC: [2] Invalid argument supplied for foreach() F:\wamp\www\test\Myweb\Home\Controller\IndexController.class.php 第 11 行.
SQL: SELECT * FROM `cates` WHERE ( pid=146 )  [ RunTime:0.003821s ]
NOTIC: [2] Invalid argument supplied for foreach() F:\wamp\www\test\Myweb\Home\Controller\IndexController.class.php 第 11 行.
SQL: SELECT * FROM `cates` WHERE ( pid=147 )  [ RunTime:0.000914s ]
NOTIC: [2] Invalid argument supplied for foreach() F:\wamp\www\test\Myweb\Home\Controller\IndexController.class.php 第 11 行.
SQL: SELECT * FROM `cates` WHERE ( pid=148 )  [ RunTime:0.000741s ]
NOTIC: [2] Invalid argument supplied for foreach() F:\wamp\www\test\Myweb\Home\Controller\IndexController.class.php 第 11 行.
SQL: SELECT * FROM `cates` WHERE ( pid=65 )  [ RunTime:0.000694s ]
SQL: SELECT * FROM `cates` WHERE ( pid=149 )  [ RunTime:0.000692s ]
NOTIC: [2] Invalid argument supplied for foreach() F:\wamp\www\test\Myweb\Home\Controller\IndexController.class.php 第 11 行.
SQL: SELECT * FROM `cates` WHERE ( pid=150 )  [ RunTime:0.000746s ]
NOTIC: [2] Invalid argument supplied for foreach() F:\wamp\www\test\Myweb\Home\Controller\IndexController.class.php 第 11 行.
SQL: SELECT * FROM `cates` WHERE ( pid=151 )  [ RunTime:0.001395s ]
NOTIC: [2] Invalid argument supplied for foreach() F:\wamp\www\test\Myweb\Home\Controller\IndexController.class.php 第 11 行.
SQL: SELECT * FROM `cates` WHERE ( pid=152 )  [ RunTime:0.000761s ]
NOTIC: [2] Invalid argument supplied for foreach() F:\wamp\www\test\Myweb\Home\Controller\IndexController.class.php 第 11 行.
SQL: SELECT * FROM `cates` WHERE ( pid=232 )  [ RunTime:0.000955s ]
SQL: SELECT * FROM `cates` WHERE ( pid=234 )  [ RunTime:0.001254s ]
NOTIC: [2] Invalid argument supplied for foreach() F:\wamp\www\test\Myweb\Home\Controller\IndexController.class.php 第 11 行.
SQL: SELECT * FROM `cates` WHERE ( pid=6 )  [ RunTime:0.001712s ]
SQL: SELECT * FROM `cates` WHERE ( pid=66 )  [ RunTime:0.000750s ]
SQL: SELECT * FROM `cates` WHERE ( pid=153 )  [ RunTime:0.000764s ]
NOTIC: [2] Invalid argument supplied for foreach() F:\wamp\www\test\Myweb\Home\Controller\IndexController.class.php 第 11 行.
SQL: SELECT * FROM `cates` WHERE ( pid=154 )  [ RunTime:0.000689s ]
NOTIC: [2] Invalid argument supplied for foreach() F:\wamp\www\test\Myweb\Home\Controller\IndexController.class.php 第 11 行.
SQL: SELECT * FROM `cates` WHERE ( pid=68 )  [ RunTime:0.000634s ]
SQL: SELECT * FROM `cates` WHERE ( pid=155 )  [ RunTime:0.000573s ]
NOTIC: [2] Invalid argument supplied for foreach() F:\wamp\www\test\Myweb\Home\Controller\IndexController.class.php 第 11 行.
SQL: SELECT * FROM `cates` WHERE ( pid=156 )  [ RunTime:0.000596s ]
NOTIC: [2] Invalid argument supplied for foreach() F:\wamp\www\test\Myweb\Home\Controller\IndexController.class.php 第 11 行.
SQL: SELECT * FROM `cates` WHERE ( pid=157 )  [ RunTime:0.000583s ]
NOTIC: [2] Invalid argument supplied for foreach() F:\wamp\www\test\Myweb\Home\Controller\IndexController.class.php 第 11 行.
SQL: SELECT * FROM `cates` WHERE ( pid=233 )  [ RunTime:0.001632s ]
SQL: SELECT * FROM `cates` WHERE ( pid=235 )  [ RunTime:0.005261s ]
NOTIC: [2] Invalid argument supplied for foreach() F:\wamp\www\test\Myweb\Home\Controller\IndexController.class.php 第 11 行.
SQL: SELECT * FROM `cates` WHERE ( pid=236 )  [ RunTime:0.001914s ]
NOTIC: [2] Invalid argument supplied for foreach() F:\wamp\www\test\Myweb\Home\Controller\IndexController.class.php 第 11 行.
SQL: SELECT * FROM `cates` WHERE ( pid=7 )  [ RunTime:0.000855s ]
SQL: SELECT * FROM `cates` WHERE ( pid=8 )  [ RunTime:0.000840s ]
SQL: SELECT * FROM `cates` WHERE ( pid=79 )  [ RunTime:0.000905s ]
SQL: SELECT * FROM `cates` WHERE ( pid=191 )  [ RunTime:0.000896s ]
NOTIC: [2] Invalid argument supplied for foreach() F:\wamp\www\test\Myweb\Home\Controller\IndexController.class.php 第 11 行.
SQL: SELECT * FROM `cates` WHERE ( pid=192 )  [ RunTime:0.002865s ]
NOTIC: [2] Invalid argument supplied for foreach() F:\wamp\www\test\Myweb\Home\Controller\IndexController.class.php 第 11 行.
SQL: SELECT * FROM `cates` WHERE ( pid=193 )  [ RunTime:0.000772s ]
NOTIC: [2] Invalid argument supplied for foreach() F:\wamp\www\test\Myweb\Home\Controller\IndexController.class.php 第 11 行.
SQL: SELECT * FROM `cates` WHERE ( pid=80 )  [ RunTime:0.000637s ]
SQL: SELECT * FROM `cates` WHERE ( pid=194 )  [ RunTime:0.000643s ]
NOTIC: [2] Invalid argument supplied for foreach() F:\wamp\www\test\Myweb\Home\Controller\IndexController.class.php 第 11 行.
SQL: SELECT * FROM `cates` WHERE ( pid=195 )  [ RunTime:0.000625s ]
NOTIC: [2] Invalid argument supplied for foreach() F:\wamp\www\test\Myweb\Home\Controller\IndexController.class.php 第 11 行.
SQL: SELECT * FROM `cates` WHERE ( pid=256 )  [ RunTime:0.000505s ]
SQL: SELECT * FROM `cates` WHERE ( pid=258 )  [ RunTime:0.000780s ]
NOTIC: [2] Invalid argument supplied for foreach() F:\wamp\www\test\Myweb\Home\Controller\IndexController.class.php 第 11 行.
SQL: SELECT * FROM `cates` WHERE ( pid=259 )  [ RunTime:0.000519s ]
NOTIC: [2] Invalid argument supplied for foreach() F:\wamp\www\test\Myweb\Home\Controller\IndexController.class.php 第 11 行.
SQL: SELECT * FROM `cates` WHERE ( pid=9 )  [ RunTime:0.000482s ]
SQL: SELECT * FROM `cates` WHERE ( pid=81 )  [ RunTime:0.000470s ]
SQL: SELECT * FROM `cates` WHERE ( pid=198 )  [ RunTime:0.000459s ]
NOTIC: [2] Invalid argument supplied for foreach() F:\wamp\www\test\Myweb\Home\Controller\IndexController.class.php 第 11 行.
SQL: SELECT * FROM `cates` WHERE ( pid=82 )  [ RunTime:0.000482s ]
SQL: SELECT * FROM `cates` WHERE ( pid=196 )  [ RunTime:0.000452s ]
NOTIC: [2] Invalid argument supplied for foreach() F:\wamp\www\test\Myweb\Home\Controller\IndexController.class.php 第 11 行.
SQL: SELECT * FROM `cates` WHERE ( pid=197 )  [ RunTime:0.000637s ]
NOTIC: [2] Invalid argument supplied for foreach() F:\wamp\www\test\Myweb\Home\Controller\IndexController.class.php 第 11 行.
SQL: SELECT * FROM `cates` WHERE ( pid=257 )  [ RunTime:0.001877s ]
SQL: SELECT * FROM `cates` WHERE ( pid=260 )  [ RunTime:0.000791s ]
NOTIC: [2] Invalid argument supplied for foreach() F:\wamp\www\test\Myweb\Home\Controller\IndexController.class.php 第 11 行.
SQL: SELECT * FROM `cates` WHERE ( pid=11 )  [ RunTime:0.000691s ]
SQL: SELECT * FROM `cates` WHERE ( pid=13 )  [ RunTime:0.000699s ]
SQL: SELECT * FROM `cates` WHERE ( pid=43 )  [ RunTime:0.000646s ]
SQL: SELECT * FROM `cates` WHERE ( pid=94 )  [ RunTime:0.000629s ]
NOTIC: [2] Invalid argument supplied for foreach() F:\wamp\www\test\Myweb\Home\Controller\IndexController.class.php 第 11 行.
SQL: SELECT * FROM `cates` WHERE ( pid=95 )  [ RunTime:0.000622s ]
NOTIC: [2] Invalid argument supplied for foreach() F:\wamp\www\test\Myweb\Home\Controller\IndexController.class.php 第 11 行.
SQL: SELECT * FROM `cates` WHERE ( pid=96 )  [ RunTime:0.000657s ]
NOTIC: [2] Invalid argument supplied for foreach() F:\wamp\www\test\Myweb\Home\Controller\IndexController.class.php 第 11 行.
SQL: SELECT * FROM `cates` WHERE ( pid=97 )  [ RunTime:0.000761s ]
NOTIC: [2] Invalid argument supplied for foreach() F:\wamp\www\test\Myweb\Home\Controller\IndexController.class.php 第 11 行.
SQL: SELECT * FROM `cates` WHERE ( pid=44 )  [ RunTime:0.000559s ]
SQL: SELECT * FROM `cates` WHERE ( pid=199 )  [ RunTime:0.000581s ]
NOTIC: [2] Invalid argument supplied for foreach() F:\wamp\www\test\Myweb\Home\Controller\IndexController.class.php 第 11 行.
SQL: SELECT * FROM `cates` WHERE ( pid=200 )  [ RunTime:0.002426s ]
NOTIC: [2] Invalid argument supplied for foreach() F:\wamp\www\test\Myweb\Home\Controller\IndexController.class.php 第 11 行.
SQL: SELECT * FROM `cates` WHERE ( pid=201 )  [ RunTime:0.000576s ]
SQL: SELECT * FROM `cates` WHERE ( pid=203 )  [ RunTime:0.000397s ]
NOTIC: [2] Invalid argument supplied for foreach() F:\wamp\www\test\Myweb\Home\Controller\IndexController.class.php 第 11 行.
SQL: SELECT * FROM `cates` WHERE ( pid=204 )  [ RunTime:0.000375s ]
NOTIC: [2] Invalid argument supplied for foreach() F:\wamp\www\test\Myweb\Home\Controller\IndexController.class.php 第 11 行.
SQL: SELECT * FROM `cates` WHERE ( pid=14 )  [ RunTime:0.000383s ]
SQL: SELECT * FROM `cates` WHERE ( pid=46 )  [ RunTime:0.000421s ]
SQL: SELECT * FROM `cates` WHERE ( pid=85 )  [ RunTime:0.000567s ]
NOTIC: [2] Invalid argument supplied for foreach() F:\wamp\www\test\Myweb\Home\Controller\IndexController.class.php 第 11 行.
SQL: SELECT * FROM `cates` WHERE ( pid=86 )  [ RunTime:0.000425s ]
NOTIC: [2] Invalid argument supplied for foreach() F:\wamp\www\test\Myweb\Home\Controller\IndexController.class.php 第 11 行.
SQL: SELECT * FROM `cates` WHERE ( pid=87 )  [ RunTime:0.000368s ]
NOTIC: [2] Invalid argument supplied for foreach() F:\wamp\www\test\Myweb\Home\Controller\IndexController.class.php 第 11 行.
SQL: SELECT * FROM `cates` WHERE ( pid=88 )  [ RunTime:0.000853s ]
NOTIC: [2] Invalid argument supplied for foreach() F:\wamp\www\test\Myweb\Home\Controller\IndexController.class.php 第 11 行.
SQL: SELECT * FROM `cates` WHERE ( pid=89 )  [ RunTime:0.000378s ]
NOTIC: [2] Invalid argument supplied for foreach() F:\wamp\www\test\Myweb\Home\Controller\IndexController.class.php 第 11 行.
SQL: SELECT * FROM `cates` WHERE ( pid=45 )  [ RunTime:0.000397s ]
SQL: SELECT * FROM `cates` WHERE ( pid=90 )  [ RunTime:0.000363s ]
NOTIC: [2] Invalid argument supplied for foreach() F:\wamp\www\test\Myweb\Home\Controller\IndexController.class.php 第 11 行.
SQL: SELECT * FROM `cates` WHERE ( pid=91 )  [ RunTime:0.000385s ]
NOTIC: [2] Invalid argument supplied for foreach() F:\wamp\www\test\Myweb\Home\Controller\IndexController.class.php 第 11 行.
SQL: SELECT * FROM `cates` WHERE ( pid=92 )  [ RunTime:0.000605s ]
NOTIC: [2] Invalid argument supplied for foreach() F:\wamp\www\test\Myweb\Home\Controller\IndexController.class.php 第 11 行.
SQL: SELECT * FROM `cates` WHERE ( pid=93 )  [ RunTime:0.000457s ]
NOTIC: [2] Invalid argument supplied for foreach() F:\wamp\www\test\Myweb\Home\Controller\IndexController.class.php 第 11 行.
SQL: SELECT * FROM `cates` WHERE ( pid=202 )  [ RunTime:0.000391s ]
SQL: SELECT * FROM `cates` WHERE ( pid=205 )  [ RunTime:0.001966s ]
NOTIC: [2] Invalid argument supplied for foreach() F:\wamp\www\test\Myweb\Home\Controller\IndexController.class.php 第 11 行.
SQL: SELECT * FROM `cates` WHERE ( pid=206 )  [ RunTime:0.000471s ]
NOTIC: [2] Invalid argument supplied for foreach() F:\wamp\www\test\Myweb\Home\Controller\IndexController.class.php 第 11 行.
SQL: SELECT * FROM `cates` WHERE ( pid=207 )  [ RunTime:0.000396s ]
NOTIC: [2] Invalid argument supplied for foreach() F:\wamp\www\test\Myweb\Home\Controller\IndexController.class.php 第 11 行.
SQL: SELECT * FROM `cates` WHERE ( pid=15 )  [ RunTime:0.000369s ]
SQL: SELECT * FROM `cates` WHERE ( pid=16 )  [ RunTime:0.000377s ]
SQL: SELECT * FROM `cates` WHERE ( pid=48 )  [ RunTime:0.000400s ]
SQL: SELECT * FROM `cates` WHERE ( pid=103 )  [ RunTime:0.000375s ]
NOTIC: [2] Invalid argument supplied for foreach() F:\wamp\www\test\Myweb\Home\Controller\IndexController.class.php 第 11 行.
SQL: SELECT * FROM `cates` WHERE ( pid=104 )  [ RunTime:0.000366s ]
NOTIC: [2] Invalid argument supplied for foreach() F:\wamp\www\test\Myweb\Home\Controller\IndexController.class.php 第 11 行.
SQL: SELECT * FROM `cates` WHERE ( pid=105 )  [ RunTime:0.000374s ]
NOTIC: [2] Invalid argument supplied for foreach() F:\wamp\www\test\Myweb\Home\Controller\IndexController.class.php 第 11 行.
SQL: SELECT * FROM `cates` WHERE ( pid=106 )  [ RunTime:0.000366s ]
NOTIC: [2] Invalid argument supplied for foreach() F:\wamp\www\test\Myweb\Home\Controller\IndexController.class.php 第 11 行.
SQL: SELECT * FROM `cates` WHERE ( pid=47 )  [ RunTime:0.000428s ]
SQL: SELECT * FROM `cates` WHERE ( pid=98 )  [ RunTime:0.000362s ]
NOTIC: [2] Invalid argument supplied for foreach() F:\wamp\www\test\Myweb\Home\Controller\IndexController.class.php 第 11 行.
SQL: SELECT * FROM `cates` WHERE ( pid=99 )  [ RunTime:0.000749s ]
NOTIC: [2] Invalid argument supplied for foreach() F:\wamp\www\test\Myweb\Home\Controller\IndexController.class.php 第 11 行.
SQL: SELECT * FROM `cates` WHERE ( pid=100 )  [ RunTime:0.000538s ]
NOTIC: [2] Invalid argument supplied for foreach() F:\wamp\www\test\Myweb\Home\Controller\IndexController.class.php 第 11 行.
SQL: SELECT * FROM `cates` WHERE ( pid=101 )  [ RunTime:0.000400s ]
NOTIC: [2] Invalid argument supplied for foreach() F:\wamp\www\test\Myweb\Home\Controller\IndexController.class.php 第 11 行.
SQL: SELECT * FROM `cates` WHERE ( pid=102 )  [ RunTime:0.000418s ]
NOTIC: [2] Invalid argument supplied for foreach() F:\wamp\www\test\Myweb\Home\Controller\IndexController.class.php 第 11 行.
SQL: SELECT * FROM `cates` WHERE ( pid=208 )  [ RunTime:0.000377s ]
SQL: SELECT * FROM `cates` WHERE ( pid=209 )  [ RunTime:0.000372s ]
NOTIC: [2] Invalid argument supplied for foreach() F:\wamp\www\test\Myweb\Home\Controller\IndexController.class.php 第 11 行.
SQL: SELECT * FROM `cates` WHERE ( pid=210 )  [ RunTime:0.000383s ]
NOTIC: [2] Invalid argument supplied for foreach() F:\wamp\www\test\Myweb\Home\Controller\IndexController.class.php 第 11 行.
SQL: SELECT * FROM `cates` WHERE ( pid=17 )  [ RunTime:0.000531s ]
SQL: SELECT * FROM `cates` WHERE ( pid=49 )  [ RunTime:0.000854s ]
SQL: SELECT * FROM `cates` WHERE ( pid=107 )  [ RunTime:0.000613s ]
NOTIC: [2] Invalid argument supplied for foreach() F:\wamp\www\test\Myweb\Home\Controller\IndexController.class.php 第 11 行.
SQL: SELECT * FROM `cates` WHERE ( pid=108 )  [ RunTime:0.000540s ]
NOTIC: [2] Invalid argument supplied for foreach() F:\wamp\www\test\Myweb\Home\Controller\IndexController.class.php 第 11 行.
SQL: SELECT * FROM `cates` WHERE ( pid=109 )  [ RunTime:0.000588s ]
NOTIC: [2] Invalid argument supplied for foreach() F:\wamp\www\test\Myweb\Home\Controller\IndexController.class.php 第 11 行.
SQL: SELECT * FROM `cates` WHERE ( pid=110 )  [ RunTime:0.000524s ]
NOTIC: [2] Invalid argument supplied for foreach() F:\wamp\www\test\Myweb\Home\Controller\IndexController.class.php 第 11 行.
SQL: SELECT * FROM `cates` WHERE ( pid=50 )  [ RunTime:0.000523s ]
SQL: SELECT * FROM `cates` WHERE ( pid=111 )  [ RunTime:0.000638s ]
NOTIC: [2] Invalid argument supplied for foreach() F:\wamp\www\test\Myweb\Home\Controller\IndexController.class.php 第 11 行.
SQL: SELECT * FROM `cates` WHERE ( pid=112 )  [ RunTime:0.000662s ]
NOTIC: [2] Invalid argument supplied for foreach() F:\wamp\www\test\Myweb\Home\Controller\IndexController.class.php 第 11 行.
SQL: SELECT * FROM `cates` WHERE ( pid=211 )  [ RunTime:0.000574s ]
SQL: SELECT * FROM `cates` WHERE ( pid=212 )  [ RunTime:0.000504s ]
NOTIC: [2] Invalid argument supplied for foreach() F:\wamp\www\test\Myweb\Home\Controller\IndexController.class.php 第 11 行.
SQL: SELECT * FROM `cates` WHERE ( pid=213 )  [ RunTime:0.000501s ]
NOTIC: [2] Invalid argument supplied for foreach() F:\wamp\www\test\Myweb\Home\Controller\IndexController.class.php 第 11 行.
SQL: SELECT * FROM `cates` WHERE ( pid=19 )  [ RunTime:0.000513s ]
SQL: SELECT * FROM `cates` WHERE ( pid=20 )  [ RunTime:0.000602s ]
SQL: SELECT * FROM `cates` WHERE ( pid=51 )  [ RunTime:0.000520s ]
SQL: SELECT * FROM `cates` WHERE ( pid=113 )  [ RunTime:0.000487s ]
NOTIC: [2] Invalid argument supplied for foreach() F:\wamp\www\test\Myweb\Home\Controller\IndexController.class.php 第 11 行.
SQL: SELECT * FROM `cates` WHERE ( pid=52 )  [ RunTime:0.001544s ]
SQL: SELECT * FROM `cates` WHERE ( pid=115 )  [ RunTime:0.000649s ]
NOTIC: [2] Invalid argument supplied for foreach() F:\wamp\www\test\Myweb\Home\Controller\IndexController.class.php 第 11 行.
SQL: SELECT * FROM `cates` WHERE ( pid=116 )  [ RunTime:0.000598s ]
NOTIC: [2] Invalid argument supplied for foreach() F:\wamp\www\test\Myweb\Home\Controller\IndexController.class.php 第 11 行.
SQL: SELECT * FROM `cates` WHERE ( pid=214 )  [ RunTime:0.000580s ]
SQL: SELECT * FROM `cates` WHERE ( pid=215 )  [ RunTime:0.000506s ]
NOTIC: [2] Invalid argument supplied for foreach() F:\wamp\www\test\Myweb\Home\Controller\IndexController.class.php 第 11 行.
SQL: SELECT * FROM `cates` WHERE ( pid=216 )  [ RunTime:0.000621s ]
NOTIC: [2] Invalid argument supplied for foreach() F:\wamp\www\test\Myweb\Home\Controller\IndexController.class.php 第 11 行.
SQL: SELECT * FROM `cates` WHERE ( pid=21 )  [ RunTime:0.000402s ]
SQL: SELECT * FROM `cates` WHERE ( pid=53 )  [ RunTime:0.000381s ]
SQL: SELECT * FROM `cates` WHERE ( pid=117 )  [ RunTime:0.000316s ]
NOTIC: [2] Invalid argument supplied for foreach() F:\wamp\www\test\Myweb\Home\Controller\IndexController.class.php 第 11 行.
SQL: SELECT * FROM `cates` WHERE ( pid=54 )  [ RunTime:0.000326s ]
SQL: SELECT * FROM `cates` WHERE ( pid=118 )  [ RunTime:0.000307s ]
NOTIC: [2] Invalid argument supplied for foreach() F:\wamp\www\test\Myweb\Home\Controller\IndexController.class.php 第 11 行.
SQL: SELECT * FROM `cates` WHERE ( pid=119 )  [ RunTime:0.000311s ]
NOTIC: [2] Invalid argument supplied for foreach() F:\wamp\www\test\Myweb\Home\Controller\IndexController.class.php 第 11 行.
SQL: SELECT * FROM `cates` WHERE ( pid=217 )  [ RunTime:0.000317s ]
SQL: SELECT * FROM `cates` WHERE ( pid=218 )  [ RunTime:0.000307s ]
NOTIC: [2] Invalid argument supplied for foreach() F:\wamp\www\test\Myweb\Home\Controller\IndexController.class.php 第 11 行.
SQL: SELECT * FROM `cates` WHERE ( pid=219 )  [ RunTime:0.000324s ]
NOTIC: [2] Invalid argument supplied for foreach() F:\wamp\www\test\Myweb\Home\Controller\IndexController.class.php 第 11 行.
SQL: SELECT * FROM `cates` WHERE ( pid=23 )  [ RunTime:0.000356s ]
SQL: SELECT * FROM `cates` WHERE ( pid=25 )  [ RunTime:0.000500s ]
SQL: SELECT * FROM `cates` WHERE ( pid=55 )  [ RunTime:0.000390s ]
SQL: SELECT * FROM `cates` WHERE ( pid=123 )  [ RunTime:0.000310s ]
NOTIC: [2] Invalid argument supplied for foreach() F:\wamp\www\test\Myweb\Home\Controller\IndexController.class.php 第 11 行.
SQL: SELECT * FROM `cates` WHERE ( pid=124 )  [ RunTime:0.000300s ]
NOTIC: [2] Invalid argument supplied for foreach() F:\wamp\www\test\Myweb\Home\Controller\IndexController.class.php 第 11 行.
SQL: SELECT * FROM `cates` WHERE ( pid=125 )  [ RunTime:0.000351s ]
NOTIC: [2] Invalid argument supplied for foreach() F:\wamp\www\test\Myweb\Home\Controller\IndexController.class.php 第 11 行.
SQL: SELECT * FROM `cates` WHERE ( pid=56 )  [ RunTime:0.000456s ]
SQL: SELECT * FROM `cates` WHERE ( pid=120 )  [ RunTime:0.000387s ]
NOTIC: [2] Invalid argument supplied for foreach() F:\wamp\www\test\Myweb\Home\Controller\IndexController.class.php 第 11 行.
SQL: SELECT * FROM `cates` WHERE ( pid=121 )  [ RunTime:0.000300s ]
NOTIC: [2] Invalid argument supplied for foreach() F:\wamp\www\test\Myweb\Home\Controller\IndexController.class.php 第 11 行.
SQL: SELECT * FROM `cates` WHERE ( pid=122 )  [ RunTime:0.000282s ]
NOTIC: [2] Invalid argument supplied for foreach() F:\wamp\www\test\Myweb\Home\Controller\IndexController.class.php 第 11 行.
SQL: SELECT * FROM `cates` WHERE ( pid=220 )  [ RunTime:0.000332s ]
SQL: SELECT * FROM `cates` WHERE ( pid=221 )  [ RunTime:0.000310s ]
NOTIC: [2] Invalid argument supplied for foreach() F:\wamp\www\test\Myweb\Home\Controller\IndexController.class.php 第 11 行.
SQL: SELECT * FROM `cates` WHERE ( pid=222 )  [ RunTime:0.000305s ]
NOTIC: [2] Invalid argument supplied for foreach() F:\wamp\www\test\Myweb\Home\Controller\IndexController.class.php 第 11 行.
SQL: SELECT * FROM `cates` WHERE ( pid=26 )  [ RunTime:0.000318s ]
SQL: SELECT * FROM `cates` WHERE ( pid=57 )  [ RunTime:0.000354s ]
SQL: SELECT * FROM `cates` WHERE ( pid=128 )  [ RunTime:0.000327s ]
NOTIC: [2] Invalid argument supplied for foreach() F:\wamp\www\test\Myweb\Home\Controller\IndexController.class.php 第 11 行.
SQL: SELECT * FROM `cates` WHERE ( pid=129 )  [ RunTime:0.000329s ]
NOTIC: [2] Invalid argument supplied for foreach() F:\wamp\www\test\Myweb\Home\Controller\IndexController.class.php 第 11 行.
SQL: SELECT * FROM `cates` WHERE ( pid=130 )  [ RunTime:0.000322s ]
NOTIC: [2] Invalid argument supplied for foreach() F:\wamp\www\test\Myweb\Home\Controller\IndexController.class.php 第 11 行.
SQL: SELECT * FROM `cates` WHERE ( pid=58 )  [ RunTime:0.000343s ]
SQL: SELECT * FROM `cates` WHERE ( pid=126 )  [ RunTime:0.000317s ]
NOTIC: [2] Invalid argument supplied for foreach() F:\wamp\www\test\Myweb\Home\Controller\IndexController.class.php 第 11 行.
SQL: SELECT * FROM `cates` WHERE ( pid=127 )  [ RunTime:0.000309s ]
NOTIC: [2] Invalid argument supplied for foreach() F:\wamp\www\test\Myweb\Home\Controller\IndexController.class.php 第 11 行.
SQL: SELECT * FROM `cates` WHERE ( pid=223 )  [ RunTime:0.000351s ]
SQL: SELECT * FROM `cates` WHERE ( pid=224 )  [ RunTime:0.000326s ]
NOTIC: [2] Invalid argument supplied for foreach() F:\wamp\www\test\Myweb\Home\Controller\IndexController.class.php 第 11 行.
SQL: SELECT * FROM `cates` WHERE ( pid=225 )  [ RunTime:0.000316s ]
NOTIC: [2] Invalid argument supplied for foreach() F:\wamp\www\test\Myweb\Home\Controller\IndexController.class.php 第 11 行.
SQL: SELECT * FROM `cates` WHERE ( pid=27 )  [ RunTime:0.000332s ]
SQL: SELECT * FROM `cates` WHERE ( pid=28 )  [ RunTime:0.000319s ]
SQL: SELECT * FROM `cates` WHERE ( pid=59 )  [ RunTime:0.000362s ]
SQL: SELECT * FROM `cates` WHERE ( pid=131 )  [ RunTime:0.000303s ]
NOTIC: [2] Invalid argument supplied for foreach() F:\wamp\www\test\Myweb\Home\Controller\IndexController.class.php 第 11 行.
SQL: SELECT * FROM `cates` WHERE ( pid=132 )  [ RunTime:0.000302s ]
NOTIC: [2] Invalid argument supplied for foreach() F:\wamp\www\test\Myweb\Home\Controller\IndexController.class.php 第 11 行.
SQL: SELECT * FROM `cates` WHERE ( pid=133 )  [ RunTime:0.000290s ]
NOTIC: [2] Invalid argument supplied for foreach() F:\wamp\www\test\Myweb\Home\Controller\IndexController.class.php 第 11 行.
SQL: SELECT * FROM `cates` WHERE ( pid=61 )  [ RunTime:0.000307s ]
SQL: SELECT * FROM `cates` WHERE ( pid=134 )  [ RunTime:0.000293s ]
NOTIC: [2] Invalid argument supplied for foreach() F:\wamp\www\test\Myweb\Home\Controller\IndexController.class.php 第 11 行.
SQL: SELECT * FROM `cates` WHERE ( pid=135 )  [ RunTime:0.000304s ]
NOTIC: [2] Invalid argument supplied for foreach() F:\wamp\www\test\Myweb\Home\Controller\IndexController.class.php 第 11 行.
SQL: SELECT * FROM `cates` WHERE ( pid=136 )  [ RunTime:0.000356s ]
NOTIC: [2] Invalid argument supplied for foreach() F:\wamp\www\test\Myweb\Home\Controller\IndexController.class.php 第 11 行.
SQL: SELECT * FROM `cates` WHERE ( pid=137 )  [ RunTime:0.000603s ]
NOTIC: [2] Invalid argument supplied for foreach() F:\wamp\www\test\Myweb\Home\Controller\IndexController.class.php 第 11 行.
SQL: SELECT * FROM `cates` WHERE ( pid=226 )  [ RunTime:0.000385s ]
SQL: SELECT * FROM `cates` WHERE ( pid=228 )  [ RunTime:0.000318s ]
NOTIC: [2] Invalid argument supplied for foreach() F:\wamp\www\test\Myweb\Home\Controller\IndexController.class.php 第 11 行.
SQL: SELECT * FROM `cates` WHERE ( pid=229 )  [ RunTime:0.000317s ]
NOTIC: [2] Invalid argument supplied for foreach() F:\wamp\www\test\Myweb\Home\Controller\IndexController.class.php 第 11 行.
SQL: SELECT * FROM `cates` WHERE ( pid=29 )  [ RunTime:0.000360s ]
SQL: SELECT * FROM `cates` WHERE ( pid=62 )  [ RunTime:0.000360s ]
SQL: SELECT * FROM `cates` WHERE ( pid=138 )  [ RunTime:0.000553s ]
NOTIC: [2] Invalid argument supplied for foreach() F:\wamp\www\test\Myweb\Home\Controller\IndexController.class.php 第 11 行.
SQL: SELECT * FROM `cates` WHERE ( pid=139 )  [ RunTime:0.000362s ]
NOTIC: [2] Invalid argument supplied for foreach() F:\wamp\www\test\Myweb\Home\Controller\IndexController.class.php 第 11 行.
SQL: SELECT * FROM `cates` WHERE ( pid=63 )  [ RunTime:0.000307s ]
SQL: SELECT * FROM `cates` WHERE ( pid=140 )  [ RunTime:0.000279s ]
NOTIC: [2] Invalid argument supplied for foreach() F:\wamp\www\test\Myweb\Home\Controller\IndexController.class.php 第 11 行.
SQL: SELECT * FROM `cates` WHERE ( pid=141 )  [ RunTime:0.000292s ]
NOTIC: [2] Invalid argument supplied for foreach() F:\wamp\www\test\Myweb\Home\Controller\IndexController.class.php 第 11 行.
SQL: SELECT * FROM `cates` WHERE ( pid=142 )  [ RunTime:0.000270s ]
NOTIC: [2] Invalid argument supplied for foreach() F:\wamp\www\test\Myweb\Home\Controller\IndexController.class.php 第 11 行.
SQL: SELECT * FROM `cates` WHERE ( pid=143 )  [ RunTime:0.000271s ]
NOTIC: [2] Invalid argument supplied for foreach() F:\wamp\www\test\Myweb\Home\Controller\IndexController.class.php 第 11 行.
SQL: SELECT * FROM `cates` WHERE ( pid=144 )  [ RunTime:0.000270s ]
NOTIC: [2] Invalid argument supplied for foreach() F:\wamp\www\test\Myweb\Home\Controller\IndexController.class.php 第 11 行.
SQL: SELECT * FROM `cates` WHERE ( pid=227 )  [ RunTime:0.000274s ]
SQL: SELECT * FROM `cates` WHERE ( pid=230 )  [ RunTime:0.000271s ]
NOTIC: [2] Invalid argument supplied for foreach() F:\wamp\www\test\Myweb\Home\Controller\IndexController.class.php 第 11 行.
SQL: SELECT * FROM `cates` WHERE ( pid=231 )  [ RunTime:0.000267s ]
NOTIC: [2] Invalid argument supplied for foreach() F:\wamp\www\test\Myweb\Home\Controller\IndexController.class.php 第 11 行.
SQL: SELECT * FROM `cates` WHERE ( pid=31 )  [ RunTime:0.000291s ]
SQL: SELECT * FROM `cates` WHERE ( pid=32 )  [ RunTime:0.000273s ]
SQL: SELECT * FROM `cates` WHERE ( pid=69 )  [ RunTime:0.000293s ]
SQL: SELECT * FROM `cates` WHERE ( pid=158 )  [ RunTime:0.000279s ]
NOTIC: [2] Invalid argument supplied for foreach() F:\wamp\www\test\Myweb\Home\Controller\IndexController.class.php 第 11 行.
SQL: SELECT * FROM `cates` WHERE ( pid=159 )  [ RunTime:0.000271s ]
NOTIC: [2] Invalid argument supplied for foreach() F:\wamp\www\test\Myweb\Home\Controller\IndexController.class.php 第 11 行.
SQL: SELECT * FROM `cates` WHERE ( pid=160 )  [ RunTime:0.000414s ]
NOTIC: [2] Invalid argument supplied for foreach() F:\wamp\www\test\Myweb\Home\Controller\IndexController.class.php 第 11 行.
SQL: SELECT * FROM `cates` WHERE ( pid=161 )  [ RunTime:0.000390s ]
NOTIC: [2] Invalid argument supplied for foreach() F:\wamp\www\test\Myweb\Home\Controller\IndexController.class.php 第 11 行.
SQL: SELECT * FROM `cates` WHERE ( pid=70 )  [ RunTime:0.000377s ]
SQL: SELECT * FROM `cates` WHERE ( pid=162 )  [ RunTime:0.000274s ]
NOTIC: [2] Invalid argument supplied for foreach() F:\wamp\www\test\Myweb\Home\Controller\IndexController.class.php 第 11 行.
SQL: SELECT * FROM `cates` WHERE ( pid=163 )  [ RunTime:0.000266s ]
NOTIC: [2] Invalid argument supplied for foreach() F:\wamp\www\test\Myweb\Home\Controller\IndexController.class.php 第 11 行.
SQL: SELECT * FROM `cates` WHERE ( pid=164 )  [ RunTime:0.000298s ]
NOTIC: [2] Invalid argument supplied for foreach() F:\wamp\www\test\Myweb\Home\Controller\IndexController.class.php 第 11 行.
SQL: SELECT * FROM `cates` WHERE ( pid=237 )  [ RunTime:0.000989s ]
SQL: SELECT * FROM `cates` WHERE ( pid=239 )  [ RunTime:0.000325s ]
NOTIC: [2] Invalid argument supplied for foreach() F:\wamp\www\test\Myweb\Home\Controller\IndexController.class.php 第 11 行.
SQL: SELECT * FROM `cates` WHERE ( pid=240 )  [ RunTime:0.000379s ]
NOTIC: [2] Invalid argument supplied for foreach() F:\wamp\www\test\Myweb\Home\Controller\IndexController.class.php 第 11 行.
SQL: SELECT * FROM `cates` WHERE ( pid=34 )  [ RunTime:0.000293s ]
SQL: SELECT * FROM `cates` WHERE ( pid=71 )  [ RunTime:0.000278s ]
SQL: SELECT * FROM `cates` WHERE ( pid=165 )  [ RunTime:0.000263s ]
NOTIC: [2] Invalid argument supplied for foreach() F:\wamp\www\test\Myweb\Home\Controller\IndexController.class.php 第 11 行.
SQL: SELECT * FROM `cates` WHERE ( pid=166 )  [ RunTime:0.000267s ]
NOTIC: [2] Invalid argument supplied for foreach() F:\wamp\www\test\Myweb\Home\Controller\IndexController.class.php 第 11 行.
SQL: SELECT * FROM `cates` WHERE ( pid=72 )  [ RunTime:0.000274s ]
SQL: SELECT * FROM `cates` WHERE ( pid=167 )  [ RunTime:0.000267s ]
NOTIC: [2] Invalid argument supplied for foreach() F:\wamp\www\test\Myweb\Home\Controller\IndexController.class.php 第 11 行.
SQL: SELECT * FROM `cates` WHERE ( pid=168 )  [ RunTime:0.000278s ]
NOTIC: [2] Invalid argument supplied for foreach() F:\wamp\www\test\Myweb\Home\Controller\IndexController.class.php 第 11 行.
SQL: SELECT * FROM `cates` WHERE ( pid=238 )  [ RunTime:0.000444s ]
SQL: SELECT * FROM `cates` WHERE ( pid=241 )  [ RunTime:0.000271s ]
NOTIC: [2] Invalid argument supplied for foreach() F:\wamp\www\test\Myweb\Home\Controller\IndexController.class.php 第 11 行.
SQL: SELECT * FROM `cates` WHERE ( pid=242 )  [ RunTime:0.000265s ]
NOTIC: [2] Invalid argument supplied for foreach() F:\wamp\www\test\Myweb\Home\Controller\IndexController.class.php 第 11 行.
SQL: SELECT * FROM `cates` WHERE ( pid=35 )  [ RunTime:0.000272s ]
SQL: SELECT * FROM `cates` WHERE ( pid=36 )  [ RunTime:0.000269s ]
SQL: SELECT * FROM `cates` WHERE ( pid=73 )  [ RunTime:0.000272s ]
SQL: SELECT * FROM `cates` WHERE ( pid=169 )  [ RunTime:0.000266s ]
NOTIC: [2] Invalid argument supplied for foreach() F:\wamp\www\test\Myweb\Home\Controller\IndexController.class.php 第 11 行.
SQL: SELECT * FROM `cates` WHERE ( pid=170 )  [ RunTime:0.000265s ]
NOTIC: [2] Invalid argument supplied for foreach() F:\wamp\www\test\Myweb\Home\Controller\IndexController.class.php 第 11 行.
SQL: SELECT * FROM `cates` WHERE ( pid=171 )  [ RunTime:0.000259s ]
NOTIC: [2] Invalid argument supplied for foreach() F:\wamp\www\test\Myweb\Home\Controller\IndexController.class.php 第 11 行.
SQL: SELECT * FROM `cates` WHERE ( pid=74 )  [ RunTime:0.000277s ]
SQL: SELECT * FROM `cates` WHERE ( pid=172 )  [ RunTime:0.000265s ]
NOTIC: [2] Invalid argument supplied for foreach() F:\wamp\www\test\Myweb\Home\Controller\IndexController.class.php 第 11 行.
SQL: SELECT * FROM `cates` WHERE ( pid=173 )  [ RunTime:0.000265s ]
NOTIC: [2] Invalid argument supplied for foreach() F:\wamp\www\test\Myweb\Home\Controller\IndexController.class.php 第 11 行.
SQL: SELECT * FROM `cates` WHERE ( pid=174 )  [ RunTime:0.000360s ]
NOTIC: [2] Invalid argument supplied for foreach() F:\wamp\www\test\Myweb\Home\Controller\IndexController.class.php 第 11 行.
SQL: SELECT * FROM `cates` WHERE ( pid=243 )  [ RunTime:0.000454s ]
SQL: SELECT * FROM `cates` WHERE ( pid=244 )  [ RunTime:0.000302s ]
NOTIC: [2] Invalid argument supplied for foreach() F:\wamp\www\test\Myweb\Home\Controller\IndexController.class.php 第 11 行.
SQL: SELECT * FROM `cates` WHERE ( pid=245 )  [ RunTime:0.000266s ]
NOTIC: [2] Invalid argument supplied for foreach() F:\wamp\www\test\Myweb\Home\Controller\IndexController.class.php 第 11 行.
SQL: SELECT * FROM `cates` WHERE ( pid=37 )  [ RunTime:0.000377s ]
SQL: SELECT * FROM `cates` WHERE ( pid=75 )  [ RunTime:0.001709s ]
SQL: SELECT * FROM `cates` WHERE ( pid=175 )  [ RunTime:0.000692s ]
NOTIC: [2] Invalid argument supplied for foreach() F:\wamp\www\test\Myweb\Home\Controller\IndexController.class.php 第 11 行.
SQL: SELECT * FROM `cates` WHERE ( pid=176 )  [ RunTime:0.000540s ]
NOTIC: [2] Invalid argument supplied for foreach() F:\wamp\www\test\Myweb\Home\Controller\IndexController.class.php 第 11 行.
SQL: SELECT * FROM `cates` WHERE ( pid=76 )  [ RunTime:0.000418s ]
SQL: SELECT * FROM `cates` WHERE ( pid=177 )  [ RunTime:0.000290s ]
NOTIC: [2] Invalid argument supplied for foreach() F:\wamp\www\test\Myweb\Home\Controller\IndexController.class.php 第 11 行.
SQL: SELECT * FROM `cates` WHERE ( pid=178 )  [ RunTime:0.000271s ]
NOTIC: [2] Invalid argument supplied for foreach() F:\wamp\www\test\Myweb\Home\Controller\IndexController.class.php 第 11 行.
SQL: SELECT * FROM `cates` WHERE ( pid=246 )  [ RunTime:0.000270s ]
SQL: SELECT * FROM `cates` WHERE ( pid=247 )  [ RunTime:0.000269s ]
NOTIC: [2] Invalid argument supplied for foreach() F:\wamp\www\test\Myweb\Home\Controller\IndexController.class.php 第 11 行.
SQL: SELECT * FROM `cates` WHERE ( pid=248 )  [ RunTime:0.000266s ]
NOTIC: [2] Invalid argument supplied for foreach() F:\wamp\www\test\Myweb\Home\Controller\IndexController.class.php 第 11 行.
SQL: SELECT * FROM `cates` WHERE ( pid=39 )  [ RunTime:0.000270s ]
SQL: SELECT * FROM `cates` WHERE ( pid=41 )  [ RunTime:0.000271s ]
SQL: SELECT * FROM `cates` WHERE ( pid=77 )  [ RunTime:0.000279s ]
SQL: SELECT * FROM `cates` WHERE ( pid=179 )  [ RunTime:0.000264s ]
NOTIC: [2] Invalid argument supplied for foreach() F:\wamp\www\test\Myweb\Home\Controller\IndexController.class.php 第 11 行.
SQL: SELECT * FROM `cates` WHERE ( pid=180 )  [ RunTime:0.000265s ]
NOTIC: [2] Invalid argument supplied for foreach() F:\wamp\www\test\Myweb\Home\Controller\IndexController.class.php 第 11 行.
SQL: SELECT * FROM `cates` WHERE ( pid=181 )  [ RunTime:0.000262s ]
NOTIC: [2] Invalid argument supplied for foreach() F:\wamp\www\test\Myweb\Home\Controller\IndexController.class.php 第 11 行.
SQL: SELECT * FROM `cates` WHERE ( pid=182 )  [ RunTime:0.000438s ]
NOTIC: [2] Invalid argument supplied for foreach() F:\wamp\www\test\Myweb\Home\Controller\IndexController.class.php 第 11 行.
SQL: SELECT * FROM `cates` WHERE ( pid=78 )  [ RunTime:0.000285s ]
SQL: SELECT * FROM `cates` WHERE ( pid=183 )  [ RunTime:0.000266s ]
NOTIC: [2] Invalid argument supplied for foreach() F:\wamp\www\test\Myweb\Home\Controller\IndexController.class.php 第 11 行.
SQL: SELECT * FROM `cates` WHERE ( pid=184 )  [ RunTime:0.000264s ]
NOTIC: [2] Invalid argument supplied for foreach() F:\wamp\www\test\Myweb\Home\Controller\IndexController.class.php 第 11 行.
SQL: SELECT * FROM `cates` WHERE ( pid=185 )  [ RunTime:0.000276s ]
NOTIC: [2] Invalid argument supplied for foreach() F:\wamp\www\test\Myweb\Home\Controller\IndexController.class.php 第 11 行.
SQL: SELECT * FROM `cates` WHERE ( pid=249 )  [ RunTime:0.000277s ]
SQL: SELECT * FROM `cates` WHERE ( pid=250 )  [ RunTime:0.000259s ]
NOTIC: [2] Invalid argument supplied for foreach() F:\wamp\www\test\Myweb\Home\Controller\IndexController.class.php 第 11 行.
SQL: SELECT * FROM `cates` WHERE ( pid=251 )  [ RunTime:0.000284s ]
NOTIC: [2] Invalid argument supplied for foreach() F:\wamp\www\test\Myweb\Home\Controller\IndexController.class.php 第 11 行.
SQL: SELECT * FROM `cates` WHERE ( pid=252 )  [ RunTime:0.000292s ]
NOTIC: [2] Invalid argument supplied for foreach() F:\wamp\www\test\Myweb\Home\Controller\IndexController.class.php 第 11 行.
SQL: SELECT * FROM `cates` WHERE ( pid=42 )  [ RunTime:0.000276s ]
SQL: SELECT * FROM `cates` WHERE ( pid=83 )  [ RunTime:0.000294s ]
SQL: SELECT * FROM `cates` WHERE ( pid=186 )  [ RunTime:0.000274s ]
NOTIC: [2] Invalid argument supplied for foreach() F:\wamp\www\test\Myweb\Home\Controller\IndexController.class.php 第 11 行.
SQL: SELECT * FROM `cates` WHERE ( pid=187 )  [ RunTime:0.000881s ]
NOTIC: [2] Invalid argument supplied for foreach() F:\wamp\www\test\Myweb\Home\Controller\IndexController.class.php 第 11 行.
SQL: SELECT * FROM `cates` WHERE ( pid=188 )  [ RunTime:0.000478s ]
NOTIC: [2] Invalid argument supplied for foreach() F:\wamp\www\test\Myweb\Home\Controller\IndexController.class.php 第 11 行.
SQL: SELECT * FROM `cates` WHERE ( pid=84 )  [ RunTime:0.000421s ]
SQL: SELECT * FROM `cates` WHERE ( pid=189 )  [ RunTime:0.000464s ]
NOTIC: [2] Invalid argument supplied for foreach() F:\wamp\www\test\Myweb\Home\Controller\IndexController.class.php 第 11 行.
SQL: SELECT * FROM `cates` WHERE ( pid=190 )  [ RunTime:0.000317s ]
NOTIC: [2] Invalid argument supplied for foreach() F:\wamp\www\test\Myweb\Home\Controller\IndexController.class.php 第 11 行.
SQL: SELECT * FROM `cates` WHERE ( pid=253 )  [ RunTime:0.000274s ]
SQL: SELECT * FROM `cates` WHERE ( pid=254 )  [ RunTime:0.000267s ]
NOTIC: [2] Invalid argument supplied for foreach() F:\wamp\www\test\Myweb\Home\Controller\IndexController.class.php 第 11 行.
SQL: SELECT * FROM `cates` WHERE ( pid=255 )  [ RunTime:0.000268s ]
NOTIC: [2] Invalid argument supplied for foreach() F:\wamp\www\test\Myweb\Home\Controller\IndexController.class.php 第 11 行.
SQL: SHOW COLUMNS FROM `goods` [ RunTime:0.000975s ]
SQL: SELECT * FROM `goods` WHERE ( status!='3' ) LIMIT 0,3   [ RunTime:0.000394s ]
SQL: select * from goods where status!='3' order by id desc limit 0,4 [ RunTime:0.000366s ]
SQL: select * from goods where typeid=3 and status!='3' limit 0,7 [ RunTime:0.000323s ]
SQL: select * from goods where typeid=7 and status!='3' limit 0,7 [ RunTime:0.000272s ]
SQL: select * from goods where typeid=11 and status!='3' limit 0,7 [ RunTime:0.000281s ]
SQL: select * from goods where typeid=15 and status!='3' limit 0,7 [ RunTime:0.000275s ]
SQL: select * from goods where typeid=19 and status!='3' limit 0,7 [ RunTime:0.000273s ]
SQL: select * from goods where typeid=23 and status!='3' limit 0,7 [ RunTime:0.000277s ]
SQL: select * from goods where typeid=27 and status!='3' limit 0,7 [ RunTime:0.000280s ]
SQL: select * from goods where typeid=31 and status!='3' limit 0,7 [ RunTime:0.000304s ]
SQL: select * from goods where typeid=35 and status!='3' limit 0,7 [ RunTime:0.000293s ]
SQL: select * from goods where typeid=39 and status!='3' limit 0,7 [ RunTime:0.000302s ]
SQL: SHOW COLUMNS FROM `lunbos` [ RunTime:0.001189s ]
SQL: SELECT * FROM `lunbos` WHERE `status` = 1  [ RunTime:0.000285s ]
SQL: SHOW COLUMNS FROM `adverts` [ RunTime:0.001791s ]
SQL: SELECT * FROM `adverts` LIMIT 0,7   [ RunTime:0.000398s ]
SQL: SHOW COLUMNS FROM `friends` [ RunTime:0.000924s ]
SQL: SELECT * FROM `friends` LIMIT 0,20   [ RunTime:0.000265s ]
INFO: [ view_parse ] --START--
INFO: [ template_filter ] --START--
INFO: Run Behavior\ContentReplaceBehavior [ RunTime:0.000371s ]
INFO: [ template_filter ] --END-- [ RunTime:0.000462s ]
NOTIC: [8] Undefined index: username2 F:\wamp\www\test\Myweb\Runtime\Cache\Home\9485de9478e82fac04c3714025ac334a.php 第 30 行.
NOTIC: [8] Undefined index: username2 F:\wamp\www\test\Myweb\Runtime\Cache\Home\9485de9478e82fac04c3714025ac334a.php 第 33 行.
NOTIC: [8] Undefined index: username2 F:\wamp\www\test\Myweb\Runtime\Cache\Home\9485de9478e82fac04c3714025ac334a.php 第 38 行.
NOTIC: [8] Undefined index: goods F:\wamp\www\test\Myweb\Runtime\Cache\Home\9485de9478e82fac04c3714025ac334a.php 第 56 行.
NOTIC: [8] Undefined index: username2 F:\wamp\www\test\Myweb\Runtime\Cache\Home\9485de9478e82fac04c3714025ac334a.php 第 656 行.
NOTIC: [8] Undefined index: pic2 F:\wamp\www\test\Myweb\Runtime\Cache\Home\9485de9478e82fac04c3714025ac334a.php 第 658 行.
NOTIC: [8] Undefined index: count2 F:\wamp\www\test\Myweb\Runtime\Cache\Home\9485de9478e82fac04c3714025ac334a.php 第 690 行.
INFO: Run Behavior\ParseTemplateBehavior [ RunTime:0.038483s ]
INFO: [ view_parse ] --END-- [ RunTime:0.038576s ]
INFO: [ view_filter ] --START--
INFO: Run Behavior\WriteHtmlCacheBehavior [ RunTime:0.000455s ]
INFO: [ view_filter ] --END-- [ RunTime:0.000531s ]
INFO: [ app_end ] --START--
INFO: Run Behavior\ShowPageTraceBehavior [ RunTime:0.001086s ]
INFO: [ app_end ] --END-- [ RunTime:0.001233s ]

