[ 2017-04-07T08:55:04+08:00 ] 127.0.0.1 /index.php/Home/Login/checkname
INFO: [ app_begin ] --START--
INFO: Run Behavior\ReadHtmlCacheBehavior [ RunTime:0.000000s ]
INFO: [ app_begin ] --END-- [ RunTime:0.001000s ]
SQL: SHOW COLUMNS FROM `users` [ RunTime:0.046002s ]
SQL: SELECT * FROM `users`  [ RunTime:0.000000s ]
INFO: [ app_end ] --START--
INFO: Run Behavior\ShowPageTraceBehavior [ RunTime:0.000000s ]
INFO: [ app_end ] --END-- [ RunTime:0.001000s ]

[ 2017-04-07T08:55:07+08:00 ] 127.0.0.1 /index.php/Home/Login/checkpass
INFO: [ app_begin ] --START--
INFO: Run Behavior\ReadHtmlCacheBehavior [ RunTime:0.001000s ]
INFO: [ app_begin ] --END-- [ RunTime:0.002000s ]
SQL: SHOW COLUMNS FROM `users` [ RunTime:0.002000s ]
SQL: SELECT * FROM `users`  [ RunTime:0.000000s ]
INFO: [ app_end ] --START--
INFO: Run Behavior\ShowPageTraceBehavior [ RunTime:0.001000s ]
INFO: [ app_end ] --END-- [ RunTime:0.001000s ]

[ 2017-04-07T08:55:52+08:00 ] 127.0.0.1 /index.php/Home/Bycar/jia?num=NaN
INFO: [ app_begin ] --START--
INFO: Run Behavior\ReadHtmlCacheBehavior [ RunTime:0.000000s ]
INFO: [ app_begin ] --END-- [ RunTime:0.001000s ]
SQL: SHOW COLUMNS FROM `goods` [ RunTime:0.001000s ]
INFO: [ app_end ] --START--
INFO: Run Behavior\ShowPageTraceBehavior [ RunTime:0.001000s ]
INFO: [ app_end ] --END-- [ RunTime:0.001000s ]

[ 2017-04-07T08:55:55+08:00 ] 127.0.0.1 /index.php/Home/Bycar/jia?num=NaN
INFO: [ app_begin ] --START--
INFO: Run Behavior\ReadHtmlCacheBehavior [ RunTime:0.001000s ]
INFO: [ app_begin ] --END-- [ RunTime:0.001000s ]
SQL: SHOW COLUMNS FROM `goods` [ RunTime:0.002000s ]
INFO: [ app_end ] --START--
INFO: Run Behavior\ShowPageTraceBehavior [ RunTime:0.001000s ]
INFO: [ app_end ] --END-- [ RunTime:0.001000s ]

[ 2017-04-07T08:56:22+08:00 ] 127.0.0.1 /index.php/Home/Bycar/jia?num=NaN
INFO: [ app_begin ] --START--
INFO: Run Behavior\ReadHtmlCacheBehavior [ RunTime:0.001000s ]
INFO: [ app_begin ] --END-- [ RunTime:0.001000s ]
SQL: SHOW COLUMNS FROM `goods` [ RunTime:0.001000s ]
INFO: [ app_end ] --START--
INFO: Run Behavior\ShowPageTraceBehavior [ RunTime:0.001000s ]
INFO: [ app_end ] --END-- [ RunTime:0.001000s ]

[ 2017-04-07T08:56:24+08:00 ] 127.0.0.1 /index.php/Home/Bycar/jia?num=NaN
INFO: [ app_begin ] --START--
INFO: Run Behavior\ReadHtmlCacheBehavior [ RunTime:0.001000s ]
INFO: [ app_begin ] --END-- [ RunTime:0.003000s ]
SQL: SHOW COLUMNS FROM `goods` [ RunTime:0.001000s ]
INFO: [ app_end ] --START--
INFO: Run Behavior\ShowPageTraceBehavior [ RunTime:0.001000s ]
INFO: [ app_end ] --END-- [ RunTime:0.001000s ]

[ 2017-04-07T08:56:29+08:00 ] 127.0.0.1 /index.php/Home/Bycar/jia?num=NaN
INFO: [ app_begin ] --START--
INFO: Run Behavior\ReadHtmlCacheBehavior [ RunTime:0.001000s ]
INFO: [ app_begin ] --END-- [ RunTime:0.002000s ]
SQL: SHOW COLUMNS FROM `goods` [ RunTime:0.001000s ]
INFO: [ app_end ] --START--
INFO: Run Behavior\ShowPageTraceBehavior [ RunTime:0.001000s ]
INFO: [ app_end ] --END-- [ RunTime:0.001000s ]

[ 2017-04-07T08:56:32+08:00 ] 127.0.0.1 /index.php/Home/Bycar/jia?num=NaN
INFO: [ app_begin ] --START--
INFO: Run Behavior\ReadHtmlCacheBehavior [ RunTime:0.000000s ]
INFO: [ app_begin ] --END-- [ RunTime:0.001000s ]
SQL: SHOW COLUMNS FROM `goods` [ RunTime:0.002000s ]
INFO: [ app_end ] --START--
INFO: Run Behavior\ShowPageTraceBehavior [ RunTime:0.001000s ]
INFO: [ app_end ] --END-- [ RunTime:0.001000s ]

[ 2017-04-07T08:56:34+08:00 ] 127.0.0.1 /index.php/Home/Bycar/jia?num=NaN
INFO: [ app_begin ] --START--
INFO: Run Behavior\ReadHtmlCacheBehavior [ RunTime:0.000000s ]
INFO: [ app_begin ] --END-- [ RunTime:0.001000s ]
SQL: SHOW COLUMNS FROM `goods` [ RunTime:0.001000s ]
INFO: [ app_end ] --START--
INFO: Run Behavior\ShowPageTraceBehavior [ RunTime:0.001001s ]
INFO: [ app_end ] --END-- [ RunTime:0.001001s ]

[ 2017-04-07T08:56:36+08:00 ] 127.0.0.1 /index.php/Home/Bycar/jia?num=NaN
INFO: [ app_begin ] --START--
INFO: Run Behavior\ReadHtmlCacheBehavior [ RunTime:0.001000s ]
INFO: [ app_begin ] --END-- [ RunTime:0.001000s ]
SQL: SHOW COLUMNS FROM `goods` [ RunTime:0.001000s ]
INFO: [ app_end ] --START--
INFO: Run Behavior\ShowPageTraceBehavior [ RunTime:0.001000s ]
INFO: [ app_end ] --END-- [ RunTime:0.001000s ]

[ 2017-04-07T08:56:37+08:00 ] 127.0.0.1 /index.php/Home/Bycar/jia?num=NaN
INFO: [ app_begin ] --START--
INFO: Run Behavior\ReadHtmlCacheBehavior [ RunTime:0.003001s ]
INFO: [ app_begin ] --END-- [ RunTime:0.004001s ]
SQL: SHOW COLUMNS FROM `goods` [ RunTime:0.001000s ]
INFO: [ app_end ] --START--
INFO: Run Behavior\ShowPageTraceBehavior [ RunTime:0.001000s ]
INFO: [ app_end ] --END-- [ RunTime:0.001000s ]

[ 2017-04-07T08:56:45+08:00 ] 127.0.0.1 /index.php/Home/Bycar/jia?num=NaN
INFO: [ app_begin ] --START--
INFO: Run Behavior\ReadHtmlCacheBehavior [ RunTime:0.000000s ]
INFO: [ app_begin ] --END-- [ RunTime:0.000000s ]
SQL: SHOW COLUMNS FROM `goods` [ RunTime:0.000000s ]
INFO: [ app_end ] --START--
INFO: Run Behavior\ShowPageTraceBehavior [ RunTime:0.000000s ]
INFO: [ app_end ] --END-- [ RunTime:0.000000s ]

[ 2017-04-07T10:25:59+08:00 ] 127.0.0.1 /index.php/Home/Bycar/del?id%5B%5D=34&id%5B%5D=250&id%5B%5D=28
INFO: [ app_begin ] --START--
INFO: Run Behavior\ReadHtmlCacheBehavior [ RunTime:0.000000s ]
INFO: [ app_begin ] --END-- [ RunTime:0.001000s ]
NOTIC: [2] unlink() expects parameter 1 to be a valid path, array given E:\php\wamp\www\test\Myweb\Home\Controller\BycarController.class.php 第 121 行.
NOTIC: [2] unlink() expects parameter 1 to be a valid path, array given E:\php\wamp\www\test\Myweb\Home\Controller\BycarController.class.php 第 121 行.
NOTIC: [2] unlink() expects parameter 1 to be a valid path, array given E:\php\wamp\www\test\Myweb\Home\Controller\BycarController.class.php 第 121 行.
INFO: [ app_end ] --START--
INFO: Run Behavior\ShowPageTraceBehavior [ RunTime:0.001000s ]
INFO: [ app_end ] --END-- [ RunTime:0.001000s ]

[ 2017-04-07T10:26:58+08:00 ] 127.0.0.1 /index.php/Home/Bycar/del?id%5B%5D=34&id%5B%5D=250&id%5B%5D=28&id%5B%5D=35
INFO: [ app_begin ] --START--
INFO: Run Behavior\ReadHtmlCacheBehavior [ RunTime:0.000000s ]
INFO: [ app_begin ] --END-- [ RunTime:0.000000s ]
NOTIC: [2] unlink() expects parameter 1 to be a valid path, array given E:\php\wamp\www\test\Myweb\Home\Controller\BycarController.class.php 第 121 行.
NOTIC: [2] unlink() expects parameter 1 to be a valid path, array given E:\php\wamp\www\test\Myweb\Home\Controller\BycarController.class.php 第 121 行.
NOTIC: [2] unlink() expects parameter 1 to be a valid path, array given E:\php\wamp\www\test\Myweb\Home\Controller\BycarController.class.php 第 121 行.
NOTIC: [2] unlink() expects parameter 1 to be a valid path, array given E:\php\wamp\www\test\Myweb\Home\Controller\BycarController.class.php 第 121 行.
INFO: [ app_end ] --START--
INFO: Run Behavior\ShowPageTraceBehavior [ RunTime:0.000000s ]
INFO: [ app_end ] --END-- [ RunTime:0.000000s ]

[ 2017-04-07T10:28:45+08:00 ] 127.0.0.1 /index.php/Home/Bycar/del?id%5B%5D=34&id%5B%5D=250&id%5B%5D=28&id%5B%5D=35
INFO: [ app_begin ] --START--
INFO: Run Behavior\ReadHtmlCacheBehavior [ RunTime:0.001000s ]
INFO: [ app_begin ] --END-- [ RunTime:0.001000s ]
INFO: [ app_end ] --START--
INFO: Run Behavior\ShowPageTraceBehavior [ RunTime:0.000000s ]
INFO: [ app_end ] --END-- [ RunTime:0.000000s ]

[ 2017-04-07T10:31:15+08:00 ] 127.0.0.1 /index.php/Home/Bycar/del?id%5B%5D=249
INFO: [ app_begin ] --START--
INFO: Run Behavior\ReadHtmlCacheBehavior [ RunTime:0.000000s ]
INFO: [ app_begin ] --END-- [ RunTime:0.000000s ]
INFO: [ app_end ] --START--
INFO: Run Behavior\ShowPageTraceBehavior [ RunTime:0.000000s ]
INFO: [ app_end ] --END-- [ RunTime:0.000000s ]

[ 2017-04-07T10:32:43+08:00 ] 127.0.0.1 /index.php/Home/Bycar/del?id%5B%5D=249
INFO: [ app_begin ] --START--
INFO: Run Behavior\ReadHtmlCacheBehavior [ RunTime:0.000000s ]
INFO: [ app_begin ] --END-- [ RunTime:0.000000s ]
INFO: [ app_end ] --START--
INFO: Run Behavior\ShowPageTraceBehavior [ RunTime:0.000000s ]
INFO: [ app_end ] --END-- [ RunTime:0.000000s ]

[ 2017-04-07T10:33:48+08:00 ] 127.0.0.1 /index.php/Home/Bycar/del
INFO: [ app_begin ] --START--
INFO: Run Behavior\ReadHtmlCacheBehavior [ RunTime:0.000000s ]
INFO: [ app_begin ] --END-- [ RunTime:0.000000s ]

[ 2017-04-07T10:33:51+08:00 ] 127.0.0.1 /index.php/Home/Bycar/del?id%5B%5D=249
INFO: [ app_begin ] --START--
INFO: Run Behavior\ReadHtmlCacheBehavior [ RunTime:0.000000s ]
INFO: [ app_begin ] --END-- [ RunTime:0.000000s ]
INFO: [ app_end ] --START--
INFO: Run Behavior\ShowPageTraceBehavior [ RunTime:0.000000s ]
INFO: [ app_end ] --END-- [ RunTime:0.000000s ]

[ 2017-04-07T10:35:05+08:00 ] 127.0.0.1 /index.php/Home/Bycar/del?id%5B%5D=249
INFO: [ app_begin ] --START--
INFO: Run Behavior\ReadHtmlCacheBehavior [ RunTime:0.000000s ]
INFO: [ app_begin ] --END-- [ RunTime:0.000000s ]
INFO: [ app_end ] --START--
INFO: Run Behavior\ShowPageTraceBehavior [ RunTime:0.000000s ]
INFO: [ app_end ] --END-- [ RunTime:0.000000s ]

[ 2017-04-07T10:37:51+08:00 ] 127.0.0.1 /index.php/Home/Bycar/del?id%5B%5D=249
INFO: [ app_begin ] --START--
INFO: Run Behavior\ReadHtmlCacheBehavior [ RunTime:0.000000s ]
INFO: [ app_begin ] --END-- [ RunTime:0.000000s ]
INFO: [ app_end ] --START--
INFO: Run Behavior\ShowPageTraceBehavior [ RunTime:0.000000s ]
INFO: [ app_end ] --END-- [ RunTime:0.000000s ]

[ 2017-04-07T10:45:28+08:00 ] 127.0.0.1 /index.php/Home/Bycar/del?id%5B%5D=250
INFO: [ app_begin ] --START--
INFO: Run Behavior\ReadHtmlCacheBehavior [ RunTime:0.000000s ]
INFO: [ app_begin ] --END-- [ RunTime:0.000000s ]
INFO: [ app_end ] --START--
INFO: Run Behavior\ShowPageTraceBehavior [ RunTime:0.000000s ]
INFO: [ app_end ] --END-- [ RunTime:0.000000s ]

[ 2017-04-07T10:45:58+08:00 ] 127.0.0.1 /index.php/Home/Bycar/del?id%5B%5D=26
INFO: [ app_begin ] --START--
INFO: Run Behavior\ReadHtmlCacheBehavior [ RunTime:0.000000s ]
INFO: [ app_begin ] --END-- [ RunTime:0.000000s ]
INFO: [ app_end ] --START--
INFO: Run Behavior\ShowPageTraceBehavior [ RunTime:0.000000s ]
INFO: [ app_end ] --END-- [ RunTime:0.000000s ]

[ 2017-04-07T10:46:26+08:00 ] 127.0.0.1 /index.php/Home/Bycar/del?id%5B%5D=&id%5B%5D=
INFO: [ app_begin ] --START--
INFO: Run Behavior\ReadHtmlCacheBehavior [ RunTime:0.015600s ]
INFO: [ app_begin ] --END-- [ RunTime:0.015600s ]
INFO: [ app_end ] --START--
INFO: Run Behavior\ShowPageTraceBehavior [ RunTime:0.000000s ]
INFO: [ app_end ] --END-- [ RunTime:0.000000s ]

[ 2017-04-07T10:46:31+08:00 ] 127.0.0.1 /index.php/Home/Bycar/del?id%5B%5D=
INFO: [ app_begin ] --START--
INFO: Run Behavior\ReadHtmlCacheBehavior [ RunTime:0.001000s ]
INFO: [ app_begin ] --END-- [ RunTime:0.001000s ]
INFO: [ app_end ] --START--
INFO: Run Behavior\ShowPageTraceBehavior [ RunTime:0.000000s ]
INFO: [ app_end ] --END-- [ RunTime:0.000000s ]

[ 2017-04-07T10:47:31+08:00 ] 127.0.0.1 /index.php/Home/Login/checkname
INFO: [ app_begin ] --START--
INFO: Run Behavior\ReadHtmlCacheBehavior [ RunTime:0.001000s ]
INFO: [ app_begin ] --END-- [ RunTime:0.001000s ]
SQL: SHOW COLUMNS FROM `users` [ RunTime:0.001000s ]
SQL: SELECT * FROM `users`  [ RunTime:0.001000s ]
INFO: [ app_end ] --START--
INFO: Run Behavior\ShowPageTraceBehavior [ RunTime:0.000000s ]
INFO: [ app_end ] --END-- [ RunTime:0.000000s ]

[ 2017-04-07T10:47:35+08:00 ] 127.0.0.1 /index.php/Home/Login/checkpass
INFO: [ app_begin ] --START--
INFO: Run Behavior\ReadHtmlCacheBehavior [ RunTime:0.001000s ]
INFO: [ app_begin ] --END-- [ RunTime:0.001000s ]
SQL: SHOW COLUMNS FROM `users` [ RunTime:0.001000s ]
SQL: SELECT * FROM `users`  [ RunTime:0.000000s ]
INFO: [ app_end ] --START--
INFO: Run Behavior\ShowPageTraceBehavior [ RunTime:0.001000s ]
INFO: [ app_end ] --END-- [ RunTime:0.001000s ]

[ 2017-04-07T10:52:38+08:00 ] 127.0.0.1 /index.php/Home/Login/checkname
INFO: [ app_begin ] --START--
INFO: Run Behavior\ReadHtmlCacheBehavior [ RunTime:0.000000s ]
INFO: [ app_begin ] --END-- [ RunTime:0.000000s ]
SQL: SHOW COLUMNS FROM `users` [ RunTime:0.015600s ]
SQL: SELECT * FROM `users`  [ RunTime:0.000000s ]
INFO: [ app_end ] --START--
INFO: Run Behavior\ShowPageTraceBehavior [ RunTime:0.000000s ]
INFO: [ app_end ] --END-- [ RunTime:0.000000s ]

[ 2017-04-07T10:52:41+08:00 ] 127.0.0.1 /index.php/Home/Login/checkpass
INFO: [ app_begin ] --START--
INFO: Run Behavior\ReadHtmlCacheBehavior [ RunTime:0.000000s ]
INFO: [ app_begin ] --END-- [ RunTime:0.000000s ]
SQL: SHOW COLUMNS FROM `users` [ RunTime:0.000000s ]
SQL: SELECT * FROM `users`  [ RunTime:0.000000s ]
INFO: [ app_end ] --START--
INFO: Run Behavior\ShowPageTraceBehavior [ RunTime:0.000000s ]
INFO: [ app_end ] --END-- [ RunTime:0.000000s ]

[ 2017-04-07T10:56:44+08:00 ] 127.0.0.1 /index.php/Home/Bycar/index.html
ERR: syntax error, unexpected ')'

[ 2017-04-07T12:16:33+08:00 ] 127.0.0.1 /index.php/Home/Bycar/index/id/29
ERR: Cannot use object of type Home\Controller\BycarController as array

[ 2017-04-07T12:24:53+08:00 ] 127.0.0.1 /index.php/Home/Login/checkname
INFO: [ app_begin ] --START--
INFO: Run Behavior\ReadHtmlCacheBehavior [ RunTime:0.000000s ]
INFO: [ app_begin ] --END-- [ RunTime:0.001000s ]
SQL: SHOW COLUMNS FROM `users` [ RunTime:0.001000s ]
SQL: SELECT * FROM `users`  [ RunTime:0.001000s ]
INFO: [ app_end ] --START--
INFO: Run Behavior\ShowPageTraceBehavior [ RunTime:0.001000s ]
INFO: [ app_end ] --END-- [ RunTime:0.001000s ]

[ 2017-04-07T12:24:56+08:00 ] 127.0.0.1 /index.php/Home/Login/checkpass
INFO: [ app_begin ] --START--
INFO: Run Behavior\ReadHtmlCacheBehavior [ RunTime:0.001000s ]
INFO: [ app_begin ] --END-- [ RunTime:0.001000s ]
SQL: SHOW COLUMNS FROM `users` [ RunTime:0.000000s ]
SQL: SELECT * FROM `users`  [ RunTime:0.000000s ]
INFO: [ app_end ] --START--
INFO: Run Behavior\ShowPageTraceBehavior [ RunTime:0.001000s ]
INFO: [ app_end ] --END-- [ RunTime:0.001000s ]

[ 2017-04-07T12:28:51+08:00 ] 127.0.0.1 /index.php/Home/Login/checkname
INFO: [ app_begin ] --START--
INFO: Run Behavior\ReadHtmlCacheBehavior [ RunTime:0.000000s ]
INFO: [ app_begin ] --END-- [ RunTime:0.001000s ]
SQL: SHOW COLUMNS FROM `users` [ RunTime:0.019002s ]
SQL: SELECT * FROM `users`  [ RunTime:0.002000s ]
INFO: [ app_end ] --START--
INFO: Run Behavior\ShowPageTraceBehavior [ RunTime:0.000000s ]
INFO: [ app_end ] --END-- [ RunTime:0.000000s ]

[ 2017-04-07T12:28:55+08:00 ] 127.0.0.1 /index.php/Home/Login/checkpass
INFO: [ app_begin ] --START--
INFO: Run Behavior\ReadHtmlCacheBehavior [ RunTime:0.001000s ]
INFO: [ app_begin ] --END-- [ RunTime:0.001000s ]
SQL: SHOW COLUMNS FROM `users` [ RunTime:0.016000s ]
SQL: SELECT * FROM `users`  [ RunTime:0.000000s ]
INFO: [ app_end ] --START--
INFO: Run Behavior\ShowPageTraceBehavior [ RunTime:0.001000s ]
INFO: [ app_end ] --END-- [ RunTime:0.001000s ]

[ 2017-04-07T12:37:42+08:00 ] 127.0.0.1 /index.php/Home/Login/checkname
INFO: [ app_begin ] --START--
INFO: Run Behavior\ReadHtmlCacheBehavior [ RunTime:0.001000s ]
INFO: [ app_begin ] --END-- [ RunTime:0.001000s ]
SQL: SHOW COLUMNS FROM `users` [ RunTime:0.006000s ]
SQL: SELECT * FROM `users`  [ RunTime:0.001000s ]
INFO: [ app_end ] --START--
INFO: Run Behavior\ShowPageTraceBehavior [ RunTime:0.001000s ]
INFO: [ app_end ] --END-- [ RunTime:0.001000s ]

[ 2017-04-07T12:37:45+08:00 ] 127.0.0.1 /index.php/Home/Login/checkpass
INFO: [ app_begin ] --START--
INFO: Run Behavior\ReadHtmlCacheBehavior [ RunTime:0.000000s ]
INFO: [ app_begin ] --END-- [ RunTime:0.001000s ]
SQL: SHOW COLUMNS FROM `users` [ RunTime:0.002000s ]
SQL: SELECT * FROM `users`  [ RunTime:0.000000s ]
INFO: [ app_end ] --START--
INFO: Run Behavior\ShowPageTraceBehavior [ RunTime:0.001000s ]
INFO: [ app_end ] --END-- [ RunTime:0.001000s ]

[ 2017-04-07T12:40:23+08:00 ] 127.0.0.1 /index.php/Home/Login/checkname
INFO: [ app_begin ] --START--
INFO: Run Behavior\ReadHtmlCacheBehavior [ RunTime:0.000000s ]
INFO: [ app_begin ] --END-- [ RunTime:0.000000s ]
SQL: SHOW COLUMNS FROM `users` [ RunTime:0.000000s ]
SQL: SELECT * FROM `users`  [ RunTime:0.006001s ]
INFO: [ app_end ] --START--
INFO: Run Behavior\ShowPageTraceBehavior [ RunTime:0.001000s ]
INFO: [ app_end ] --END-- [ RunTime:0.001000s ]

[ 2017-04-07T12:40:26+08:00 ] 127.0.0.1 /index.php/Home/Login/checkpass
INFO: [ app_begin ] --START--
INFO: Run Behavior\ReadHtmlCacheBehavior [ RunTime:0.000000s ]
INFO: [ app_begin ] --END-- [ RunTime:0.001000s ]
SQL: SHOW COLUMNS FROM `users` [ RunTime:0.001000s ]
SQL: SELECT * FROM `users`  [ RunTime:0.001000s ]
INFO: [ app_end ] --START--
INFO: Run Behavior\ShowPageTraceBehavior [ RunTime:0.001000s ]
INFO: [ app_end ] --END-- [ RunTime:0.001000s ]

[ 2017-04-07T12:57:01+08:00 ] 127.0.0.1 /index.php/Home/Login/checkname
INFO: [ app_begin ] --START--
INFO: Run Behavior\ReadHtmlCacheBehavior [ RunTime:0.001000s ]
INFO: [ app_begin ] --END-- [ RunTime:0.001000s ]
SQL: SHOW COLUMNS FROM `users` [ RunTime:0.001000s ]
SQL: SELECT * FROM `users`  [ RunTime:0.000000s ]
INFO: [ app_end ] --START--
INFO: Run Behavior\ShowPageTraceBehavior [ RunTime:0.000000s ]
INFO: [ app_end ] --END-- [ RunTime:0.000000s ]

[ 2017-04-07T12:57:04+08:00 ] 127.0.0.1 /index.php/Home/Login/checkpass
INFO: [ app_begin ] --START--
INFO: Run Behavior\ReadHtmlCacheBehavior [ RunTime:0.000000s ]
INFO: [ app_begin ] --END-- [ RunTime:0.001000s ]
SQL: SHOW COLUMNS FROM `users` [ RunTime:0.001000s ]
SQL: SELECT * FROM `users`  [ RunTime:0.000000s ]
INFO: [ app_end ] --START--
INFO: Run Behavior\ShowPageTraceBehavior [ RunTime:0.001000s ]
INFO: [ app_end ] --END-- [ RunTime:0.001000s ]

[ 2017-04-07T13:05:07+08:00 ] 127.0.0.1 /index.php/Home/Login/checkname
INFO: [ app_begin ] --START--
INFO: Run Behavior\ReadHtmlCacheBehavior [ RunTime:0.001000s ]
INFO: [ app_begin ] --END-- [ RunTime:0.001000s ]
SQL: SHOW COLUMNS FROM `users` [ RunTime:0.001000s ]
SQL: SELECT * FROM `users`  [ RunTime:0.000000s ]
INFO: [ app_end ] --START--
INFO: Run Behavior\ShowPageTraceBehavior [ RunTime:0.001000s ]
INFO: [ app_end ] --END-- [ RunTime:0.001000s ]

[ 2017-04-07T13:05:11+08:00 ] 127.0.0.1 /index.php/Home/Login/checkpass
INFO: [ app_begin ] --START--
INFO: Run Behavior\ReadHtmlCacheBehavior [ RunTime:0.000000s ]
INFO: [ app_begin ] --END-- [ RunTime:0.001000s ]
SQL: SHOW COLUMNS FROM `users` [ RunTime:0.001000s ]
SQL: SELECT * FROM `users`  [ RunTime:0.001000s ]
INFO: [ app_end ] --START--
INFO: Run Behavior\ShowPageTraceBehavior [ RunTime:0.000000s ]
INFO: [ app_end ] --END-- [ RunTime:0.000000s ]

[ 2017-04-07T22:39:19+08:00 ] ::1 /test/
ERR: Access denied for user 'root'@'localhost' (using password: YES)

[ 2017-04-07T22:59:41+08:00 ] ::1 /test/index.php/Home/Login/checkname
INFO: [ app_begin ] --START--
INFO: Run Behavior\ReadHtmlCacheBehavior [ RunTime:0.000716s ]
INFO: [ app_begin ] --END-- [ RunTime:0.001291s ]
SQL: SHOW COLUMNS FROM `users` [ RunTime:0.001283s ]
SQL: SELECT * FROM `users`  [ RunTime:0.000410s ]
INFO: [ app_end ] --START--
INFO: Run Behavior\ShowPageTraceBehavior [ RunTime:0.000858s ]
INFO: [ app_end ] --END-- [ RunTime:0.000957s ]

[ 2017-04-07T22:59:44+08:00 ] ::1 /test/index.php/Home/Login/checkpass
INFO: [ app_begin ] --START--
INFO: Run Behavior\ReadHtmlCacheBehavior [ RunTime:0.000629s ]
INFO: [ app_begin ] --END-- [ RunTime:0.001198s ]
SQL: SHOW COLUMNS FROM `users` [ RunTime:0.001112s ]
SQL: SELECT * FROM `users`  [ RunTime:0.000333s ]
INFO: [ app_end ] --START--
INFO: Run Behavior\ShowPageTraceBehavior [ RunTime:0.000726s ]
INFO: [ app_end ] --END-- [ RunTime:0.000809s ]

[ 2017-04-07T23:08:51+08:00 ] ::1 /test/index.php/Home/Cart/update?id=24
INFO: [ app_begin ] --START--
INFO: Run Behavior\ReadHtmlCacheBehavior [ RunTime:0.000649s ]
INFO: [ app_begin ] --END-- [ RunTime:0.001187s ]
ERR: 无法加载控制器:Cart

[ 2017-04-07T23:08:52+08:00 ] ::1 /test/index.php/Home/Cart/updatee?id=24
INFO: [ app_begin ] --START--
INFO: Run Behavior\ReadHtmlCacheBehavior [ RunTime:0.000582s ]
INFO: [ app_begin ] --END-- [ RunTime:0.001109s ]
ERR: 无法加载控制器:Cart

[ 2017-04-07T23:09:11+08:00 ] ::1 /test/index.php/Home/Cart/update?id=250
INFO: [ app_begin ] --START--
INFO: Run Behavior\ReadHtmlCacheBehavior [ RunTime:0.000618s ]
INFO: [ app_begin ] --END-- [ RunTime:0.001133s ]
ERR: 无法加载控制器:Cart

[ 2017-04-07T23:09:12+08:00 ] ::1 /test/index.php/Home/Cart/updatee?id=250
INFO: [ app_begin ] --START--
INFO: Run Behavior\ReadHtmlCacheBehavior [ RunTime:0.000595s ]
INFO: [ app_begin ] --END-- [ RunTime:0.001109s ]
ERR: 无法加载控制器:Cart

[ 2017-04-07T23:19:20+08:00 ] ::1 /test/index.php/Home/Cart/update?id=24
INFO: [ app_begin ] --START--
INFO: Run Behavior\ReadHtmlCacheBehavior [ RunTime:0.000612s ]
INFO: [ app_begin ] --END-- [ RunTime:0.001130s ]
ERR: 无法加载控制器:Cart

[ 2017-04-07T23:19:22+08:00 ] ::1 /test/index.php/Home/Cart/updatee?id=24
INFO: [ app_begin ] --START--
INFO: Run Behavior\ReadHtmlCacheBehavior [ RunTime:0.000581s ]
INFO: [ app_begin ] --END-- [ RunTime:0.001097s ]
ERR: 无法加载控制器:Cart

[ 2017-04-07T23:19:41+08:00 ] ::1 /test/index.php/Home/Login/checkname
INFO: [ app_begin ] --START--
INFO: Run Behavior\ReadHtmlCacheBehavior [ RunTime:0.000613s ]
INFO: [ app_begin ] --END-- [ RunTime:0.001132s ]
SQL: SHOW COLUMNS FROM `users` [ RunTime:0.001111s ]
SQL: SELECT * FROM `users`  [ RunTime:0.000371s ]
INFO: [ app_end ] --START--
INFO: Run Behavior\ShowPageTraceBehavior [ RunTime:0.000668s ]
INFO: [ app_end ] --END-- [ RunTime:0.000773s ]

[ 2017-04-07T23:19:46+08:00 ] ::1 /test/index.php/Home/Login/checkpass
INFO: [ app_begin ] --START--
INFO: Run Behavior\ReadHtmlCacheBehavior [ RunTime:0.000778s ]
INFO: [ app_begin ] --END-- [ RunTime:0.001453s ]
SQL: SHOW COLUMNS FROM `users` [ RunTime:0.001356s ]
SQL: SELECT * FROM `users`  [ RunTime:0.000424s ]
INFO: [ app_end ] --START--
INFO: Run Behavior\ShowPageTraceBehavior [ RunTime:0.000866s ]
INFO: [ app_end ] --END-- [ RunTime:0.000967s ]

[ 2017-04-07T23:21:00+08:00 ] ::1 /test/index.php/Home/Login/checkname
INFO: [ app_begin ] --START--
INFO: Run Behavior\ReadHtmlCacheBehavior [ RunTime:0.000637s ]
INFO: [ app_begin ] --END-- [ RunTime:0.001194s ]
SQL: SHOW COLUMNS FROM `users` [ RunTime:0.001158s ]
SQL: SELECT * FROM `users`  [ RunTime:0.000354s ]
INFO: [ app_end ] --START--
INFO: Run Behavior\ShowPageTraceBehavior [ RunTime:0.000771s ]
INFO: [ app_end ] --END-- [ RunTime:0.000870s ]

[ 2017-04-07T23:21:03+08:00 ] ::1 /test/index.php/Home/Login/checkpass
INFO: [ app_begin ] --START--
INFO: Run Behavior\ReadHtmlCacheBehavior [ RunTime:0.000775s ]
INFO: [ app_begin ] --END-- [ RunTime:0.001451s ]
SQL: SHOW COLUMNS FROM `users` [ RunTime:0.001559s ]
SQL: SELECT * FROM `users`  [ RunTime:0.000408s ]
INFO: [ app_end ] --START--
INFO: Run Behavior\ShowPageTraceBehavior [ RunTime:0.000774s ]
INFO: [ app_end ] --END-- [ RunTime:0.000956s ]

[ 2017-04-07T23:26:44+08:00 ] ::1 /test/index.php/Home/Login/checkname
INFO: [ app_begin ] --START--
INFO: Run Behavior\ReadHtmlCacheBehavior [ RunTime:0.000662s ]
INFO: [ app_begin ] --END-- [ RunTime:0.001237s ]
SQL: SHOW COLUMNS FROM `users` [ RunTime:0.001229s ]
SQL: SELECT * FROM `users`  [ RunTime:0.000360s ]
INFO: [ app_end ] --START--
INFO: Run Behavior\ShowPageTraceBehavior [ RunTime:0.000803s ]
INFO: [ app_end ] --END-- [ RunTime:0.000899s ]

[ 2017-04-07T23:26:47+08:00 ] ::1 /test/index.php/Home/Login/checkpass
INFO: [ app_begin ] --START--
INFO: Run Behavior\ReadHtmlCacheBehavior [ RunTime:0.000868s ]
INFO: [ app_begin ] --END-- [ RunTime:0.001557s ]
SQL: SHOW COLUMNS FROM `users` [ RunTime:0.001606s ]
SQL: SELECT * FROM `users`  [ RunTime:0.000395s ]
INFO: [ app_end ] --START--
INFO: Run Behavior\ShowPageTraceBehavior [ RunTime:0.000696s ]
INFO: [ app_end ] --END-- [ RunTime:0.000782s ]

[ 2017-04-07T23:27:00+08:00 ] ::1 /test/index.php/Home/Cart/update?id=250
INFO: [ app_begin ] --START--
INFO: Run Behavior\ReadHtmlCacheBehavior [ RunTime:0.000741s ]
INFO: [ app_begin ] --END-- [ RunTime:0.001267s ]
ERR: 无法加载控制器:Cart

[ 2017-04-07T23:27:02+08:00 ] ::1 /test/index.php/Home/Cart/updatee?id=250
INFO: [ app_begin ] --START--
INFO: Run Behavior\ReadHtmlCacheBehavior [ RunTime:0.000653s ]
INFO: [ app_begin ] --END-- [ RunTime:0.001190s ]
ERR: 无法加载控制器:Cart

[ 2017-04-07T23:33:25+08:00 ] ::1 /test/index.php/Home/Cart/update?id=250
INFO: [ app_begin ] --START--
INFO: Run Behavior\ReadHtmlCacheBehavior [ RunTime:0.000748s ]
INFO: [ app_begin ] --END-- [ RunTime:0.001264s ]
ERR: 无法加载控制器:Cart

[ 2017-04-07T23:33:25+08:00 ] ::1 /test/index.php/Home/Cart/update?id=250
INFO: [ app_begin ] --START--
INFO: Run Behavior\ReadHtmlCacheBehavior [ RunTime:0.000562s ]
INFO: [ app_begin ] --END-- [ RunTime:0.001068s ]
ERR: 无法加载控制器:Cart

[ 2017-04-07T23:33:26+08:00 ] ::1 /test/index.php/Home/Cart/update?id=250
INFO: [ app_begin ] --START--
INFO: Run Behavior\ReadHtmlCacheBehavior [ RunTime:0.000635s ]
INFO: [ app_begin ] --END-- [ RunTime:0.001132s ]
ERR: 无法加载控制器:Cart

[ 2017-04-07T23:33:26+08:00 ] ::1 /test/index.php/Home/Cart/updatee?id=250
INFO: [ app_begin ] --START--
INFO: Run Behavior\ReadHtmlCacheBehavior [ RunTime:0.000587s ]
INFO: [ app_begin ] --END-- [ RunTime:0.001136s ]
ERR: 无法加载控制器:Cart

[ 2017-04-07T23:33:28+08:00 ] ::1 /test/index.php/Home/Cart/update?id=250
INFO: [ app_begin ] --START--
INFO: Run Behavior\ReadHtmlCacheBehavior [ RunTime:0.000609s ]
INFO: [ app_begin ] --END-- [ RunTime:0.001090s ]
ERR: 无法加载控制器:Cart

[ 2017-04-07T23:33:28+08:00 ] ::1 /test/index.php/Home/Cart/update?id=250
INFO: [ app_begin ] --START--
INFO: Run Behavior\ReadHtmlCacheBehavior [ RunTime:0.000604s ]
INFO: [ app_begin ] --END-- [ RunTime:0.001209s ]
ERR: 无法加载控制器:Cart

[ 2017-04-07T23:33:28+08:00 ] ::1 /test/index.php/Home/Cart/update?id=250
INFO: [ app_begin ] --START--
INFO: Run Behavior\ReadHtmlCacheBehavior [ RunTime:0.000568s ]
INFO: [ app_begin ] --END-- [ RunTime:0.001108s ]
ERR: 无法加载控制器:Cart

[ 2017-04-07T23:33:29+08:00 ] ::1 /test/index.php/Home/Cart/update?id=250
INFO: [ app_begin ] --START--
INFO: Run Behavior\ReadHtmlCacheBehavior [ RunTime:0.000562s ]
INFO: [ app_begin ] --END-- [ RunTime:0.001070s ]
ERR: 无法加载控制器:Cart

[ 2017-04-07T23:33:29+08:00 ] ::1 /test/index.php/Home/Cart/update?id=250
INFO: [ app_begin ] --START--
INFO: Run Behavior\ReadHtmlCacheBehavior [ RunTime:0.000576s ]
INFO: [ app_begin ] --END-- [ RunTime:0.001149s ]
ERR: 无法加载控制器:Cart

[ 2017-04-07T23:33:33+08:00 ] ::1 /test/index.php/Home/Cart/update?id=250
INFO: [ app_begin ] --START--
INFO: Run Behavior\ReadHtmlCacheBehavior [ RunTime:0.000616s ]
INFO: [ app_begin ] --END-- [ RunTime:0.001135s ]
ERR: 无法加载控制器:Cart

[ 2017-04-07T23:33:33+08:00 ] ::1 /test/index.php/Home/Cart/update?id=250
INFO: [ app_begin ] --START--
INFO: Run Behavior\ReadHtmlCacheBehavior [ RunTime:0.000609s ]
INFO: [ app_begin ] --END-- [ RunTime:0.001105s ]
ERR: 无法加载控制器:Cart

[ 2017-04-07T23:33:33+08:00 ] ::1 /test/index.php/Home/Cart/update?id=250
INFO: [ app_begin ] --START--
INFO: Run Behavior\ReadHtmlCacheBehavior [ RunTime:0.000568s ]
INFO: [ app_begin ] --END-- [ RunTime:0.001078s ]
ERR: 无法加载控制器:Cart

[ 2017-04-07T23:34:03+08:00 ] ::1 /test/index.php/Home/Bycar/update?id=250
INFO: [ app_begin ] --START--
INFO: Run Behavior\ReadHtmlCacheBehavior [ RunTime:0.000807s ]
INFO: [ app_begin ] --END-- [ RunTime:0.001426s ]
SQL: SHOW COLUMNS FROM `goods` [ RunTime:0.000909s ]
SQL: SELECT * FROM `goods` WHERE ( id=250 )  [ RunTime:0.000464s ]
INFO: [ app_end ] --START--
INFO: Run Behavior\ShowPageTraceBehavior [ RunTime:0.000777s ]
INFO: [ app_end ] --END-- [ RunTime:0.000870s ]

[ 2017-04-07T23:34:04+08:00 ] ::1 /test/index.php/Home/Bycar/update?id=250
INFO: [ app_begin ] --START--
INFO: Run Behavior\ReadHtmlCacheBehavior [ RunTime:0.000562s ]
INFO: [ app_begin ] --END-- [ RunTime:0.001141s ]
SQL: SHOW COLUMNS FROM `goods` [ RunTime:0.000667s ]
SQL: SELECT * FROM `goods` WHERE ( id=250 )  [ RunTime:0.000332s ]
INFO: [ app_end ] --START--
INFO: Run Behavior\ShowPageTraceBehavior [ RunTime:0.000746s ]
INFO: [ app_end ] --END-- [ RunTime:0.000828s ]

[ 2017-04-07T23:38:33+08:00 ] ::1 /test/index.php/Home/Bycar/updatee?id=250
INFO: [ app_begin ] --START--
INFO: Run Behavior\ReadHtmlCacheBehavior [ RunTime:0.000786s ]
INFO: [ app_begin ] --END-- [ RunTime:0.001654s ]

[ 2017-04-07T23:38:33+08:00 ] ::1 /test/index.php/Home/Bycar/index.html
INFO: [ app_begin ] --START--
INFO: Run Behavior\ReadHtmlCacheBehavior [ RunTime:0.000584s ]
INFO: [ app_begin ] --END-- [ RunTime:0.001093s ]
NOTIC: [8] Undefined variable: all F:\wamp\www\test\Myweb\Home\Controller\BycarController.class.php 第 50 行.
INFO: [ view_parse ] --START--
INFO: [ template_filter ] --START--
INFO: Run Behavior\ContentReplaceBehavior [ RunTime:0.000261s ]
INFO: [ template_filter ] --END-- [ RunTime:0.000340s ]
NOTIC: [8] Undefined index: username2 F:\wamp\www\test\Myweb\Runtime\Cache\Home\b2332c4e1be5921cd852874fb29ad308.php 第 39 行.
NOTIC: [8] Undefined index: username2 F:\wamp\www\test\Myweb\Runtime\Cache\Home\b2332c4e1be5921cd852874fb29ad308.php 第 42 行.
NOTIC: [8] Undefined index: username2 F:\wamp\www\test\Myweb\Runtime\Cache\Home\b2332c4e1be5921cd852874fb29ad308.php 第 428 行.
INFO: Run Behavior\ParseTemplateBehavior [ RunTime:0.014496s ]
INFO: [ view_parse ] --END-- [ RunTime:0.014561s ]
INFO: [ view_filter ] --START--
INFO: Run Behavior\WriteHtmlCacheBehavior [ RunTime:0.000399s ]
INFO: [ view_filter ] --END-- [ RunTime:0.000462s ]
INFO: [ app_end ] --START--
INFO: Run Behavior\ShowPageTraceBehavior [ RunTime:0.000727s ]
INFO: [ app_end ] --END-- [ RunTime:0.000842s ]

[ 2017-04-07T23:38:34+08:00 ] ::1 /test/index.php/Home/Bycar/update?id=250
INFO: [ app_begin ] --START--
INFO: Run Behavior\ReadHtmlCacheBehavior [ RunTime:0.000582s ]
INFO: [ app_begin ] --END-- [ RunTime:0.001124s ]
SQL: SHOW COLUMNS FROM `goods` [ RunTime:0.000869s ]
SQL: SELECT * FROM `goods` WHERE ( id=250 )  [ RunTime:0.000396s ]
NOTIC: [8] Undefined index: stroe F:\wamp\www\test\Myweb\Home\Controller\BycarController.class.php 第 87 行.
NOTIC: [8] Undefined index: stroe F:\wamp\www\test\Myweb\Home\Controller\BycarController.class.php 第 88 行.
INFO: [ app_end ] --START--
INFO: Run Behavior\ShowPageTraceBehavior [ RunTime:0.000692s ]
INFO: [ app_end ] --END-- [ RunTime:0.000776s ]

[ 2017-04-07T23:38:35+08:00 ] ::1 /test/index.php/Home/Bycar/update?id=250
INFO: [ app_begin ] --START--
INFO: Run Behavior\ReadHtmlCacheBehavior [ RunTime:0.000563s ]
INFO: [ app_begin ] --END-- [ RunTime:0.001016s ]
SQL: SHOW COLUMNS FROM `goods` [ RunTime:0.000682s ]
SQL: SELECT * FROM `goods` WHERE ( id=250 )  [ RunTime:0.000340s ]
NOTIC: [8] Undefined index: stroe F:\wamp\www\test\Myweb\Home\Controller\BycarController.class.php 第 87 行.
NOTIC: [8] Undefined index: stroe F:\wamp\www\test\Myweb\Home\Controller\BycarController.class.php 第 88 行.
INFO: [ app_end ] --START--
INFO: Run Behavior\ShowPageTraceBehavior [ RunTime:0.000734s ]
INFO: [ app_end ] --END-- [ RunTime:0.000821s ]

[ 2017-04-07T23:39:03+08:00 ] ::1 /test/index.php/Home/Bycar/update?id=250
INFO: [ app_begin ] --START--
INFO: Run Behavior\ReadHtmlCacheBehavior [ RunTime:0.000571s ]
INFO: [ app_begin ] --END-- [ RunTime:0.001098s ]
SQL: SHOW COLUMNS FROM `goods` [ RunTime:0.000743s ]
SQL: SELECT * FROM `goods` WHERE ( id=250 )  [ RunTime:0.000389s ]
NOTIC: [8] Undefined index: stroe F:\wamp\www\test\Myweb\Home\Controller\BycarController.class.php 第 87 行.
NOTIC: [8] Undefined index: stroe F:\wamp\www\test\Myweb\Home\Controller\BycarController.class.php 第 88 行.
INFO: [ app_end ] --START--
INFO: Run Behavior\ShowPageTraceBehavior [ RunTime:0.000755s ]
INFO: [ app_end ] --END-- [ RunTime:0.000836s ]

[ 2017-04-07T23:40:22+08:00 ] ::1 /test/index.php/Home/Login/checkname
INFO: [ app_begin ] --START--
INFO: Run Behavior\ReadHtmlCacheBehavior [ RunTime:0.000556s ]
INFO: [ app_begin ] --END-- [ RunTime:0.001057s ]
SQL: SHOW COLUMNS FROM `users` [ RunTime:0.001197s ]
SQL: SELECT * FROM `users`  [ RunTime:0.000401s ]
INFO: [ app_end ] --START--
INFO: Run Behavior\ShowPageTraceBehavior [ RunTime:0.000725s ]
INFO: [ app_end ] --END-- [ RunTime:0.000808s ]

[ 2017-04-07T23:40:27+08:00 ] ::1 /test/index.php/Home/Login/checkpass
INFO: [ app_begin ] --START--
INFO: Run Behavior\ReadHtmlCacheBehavior [ RunTime:0.000675s ]
INFO: [ app_begin ] --END-- [ RunTime:0.001492s ]
SQL: SHOW COLUMNS FROM `users` [ RunTime:0.000747s ]
SQL: SELECT * FROM `users`  [ RunTime:0.000352s ]
INFO: [ app_end ] --START--
INFO: Run Behavior\ShowPageTraceBehavior [ RunTime:0.000722s ]
INFO: [ app_end ] --END-- [ RunTime:0.000808s ]

[ 2017-04-07T23:41:17+08:00 ] ::1 /test/index.php/Home/Bycar/update?id=28
INFO: [ app_begin ] --START--
INFO: Run Behavior\ReadHtmlCacheBehavior [ RunTime:0.000617s ]
INFO: [ app_begin ] --END-- [ RunTime:0.001174s ]
SQL: SHOW COLUMNS FROM `goods` [ RunTime:0.000691s ]
SQL: SELECT * FROM `goods` WHERE ( id=28 )  [ RunTime:0.000349s ]
NOTIC: [8] Undefined index: stroe F:\wamp\www\test\Myweb\Home\Controller\BycarController.class.php 第 87 行.
NOTIC: [8] Undefined index: stroe F:\wamp\www\test\Myweb\Home\Controller\BycarController.class.php 第 88 行.
INFO: [ app_end ] --START--
INFO: Run Behavior\ShowPageTraceBehavior [ RunTime:0.000755s ]
INFO: [ app_end ] --END-- [ RunTime:0.000831s ]

[ 2017-04-07T23:41:28+08:00 ] ::1 /test/index.php/Home/Bycar/update?id=28
INFO: [ app_begin ] --START--
INFO: Run Behavior\ReadHtmlCacheBehavior [ RunTime:0.000721s ]
INFO: [ app_begin ] --END-- [ RunTime:0.001218s ]
SQL: SHOW COLUMNS FROM `goods` [ RunTime:0.000684s ]
SQL: SELECT * FROM `goods` WHERE ( id=28 )  [ RunTime:0.000356s ]
NOTIC: [8] Undefined index: stroe F:\wamp\www\test\Myweb\Home\Controller\BycarController.class.php 第 87 行.
NOTIC: [8] Undefined index: stroe F:\wamp\www\test\Myweb\Home\Controller\BycarController.class.php 第 88 行.
INFO: [ app_end ] --START--
INFO: Run Behavior\ShowPageTraceBehavior [ RunTime:0.000770s ]
INFO: [ app_end ] --END-- [ RunTime:0.000847s ]

[ 2017-04-07T23:41:29+08:00 ] ::1 /test/index.php/Home/Bycar/updatee?id=28
INFO: [ app_begin ] --START--
INFO: Run Behavior\ReadHtmlCacheBehavior [ RunTime:0.000635s ]
INFO: [ app_begin ] --END-- [ RunTime:0.001224s ]

[ 2017-04-07T23:41:29+08:00 ] ::1 /test/index.php/Home/Bycar/index.html
INFO: [ app_begin ] --START--
INFO: Run Behavior\ReadHtmlCacheBehavior [ RunTime:0.000614s ]
INFO: [ app_begin ] --END-- [ RunTime:0.001103s ]
NOTIC: [8] Undefined variable: all F:\wamp\www\test\Myweb\Home\Controller\BycarController.class.php 第 50 行.
INFO: [ view_parse ] --START--
INFO: [ template_filter ] --START--
INFO: Run Behavior\ContentReplaceBehavior [ RunTime:0.000257s ]
INFO: [ template_filter ] --END-- [ RunTime:0.000330s ]
NOTIC: [8] Undefined index: username2 F:\wamp\www\test\Myweb\Runtime\Cache\Home\b2332c4e1be5921cd852874fb29ad308.php 第 39 行.
NOTIC: [8] Undefined index: username2 F:\wamp\www\test\Myweb\Runtime\Cache\Home\b2332c4e1be5921cd852874fb29ad308.php 第 42 行.
NOTIC: [8] Undefined index: username2 F:\wamp\www\test\Myweb\Runtime\Cache\Home\b2332c4e1be5921cd852874fb29ad308.php 第 428 行.
INFO: Run Behavior\ParseTemplateBehavior [ RunTime:0.012170s ]
INFO: [ view_parse ] --END-- [ RunTime:0.012239s ]
INFO: [ view_filter ] --START--
INFO: Run Behavior\WriteHtmlCacheBehavior [ RunTime:0.000434s ]
INFO: [ view_filter ] --END-- [ RunTime:0.000502s ]
NOTIC: [2] Cannot modify header information - headers already sent by (output started at F:\wamp\www\test\Myweb\Home\Controller\BycarController.class.php:52) F:\wamp\www\test\ThinkPHP\Library\Think\View.class.php 第 91 行.
NOTIC: [2] Cannot modify header information - headers already sent by (output started at F:\wamp\www\test\Myweb\Home\Controller\BycarController.class.php:52) F:\wamp\www\test\ThinkPHP\Library\Think\View.class.php 第 92 行.
NOTIC: [2] Cannot modify header information - headers already sent by (output started at F:\wamp\www\test\Myweb\Home\Controller\BycarController.class.php:52) F:\wamp\www\test\ThinkPHP\Library\Think\View.class.php 第 93 行.
INFO: [ app_end ] --START--
INFO: Run Behavior\ShowPageTraceBehavior [ RunTime:0.000606s ]
INFO: [ app_end ] --END-- [ RunTime:0.000695s ]

[ 2017-04-07T23:41:29+08:00 ] ::1 /test/index.php/Home/Bycar/updatee?id=28
INFO: [ app_begin ] --START--
INFO: Run Behavior\ReadHtmlCacheBehavior [ RunTime:0.000613s ]
INFO: [ app_begin ] --END-- [ RunTime:0.001100s ]

[ 2017-04-07T23:41:29+08:00 ] ::1 /test/index.php/Home/Bycar/index.html
INFO: [ app_begin ] --START--
INFO: Run Behavior\ReadHtmlCacheBehavior [ RunTime:0.000579s ]
INFO: [ app_begin ] --END-- [ RunTime:0.001079s ]
NOTIC: [8] Undefined variable: all F:\wamp\www\test\Myweb\Home\Controller\BycarController.class.php 第 50 行.
INFO: [ view_parse ] --START--
INFO: [ template_filter ] --START--
INFO: Run Behavior\ContentReplaceBehavior [ RunTime:0.000262s ]
INFO: [ template_filter ] --END-- [ RunTime:0.000338s ]
NOTIC: [8] Undefined index: username2 F:\wamp\www\test\Myweb\Runtime\Cache\Home\b2332c4e1be5921cd852874fb29ad308.php 第 39 行.
NOTIC: [8] Undefined index: username2 F:\wamp\www\test\Myweb\Runtime\Cache\Home\b2332c4e1be5921cd852874fb29ad308.php 第 42 行.
NOTIC: [8] Undefined index: username2 F:\wamp\www\test\Myweb\Runtime\Cache\Home\b2332c4e1be5921cd852874fb29ad308.php 第 428 行.
INFO: Run Behavior\ParseTemplateBehavior [ RunTime:0.012254s ]
INFO: [ view_parse ] --END-- [ RunTime:0.012325s ]
INFO: [ view_filter ] --START--
INFO: Run Behavior\WriteHtmlCacheBehavior [ RunTime:0.000450s ]
INFO: [ view_filter ] --END-- [ RunTime:0.000520s ]
NOTIC: [2] Cannot modify header information - headers already sent by (output started at F:\wamp\www\test\Myweb\Home\Controller\BycarController.class.php:52) F:\wamp\www\test\ThinkPHP\Library\Think\View.class.php 第 91 行.
NOTIC: [2] Cannot modify header information - headers already sent by (output started at F:\wamp\www\test\Myweb\Home\Controller\BycarController.class.php:52) F:\wamp\www\test\ThinkPHP\Library\Think\View.class.php 第 92 行.
NOTIC: [2] Cannot modify header information - headers already sent by (output started at F:\wamp\www\test\Myweb\Home\Controller\BycarController.class.php:52) F:\wamp\www\test\ThinkPHP\Library\Think\View.class.php 第 93 行.
INFO: [ app_end ] --START--
INFO: Run Behavior\ShowPageTraceBehavior [ RunTime:0.000725s ]
INFO: [ app_end ] --END-- [ RunTime:0.000833s ]

[ 2017-04-07T23:41:29+08:00 ] ::1 /test/index.php/Home/Bycar/updatee?id=28
INFO: [ app_begin ] --START--
INFO: Run Behavior\ReadHtmlCacheBehavior [ RunTime:0.000607s ]
INFO: [ app_begin ] --END-- [ RunTime:0.001138s ]

[ 2017-04-07T23:41:29+08:00 ] ::1 /test/index.php/Home/Bycar/index.html
INFO: [ app_begin ] --START--
INFO: Run Behavior\ReadHtmlCacheBehavior [ RunTime:0.000608s ]
INFO: [ app_begin ] --END-- [ RunTime:0.001100s ]
NOTIC: [8] Undefined variable: all F:\wamp\www\test\Myweb\Home\Controller\BycarController.class.php 第 50 行.
INFO: [ view_parse ] --START--
INFO: [ template_filter ] --START--
INFO: Run Behavior\ContentReplaceBehavior [ RunTime:0.000288s ]
INFO: [ template_filter ] --END-- [ RunTime:0.000361s ]
NOTIC: [8] Undefined index: username2 F:\wamp\www\test\Myweb\Runtime\Cache\Home\b2332c4e1be5921cd852874fb29ad308.php 第 39 行.
NOTIC: [8] Undefined index: username2 F:\wamp\www\test\Myweb\Runtime\Cache\Home\b2332c4e1be5921cd852874fb29ad308.php 第 42 行.
NOTIC: [8] Undefined index: username2 F:\wamp\www\test\Myweb\Runtime\Cache\Home\b2332c4e1be5921cd852874fb29ad308.php 第 428 行.
INFO: Run Behavior\ParseTemplateBehavior [ RunTime:0.012564s ]
INFO: [ view_parse ] --END-- [ RunTime:0.012636s ]
INFO: [ view_filter ] --START--
INFO: Run Behavior\WriteHtmlCacheBehavior [ RunTime:0.000410s ]
INFO: [ view_filter ] --END-- [ RunTime:0.000512s ]
NOTIC: [2] Cannot modify header information - headers already sent by (output started at F:\wamp\www\test\Myweb\Home\Controller\BycarController.class.php:52) F:\wamp\www\test\ThinkPHP\Library\Think\View.class.php 第 91 行.
NOTIC: [2] Cannot modify header information - headers already sent by (output started at F:\wamp\www\test\Myweb\Home\Controller\BycarController.class.php:52) F:\wamp\www\test\ThinkPHP\Library\Think\View.class.php 第 92 行.
NOTIC: [2] Cannot modify header information - headers already sent by (output started at F:\wamp\www\test\Myweb\Home\Controller\BycarController.class.php:52) F:\wamp\www\test\ThinkPHP\Library\Think\View.class.php 第 93 行.
INFO: [ app_end ] --START--
INFO: Run Behavior\ShowPageTraceBehavior [ RunTime:0.000782s ]
INFO: [ app_end ] --END-- [ RunTime:0.000896s ]

[ 2017-04-07T23:42:47+08:00 ] ::1 /test/index.php/Home/Bycar/update?id=28
INFO: [ app_begin ] --START--
INFO: Run Behavior\ReadHtmlCacheBehavior [ RunTime:0.000577s ]
INFO: [ app_begin ] --END-- [ RunTime:0.001085s ]
SQL: SHOW COLUMNS FROM `goods` [ RunTime:0.000847s ]
SQL: SELECT * FROM `goods` WHERE ( id=28 )  [ RunTime:0.000403s ]

[ 2017-04-07T23:42:48+08:00 ] ::1 /test/index.php/Home/Bycar/update?id=28
INFO: [ app_begin ] --START--
INFO: Run Behavior\ReadHtmlCacheBehavior [ RunTime:0.000574s ]
INFO: [ app_begin ] --END-- [ RunTime:0.001096s ]
SQL: SHOW COLUMNS FROM `goods` [ RunTime:0.000687s ]
SQL: SELECT * FROM `goods` WHERE ( id=28 )  [ RunTime:0.000347s ]

[ 2017-04-07T23:42:48+08:00 ] ::1 /test/index.php/Home/Bycar/update?id=28
INFO: [ app_begin ] --START--
INFO: Run Behavior\ReadHtmlCacheBehavior [ RunTime:0.000591s ]
INFO: [ app_begin ] --END-- [ RunTime:0.001229s ]
SQL: SHOW COLUMNS FROM `goods` [ RunTime:0.000664s ]
SQL: SELECT * FROM `goods` WHERE ( id=28 )  [ RunTime:0.000343s ]

[ 2017-04-07T23:42:49+08:00 ] ::1 /test/index.php/Home/Bycar/update?id=28
INFO: [ app_begin ] --START--
INFO: Run Behavior\ReadHtmlCacheBehavior [ RunTime:0.000583s ]
INFO: [ app_begin ] --END-- [ RunTime:0.001067s ]
SQL: SHOW COLUMNS FROM `goods` [ RunTime:0.000706s ]
SQL: SELECT * FROM `goods` WHERE ( id=28 )  [ RunTime:0.000366s ]

[ 2017-04-07T23:42:49+08:00 ] ::1 /test/index.php/Home/Bycar/update?id=28
INFO: [ app_begin ] --START--
INFO: Run Behavior\ReadHtmlCacheBehavior [ RunTime:0.000627s ]
INFO: [ app_begin ] --END-- [ RunTime:0.001164s ]
SQL: SHOW COLUMNS FROM `goods` [ RunTime:0.000652s ]
SQL: SELECT * FROM `goods` WHERE ( id=28 )  [ RunTime:0.000344s ]

[ 2017-04-07T23:42:49+08:00 ] ::1 /test/index.php/Home/Bycar/update?id=28
INFO: [ app_begin ] --START--
INFO: Run Behavior\ReadHtmlCacheBehavior [ RunTime:0.000552s ]
INFO: [ app_begin ] --END-- [ RunTime:0.001007s ]
SQL: SHOW COLUMNS FROM `goods` [ RunTime:0.000701s ]
SQL: SELECT * FROM `goods` WHERE ( id=28 )  [ RunTime:0.000353s ]

[ 2017-04-07T23:42:50+08:00 ] ::1 /test/index.php/Home/Bycar/updatee?id=28
INFO: [ app_begin ] --START--
INFO: Run Behavior\ReadHtmlCacheBehavior [ RunTime:0.000616s ]
INFO: [ app_begin ] --END-- [ RunTime:0.001115s ]

[ 2017-04-07T23:42:50+08:00 ] ::1 /test/index.php/Home/Bycar/index.html
INFO: [ app_begin ] --START--
INFO: Run Behavior\ReadHtmlCacheBehavior [ RunTime:0.000582s ]
INFO: [ app_begin ] --END-- [ RunTime:0.001114s ]
NOTIC: [8] Undefined variable: all F:\wamp\www\test\Myweb\Home\Controller\BycarController.class.php 第 50 行.
INFO: [ view_parse ] --START--
INFO: [ template_filter ] --START--
INFO: Run Behavior\ContentReplaceBehavior [ RunTime:0.000288s ]
INFO: [ template_filter ] --END-- [ RunTime:0.000362s ]
NOTIC: [8] Undefined index: username2 F:\wamp\www\test\Myweb\Runtime\Cache\Home\b2332c4e1be5921cd852874fb29ad308.php 第 39 行.
NOTIC: [8] Undefined index: username2 F:\wamp\www\test\Myweb\Runtime\Cache\Home\b2332c4e1be5921cd852874fb29ad308.php 第 42 行.
NOTIC: [8] Undefined index: username2 F:\wamp\www\test\Myweb\Runtime\Cache\Home\b2332c4e1be5921cd852874fb29ad308.php 第 428 行.
INFO: Run Behavior\ParseTemplateBehavior [ RunTime:0.012351s ]
INFO: [ view_parse ] --END-- [ RunTime:0.012422s ]
INFO: [ view_filter ] --START--
INFO: Run Behavior\WriteHtmlCacheBehavior [ RunTime:0.000422s ]
INFO: [ view_filter ] --END-- [ RunTime:0.000530s ]
INFO: [ app_end ] --START--
INFO: Run Behavior\ShowPageTraceBehavior [ RunTime:0.000674s ]
INFO: [ app_end ] --END-- [ RunTime:0.000764s ]

[ 2017-04-07T23:42:51+08:00 ] ::1 /test/index.php/Home/Bycar/update?id=28
INFO: [ app_begin ] --START--
INFO: Run Behavior\ReadHtmlCacheBehavior [ RunTime:0.000626s ]
INFO: [ app_begin ] --END-- [ RunTime:0.001206s ]
SQL: SHOW COLUMNS FROM `goods` [ RunTime:0.000684s ]
SQL: SELECT * FROM `goods` WHERE ( id=28 )  [ RunTime:0.000351s ]

[ 2017-04-07T23:43:55+08:00 ] ::1 /test/index.php/Home/Bycar/update?id=28
INFO: [ app_begin ] --START--
INFO: Run Behavior\ReadHtmlCacheBehavior [ RunTime:0.000737s ]
INFO: [ app_begin ] --END-- [ RunTime:0.001805s ]
SQL: SHOW COLUMNS FROM `goods` [ RunTime:0.001218s ]
SQL: SELECT * FROM `goods` WHERE ( id=28 )  [ RunTime:0.000409s ]
NOTIC: [8] Undefined index: stroe F:\wamp\www\test\Myweb\Home\Controller\BycarController.class.php 第 88 行.
NOTIC: [8] Undefined index: stroe F:\wamp\www\test\Myweb\Home\Controller\BycarController.class.php 第 89 行.
INFO: [ app_end ] --START--
INFO: Run Behavior\ShowPageTraceBehavior [ RunTime:0.000745s ]
INFO: [ app_end ] --END-- [ RunTime:0.000833s ]

[ 2017-04-07T23:44:02+08:00 ] ::1 /test/index.php/Home/Bycar/updatee?id=28
INFO: [ app_begin ] --START--
INFO: Run Behavior\ReadHtmlCacheBehavior [ RunTime:0.000637s ]
INFO: [ app_begin ] --END-- [ RunTime:0.001133s ]

[ 2017-04-07T23:44:02+08:00 ] ::1 /test/index.php/Home/Bycar/index.html
INFO: [ app_begin ] --START--
INFO: Run Behavior\ReadHtmlCacheBehavior [ RunTime:0.000628s ]
INFO: [ app_begin ] --END-- [ RunTime:0.001151s ]
NOTIC: [8] Undefined variable: all F:\wamp\www\test\Myweb\Home\Controller\BycarController.class.php 第 50 行.
INFO: [ view_parse ] --START--
INFO: [ template_filter ] --START--
INFO: Run Behavior\ContentReplaceBehavior [ RunTime:0.000297s ]
INFO: [ template_filter ] --END-- [ RunTime:0.000376s ]
NOTIC: [8] Undefined index: username2 F:\wamp\www\test\Myweb\Runtime\Cache\Home\b2332c4e1be5921cd852874fb29ad308.php 第 39 行.
NOTIC: [8] Undefined index: username2 F:\wamp\www\test\Myweb\Runtime\Cache\Home\b2332c4e1be5921cd852874fb29ad308.php 第 42 行.
NOTIC: [8] Undefined index: username2 F:\wamp\www\test\Myweb\Runtime\Cache\Home\b2332c4e1be5921cd852874fb29ad308.php 第 428 行.
INFO: Run Behavior\ParseTemplateBehavior [ RunTime:0.013995s ]
INFO: [ view_parse ] --END-- [ RunTime:0.014077s ]
INFO: [ view_filter ] --START--
INFO: Run Behavior\WriteHtmlCacheBehavior [ RunTime:0.000457s ]
INFO: [ view_filter ] --END-- [ RunTime:0.000532s ]
INFO: [ app_end ] --START--
INFO: Run Behavior\ShowPageTraceBehavior [ RunTime:0.000717s ]
INFO: [ app_end ] --END-- [ RunTime:0.000830s ]

[ 2017-04-07T23:44:13+08:00 ] ::1 /test/index.php/Home/Bycar/updatee?id=28
INFO: [ app_begin ] --START--
INFO: Run Behavior\ReadHtmlCacheBehavior [ RunTime:0.000597s ]
INFO: [ app_begin ] --END-- [ RunTime:0.001141s ]

[ 2017-04-07T23:44:14+08:00 ] ::1 /test/index.php/Home/Bycar/index.html
INFO: [ app_begin ] --START--
INFO: Run Behavior\ReadHtmlCacheBehavior [ RunTime:0.000600s ]
INFO: [ app_begin ] --END-- [ RunTime:0.001133s ]
NOTIC: [8] Undefined variable: all F:\wamp\www\test\Myweb\Home\Controller\BycarController.class.php 第 50 行.
INFO: [ view_parse ] --START--
INFO: [ template_filter ] --START--
INFO: Run Behavior\ContentReplaceBehavior [ RunTime:0.000260s ]
INFO: [ template_filter ] --END-- [ RunTime:0.000334s ]
NOTIC: [8] Undefined index: username2 F:\wamp\www\test\Myweb\Runtime\Cache\Home\b2332c4e1be5921cd852874fb29ad308.php 第 39 行.
NOTIC: [8] Undefined index: username2 F:\wamp\www\test\Myweb\Runtime\Cache\Home\b2332c4e1be5921cd852874fb29ad308.php 第 42 行.
NOTIC: [8] Undefined index: username2 F:\wamp\www\test\Myweb\Runtime\Cache\Home\b2332c4e1be5921cd852874fb29ad308.php 第 428 行.
INFO: Run Behavior\ParseTemplateBehavior [ RunTime:0.012326s ]
INFO: [ view_parse ] --END-- [ RunTime:0.012398s ]
INFO: [ view_filter ] --START--
INFO: Run Behavior\WriteHtmlCacheBehavior [ RunTime:0.000402s ]
INFO: [ view_filter ] --END-- [ RunTime:0.000480s ]
INFO: [ app_end ] --START--
INFO: Run Behavior\ShowPageTraceBehavior [ RunTime:0.000724s ]
INFO: [ app_end ] --END-- [ RunTime:0.000829s ]

[ 2017-04-07T23:45:38+08:00 ] ::1 /test/index.php/Home/Bycar/updatee?id=28
INFO: [ app_begin ] --START--
INFO: Run Behavior\ReadHtmlCacheBehavior [ RunTime:0.000639s ]
INFO: [ app_begin ] --END-- [ RunTime:0.001221s ]
INFO: [ app_end ] --START--
INFO: Run Behavior\ShowPageTraceBehavior [ RunTime:0.000631s ]
INFO: [ app_end ] --END-- [ RunTime:0.000734s ]

[ 2017-04-07T23:45:40+08:00 ] ::1 /test/index.php/Home/Bycar/updatee?id=28
INFO: [ app_begin ] --START--
INFO: Run Behavior\ReadHtmlCacheBehavior [ RunTime:0.000579s ]
INFO: [ app_begin ] --END-- [ RunTime:0.001138s ]
INFO: [ app_end ] --START--
INFO: Run Behavior\ShowPageTraceBehavior [ RunTime:0.000590s ]
INFO: [ app_end ] --END-- [ RunTime:0.000666s ]

[ 2017-04-07T23:45:40+08:00 ] ::1 /test/index.php/Home/Bycar/updatee?id=28
INFO: [ app_begin ] --START--
INFO: Run Behavior\ReadHtmlCacheBehavior [ RunTime:0.000701s ]
INFO: [ app_begin ] --END-- [ RunTime:0.001259s ]
INFO: [ app_end ] --START--
INFO: Run Behavior\ShowPageTraceBehavior [ RunTime:0.000758s ]
INFO: [ app_end ] --END-- [ RunTime:0.000867s ]

[ 2017-04-07T23:46:14+08:00 ] ::1 /test/index.php/Home/Login/checkname
INFO: [ app_begin ] --START--
INFO: Run Behavior\ReadHtmlCacheBehavior [ RunTime:0.000936s ]
INFO: [ app_begin ] --END-- [ RunTime:0.001665s ]
SQL: SHOW COLUMNS FROM `users` [ RunTime:0.000977s ]
SQL: SELECT * FROM `users`  [ RunTime:0.000378s ]
INFO: [ app_end ] --START--
INFO: Run Behavior\ShowPageTraceBehavior [ RunTime:0.001168s ]
INFO: [ app_end ] --END-- [ RunTime:0.001305s ]

[ 2017-04-07T23:46:18+08:00 ] ::1 /test/index.php/Home/Login/checkpass
INFO: [ app_begin ] --START--
INFO: Run Behavior\ReadHtmlCacheBehavior [ RunTime:0.000837s ]
INFO: [ app_begin ] --END-- [ RunTime:0.001513s ]
SQL: SHOW COLUMNS FROM `users` [ RunTime:0.000723s ]
SQL: SELECT * FROM `users`  [ RunTime:0.000400s ]
INFO: [ app_end ] --START--
INFO: Run Behavior\ShowPageTraceBehavior [ RunTime:0.000810s ]
INFO: [ app_end ] --END-- [ RunTime:0.000913s ]

[ 2017-04-07T23:48:08+08:00 ] ::1 /test/index.php/Home/Login/checkname
INFO: [ app_begin ] --START--
INFO: Run Behavior\ReadHtmlCacheBehavior [ RunTime:0.000693s ]
INFO: [ app_begin ] --END-- [ RunTime:0.001368s ]
SQL: SHOW COLUMNS FROM `users` [ RunTime:0.000726s ]
SQL: SELECT * FROM `users`  [ RunTime:0.000320s ]
INFO: [ app_end ] --START--
INFO: Run Behavior\ShowPageTraceBehavior [ RunTime:0.000735s ]
INFO: [ app_end ] --END-- [ RunTime:0.000818s ]

[ 2017-04-07T23:48:14+08:00 ] ::1 /test/index.php/Home/Login/checkpass
INFO: [ app_begin ] --START--
INFO: Run Behavior\ReadHtmlCacheBehavior [ RunTime:0.000599s ]
INFO: [ app_begin ] --END-- [ RunTime:0.001116s ]
SQL: SHOW COLUMNS FROM `users` [ RunTime:0.000821s ]
SQL: SELECT * FROM `users`  [ RunTime:0.000352s ]
INFO: [ app_end ] --START--
INFO: Run Behavior\ShowPageTraceBehavior [ RunTime:0.000678s ]
INFO: [ app_end ] --END-- [ RunTime:0.000761s ]

[ 2017-04-07T23:48:32+08:00 ] ::1 /test/index.php/Home/Bycar/update?id=249
INFO: [ app_begin ] --START--
INFO: Run Behavior\ReadHtmlCacheBehavior [ RunTime:0.000555s ]
INFO: [ app_begin ] --END-- [ RunTime:0.001037s ]
SQL: SHOW COLUMNS FROM `goods` [ RunTime:0.000677s ]
SQL: SELECT * FROM `goods` WHERE ( id=249 )  [ RunTime:0.000337s ]
NOTIC: [8] Undefined index: stroe F:\wamp\www\test\Myweb\Home\Controller\BycarController.class.php 第 88 行.
NOTIC: [8] Undefined index: stroe F:\wamp\www\test\Myweb\Home\Controller\BycarController.class.php 第 89 行.
INFO: [ app_end ] --START--
INFO: Run Behavior\ShowPageTraceBehavior [ RunTime:0.000820s ]
INFO: [ app_end ] --END-- [ RunTime:0.000896s ]

[ 2017-04-07T23:48:34+08:00 ] ::1 /test/index.php/Home/Bycar/updatee?id=249
INFO: [ app_begin ] --START--
INFO: Run Behavior\ReadHtmlCacheBehavior [ RunTime:0.000561s ]
INFO: [ app_begin ] --END-- [ RunTime:0.001121s ]
INFO: [ app_end ] --START--
INFO: Run Behavior\ShowPageTraceBehavior [ RunTime:0.000678s ]
INFO: [ app_end ] --END-- [ RunTime:0.000764s ]

[ 2017-04-07T23:48:35+08:00 ] ::1 /test/index.php/Home/Bycar/updatee?id=249
INFO: [ app_begin ] --START--
INFO: Run Behavior\ReadHtmlCacheBehavior [ RunTime:0.000742s ]
INFO: [ app_begin ] --END-- [ RunTime:0.001331s ]
INFO: [ app_end ] --START--
INFO: Run Behavior\ShowPageTraceBehavior [ RunTime:0.000691s ]
INFO: [ app_end ] --END-- [ RunTime:0.000785s ]

[ 2017-04-07T23:48:38+08:00 ] ::1 /test/index.php/Home/Bycar/update?id=249
INFO: [ app_begin ] --START--
INFO: Run Behavior\ReadHtmlCacheBehavior [ RunTime:0.000583s ]
INFO: [ app_begin ] --END-- [ RunTime:0.001098s ]
SQL: SHOW COLUMNS FROM `goods` [ RunTime:0.000671s ]
SQL: SELECT * FROM `goods` WHERE ( id=249 )  [ RunTime:0.000339s ]
NOTIC: [8] Undefined index: stroe F:\wamp\www\test\Myweb\Home\Controller\BycarController.class.php 第 88 行.
NOTIC: [8] Undefined index: stroe F:\wamp\www\test\Myweb\Home\Controller\BycarController.class.php 第 89 行.
INFO: [ app_end ] --START--
INFO: Run Behavior\ShowPageTraceBehavior [ RunTime:0.000844s ]
INFO: [ app_end ] --END-- [ RunTime:0.000924s ]

[ 2017-04-07T23:48:38+08:00 ] ::1 /test/index.php/Home/Bycar/update?id=249
INFO: [ app_begin ] --START--
INFO: Run Behavior\ReadHtmlCacheBehavior [ RunTime:0.000560s ]
INFO: [ app_begin ] --END-- [ RunTime:0.001144s ]
SQL: SHOW COLUMNS FROM `goods` [ RunTime:0.000700s ]
SQL: SELECT * FROM `goods` WHERE ( id=249 )  [ RunTime:0.000367s ]
NOTIC: [8] Undefined index: stroe F:\wamp\www\test\Myweb\Home\Controller\BycarController.class.php 第 88 行.
NOTIC: [8] Undefined index: stroe F:\wamp\www\test\Myweb\Home\Controller\BycarController.class.php 第 89 行.
INFO: [ app_end ] --START--
INFO: Run Behavior\ShowPageTraceBehavior [ RunTime:0.000794s ]
INFO: [ app_end ] --END-- [ RunTime:0.000873s ]

[ 2017-04-07T23:48:38+08:00 ] ::1 /test/index.php/Home/Bycar/update?id=249
INFO: [ app_begin ] --START--
INFO: Run Behavior\ReadHtmlCacheBehavior [ RunTime:0.000616s ]
INFO: [ app_begin ] --END-- [ RunTime:0.001128s ]
SQL: SHOW COLUMNS FROM `goods` [ RunTime:0.000672s ]
SQL: SELECT * FROM `goods` WHERE ( id=249 )  [ RunTime:0.000344s ]
NOTIC: [8] Undefined index: stroe F:\wamp\www\test\Myweb\Home\Controller\BycarController.class.php 第 88 行.
NOTIC: [8] Undefined index: stroe F:\wamp\www\test\Myweb\Home\Controller\BycarController.class.php 第 89 行.
INFO: [ app_end ] --START--
INFO: Run Behavior\ShowPageTraceBehavior [ RunTime:0.000827s ]
INFO: [ app_end ] --END-- [ RunTime:0.000905s ]

[ 2017-04-07T23:48:39+08:00 ] ::1 /test/index.php/Home/Bycar/updatee?id=249
INFO: [ app_begin ] --START--
INFO: Run Behavior\ReadHtmlCacheBehavior [ RunTime:0.000901s ]
INFO: [ app_begin ] --END-- [ RunTime:0.001880s ]
INFO: [ app_end ] --START--
INFO: Run Behavior\ShowPageTraceBehavior [ RunTime:0.000680s ]
INFO: [ app_end ] --END-- [ RunTime:0.000754s ]

[ 2017-04-07T23:48:40+08:00 ] ::1 /test/index.php/Home/Bycar/updatee?id=249
INFO: [ app_begin ] --START--
INFO: Run Behavior\ReadHtmlCacheBehavior [ RunTime:0.000567s ]
INFO: [ app_begin ] --END-- [ RunTime:0.001046s ]
INFO: [ app_end ] --START--
INFO: Run Behavior\ShowPageTraceBehavior [ RunTime:0.000664s ]
INFO: [ app_end ] --END-- [ RunTime:0.000737s ]

[ 2017-04-07T23:48:40+08:00 ] ::1 /test/index.php/Home/Bycar/updatee?id=249
INFO: [ app_begin ] --START--
INFO: Run Behavior\ReadHtmlCacheBehavior [ RunTime:0.000591s ]
INFO: [ app_begin ] --END-- [ RunTime:0.001070s ]
INFO: [ app_end ] --START--
INFO: Run Behavior\ShowPageTraceBehavior [ RunTime:0.000669s ]
INFO: [ app_end ] --END-- [ RunTime:0.000742s ]

[ 2017-04-07T23:52:51+08:00 ] ::1 /test/index.php/Home/Bycar/update?id=249
INFO: [ app_begin ] --START--
INFO: Run Behavior\ReadHtmlCacheBehavior [ RunTime:0.000683s ]
INFO: [ app_begin ] --END-- [ RunTime:0.001202s ]
SQL: SHOW COLUMNS FROM `goods` [ RunTime:0.000841s ]
SQL: SELECT * FROM `goods` WHERE ( id=249 )  [ RunTime:0.000382s ]
INFO: [ app_end ] --START--
INFO: Run Behavior\ShowPageTraceBehavior [ RunTime:0.000818s ]
INFO: [ app_end ] --END-- [ RunTime:0.000905s ]

[ 2017-04-07T23:52:53+08:00 ] ::1 /test/index.php/Home/Bycar/update?id=249
INFO: [ app_begin ] --START--
INFO: Run Behavior\ReadHtmlCacheBehavior [ RunTime:0.000533s ]
INFO: [ app_begin ] --END-- [ RunTime:0.001083s ]
SQL: SHOW COLUMNS FROM `goods` [ RunTime:0.000728s ]
SQL: SELECT * FROM `goods` WHERE ( id=249 )  [ RunTime:0.000419s ]
INFO: [ app_end ] --START--
INFO: Run Behavior\ShowPageTraceBehavior [ RunTime:0.000792s ]
INFO: [ app_end ] --END-- [ RunTime:0.000876s ]

[ 2017-04-07T23:52:56+08:00 ] ::1 /test/index.php/Home/Bycar/update?id=249
INFO: [ app_begin ] --START--
INFO: Run Behavior\ReadHtmlCacheBehavior [ RunTime:0.000617s ]
INFO: [ app_begin ] --END-- [ RunTime:0.001111s ]
SQL: SHOW COLUMNS FROM `goods` [ RunTime:0.000693s ]
SQL: SELECT * FROM `goods` WHERE ( id=249 )  [ RunTime:0.000347s ]
INFO: [ app_end ] --START--
INFO: Run Behavior\ShowPageTraceBehavior [ RunTime:0.000733s ]
INFO: [ app_end ] --END-- [ RunTime:0.000813s ]

[ 2017-04-07T23:54:06+08:00 ] ::1 /test/index.php/Home/Bycar/updatee?id=249
INFO: [ app_begin ] --START--
INFO: Run Behavior\ReadHtmlCacheBehavior [ RunTime:0.000697s ]
INFO: [ app_begin ] --END-- [ RunTime:0.001195s ]
INFO: [ app_end ] --START--
INFO: Run Behavior\ShowPageTraceBehavior [ RunTime:0.000685s ]
INFO: [ app_end ] --END-- [ RunTime:0.000789s ]

[ 2017-04-07T23:54:07+08:00 ] ::1 /test/index.php/Home/Bycar/updatee?id=249
INFO: [ app_begin ] --START--
INFO: Run Behavior\ReadHtmlCacheBehavior [ RunTime:0.000607s ]
INFO: [ app_begin ] --END-- [ RunTime:0.001178s ]
INFO: [ app_end ] --START--
INFO: Run Behavior\ShowPageTraceBehavior [ RunTime:0.000622s ]
INFO: [ app_end ] --END-- [ RunTime:0.000707s ]

[ 2017-04-07T23:54:07+08:00 ] ::1 /test/index.php/Home/Bycar/updatee?id=249
INFO: [ app_begin ] --START--
INFO: Run Behavior\ReadHtmlCacheBehavior [ RunTime:0.000714s ]
INFO: [ app_begin ] --END-- [ RunTime:0.001243s ]
INFO: [ app_end ] --START--
INFO: Run Behavior\ShowPageTraceBehavior [ RunTime:0.000681s ]
INFO: [ app_end ] --END-- [ RunTime:0.000772s ]

[ 2017-04-07T23:54:08+08:00 ] ::1 /test/index.php/Home/Bycar/updatee?id=249
INFO: [ app_begin ] --START--
INFO: Run Behavior\ReadHtmlCacheBehavior [ RunTime:0.000635s ]
INFO: [ app_begin ] --END-- [ RunTime:0.001133s ]
INFO: [ app_end ] --START--
INFO: Run Behavior\ShowPageTraceBehavior [ RunTime:0.000615s ]
INFO: [ app_end ] --END-- [ RunTime:0.000696s ]

[ 2017-04-07T23:55:09+08:00 ] ::1 /test/index.php/Home/Bycar/update?id=249
INFO: [ app_begin ] --START--
INFO: Run Behavior\ReadHtmlCacheBehavior [ RunTime:0.000892s ]
INFO: [ app_begin ] --END-- [ RunTime:0.001487s ]
SQL: SHOW COLUMNS FROM `goods` [ RunTime:0.001023s ]
SQL: SELECT * FROM `goods` WHERE ( id=249 )  [ RunTime:0.000596s ]
INFO: [ app_end ] --START--
INFO: Run Behavior\ShowPageTraceBehavior [ RunTime:0.001240s ]
INFO: [ app_end ] --END-- [ RunTime:0.001356s ]

[ 2017-04-07T23:55:10+08:00 ] ::1 /test/index.php/Home/Bycar/update?id=249
INFO: [ app_begin ] --START--
INFO: Run Behavior\ReadHtmlCacheBehavior [ RunTime:0.000642s ]
INFO: [ app_begin ] --END-- [ RunTime:0.001264s ]
SQL: SHOW COLUMNS FROM `goods` [ RunTime:0.000738s ]
SQL: SELECT * FROM `goods` WHERE ( id=249 )  [ RunTime:0.000546s ]
INFO: [ app_end ] --START--
INFO: Run Behavior\ShowPageTraceBehavior [ RunTime:0.000759s ]
INFO: [ app_end ] --END-- [ RunTime:0.000845s ]

[ 2017-04-07T23:55:10+08:00 ] ::1 /test/index.php/Home/Bycar/update?id=249
INFO: [ app_begin ] --START--
INFO: Run Behavior\ReadHtmlCacheBehavior [ RunTime:0.000654s ]
INFO: [ app_begin ] --END-- [ RunTime:0.001163s ]
SQL: SHOW COLUMNS FROM `goods` [ RunTime:0.000732s ]
SQL: SELECT * FROM `goods` WHERE ( id=249 )  [ RunTime:0.000356s ]
INFO: [ app_end ] --START--
INFO: Run Behavior\ShowPageTraceBehavior [ RunTime:0.000765s ]
INFO: [ app_end ] --END-- [ RunTime:0.000851s ]

[ 2017-04-07T23:55:11+08:00 ] ::1 /test/index.php/Home/Bycar/updatee?id=249
INFO: [ app_begin ] --START--
INFO: Run Behavior\ReadHtmlCacheBehavior [ RunTime:0.000574s ]
INFO: [ app_begin ] --END-- [ RunTime:0.001055s ]
INFO: [ app_end ] --START--
INFO: Run Behavior\ShowPageTraceBehavior [ RunTime:0.000565s ]
INFO: [ app_end ] --END-- [ RunTime:0.000657s ]

[ 2017-04-07T23:55:11+08:00 ] ::1 /test/index.php/Home/Bycar/updatee?id=249
INFO: [ app_begin ] --START--
INFO: Run Behavior\ReadHtmlCacheBehavior [ RunTime:0.000583s ]
INFO: [ app_begin ] --END-- [ RunTime:0.001128s ]
INFO: [ app_end ] --START--
INFO: Run Behavior\ShowPageTraceBehavior [ RunTime:0.000868s ]
INFO: [ app_end ] --END-- [ RunTime:0.000993s ]

[ 2017-04-07T23:55:12+08:00 ] ::1 /test/index.php/Home/Bycar/updatee?id=249
INFO: [ app_begin ] --START--
INFO: Run Behavior\ReadHtmlCacheBehavior [ RunTime:0.000561s ]
INFO: [ app_begin ] --END-- [ RunTime:0.001055s ]
INFO: [ app_end ] --START--
INFO: Run Behavior\ShowPageTraceBehavior [ RunTime:0.000645s ]
INFO: [ app_end ] --END-- [ RunTime:0.000754s ]

[ 2017-04-07T23:55:24+08:00 ] ::1 /test/index.php/Home/Bycar/update?id=248
INFO: [ app_begin ] --START--
INFO: Run Behavior\ReadHtmlCacheBehavior [ RunTime:0.000706s ]
INFO: [ app_begin ] --END-- [ RunTime:0.001292s ]
SQL: SHOW COLUMNS FROM `goods` [ RunTime:0.000741s ]
SQL: SELECT * FROM `goods` WHERE ( id=248 )  [ RunTime:0.000373s ]
INFO: [ app_end ] --START--
INFO: Run Behavior\ShowPageTraceBehavior [ RunTime:0.000770s ]
INFO: [ app_end ] --END-- [ RunTime:0.000862s ]

[ 2017-04-07T23:55:25+08:00 ] ::1 /test/index.php/Home/Bycar/update?id=248
INFO: [ app_begin ] --START--
INFO: Run Behavior\ReadHtmlCacheBehavior [ RunTime:0.000630s ]
INFO: [ app_begin ] --END-- [ RunTime:0.001132s ]
SQL: SHOW COLUMNS FROM `goods` [ RunTime:0.000857s ]
SQL: SELECT * FROM `goods` WHERE ( id=248 )  [ RunTime:0.000377s ]
INFO: [ app_end ] --START--
INFO: Run Behavior\ShowPageTraceBehavior [ RunTime:0.000700s ]
INFO: [ app_end ] --END-- [ RunTime:0.000785s ]

[ 2017-04-07T23:55:26+08:00 ] ::1 /test/index.php/Home/Bycar/updatee?id=248
INFO: [ app_begin ] --START--
INFO: Run Behavior\ReadHtmlCacheBehavior [ RunTime:0.000573s ]
INFO: [ app_begin ] --END-- [ RunTime:0.001058s ]
INFO: [ app_end ] --START--
INFO: Run Behavior\ShowPageTraceBehavior [ RunTime:0.000623s ]
INFO: [ app_end ] --END-- [ RunTime:0.000724s ]

[ 2017-04-07T23:55:27+08:00 ] ::1 /test/index.php/Home/Bycar/updatee?id=248
INFO: [ app_begin ] --START--
INFO: Run Behavior\ReadHtmlCacheBehavior [ RunTime:0.000920s ]
INFO: [ app_begin ] --END-- [ RunTime:0.001962s ]
INFO: [ app_end ] --START--
INFO: Run Behavior\ShowPageTraceBehavior [ RunTime:0.000649s ]
INFO: [ app_end ] --END-- [ RunTime:0.000744s ]

[ 2017-04-07T23:55:28+08:00 ] ::1 /test/index.php/Home/Bycar/update?id=248
INFO: [ app_begin ] --START--
INFO: Run Behavior\ReadHtmlCacheBehavior [ RunTime:0.000628s ]
INFO: [ app_begin ] --END-- [ RunTime:0.001156s ]
SQL: SHOW COLUMNS FROM `goods` [ RunTime:0.000697s ]
SQL: SELECT * FROM `goods` WHERE ( id=248 )  [ RunTime:0.000415s ]
INFO: [ app_end ] --START--
INFO: Run Behavior\ShowPageTraceBehavior [ RunTime:0.000802s ]
INFO: [ app_end ] --END-- [ RunTime:0.000919s ]

[ 2017-04-07T23:55:28+08:00 ] ::1 /test/index.php/Home/Bycar/update?id=248
INFO: [ app_begin ] --START--
INFO: Run Behavior\ReadHtmlCacheBehavior [ RunTime:0.000763s ]
INFO: [ app_begin ] --END-- [ RunTime:0.001287s ]
SQL: SHOW COLUMNS FROM `goods` [ RunTime:0.000690s ]
SQL: SELECT * FROM `goods` WHERE ( id=248 )  [ RunTime:0.000350s ]
INFO: [ app_end ] --START--
INFO: Run Behavior\ShowPageTraceBehavior [ RunTime:0.000755s ]
INFO: [ app_end ] --END-- [ RunTime:0.000838s ]

[ 2017-04-07T23:55:29+08:00 ] ::1 /test/index.php/Home/Bycar/updatee?id=248
INFO: [ app_begin ] --START--
INFO: Run Behavior\ReadHtmlCacheBehavior [ RunTime:0.000575s ]
INFO: [ app_begin ] --END-- [ RunTime:0.001093s ]
INFO: [ app_end ] --START--
INFO: Run Behavior\ShowPageTraceBehavior [ RunTime:0.000613s ]
INFO: [ app_end ] --END-- [ RunTime:0.000702s ]

[ 2017-04-07T23:55:30+08:00 ] ::1 /test/index.php/Home/Bycar/updatee?id=248
INFO: [ app_begin ] --START--
INFO: Run Behavior\ReadHtmlCacheBehavior [ RunTime:0.000612s ]
INFO: [ app_begin ] --END-- [ RunTime:0.001125s ]
INFO: [ app_end ] --START--
INFO: Run Behavior\ShowPageTraceBehavior [ RunTime:0.000596s ]
INFO: [ app_end ] --END-- [ RunTime:0.000670s ]

[ 2017-04-07T23:55:31+08:00 ] ::1 /test/index.php/Home/Bycar/update?id=248
INFO: [ app_begin ] --START--
INFO: Run Behavior\ReadHtmlCacheBehavior [ RunTime:0.000588s ]
INFO: [ app_begin ] --END-- [ RunTime:0.001079s ]
SQL: SHOW COLUMNS FROM `goods` [ RunTime:0.000693s ]
SQL: SELECT * FROM `goods` WHERE ( id=248 )  [ RunTime:0.000350s ]
INFO: [ app_end ] --START--
INFO: Run Behavior\ShowPageTraceBehavior [ RunTime:0.000769s ]
INFO: [ app_end ] --END-- [ RunTime:0.000852s ]

[ 2017-04-07T23:55:31+08:00 ] ::1 /test/index.php/Home/Bycar/update?id=248
INFO: [ app_begin ] --START--
INFO: Run Behavior\ReadHtmlCacheBehavior [ RunTime:0.000597s ]
INFO: [ app_begin ] --END-- [ RunTime:0.001080s ]
SQL: SHOW COLUMNS FROM `goods` [ RunTime:0.000698s ]
SQL: SELECT * FROM `goods` WHERE ( id=248 )  [ RunTime:0.000354s ]
INFO: [ app_end ] --START--
INFO: Run Behavior\ShowPageTraceBehavior [ RunTime:0.000736s ]
INFO: [ app_end ] --END-- [ RunTime:0.000819s ]

[ 2017-04-07T23:55:32+08:00 ] ::1 /test/index.php/Home/Bycar/update?id=248
INFO: [ app_begin ] --START--
INFO: Run Behavior\ReadHtmlCacheBehavior [ RunTime:0.001006s ]
INFO: [ app_begin ] --END-- [ RunTime:0.001612s ]
SQL: SHOW COLUMNS FROM `goods` [ RunTime:0.000692s ]
SQL: SELECT * FROM `goods` WHERE ( id=248 )  [ RunTime:0.000361s ]
INFO: [ app_end ] --START--
INFO: Run Behavior\ShowPageTraceBehavior [ RunTime:0.000746s ]
INFO: [ app_end ] --END-- [ RunTime:0.000828s ]

[ 2017-04-07T23:55:33+08:00 ] ::1 /test/index.php/Home/Bycar/updatee?id=248
INFO: [ app_begin ] --START--
INFO: Run Behavior\ReadHtmlCacheBehavior [ RunTime:0.000659s ]
INFO: [ app_begin ] --END-- [ RunTime:0.001215s ]
INFO: [ app_end ] --START--
INFO: Run Behavior\ShowPageTraceBehavior [ RunTime:0.000617s ]
INFO: [ app_end ] --END-- [ RunTime:0.000692s ]

[ 2017-04-07T23:55:33+08:00 ] ::1 /test/index.php/Home/Bycar/updatee?id=248
INFO: [ app_begin ] --START--
INFO: Run Behavior\ReadHtmlCacheBehavior [ RunTime:0.000618s ]
INFO: [ app_begin ] --END-- [ RunTime:0.001191s ]
INFO: [ app_end ] --START--
INFO: Run Behavior\ShowPageTraceBehavior [ RunTime:0.000533s ]
INFO: [ app_end ] --END-- [ RunTime:0.000605s ]

[ 2017-04-07T23:55:33+08:00 ] ::1 /test/index.php/Home/Bycar/updatee?id=248
INFO: [ app_begin ] --START--
INFO: Run Behavior\ReadHtmlCacheBehavior [ RunTime:0.000551s ]
INFO: [ app_begin ] --END-- [ RunTime:0.001048s ]
INFO: [ app_end ] --START--
INFO: Run Behavior\ShowPageTraceBehavior [ RunTime:0.000608s ]
INFO: [ app_end ] --END-- [ RunTime:0.000682s ]

[ 2017-04-07T23:55:33+08:00 ] ::1 /test/index.php/Home/Bycar/updatee?id=248
INFO: [ app_begin ] --START--
INFO: Run Behavior\ReadHtmlCacheBehavior [ RunTime:0.000583s ]
INFO: [ app_begin ] --END-- [ RunTime:0.001135s ]
INFO: [ app_end ] --START--
INFO: Run Behavior\ShowPageTraceBehavior [ RunTime:0.000653s ]
INFO: [ app_end ] --END-- [ RunTime:0.000770s ]

[ 2017-04-07T23:57:19+08:00 ] ::1 /test/index.php/Home/Bycar/update?id=248
INFO: [ app_begin ] --START--
INFO: Run Behavior\ReadHtmlCacheBehavior [ RunTime:0.000708s ]
INFO: [ app_begin ] --END-- [ RunTime:0.001228s ]
SQL: SHOW COLUMNS FROM `goods` [ RunTime:0.001147s ]
SQL: SELECT * FROM `goods` WHERE ( id=248 )  [ RunTime:0.000452s ]
INFO: [ app_end ] --START--
INFO: Run Behavior\ShowPageTraceBehavior [ RunTime:0.000873s ]
INFO: [ app_end ] --END-- [ RunTime:0.000954s ]

[ 2017-04-07T23:57:24+08:00 ] ::1 /test/index.php/Home/Bycar/update?id=248
INFO: [ app_begin ] --START--
INFO: Run Behavior\ReadHtmlCacheBehavior [ RunTime:0.000601s ]
INFO: [ app_begin ] --END-- [ RunTime:0.001204s ]
SQL: SHOW COLUMNS FROM `goods` [ RunTime:0.000697s ]
SQL: SELECT * FROM `goods` WHERE ( id=248 )  [ RunTime:0.000350s ]
INFO: [ app_end ] --START--
INFO: Run Behavior\ShowPageTraceBehavior [ RunTime:0.000736s ]
INFO: [ app_end ] --END-- [ RunTime:0.000820s ]

[ 2017-04-07T23:57:25+08:00 ] ::1 /test/index.php/Home/Bycar/update?id=249
INFO: [ app_begin ] --START--
INFO: Run Behavior\ReadHtmlCacheBehavior [ RunTime:0.000738s ]
INFO: [ app_begin ] --END-- [ RunTime:0.001773s ]
SQL: SHOW COLUMNS FROM `goods` [ RunTime:0.000728s ]
SQL: SELECT * FROM `goods` WHERE ( id=249 )  [ RunTime:0.000450s ]
INFO: [ app_end ] --START--
INFO: Run Behavior\ShowPageTraceBehavior [ RunTime:0.000744s ]
INFO: [ app_end ] --END-- [ RunTime:0.000820s ]

[ 2017-04-07T23:57:28+08:00 ] ::1 /test/index.php/Home/Bycar/update?id=248
INFO: [ app_begin ] --START--
INFO: Run Behavior\ReadHtmlCacheBehavior [ RunTime:0.000570s ]
INFO: [ app_begin ] --END-- [ RunTime:0.001035s ]
SQL: SHOW COLUMNS FROM `goods` [ RunTime:0.000811s ]
SQL: SELECT * FROM `goods` WHERE ( id=248 )  [ RunTime:0.000350s ]
INFO: [ app_end ] --START--
INFO: Run Behavior\ShowPageTraceBehavior [ RunTime:0.000709s ]
INFO: [ app_end ] --END-- [ RunTime:0.000797s ]

[ 2017-04-07T23:57:35+08:00 ] ::1 /test/index.php/Home/Bycar/update?id=249
INFO: [ app_begin ] --START--
INFO: Run Behavior\ReadHtmlCacheBehavior [ RunTime:0.000584s ]
INFO: [ app_begin ] --END-- [ RunTime:0.001129s ]
SQL: SHOW COLUMNS FROM `goods` [ RunTime:0.000709s ]
SQL: SELECT * FROM `goods` WHERE ( id=249 )  [ RunTime:0.000388s ]
INFO: [ app_end ] --START--
INFO: Run Behavior\ShowPageTraceBehavior [ RunTime:0.000739s ]
INFO: [ app_end ] --END-- [ RunTime:0.000820s ]

[ 2017-04-07T23:57:39+08:00 ] ::1 /test/index.php/Home/Bycar/updatee?id=249
INFO: [ app_begin ] --START--
INFO: Run Behavior\ReadHtmlCacheBehavior [ RunTime:0.000565s ]
INFO: [ app_begin ] --END-- [ RunTime:0.001034s ]
INFO: [ app_end ] --START--
INFO: Run Behavior\ShowPageTraceBehavior [ RunTime:0.000603s ]
INFO: [ app_end ] --END-- [ RunTime:0.000676s ]

