[ 2017-05-22T07:27:47+08:00 ] ::1 /test/
INFO: [ app_init ] --START--
INFO: Run Behavior\BuildLiteBehavior [ RunTime:0.000398s ]
INFO: [ app_init ] --END-- [ RunTime:0.005058s ]
INFO: [ app_begin ] --START--
INFO: Run Behavior\ReadHtmlCacheBehavior [ RunTime:0.004339s ]
INFO: [ app_begin ] --END-- [ RunTime:0.004847s ]
SQL: SHOW COLUMNS FROM `cates` [ RunTime:0.078824s ]
SQL: SELECT * FROM `cates` WHERE ( pid=0 )  [ RunTime:0.002300s ]
SQL: SELECT * FROM `cates` WHERE ( pid=3 )  [ RunTime:0.001227s ]
SQL: SELECT * FROM `cates` WHERE ( pid=5 )  [ RunTime:0.000996s ]
SQL: SELECT * FROM `cates` WHERE ( pid=64 )  [ RunTime:0.001007s ]
SQL: SELECT * FROM `cates` WHERE ( pid=145 )  [ RunTime:0.000967s ]
NOTIC: [2] Invalid argument supplied for foreach() F:\wamp\www\test\Myweb\Home\Controller\IndexController.class.php 第 11 行.
SQL: SELECT * FROM `cates` WHERE ( pid=146 )  [ RunTime:0.001369s ]
NOTIC: [2] Invalid argument supplied for foreach() F:\wamp\www\test\Myweb\Home\Controller\IndexController.class.php 第 11 行.
SQL: SELECT * FROM `cates` WHERE ( pid=147 )  [ RunTime:0.001126s ]
NOTIC: [2] Invalid argument supplied for foreach() F:\wamp\www\test\Myweb\Home\Controller\IndexController.class.php 第 11 行.
SQL: SELECT * FROM `cates` WHERE ( pid=148 )  [ RunTime:0.000996s ]
NOTIC: [2] Invalid argument supplied for foreach() F:\wamp\www\test\Myweb\Home\Controller\IndexController.class.php 第 11 行.
SQL: SELECT * FROM `cates` WHERE ( pid=65 )  [ RunTime:0.001002s ]
SQL: SELECT * FROM `cates` WHERE ( pid=149 )  [ RunTime:0.000967s ]
NOTIC: [2] Invalid argument supplied for foreach() F:\wamp\www\test\Myweb\Home\Controller\IndexController.class.php 第 11 行.
SQL: SELECT * FROM `cates` WHERE ( pid=150 )  [ RunTime:0.001109s ]
NOTIC: [2] Invalid argument supplied for foreach() F:\wamp\www\test\Myweb\Home\Controller\IndexController.class.php 第 11 行.
SQL: SELECT * FROM `cates` WHERE ( pid=151 )  [ RunTime:0.000976s ]
NOTIC: [2] Invalid argument supplied for foreach() F:\wamp\www\test\Myweb\Home\Controller\IndexController.class.php 第 11 行.
SQL: SELECT * FROM `cates` WHERE ( pid=152 )  [ RunTime:0.003002s ]
NOTIC: [2] Invalid argument supplied for foreach() F:\wamp\www\test\Myweb\Home\Controller\IndexController.class.php 第 11 行.
SQL: SELECT * FROM `cates` WHERE ( pid=232 )  [ RunTime:0.001680s ]
SQL: SELECT * FROM `cates` WHERE ( pid=234 )  [ RunTime:0.001986s ]
NOTIC: [2] Invalid argument supplied for foreach() F:\wamp\www\test\Myweb\Home\Controller\IndexController.class.php 第 11 行.
SQL: SELECT * FROM `cates` WHERE ( pid=6 )  [ RunTime:0.001058s ]
SQL: SELECT * FROM `cates` WHERE ( pid=66 )  [ RunTime:0.001059s ]
SQL: SELECT * FROM `cates` WHERE ( pid=153 )  [ RunTime:0.002138s ]
NOTIC: [2] Invalid argument supplied for foreach() F:\wamp\www\test\Myweb\Home\Controller\IndexController.class.php 第 11 行.
SQL: SELECT * FROM `cates` WHERE ( pid=154 )  [ RunTime:0.001002s ]
NOTIC: [2] Invalid argument supplied for foreach() F:\wamp\www\test\Myweb\Home\Controller\IndexController.class.php 第 11 行.
SQL: SELECT * FROM `cates` WHERE ( pid=68 )  [ RunTime:0.000992s ]
SQL: SELECT * FROM `cates` WHERE ( pid=155 )  [ RunTime:0.000980s ]
NOTIC: [2] Invalid argument supplied for foreach() F:\wamp\www\test\Myweb\Home\Controller\IndexController.class.php 第 11 行.
SQL: SELECT * FROM `cates` WHERE ( pid=156 )  [ RunTime:0.000997s ]
NOTIC: [2] Invalid argument supplied for foreach() F:\wamp\www\test\Myweb\Home\Controller\IndexController.class.php 第 11 行.
SQL: SELECT * FROM `cates` WHERE ( pid=157 )  [ RunTime:0.001260s ]
NOTIC: [2] Invalid argument supplied for foreach() F:\wamp\www\test\Myweb\Home\Controller\IndexController.class.php 第 11 行.
SQL: SELECT * FROM `cates` WHERE ( pid=233 )  [ RunTime:0.001149s ]
SQL: SELECT * FROM `cates` WHERE ( pid=235 )  [ RunTime:0.001000s ]
NOTIC: [2] Invalid argument supplied for foreach() F:\wamp\www\test\Myweb\Home\Controller\IndexController.class.php 第 11 行.
SQL: SELECT * FROM `cates` WHERE ( pid=236 )  [ RunTime:0.000979s ]
NOTIC: [2] Invalid argument supplied for foreach() F:\wamp\www\test\Myweb\Home\Controller\IndexController.class.php 第 11 行.
SQL: SELECT * FROM `cates` WHERE ( pid=7 )  [ RunTime:0.001161s ]
SQL: SELECT * FROM `cates` WHERE ( pid=8 )  [ RunTime:0.001414s ]
SQL: SELECT * FROM `cates` WHERE ( pid=79 )  [ RunTime:0.001020s ]
SQL: SELECT * FROM `cates` WHERE ( pid=191 )  [ RunTime:0.002875s ]
NOTIC: [2] Invalid argument supplied for foreach() F:\wamp\www\test\Myweb\Home\Controller\IndexController.class.php 第 11 行.
SQL: SELECT * FROM `cates` WHERE ( pid=192 )  [ RunTime:0.001077s ]
NOTIC: [2] Invalid argument supplied for foreach() F:\wamp\www\test\Myweb\Home\Controller\IndexController.class.php 第 11 行.
SQL: SELECT * FROM `cates` WHERE ( pid=193 )  [ RunTime:0.000978s ]
NOTIC: [2] Invalid argument supplied for foreach() F:\wamp\www\test\Myweb\Home\Controller\IndexController.class.php 第 11 行.
SQL: SELECT * FROM `cates` WHERE ( pid=80 )  [ RunTime:0.001217s ]
SQL: SELECT * FROM `cates` WHERE ( pid=194 )  [ RunTime:0.000982s ]
NOTIC: [2] Invalid argument supplied for foreach() F:\wamp\www\test\Myweb\Home\Controller\IndexController.class.php 第 11 行.
SQL: SELECT * FROM `cates` WHERE ( pid=195 )  [ RunTime:0.000968s ]
NOTIC: [2] Invalid argument supplied for foreach() F:\wamp\www\test\Myweb\Home\Controller\IndexController.class.php 第 11 行.
SQL: SELECT * FROM `cates` WHERE ( pid=256 )  [ RunTime:0.001612s ]
SQL: SELECT * FROM `cates` WHERE ( pid=258 )  [ RunTime:0.000990s ]
NOTIC: [2] Invalid argument supplied for foreach() F:\wamp\www\test\Myweb\Home\Controller\IndexController.class.php 第 11 行.
SQL: SELECT * FROM `cates` WHERE ( pid=259 )  [ RunTime:0.001063s ]
NOTIC: [2] Invalid argument supplied for foreach() F:\wamp\www\test\Myweb\Home\Controller\IndexController.class.php 第 11 行.
SQL: SELECT * FROM `cates` WHERE ( pid=9 )  [ RunTime:0.001027s ]
SQL: SELECT * FROM `cates` WHERE ( pid=81 )  [ RunTime:0.000983s ]
SQL: SELECT * FROM `cates` WHERE ( pid=198 )  [ RunTime:0.000960s ]
NOTIC: [2] Invalid argument supplied for foreach() F:\wamp\www\test\Myweb\Home\Controller\IndexController.class.php 第 11 行.
SQL: SELECT * FROM `cates` WHERE ( pid=82 )  [ RunTime:0.001157s ]
SQL: SELECT * FROM `cates` WHERE ( pid=196 )  [ RunTime:0.000976s ]
NOTIC: [2] Invalid argument supplied for foreach() F:\wamp\www\test\Myweb\Home\Controller\IndexController.class.php 第 11 行.
SQL: SELECT * FROM `cates` WHERE ( pid=197 )  [ RunTime:0.000985s ]
NOTIC: [2] Invalid argument supplied for foreach() F:\wamp\www\test\Myweb\Home\Controller\IndexController.class.php 第 11 行.
SQL: SELECT * FROM `cates` WHERE ( pid=257 )  [ RunTime:0.001258s ]
SQL: SELECT * FROM `cates` WHERE ( pid=260 )  [ RunTime:0.000980s ]
NOTIC: [2] Invalid argument supplied for foreach() F:\wamp\www\test\Myweb\Home\Controller\IndexController.class.php 第 11 行.
SQL: SELECT * FROM `cates` WHERE ( pid=11 )  [ RunTime:0.000980s ]
SQL: SELECT * FROM `cates` WHERE ( pid=13 )  [ RunTime:0.001812s ]
SQL: SELECT * FROM `cates` WHERE ( pid=43 )  [ RunTime:0.001152s ]
SQL: SELECT * FROM `cates` WHERE ( pid=94 )  [ RunTime:0.000972s ]
NOTIC: [2] Invalid argument supplied for foreach() F:\wamp\www\test\Myweb\Home\Controller\IndexController.class.php 第 11 行.
SQL: SELECT * FROM `cates` WHERE ( pid=95 )  [ RunTime:0.001019s ]
NOTIC: [2] Invalid argument supplied for foreach() F:\wamp\www\test\Myweb\Home\Controller\IndexController.class.php 第 11 行.
SQL: SELECT * FROM `cates` WHERE ( pid=96 )  [ RunTime:0.000977s ]
NOTIC: [2] Invalid argument supplied for foreach() F:\wamp\www\test\Myweb\Home\Controller\IndexController.class.php 第 11 行.
SQL: SELECT * FROM `cates` WHERE ( pid=97 )  [ RunTime:0.000968s ]
NOTIC: [2] Invalid argument supplied for foreach() F:\wamp\www\test\Myweb\Home\Controller\IndexController.class.php 第 11 行.
SQL: SELECT * FROM `cates` WHERE ( pid=44 )  [ RunTime:0.001199s ]
SQL: SELECT * FROM `cates` WHERE ( pid=199 )  [ RunTime:0.001175s ]
NOTIC: [2] Invalid argument supplied for foreach() F:\wamp\www\test\Myweb\Home\Controller\IndexController.class.php 第 11 行.
SQL: SELECT * FROM `cates` WHERE ( pid=200 )  [ RunTime:0.001037s ]
NOTIC: [2] Invalid argument supplied for foreach() F:\wamp\www\test\Myweb\Home\Controller\IndexController.class.php 第 11 行.
SQL: SELECT * FROM `cates` WHERE ( pid=201 )  [ RunTime:0.001041s ]
SQL: SELECT * FROM `cates` WHERE ( pid=203 )  [ RunTime:0.000973s ]
NOTIC: [2] Invalid argument supplied for foreach() F:\wamp\www\test\Myweb\Home\Controller\IndexController.class.php 第 11 行.
SQL: SELECT * FROM `cates` WHERE ( pid=204 )  [ RunTime:0.001090s ]
NOTIC: [2] Invalid argument supplied for foreach() F:\wamp\www\test\Myweb\Home\Controller\IndexController.class.php 第 11 行.
SQL: SELECT * FROM `cates` WHERE ( pid=14 )  [ RunTime:0.001364s ]
SQL: SELECT * FROM `cates` WHERE ( pid=46 )  [ RunTime:0.001129s ]
SQL: SELECT * FROM `cates` WHERE ( pid=85 )  [ RunTime:0.001335s ]
NOTIC: [2] Invalid argument supplied for foreach() F:\wamp\www\test\Myweb\Home\Controller\IndexController.class.php 第 11 行.
SQL: SELECT * FROM `cates` WHERE ( pid=86 )  [ RunTime:0.000976s ]
NOTIC: [2] Invalid argument supplied for foreach() F:\wamp\www\test\Myweb\Home\Controller\IndexController.class.php 第 11 行.
SQL: SELECT * FROM `cates` WHERE ( pid=87 )  [ RunTime:0.000976s ]
NOTIC: [2] Invalid argument supplied for foreach() F:\wamp\www\test\Myweb\Home\Controller\IndexController.class.php 第 11 行.
SQL: SELECT * FROM `cates` WHERE ( pid=88 )  [ RunTime:0.000962s ]
NOTIC: [2] Invalid argument supplied for foreach() F:\wamp\www\test\Myweb\Home\Controller\IndexController.class.php 第 11 行.
SQL: SELECT * FROM `cates` WHERE ( pid=89 )  [ RunTime:0.000981s ]
NOTIC: [2] Invalid argument supplied for foreach() F:\wamp\www\test\Myweb\Home\Controller\IndexController.class.php 第 11 行.
SQL: SELECT * FROM `cates` WHERE ( pid=45 )  [ RunTime:0.003185s ]
SQL: SELECT * FROM `cates` WHERE ( pid=90 )  [ RunTime:0.001638s ]
NOTIC: [2] Invalid argument supplied for foreach() F:\wamp\www\test\Myweb\Home\Controller\IndexController.class.php 第 11 行.
SQL: SELECT * FROM `cates` WHERE ( pid=91 )  [ RunTime:0.001319s ]
NOTIC: [2] Invalid argument supplied for foreach() F:\wamp\www\test\Myweb\Home\Controller\IndexController.class.php 第 11 行.
SQL: SELECT * FROM `cates` WHERE ( pid=92 )  [ RunTime:0.001314s ]
NOTIC: [2] Invalid argument supplied for foreach() F:\wamp\www\test\Myweb\Home\Controller\IndexController.class.php 第 11 行.
SQL: SELECT * FROM `cates` WHERE ( pid=93 )  [ RunTime:0.001046s ]
NOTIC: [2] Invalid argument supplied for foreach() F:\wamp\www\test\Myweb\Home\Controller\IndexController.class.php 第 11 行.
SQL: SELECT * FROM `cates` WHERE ( pid=202 )  [ RunTime:0.003804s ]
SQL: SELECT * FROM `cates` WHERE ( pid=205 )  [ RunTime:0.001162s ]
NOTIC: [2] Invalid argument supplied for foreach() F:\wamp\www\test\Myweb\Home\Controller\IndexController.class.php 第 11 行.
SQL: SELECT * FROM `cates` WHERE ( pid=206 )  [ RunTime:0.001001s ]
NOTIC: [2] Invalid argument supplied for foreach() F:\wamp\www\test\Myweb\Home\Controller\IndexController.class.php 第 11 行.
SQL: SELECT * FROM `cates` WHERE ( pid=207 )  [ RunTime:0.000988s ]
NOTIC: [2] Invalid argument supplied for foreach() F:\wamp\www\test\Myweb\Home\Controller\IndexController.class.php 第 11 行.
SQL: SELECT * FROM `cates` WHERE ( pid=15 )  [ RunTime:0.001164s ]
SQL: SELECT * FROM `cates` WHERE ( pid=16 )  [ RunTime:0.001001s ]
SQL: SELECT * FROM `cates` WHERE ( pid=48 )  [ RunTime:0.002095s ]
SQL: SELECT * FROM `cates` WHERE ( pid=103 )  [ RunTime:0.001157s ]
NOTIC: [2] Invalid argument supplied for foreach() F:\wamp\www\test\Myweb\Home\Controller\IndexController.class.php 第 11 行.
SQL: SELECT * FROM `cates` WHERE ( pid=104 )  [ RunTime:0.000991s ]
NOTIC: [2] Invalid argument supplied for foreach() F:\wamp\www\test\Myweb\Home\Controller\IndexController.class.php 第 11 行.
SQL: SELECT * FROM `cates` WHERE ( pid=105 )  [ RunTime:0.000964s ]
NOTIC: [2] Invalid argument supplied for foreach() F:\wamp\www\test\Myweb\Home\Controller\IndexController.class.php 第 11 行.
SQL: SELECT * FROM `cates` WHERE ( pid=106 )  [ RunTime:0.000961s ]
NOTIC: [2] Invalid argument supplied for foreach() F:\wamp\www\test\Myweb\Home\Controller\IndexController.class.php 第 11 行.
SQL: SELECT * FROM `cates` WHERE ( pid=47 )  [ RunTime:0.001010s ]
SQL: SELECT * FROM `cates` WHERE ( pid=98 )  [ RunTime:0.000977s ]
NOTIC: [2] Invalid argument supplied for foreach() F:\wamp\www\test\Myweb\Home\Controller\IndexController.class.php 第 11 行.
SQL: SELECT * FROM `cates` WHERE ( pid=99 )  [ RunTime:0.002801s ]
NOTIC: [2] Invalid argument supplied for foreach() F:\wamp\www\test\Myweb\Home\Controller\IndexController.class.php 第 11 行.
SQL: SELECT * FROM `cates` WHERE ( pid=100 )  [ RunTime:0.001021s ]
NOTIC: [2] Invalid argument supplied for foreach() F:\wamp\www\test\Myweb\Home\Controller\IndexController.class.php 第 11 行.
SQL: SELECT * FROM `cates` WHERE ( pid=101 )  [ RunTime:0.000982s ]
NOTIC: [2] Invalid argument supplied for foreach() F:\wamp\www\test\Myweb\Home\Controller\IndexController.class.php 第 11 行.
SQL: SELECT * FROM `cates` WHERE ( pid=102 )  [ RunTime:0.001053s ]
NOTIC: [2] Invalid argument supplied for foreach() F:\wamp\www\test\Myweb\Home\Controller\IndexController.class.php 第 11 行.
SQL: SELECT * FROM `cates` WHERE ( pid=208 )  [ RunTime:0.001004s ]
SQL: SELECT * FROM `cates` WHERE ( pid=209 )  [ RunTime:0.000956s ]
NOTIC: [2] Invalid argument supplied for foreach() F:\wamp\www\test\Myweb\Home\Controller\IndexController.class.php 第 11 行.
SQL: SELECT * FROM `cates` WHERE ( pid=210 )  [ RunTime:0.005046s ]
NOTIC: [2] Invalid argument supplied for foreach() F:\wamp\www\test\Myweb\Home\Controller\IndexController.class.php 第 11 行.
SQL: SELECT * FROM `cates` WHERE ( pid=17 )  [ RunTime:0.002270s ]
SQL: SELECT * FROM `cates` WHERE ( pid=49 )  [ RunTime:0.001328s ]
SQL: SELECT * FROM `cates` WHERE ( pid=107 )  [ RunTime:0.001009s ]
NOTIC: [2] Invalid argument supplied for foreach() F:\wamp\www\test\Myweb\Home\Controller\IndexController.class.php 第 11 行.
SQL: SELECT * FROM `cates` WHERE ( pid=108 )  [ RunTime:0.001499s ]
NOTIC: [2] Invalid argument supplied for foreach() F:\wamp\www\test\Myweb\Home\Controller\IndexController.class.php 第 11 行.
SQL: SELECT * FROM `cates` WHERE ( pid=109 )  [ RunTime:0.001118s ]
NOTIC: [2] Invalid argument supplied for foreach() F:\wamp\www\test\Myweb\Home\Controller\IndexController.class.php 第 11 行.
SQL: SELECT * FROM `cates` WHERE ( pid=110 )  [ RunTime:0.000989s ]
NOTIC: [2] Invalid argument supplied for foreach() F:\wamp\www\test\Myweb\Home\Controller\IndexController.class.php 第 11 行.
SQL: SELECT * FROM `cates` WHERE ( pid=50 )  [ RunTime:0.001000s ]
SQL: SELECT * FROM `cates` WHERE ( pid=111 )  [ RunTime:0.001137s ]
NOTIC: [2] Invalid argument supplied for foreach() F:\wamp\www\test\Myweb\Home\Controller\IndexController.class.php 第 11 行.
SQL: SELECT * FROM `cates` WHERE ( pid=112 )  [ RunTime:0.000968s ]
NOTIC: [2] Invalid argument supplied for foreach() F:\wamp\www\test\Myweb\Home\Controller\IndexController.class.php 第 11 行.
SQL: SELECT * FROM `cates` WHERE ( pid=211 )  [ RunTime:0.000998s ]
SQL: SELECT * FROM `cates` WHERE ( pid=212 )  [ RunTime:0.001730s ]
NOTIC: [2] Invalid argument supplied for foreach() F:\wamp\www\test\Myweb\Home\Controller\IndexController.class.php 第 11 行.
SQL: SELECT * FROM `cates` WHERE ( pid=213 )  [ RunTime:0.001102s ]
NOTIC: [2] Invalid argument supplied for foreach() F:\wamp\www\test\Myweb\Home\Controller\IndexController.class.php 第 11 行.
SQL: SELECT * FROM `cates` WHERE ( pid=19 )  [ RunTime:0.000994s ]
SQL: SELECT * FROM `cates` WHERE ( pid=20 )  [ RunTime:0.001152s ]
SQL: SELECT * FROM `cates` WHERE ( pid=51 )  [ RunTime:0.000995s ]
SQL: SELECT * FROM `cates` WHERE ( pid=113 )  [ RunTime:0.000978s ]
NOTIC: [2] Invalid argument supplied for foreach() F:\wamp\www\test\Myweb\Home\Controller\IndexController.class.php 第 11 行.
SQL: SELECT * FROM `cates` WHERE ( pid=52 )  [ RunTime:0.001014s ]
SQL: SELECT * FROM `cates` WHERE ( pid=115 )  [ RunTime:0.001400s ]
NOTIC: [2] Invalid argument supplied for foreach() F:\wamp\www\test\Myweb\Home\Controller\IndexController.class.php 第 11 行.
SQL: SELECT * FROM `cates` WHERE ( pid=116 )  [ RunTime:0.001009s ]
NOTIC: [2] Invalid argument supplied for foreach() F:\wamp\www\test\Myweb\Home\Controller\IndexController.class.php 第 11 行.
SQL: SELECT * FROM `cates` WHERE ( pid=214 )  [ RunTime:0.001001s ]
SQL: SELECT * FROM `cates` WHERE ( pid=215 )  [ RunTime:0.000964s ]
NOTIC: [2] Invalid argument supplied for foreach() F:\wamp\www\test\Myweb\Home\Controller\IndexController.class.php 第 11 行.
SQL: SELECT * FROM `cates` WHERE ( pid=216 )  [ RunTime:0.000995s ]
NOTIC: [2] Invalid argument supplied for foreach() F:\wamp\www\test\Myweb\Home\Controller\IndexController.class.php 第 11 行.
SQL: SELECT * FROM `cates` WHERE ( pid=21 )  [ RunTime:0.001357s ]
SQL: SELECT * FROM `cates` WHERE ( pid=53 )  [ RunTime:0.001132s ]
SQL: SELECT * FROM `cates` WHERE ( pid=117 )  [ RunTime:0.000980s ]
NOTIC: [2] Invalid argument supplied for foreach() F:\wamp\www\test\Myweb\Home\Controller\IndexController.class.php 第 11 行.
SQL: SELECT * FROM `cates` WHERE ( pid=54 )  [ RunTime:0.001038s ]
SQL: SELECT * FROM `cates` WHERE ( pid=118 )  [ RunTime:0.000971s ]
NOTIC: [2] Invalid argument supplied for foreach() F:\wamp\www\test\Myweb\Home\Controller\IndexController.class.php 第 11 行.
SQL: SELECT * FROM `cates` WHERE ( pid=119 )  [ RunTime:0.001206s ]
NOTIC: [2] Invalid argument supplied for foreach() F:\wamp\www\test\Myweb\Home\Controller\IndexController.class.php 第 11 行.
SQL: SELECT * FROM `cates` WHERE ( pid=217 )  [ RunTime:0.000985s ]
SQL: SELECT * FROM `cates` WHERE ( pid=218 )  [ RunTime:0.001818s ]
NOTIC: [2] Invalid argument supplied for foreach() F:\wamp\www\test\Myweb\Home\Controller\IndexController.class.php 第 11 行.
SQL: SELECT * FROM `cates` WHERE ( pid=219 )  [ RunTime:0.001093s ]
NOTIC: [2] Invalid argument supplied for foreach() F:\wamp\www\test\Myweb\Home\Controller\IndexController.class.php 第 11 行.
SQL: SELECT * FROM `cates` WHERE ( pid=23 )  [ RunTime:0.001165s ]
SQL: SELECT * FROM `cates` WHERE ( pid=25 )  [ RunTime:0.001007s ]
SQL: SELECT * FROM `cates` WHERE ( pid=55 )  [ RunTime:0.001265s ]
SQL: SELECT * FROM `cates` WHERE ( pid=123 )  [ RunTime:0.000983s ]
NOTIC: [2] Invalid argument supplied for foreach() F:\wamp\www\test\Myweb\Home\Controller\IndexController.class.php 第 11 行.
SQL: SELECT * FROM `cates` WHERE ( pid=124 )  [ RunTime:0.001101s ]
NOTIC: [2] Invalid argument supplied for foreach() F:\wamp\www\test\Myweb\Home\Controller\IndexController.class.php 第 11 行.
SQL: SELECT * FROM `cates` WHERE ( pid=125 )  [ RunTime:0.002769s ]
NOTIC: [2] Invalid argument supplied for foreach() F:\wamp\www\test\Myweb\Home\Controller\IndexController.class.php 第 11 行.
SQL: SELECT * FROM `cates` WHERE ( pid=56 )  [ RunTime:0.001562s ]
SQL: SELECT * FROM `cates` WHERE ( pid=120 )  [ RunTime:0.001580s ]
NOTIC: [2] Invalid argument supplied for foreach() F:\wamp\www\test\Myweb\Home\Controller\IndexController.class.php 第 11 行.
SQL: SELECT * FROM `cates` WHERE ( pid=121 )  [ RunTime:0.002625s ]
NOTIC: [2] Invalid argument supplied for foreach() F:\wamp\www\test\Myweb\Home\Controller\IndexController.class.php 第 11 行.
SQL: SELECT * FROM `cates` WHERE ( pid=122 )  [ RunTime:0.001065s ]
NOTIC: [2] Invalid argument supplied for foreach() F:\wamp\www\test\Myweb\Home\Controller\IndexController.class.php 第 11 行.
SQL: SELECT * FROM `cates` WHERE ( pid=220 )  [ RunTime:0.001036s ]
SQL: SELECT * FROM `cates` WHERE ( pid=221 )  [ RunTime:0.001219s ]
NOTIC: [2] Invalid argument supplied for foreach() F:\wamp\www\test\Myweb\Home\Controller\IndexController.class.php 第 11 行.
SQL: SELECT * FROM `cates` WHERE ( pid=222 )  [ RunTime:0.000990s ]
NOTIC: [2] Invalid argument supplied for foreach() F:\wamp\www\test\Myweb\Home\Controller\IndexController.class.php 第 11 行.
SQL: SELECT * FROM `cates` WHERE ( pid=26 )  [ RunTime:0.001104s ]
SQL: SELECT * FROM `cates` WHERE ( pid=57 )  [ RunTime:0.001014s ]
SQL: SELECT * FROM `cates` WHERE ( pid=128 )  [ RunTime:0.001152s ]
NOTIC: [2] Invalid argument supplied for foreach() F:\wamp\www\test\Myweb\Home\Controller\IndexController.class.php 第 11 行.
SQL: SELECT * FROM `cates` WHERE ( pid=129 )  [ RunTime:0.000994s ]
NOTIC: [2] Invalid argument supplied for foreach() F:\wamp\www\test\Myweb\Home\Controller\IndexController.class.php 第 11 行.
SQL: SELECT * FROM `cates` WHERE ( pid=130 )  [ RunTime:0.001000s ]
NOTIC: [2] Invalid argument supplied for foreach() F:\wamp\www\test\Myweb\Home\Controller\IndexController.class.php 第 11 行.
SQL: SELECT * FROM `cates` WHERE ( pid=58 )  [ RunTime:0.000992s ]
SQL: SELECT * FROM `cates` WHERE ( pid=126 )  [ RunTime:0.001109s ]
NOTIC: [2] Invalid argument supplied for foreach() F:\wamp\www\test\Myweb\Home\Controller\IndexController.class.php 第 11 行.
SQL: SELECT * FROM `cates` WHERE ( pid=127 )  [ RunTime:0.000963s ]
NOTIC: [2] Invalid argument supplied for foreach() F:\wamp\www\test\Myweb\Home\Controller\IndexController.class.php 第 11 行.
SQL: SELECT * FROM `cates` WHERE ( pid=223 )  [ RunTime:0.002455s ]
SQL: SELECT * FROM `cates` WHERE ( pid=224 )  [ RunTime:0.001367s ]
NOTIC: [2] Invalid argument supplied for foreach() F:\wamp\www\test\Myweb\Home\Controller\IndexController.class.php 第 11 行.
SQL: SELECT * FROM `cates` WHERE ( pid=225 )  [ RunTime:0.001435s ]
NOTIC: [2] Invalid argument supplied for foreach() F:\wamp\www\test\Myweb\Home\Controller\IndexController.class.php 第 11 行.
SQL: SELECT * FROM `cates` WHERE ( pid=27 )  [ RunTime:0.001167s ]
SQL: SELECT * FROM `cates` WHERE ( pid=28 )  [ RunTime:0.001081s ]
SQL: SELECT * FROM `cates` WHERE ( pid=59 )  [ RunTime:0.001984s ]
SQL: SELECT * FROM `cates` WHERE ( pid=131 )  [ RunTime:0.001183s ]
NOTIC: [2] Invalid argument supplied for foreach() F:\wamp\www\test\Myweb\Home\Controller\IndexController.class.php 第 11 行.
SQL: SELECT * FROM `cates` WHERE ( pid=132 )  [ RunTime:0.001015s ]
NOTIC: [2] Invalid argument supplied for foreach() F:\wamp\www\test\Myweb\Home\Controller\IndexController.class.php 第 11 行.
SQL: SELECT * FROM `cates` WHERE ( pid=133 )  [ RunTime:0.000966s ]
NOTIC: [2] Invalid argument supplied for foreach() F:\wamp\www\test\Myweb\Home\Controller\IndexController.class.php 第 11 行.
SQL: SELECT * FROM `cates` WHERE ( pid=61 )  [ RunTime:0.001019s ]
SQL: SELECT * FROM `cates` WHERE ( pid=134 )  [ RunTime:0.000976s ]
NOTIC: [2] Invalid argument supplied for foreach() F:\wamp\www\test\Myweb\Home\Controller\IndexController.class.php 第 11 行.
SQL: SELECT * FROM `cates` WHERE ( pid=135 )  [ RunTime:0.000959s ]
NOTIC: [2] Invalid argument supplied for foreach() F:\wamp\www\test\Myweb\Home\Controller\IndexController.class.php 第 11 行.
SQL: SELECT * FROM `cates` WHERE ( pid=136 )  [ RunTime:0.001220s ]
NOTIC: [2] Invalid argument supplied for foreach() F:\wamp\www\test\Myweb\Home\Controller\IndexController.class.php 第 11 行.
SQL: SELECT * FROM `cates` WHERE ( pid=137 )  [ RunTime:0.001032s ]
NOTIC: [2] Invalid argument supplied for foreach() F:\wamp\www\test\Myweb\Home\Controller\IndexController.class.php 第 11 行.
SQL: SELECT * FROM `cates` WHERE ( pid=226 )  [ RunTime:0.001002s ]
SQL: SELECT * FROM `cates` WHERE ( pid=228 )  [ RunTime:0.000956s ]
NOTIC: [2] Invalid argument supplied for foreach() F:\wamp\www\test\Myweb\Home\Controller\IndexController.class.php 第 11 行.
SQL: SELECT * FROM `cates` WHERE ( pid=229 )  [ RunTime:0.000967s ]
NOTIC: [2] Invalid argument supplied for foreach() F:\wamp\www\test\Myweb\Home\Controller\IndexController.class.php 第 11 行.
SQL: SELECT * FROM `cates` WHERE ( pid=29 )  [ RunTime:0.001005s ]
SQL: SELECT * FROM `cates` WHERE ( pid=62 )  [ RunTime:0.003009s ]
SQL: SELECT * FROM `cates` WHERE ( pid=138 )  [ RunTime:0.001036s ]
NOTIC: [2] Invalid argument supplied for foreach() F:\wamp\www\test\Myweb\Home\Controller\IndexController.class.php 第 11 行.
SQL: SELECT * FROM `cates` WHERE ( pid=139 )  [ RunTime:0.000986s ]
NOTIC: [2] Invalid argument supplied for foreach() F:\wamp\www\test\Myweb\Home\Controller\IndexController.class.php 第 11 行.
SQL: SELECT * FROM `cates` WHERE ( pid=63 )  [ RunTime:0.001108s ]
SQL: SELECT * FROM `cates` WHERE ( pid=140 )  [ RunTime:0.000963s ]
NOTIC: [2] Invalid argument supplied for foreach() F:\wamp\www\test\Myweb\Home\Controller\IndexController.class.php 第 11 行.
SQL: SELECT * FROM `cates` WHERE ( pid=141 )  [ RunTime:0.000968s ]
NOTIC: [2] Invalid argument supplied for foreach() F:\wamp\www\test\Myweb\Home\Controller\IndexController.class.php 第 11 行.
SQL: SELECT * FROM `cates` WHERE ( pid=142 )  [ RunTime:0.002037s ]
NOTIC: [2] Invalid argument supplied for foreach() F:\wamp\www\test\Myweb\Home\Controller\IndexController.class.php 第 11 行.
SQL: SELECT * FROM `cates` WHERE ( pid=143 )  [ RunTime:0.001026s ]
NOTIC: [2] Invalid argument supplied for foreach() F:\wamp\www\test\Myweb\Home\Controller\IndexController.class.php 第 11 行.
SQL: SELECT * FROM `cates` WHERE ( pid=144 )  [ RunTime:0.000968s ]
NOTIC: [2] Invalid argument supplied for foreach() F:\wamp\www\test\Myweb\Home\Controller\IndexController.class.php 第 11 行.
SQL: SELECT * FROM `cates` WHERE ( pid=227 )  [ RunTime:0.000992s ]
SQL: SELECT * FROM `cates` WHERE ( pid=230 )  [ RunTime:0.000972s ]
NOTIC: [2] Invalid argument supplied for foreach() F:\wamp\www\test\Myweb\Home\Controller\IndexController.class.php 第 11 行.
SQL: SELECT * FROM `cates` WHERE ( pid=231 )  [ RunTime:0.000954s ]
NOTIC: [2] Invalid argument supplied for foreach() F:\wamp\www\test\Myweb\Home\Controller\IndexController.class.php 第 11 行.
SQL: SELECT * FROM `cates` WHERE ( pid=31 )  [ RunTime:0.001007s ]
SQL: SELECT * FROM `cates` WHERE ( pid=32 )  [ RunTime:0.001640s ]
SQL: SELECT * FROM `cates` WHERE ( pid=69 )  [ RunTime:0.001077s ]
SQL: SELECT * FROM `cates` WHERE ( pid=158 )  [ RunTime:0.001582s ]
NOTIC: [2] Invalid argument supplied for foreach() F:\wamp\www\test\Myweb\Home\Controller\IndexController.class.php 第 11 行.
SQL: SELECT * FROM `cates` WHERE ( pid=159 )  [ RunTime:0.001044s ]
NOTIC: [2] Invalid argument supplied for foreach() F:\wamp\www\test\Myweb\Home\Controller\IndexController.class.php 第 11 行.
SQL: SELECT * FROM `cates` WHERE ( pid=160 )  [ RunTime:0.001000s ]
NOTIC: [2] Invalid argument supplied for foreach() F:\wamp\www\test\Myweb\Home\Controller\IndexController.class.php 第 11 行.
SQL: SELECT * FROM `cates` WHERE ( pid=161 )  [ RunTime:0.000976s ]
NOTIC: [2] Invalid argument supplied for foreach() F:\wamp\www\test\Myweb\Home\Controller\IndexController.class.php 第 11 行.
SQL: SELECT * FROM `cates` WHERE ( pid=70 )  [ RunTime:0.000999s ]
SQL: SELECT * FROM `cates` WHERE ( pid=162 )  [ RunTime:0.003896s ]
NOTIC: [2] Invalid argument supplied for foreach() F:\wamp\www\test\Myweb\Home\Controller\IndexController.class.php 第 11 行.
SQL: SELECT * FROM `cates` WHERE ( pid=163 )  [ RunTime:0.001676s ]
NOTIC: [2] Invalid argument supplied for foreach() F:\wamp\www\test\Myweb\Home\Controller\IndexController.class.php 第 11 行.
SQL: SELECT * FROM `cates` WHERE ( pid=164 )  [ RunTime:0.001527s ]
NOTIC: [2] Invalid argument supplied for foreach() F:\wamp\www\test\Myweb\Home\Controller\IndexController.class.php 第 11 行.
SQL: SELECT * FROM `cates` WHERE ( pid=237 )  [ RunTime:0.001542s ]
SQL: SELECT * FROM `cates` WHERE ( pid=239 )  [ RunTime:0.001791s ]
NOTIC: [2] Invalid argument supplied for foreach() F:\wamp\www\test\Myweb\Home\Controller\IndexController.class.php 第 11 行.
SQL: SELECT * FROM `cates` WHERE ( pid=240 )  [ RunTime:0.002003s ]
NOTIC: [2] Invalid argument supplied for foreach() F:\wamp\www\test\Myweb\Home\Controller\IndexController.class.php 第 11 行.
SQL: SELECT * FROM `cates` WHERE ( pid=34 )  [ RunTime:0.001663s ]
SQL: SELECT * FROM `cates` WHERE ( pid=71 )  [ RunTime:0.004407s ]
SQL: SELECT * FROM `cates` WHERE ( pid=165 )  [ RunTime:0.001204s ]
NOTIC: [2] Invalid argument supplied for foreach() F:\wamp\www\test\Myweb\Home\Controller\IndexController.class.php 第 11 行.
SQL: SELECT * FROM `cates` WHERE ( pid=166 )  [ RunTime:0.001079s ]
NOTIC: [2] Invalid argument supplied for foreach() F:\wamp\www\test\Myweb\Home\Controller\IndexController.class.php 第 11 行.
SQL: SELECT * FROM `cates` WHERE ( pid=72 )  [ RunTime:0.000829s ]
SQL: SELECT * FROM `cates` WHERE ( pid=167 )  [ RunTime:0.000764s ]
NOTIC: [2] Invalid argument supplied for foreach() F:\wamp\www\test\Myweb\Home\Controller\IndexController.class.php 第 11 行.
SQL: SELECT * FROM `cates` WHERE ( pid=168 )  [ RunTime:0.000759s ]
NOTIC: [2] Invalid argument supplied for foreach() F:\wamp\www\test\Myweb\Home\Controller\IndexController.class.php 第 11 行.
SQL: SELECT * FROM `cates` WHERE ( pid=238 )  [ RunTime:0.000789s ]
SQL: SELECT * FROM `cates` WHERE ( pid=241 )  [ RunTime:0.000778s ]
NOTIC: [2] Invalid argument supplied for foreach() F:\wamp\www\test\Myweb\Home\Controller\IndexController.class.php 第 11 行.
SQL: SELECT * FROM `cates` WHERE ( pid=242 )  [ RunTime:0.000762s ]
NOTIC: [2] Invalid argument supplied for foreach() F:\wamp\www\test\Myweb\Home\Controller\IndexController.class.php 第 11 行.
SQL: SELECT * FROM `cates` WHERE ( pid=35 )  [ RunTime:0.000850s ]
SQL: SELECT * FROM `cates` WHERE ( pid=36 )  [ RunTime:0.000800s ]
SQL: SELECT * FROM `cates` WHERE ( pid=73 )  [ RunTime:0.000880s ]
SQL: SELECT * FROM `cates` WHERE ( pid=169 )  [ RunTime:0.000908s ]
NOTIC: [2] Invalid argument supplied for foreach() F:\wamp\www\test\Myweb\Home\Controller\IndexController.class.php 第 11 行.
SQL: SELECT * FROM `cates` WHERE ( pid=170 )  [ RunTime:0.000768s ]
NOTIC: [2] Invalid argument supplied for foreach() F:\wamp\www\test\Myweb\Home\Controller\IndexController.class.php 第 11 行.
SQL: SELECT * FROM `cates` WHERE ( pid=171 )  [ RunTime:0.000773s ]
NOTIC: [2] Invalid argument supplied for foreach() F:\wamp\www\test\Myweb\Home\Controller\IndexController.class.php 第 11 行.
SQL: SELECT * FROM `cates` WHERE ( pid=74 )  [ RunTime:0.000795s ]
SQL: SELECT * FROM `cates` WHERE ( pid=172 )  [ RunTime:0.000769s ]
NOTIC: [2] Invalid argument supplied for foreach() F:\wamp\www\test\Myweb\Home\Controller\IndexController.class.php 第 11 行.
SQL: SELECT * FROM `cates` WHERE ( pid=173 )  [ RunTime:0.000767s ]
NOTIC: [2] Invalid argument supplied for foreach() F:\wamp\www\test\Myweb\Home\Controller\IndexController.class.php 第 11 行.
SQL: SELECT * FROM `cates` WHERE ( pid=174 )  [ RunTime:0.001110s ]
NOTIC: [2] Invalid argument supplied for foreach() F:\wamp\www\test\Myweb\Home\Controller\IndexController.class.php 第 11 行.
SQL: SELECT * FROM `cates` WHERE ( pid=243 )  [ RunTime:0.000749s ]
SQL: SELECT * FROM `cates` WHERE ( pid=244 )  [ RunTime:0.000795s ]
NOTIC: [2] Invalid argument supplied for foreach() F:\wamp\www\test\Myweb\Home\Controller\IndexController.class.php 第 11 行.
SQL: SELECT * FROM `cates` WHERE ( pid=245 )  [ RunTime:0.000876s ]
NOTIC: [2] Invalid argument supplied for foreach() F:\wamp\www\test\Myweb\Home\Controller\IndexController.class.php 第 11 行.
SQL: SELECT * FROM `cates` WHERE ( pid=37 )  [ RunTime:0.000749s ]
SQL: SELECT * FROM `cates` WHERE ( pid=75 )  [ RunTime:0.000721s ]
SQL: SELECT * FROM `cates` WHERE ( pid=175 )  [ RunTime:0.000716s ]
NOTIC: [2] Invalid argument supplied for foreach() F:\wamp\www\test\Myweb\Home\Controller\IndexController.class.php 第 11 行.
SQL: SELECT * FROM `cates` WHERE ( pid=176 )  [ RunTime:0.000740s ]
NOTIC: [2] Invalid argument supplied for foreach() F:\wamp\www\test\Myweb\Home\Controller\IndexController.class.php 第 11 行.
SQL: SELECT * FROM `cates` WHERE ( pid=76 )  [ RunTime:0.000780s ]
SQL: SELECT * FROM `cates` WHERE ( pid=177 )  [ RunTime:0.000718s ]
NOTIC: [2] Invalid argument supplied for foreach() F:\wamp\www\test\Myweb\Home\Controller\IndexController.class.php 第 11 行.
SQL: SELECT * FROM `cates` WHERE ( pid=178 )  [ RunTime:0.000702s ]
NOTIC: [2] Invalid argument supplied for foreach() F:\wamp\www\test\Myweb\Home\Controller\IndexController.class.php 第 11 行.
SQL: SELECT * FROM `cates` WHERE ( pid=246 )  [ RunTime:0.001595s ]
SQL: SELECT * FROM `cates` WHERE ( pid=247 )  [ RunTime:0.000752s ]
NOTIC: [2] Invalid argument supplied for foreach() F:\wamp\www\test\Myweb\Home\Controller\IndexController.class.php 第 11 行.
SQL: SELECT * FROM `cates` WHERE ( pid=248 )  [ RunTime:0.000726s ]
NOTIC: [2] Invalid argument supplied for foreach() F:\wamp\www\test\Myweb\Home\Controller\IndexController.class.php 第 11 行.
SQL: SELECT * FROM `cates` WHERE ( pid=39 )  [ RunTime:0.000726s ]
SQL: SELECT * FROM `cates` WHERE ( pid=41 )  [ RunTime:0.000738s ]
SQL: SELECT * FROM `cates` WHERE ( pid=77 )  [ RunTime:0.000759s ]
SQL: SELECT * FROM `cates` WHERE ( pid=179 )  [ RunTime:0.000713s ]
NOTIC: [2] Invalid argument supplied for foreach() F:\wamp\www\test\Myweb\Home\Controller\IndexController.class.php 第 11 行.
SQL: SELECT * FROM `cates` WHERE ( pid=180 )  [ RunTime:0.000717s ]
NOTIC: [2] Invalid argument supplied for foreach() F:\wamp\www\test\Myweb\Home\Controller\IndexController.class.php 第 11 行.
SQL: SELECT * FROM `cates` WHERE ( pid=181 )  [ RunTime:0.000716s ]
NOTIC: [2] Invalid argument supplied for foreach() F:\wamp\www\test\Myweb\Home\Controller\IndexController.class.php 第 11 行.
SQL: SELECT * FROM `cates` WHERE ( pid=182 )  [ RunTime:0.000694s ]
NOTIC: [2] Invalid argument supplied for foreach() F:\wamp\www\test\Myweb\Home\Controller\IndexController.class.php 第 11 行.
SQL: SELECT * FROM `cates` WHERE ( pid=78 )  [ RunTime:0.000866s ]
SQL: SELECT * FROM `cates` WHERE ( pid=183 )  [ RunTime:0.000732s ]
NOTIC: [2] Invalid argument supplied for foreach() F:\wamp\www\test\Myweb\Home\Controller\IndexController.class.php 第 11 行.
SQL: SELECT * FROM `cates` WHERE ( pid=184 )  [ RunTime:0.000713s ]
NOTIC: [2] Invalid argument supplied for foreach() F:\wamp\www\test\Myweb\Home\Controller\IndexController.class.php 第 11 行.
SQL: SELECT * FROM `cates` WHERE ( pid=185 )  [ RunTime:0.000959s ]
NOTIC: [2] Invalid argument supplied for foreach() F:\wamp\www\test\Myweb\Home\Controller\IndexController.class.php 第 11 行.
SQL: SELECT * FROM `cates` WHERE ( pid=249 )  [ RunTime:0.000746s ]
SQL: SELECT * FROM `cates` WHERE ( pid=250 )  [ RunTime:0.000782s ]
NOTIC: [2] Invalid argument supplied for foreach() F:\wamp\www\test\Myweb\Home\Controller\IndexController.class.php 第 11 行.
SQL: SELECT * FROM `cates` WHERE ( pid=251 )  [ RunTime:0.000718s ]
NOTIC: [2] Invalid argument supplied for foreach() F:\wamp\www\test\Myweb\Home\Controller\IndexController.class.php 第 11 行.
SQL: SELECT * FROM `cates` WHERE ( pid=252 )  [ RunTime:0.000697s ]
NOTIC: [2] Invalid argument supplied for foreach() F:\wamp\www\test\Myweb\Home\Controller\IndexController.class.php 第 11 行.
SQL: SELECT * FROM `cates` WHERE ( pid=42 )  [ RunTime:0.000749s ]
SQL: SELECT * FROM `cates` WHERE ( pid=83 )  [ RunTime:0.001036s ]
SQL: SELECT * FROM `cates` WHERE ( pid=186 )  [ RunTime:0.000734s ]
NOTIC: [2] Invalid argument supplied for foreach() F:\wamp\www\test\Myweb\Home\Controller\IndexController.class.php 第 11 行.
SQL: SELECT * FROM `cates` WHERE ( pid=187 )  [ RunTime:0.000914s ]
NOTIC: [2] Invalid argument supplied for foreach() F:\wamp\www\test\Myweb\Home\Controller\IndexController.class.php 第 11 行.
SQL: SELECT * FROM `cates` WHERE ( pid=188 )  [ RunTime:0.000722s ]
NOTIC: [2] Invalid argument supplied for foreach() F:\wamp\www\test\Myweb\Home\Controller\IndexController.class.php 第 11 行.
SQL: SELECT * FROM `cates` WHERE ( pid=84 )  [ RunTime:0.000731s ]
SQL: SELECT * FROM `cates` WHERE ( pid=189 )  [ RunTime:0.000717s ]
NOTIC: [2] Invalid argument supplied for foreach() F:\wamp\www\test\Myweb\Home\Controller\IndexController.class.php 第 11 行.
SQL: SELECT * FROM `cates` WHERE ( pid=190 )  [ RunTime:0.000706s ]
NOTIC: [2] Invalid argument supplied for foreach() F:\wamp\www\test\Myweb\Home\Controller\IndexController.class.php 第 11 行.
SQL: SELECT * FROM `cates` WHERE ( pid=253 )  [ RunTime:0.000713s ]
SQL: SELECT * FROM `cates` WHERE ( pid=254 )  [ RunTime:0.000868s ]
NOTIC: [2] Invalid argument supplied for foreach() F:\wamp\www\test\Myweb\Home\Controller\IndexController.class.php 第 11 行.
SQL: SELECT * FROM `cates` WHERE ( pid=255 )  [ RunTime:0.000893s ]
NOTIC: [2] Invalid argument supplied for foreach() F:\wamp\www\test\Myweb\Home\Controller\IndexController.class.php 第 11 行.
SQL: SHOW COLUMNS FROM `goods` [ RunTime:0.004890s ]
SQL: SELECT * FROM `goods` WHERE ( status!='3' ) LIMIT 0,3   [ RunTime:0.001712s ]
SQL: select * from goods where status!='3' order by id desc limit 0,4 [ RunTime:0.001205s ]
SQL: select * from goods where typeid=3 and status!='3' limit 0,7 [ RunTime:0.002157s ]
SQL: select * from goods where typeid=7 and status!='3' limit 0,7 [ RunTime:0.001202s ]
SQL: select * from goods where typeid=11 and status!='3' limit 0,7 [ RunTime:0.001201s ]
SQL: select * from goods where typeid=15 and status!='3' limit 0,7 [ RunTime:0.001255s ]
SQL: select * from goods where typeid=19 and status!='3' limit 0,7 [ RunTime:0.001167s ]
SQL: select * from goods where typeid=23 and status!='3' limit 0,7 [ RunTime:0.001114s ]
SQL: select * from goods where typeid=27 and status!='3' limit 0,7 [ RunTime:0.001188s ]
SQL: select * from goods where typeid=31 and status!='3' limit 0,7 [ RunTime:0.001123s ]
SQL: select * from goods where typeid=35 and status!='3' limit 0,7 [ RunTime:0.001328s ]
SQL: select * from goods where typeid=39 and status!='3' limit 0,7 [ RunTime:0.001156s ]
SQL: SHOW COLUMNS FROM `lunbos` [ RunTime:0.018616s ]
SQL: SELECT * FROM `lunbos` WHERE `status` = 1  [ RunTime:0.001235s ]
SQL: SHOW COLUMNS FROM `adverts` [ RunTime:0.007013s ]
SQL: SELECT * FROM `adverts` LIMIT 0,7   [ RunTime:0.001208s ]
SQL: SHOW COLUMNS FROM `friends` [ RunTime:0.020153s ]
SQL: SELECT * FROM `friends` LIMIT 0,20   [ RunTime:0.000821s ]
INFO: [ view_parse ] --START--
INFO: [ template_filter ] --START--
INFO: Run Behavior\ContentReplaceBehavior [ RunTime:0.000587s ]
INFO: [ template_filter ] --END-- [ RunTime:0.000769s ]
NOTIC: [8] Undefined index: username2 F:\wamp\www\test\Myweb\Runtime\Cache\Home\9485de9478e82fac04c3714025ac334a.php 第 30 行.
NOTIC: [8] Undefined index: username2 F:\wamp\www\test\Myweb\Runtime\Cache\Home\9485de9478e82fac04c3714025ac334a.php 第 33 行.
NOTIC: [8] Undefined index: username2 F:\wamp\www\test\Myweb\Runtime\Cache\Home\9485de9478e82fac04c3714025ac334a.php 第 38 行.
NOTIC: [8] Undefined index: goods F:\wamp\www\test\Myweb\Runtime\Cache\Home\9485de9478e82fac04c3714025ac334a.php 第 56 行.
NOTIC: [8] Undefined index: username2 F:\wamp\www\test\Myweb\Runtime\Cache\Home\9485de9478e82fac04c3714025ac334a.php 第 656 行.
NOTIC: [8] Undefined index: pic2 F:\wamp\www\test\Myweb\Runtime\Cache\Home\9485de9478e82fac04c3714025ac334a.php 第 658 行.
NOTIC: [8] Undefined index: count2 F:\wamp\www\test\Myweb\Runtime\Cache\Home\9485de9478e82fac04c3714025ac334a.php 第 690 行.
INFO: Run Behavior\ParseTemplateBehavior [ RunTime:0.227821s ]
INFO: [ view_parse ] --END-- [ RunTime:0.228045s ]
INFO: [ view_filter ] --START--
INFO: Run Behavior\WriteHtmlCacheBehavior [ RunTime:0.027555s ]
INFO: [ view_filter ] --END-- [ RunTime:0.028003s ]
INFO: [ app_end ] --START--
INFO: Run Behavior\ShowPageTraceBehavior [ RunTime:0.021647s ]
INFO: [ app_end ] --END-- [ RunTime:0.022158s ]

[ 2017-05-22T07:28:14+08:00 ] ::1 /test/index.php/Home/Introduct/index?id=249&pid=23
INFO: [ app_init ] --START--
INFO: Run Behavior\BuildLiteBehavior [ RunTime:0.000028s ]
INFO: [ app_init ] --END-- [ RunTime:0.000632s ]
INFO: [ app_begin ] --START--
INFO: Run Behavior\ReadHtmlCacheBehavior [ RunTime:0.000951s ]
INFO: [ app_begin ] --END-- [ RunTime:0.001085s ]
SQL: SHOW COLUMNS FROM `goods` [ RunTime:0.001670s ]
SQL: SELECT * FROM `goods` WHERE ( id=249 )  [ RunTime:0.000559s ]
SQL: SELECT * FROM `goods` WHERE ( typeid=23 ) LIMIT 5,5   [ RunTime:0.001534s ]
SQL: SELECT * FROM `goods` WHERE ( typeid=23 )  [ RunTime:0.000854s ]
SQL: SHOW COLUMNS FROM `articles` [ RunTime:0.033176s ]
SQL: SELECT * FROM `articles` WHERE ( goods_id=249 )  [ RunTime:0.000887s ]
NOTIC: [2] Invalid argument supplied for foreach() F:\wamp\www\test\Myweb\Home\Controller\IntroductController.class.php 第 33 行.
NOTIC: [8] Undefined variable: value0 F:\wamp\www\test\Myweb\Home\Controller\IntroductController.class.php 第 38 行.
SQL: select goods.*,articles.* from articles,goods where goods.id= and goods.id=articles.goods_id [ RunTime:0.006244s ]
ERR: 1064:You have an error in your SQL syntax; check the manual that corresponds to your MySQL server version for the right syntax to use near 'and goods.id=articles.goods_id' at line 1
 [ SQL语句 ] : select goods.*,articles.* from articles,goods where goods.id= and goods.id=articles.goods_id
NOTIC: [2] Invalid argument supplied for foreach() F:\wamp\www\test\Myweb\Home\Controller\IntroductController.class.php 第 51 行.
SQL: SELECT * FROM `articles` WHERE ( goods_id=249 )  [ RunTime:0.000758s ]
INFO: [ view_parse ] --START--
INFO: [ template_filter ] --START--
INFO: Run Behavior\ContentReplaceBehavior [ RunTime:0.001090s ]
INFO: [ template_filter ] --END-- [ RunTime:0.001513s ]
NOTIC: [8] Undefined index: username2 F:\wamp\www\test\Myweb\Runtime\Cache\Home\4f1dc9750de03e55c07bd7560f45d4cf.php 第 29 行.
NOTIC: [8] Undefined index: username2 F:\wamp\www\test\Myweb\Runtime\Cache\Home\4f1dc9750de03e55c07bd7560f45d4cf.php 第 32 行.
NOTIC: [8] Undefined index: username2 F:\wamp\www\test\Myweb\Runtime\Cache\Home\4f1dc9750de03e55c07bd7560f45d4cf.php 第 37 行.
NOTIC: [8] Undefined index: goods F:\wamp\www\test\Myweb\Runtime\Cache\Home\4f1dc9750de03e55c07bd7560f45d4cf.php 第 55 行.
INFO: Run Behavior\ParseTemplateBehavior [ RunTime:0.171363s ]
INFO: [ view_parse ] --END-- [ RunTime:0.171899s ]
INFO: [ view_filter ] --START--
INFO: Run Behavior\WriteHtmlCacheBehavior [ RunTime:0.002810s ]
INFO: [ view_filter ] --END-- [ RunTime:0.003202s ]
INFO: [ app_end ] --START--
INFO: Run Behavior\ShowPageTraceBehavior [ RunTime:0.007253s ]
INFO: [ app_end ] --END-- [ RunTime:0.007981s ]

[ 2017-05-22T07:28:20+08:00 ] ::1 /test/index.php/Home/Introduct/index?id=249&pid=23
INFO: [ app_init ] --START--
INFO: Run Behavior\BuildLiteBehavior [ RunTime:0.000027s ]
INFO: [ app_init ] --END-- [ RunTime:0.000542s ]
INFO: [ app_begin ] --START--
INFO: Run Behavior\ReadHtmlCacheBehavior [ RunTime:0.000618s ]
INFO: [ app_begin ] --END-- [ RunTime:0.000744s ]
SQL: SHOW COLUMNS FROM `goods` [ RunTime:0.001021s ]
SQL: SELECT * FROM `goods` WHERE ( id=249 )  [ RunTime:0.000323s ]
SQL: SELECT * FROM `goods` WHERE ( typeid=23 ) LIMIT 5,5   [ RunTime:0.000407s ]
SQL: SELECT * FROM `goods` WHERE ( typeid=23 )  [ RunTime:0.000457s ]
SQL: SHOW COLUMNS FROM `articles` [ RunTime:0.000719s ]
SQL: SELECT * FROM `articles` WHERE ( goods_id=249 )  [ RunTime:0.000256s ]
NOTIC: [2] Invalid argument supplied for foreach() F:\wamp\www\test\Myweb\Home\Controller\IntroductController.class.php 第 33 行.
NOTIC: [8] Undefined variable: value0 F:\wamp\www\test\Myweb\Home\Controller\IntroductController.class.php 第 38 行.
SQL: select goods.*,articles.* from articles,goods where goods.id= and goods.id=articles.goods_id [ RunTime:0.000157s ]
ERR: 1064:You have an error in your SQL syntax; check the manual that corresponds to your MySQL server version for the right syntax to use near 'and goods.id=articles.goods_id' at line 1
 [ SQL语句 ] : select goods.*,articles.* from articles,goods where goods.id= and goods.id=articles.goods_id
NOTIC: [2] Invalid argument supplied for foreach() F:\wamp\www\test\Myweb\Home\Controller\IntroductController.class.php 第 51 行.
SQL: SELECT * FROM `articles` WHERE ( goods_id=249 )  [ RunTime:0.000227s ]
INFO: [ view_parse ] --START--
INFO: [ template_filter ] --START--
INFO: Run Behavior\ContentReplaceBehavior [ RunTime:0.000439s ]
INFO: [ template_filter ] --END-- [ RunTime:0.000613s ]
NOTIC: [8] Undefined index: username2 F:\wamp\www\test\Myweb\Runtime\Cache\Home\4f1dc9750de03e55c07bd7560f45d4cf.php 第 29 行.
NOTIC: [8] Undefined index: username2 F:\wamp\www\test\Myweb\Runtime\Cache\Home\4f1dc9750de03e55c07bd7560f45d4cf.php 第 32 行.
NOTIC: [8] Undefined index: username2 F:\wamp\www\test\Myweb\Runtime\Cache\Home\4f1dc9750de03e55c07bd7560f45d4cf.php 第 37 行.
NOTIC: [8] Undefined index: goods F:\wamp\www\test\Myweb\Runtime\Cache\Home\4f1dc9750de03e55c07bd7560f45d4cf.php 第 55 行.
INFO: Run Behavior\ParseTemplateBehavior [ RunTime:0.041119s ]
INFO: [ view_parse ] --END-- [ RunTime:0.041335s ]
INFO: [ view_filter ] --START--
INFO: Run Behavior\WriteHtmlCacheBehavior [ RunTime:0.000665s ]
INFO: [ view_filter ] --END-- [ RunTime:0.000824s ]
INFO: [ app_end ] --START--
INFO: Run Behavior\ShowPageTraceBehavior [ RunTime:0.005689s ]
INFO: [ app_end ] --END-- [ RunTime:0.005984s ]

[ 2017-05-22T07:28:32+08:00 ] ::1 /test/index.php/Home/Introduct/index?id=72&pid=23
INFO: [ app_init ] --START--
INFO: Run Behavior\BuildLiteBehavior [ RunTime:0.000026s ]
INFO: [ app_init ] --END-- [ RunTime:0.000539s ]
INFO: [ app_begin ] --START--
INFO: Run Behavior\ReadHtmlCacheBehavior [ RunTime:0.000609s ]
INFO: [ app_begin ] --END-- [ RunTime:0.000734s ]
SQL: SHOW COLUMNS FROM `goods` [ RunTime:0.000956s ]
SQL: SELECT * FROM `goods` WHERE ( id=72 )  [ RunTime:0.000347s ]
SQL: SELECT * FROM `goods` WHERE ( typeid=23 ) LIMIT 5,5   [ RunTime:0.000407s ]
SQL: SELECT * FROM `goods` WHERE ( typeid=23 )  [ RunTime:0.000456s ]
SQL: SHOW COLUMNS FROM `articles` [ RunTime:0.000738s ]
SQL: SELECT * FROM `articles` WHERE ( goods_id=72 )  [ RunTime:0.000258s ]
NOTIC: [2] Invalid argument supplied for foreach() F:\wamp\www\test\Myweb\Home\Controller\IntroductController.class.php 第 33 行.
NOTIC: [8] Undefined variable: value0 F:\wamp\www\test\Myweb\Home\Controller\IntroductController.class.php 第 38 行.
SQL: select goods.*,articles.* from articles,goods where goods.id= and goods.id=articles.goods_id [ RunTime:0.000155s ]
ERR: 1064:You have an error in your SQL syntax; check the manual that corresponds to your MySQL server version for the right syntax to use near 'and goods.id=articles.goods_id' at line 1
 [ SQL语句 ] : select goods.*,articles.* from articles,goods where goods.id= and goods.id=articles.goods_id
NOTIC: [2] Invalid argument supplied for foreach() F:\wamp\www\test\Myweb\Home\Controller\IntroductController.class.php 第 51 行.
SQL: SELECT * FROM `articles` WHERE ( goods_id=72 )  [ RunTime:0.000233s ]
INFO: [ view_parse ] --START--
INFO: [ template_filter ] --START--
INFO: Run Behavior\ContentReplaceBehavior [ RunTime:0.000326s ]
INFO: [ template_filter ] --END-- [ RunTime:0.000456s ]
NOTIC: [8] Undefined index: username2 F:\wamp\www\test\Myweb\Runtime\Cache\Home\4f1dc9750de03e55c07bd7560f45d4cf.php 第 29 行.
NOTIC: [8] Undefined index: username2 F:\wamp\www\test\Myweb\Runtime\Cache\Home\4f1dc9750de03e55c07bd7560f45d4cf.php 第 32 行.
NOTIC: [8] Undefined index: username2 F:\wamp\www\test\Myweb\Runtime\Cache\Home\4f1dc9750de03e55c07bd7560f45d4cf.php 第 37 行.
NOTIC: [8] Undefined index: goods F:\wamp\www\test\Myweb\Runtime\Cache\Home\4f1dc9750de03e55c07bd7560f45d4cf.php 第 55 行.
INFO: Run Behavior\ParseTemplateBehavior [ RunTime:0.035145s ]
INFO: [ view_parse ] --END-- [ RunTime:0.035372s ]
INFO: [ view_filter ] --START--
INFO: Run Behavior\WriteHtmlCacheBehavior [ RunTime:0.000591s ]
INFO: [ view_filter ] --END-- [ RunTime:0.000753s ]
INFO: [ app_end ] --START--
INFO: Run Behavior\ShowPageTraceBehavior [ RunTime:0.001133s ]
INFO: [ app_end ] --END-- [ RunTime:0.001368s ]

[ 2017-05-22T07:28:35+08:00 ] ::1 /test/index.php/Home/Introduct/index?id=241&pid=23
INFO: [ app_init ] --START--
INFO: Run Behavior\BuildLiteBehavior [ RunTime:0.000026s ]
INFO: [ app_init ] --END-- [ RunTime:0.000506s ]
INFO: [ app_begin ] --START--
INFO: Run Behavior\ReadHtmlCacheBehavior [ RunTime:0.000523s ]
INFO: [ app_begin ] --END-- [ RunTime:0.000647s ]
SQL: SHOW COLUMNS FROM `goods` [ RunTime:0.000916s ]
SQL: SELECT * FROM `goods` WHERE ( id=241 )  [ RunTime:0.000320s ]
SQL: SELECT * FROM `goods` WHERE ( typeid=23 ) LIMIT 0,5   [ RunTime:0.000329s ]
SQL: SELECT * FROM `goods` WHERE ( typeid=23 )  [ RunTime:0.000451s ]
SQL: SHOW COLUMNS FROM `articles` [ RunTime:0.000744s ]
SQL: SELECT * FROM `articles` WHERE ( goods_id=241 )  [ RunTime:0.000245s ]
NOTIC: [2] Invalid argument supplied for foreach() F:\wamp\www\test\Myweb\Home\Controller\IntroductController.class.php 第 33 行.
NOTIC: [8] Undefined variable: value0 F:\wamp\www\test\Myweb\Home\Controller\IntroductController.class.php 第 38 行.
SQL: select goods.*,articles.* from articles,goods where goods.id= and goods.id=articles.goods_id [ RunTime:0.000159s ]
ERR: 1064:You have an error in your SQL syntax; check the manual that corresponds to your MySQL server version for the right syntax to use near 'and goods.id=articles.goods_id' at line 1
 [ SQL语句 ] : select goods.*,articles.* from articles,goods where goods.id= and goods.id=articles.goods_id
NOTIC: [2] Invalid argument supplied for foreach() F:\wamp\www\test\Myweb\Home\Controller\IntroductController.class.php 第 51 行.
SQL: SELECT * FROM `articles` WHERE ( goods_id=241 )  [ RunTime:0.000227s ]
INFO: [ view_parse ] --START--
INFO: [ template_filter ] --START--
INFO: Run Behavior\ContentReplaceBehavior [ RunTime:0.000327s ]
INFO: [ template_filter ] --END-- [ RunTime:0.000465s ]
NOTIC: [8] Undefined index: username2 F:\wamp\www\test\Myweb\Runtime\Cache\Home\4f1dc9750de03e55c07bd7560f45d4cf.php 第 29 行.
NOTIC: [8] Undefined index: username2 F:\wamp\www\test\Myweb\Runtime\Cache\Home\4f1dc9750de03e55c07bd7560f45d4cf.php 第 32 行.
NOTIC: [8] Undefined index: username2 F:\wamp\www\test\Myweb\Runtime\Cache\Home\4f1dc9750de03e55c07bd7560f45d4cf.php 第 37 行.
NOTIC: [8] Undefined index: goods F:\wamp\www\test\Myweb\Runtime\Cache\Home\4f1dc9750de03e55c07bd7560f45d4cf.php 第 55 行.
INFO: Run Behavior\ParseTemplateBehavior [ RunTime:0.030692s ]
INFO: [ view_parse ] --END-- [ RunTime:0.030814s ]
INFO: [ view_filter ] --START--
INFO: Run Behavior\WriteHtmlCacheBehavior [ RunTime:0.000372s ]
INFO: [ view_filter ] --END-- [ RunTime:0.000489s ]
INFO: [ app_end ] --START--
INFO: Run Behavior\ShowPageTraceBehavior [ RunTime:0.000942s ]
INFO: [ app_end ] --END-- [ RunTime:0.001153s ]

[ 2017-05-22T07:28:51+08:00 ] ::1 /test/index.php/Home/Bycar/index
INFO: [ app_init ] --START--
INFO: Run Behavior\BuildLiteBehavior [ RunTime:0.000042s ]
INFO: [ app_init ] --END-- [ RunTime:0.000987s ]
INFO: [ app_begin ] --START--
INFO: Run Behavior\ReadHtmlCacheBehavior [ RunTime:0.000989s ]
INFO: [ app_begin ] --END-- [ RunTime:0.001116s ]
INFO: [ view_parse ] --START--
INFO: [ template_filter ] --START--
INFO: Run Behavior\ContentReplaceBehavior [ RunTime:0.000261s ]
INFO: [ template_filter ] --END-- [ RunTime:0.000793s ]
INFO: Run Behavior\ParseTemplateBehavior [ RunTime:0.054247s ]
INFO: [ view_parse ] --END-- [ RunTime:0.055432s ]
INFO: [ view_filter ] --START--
INFO: Run Behavior\WriteHtmlCacheBehavior [ RunTime:0.002141s ]
INFO: [ view_filter ] --END-- [ RunTime:0.002852s ]

[ 2017-05-22T07:28:54+08:00 ] ::1 /test/index.php/Login/login.html
INFO: [ app_init ] --START--
INFO: Run Behavior\BuildLiteBehavior [ RunTime:0.000057s ]
INFO: [ app_init ] --END-- [ RunTime:0.003398s ]
INFO: [ app_begin ] --START--
INFO: Run Behavior\ReadHtmlCacheBehavior [ RunTime:0.002152s ]
INFO: [ app_begin ] --END-- [ RunTime:0.002415s ]
INFO: [ view_parse ] --START--
INFO: [ template_filter ] --START--
INFO: Run Behavior\ContentReplaceBehavior [ RunTime:0.000285s ]
INFO: [ template_filter ] --END-- [ RunTime:0.000762s ]
INFO: Run Behavior\ParseTemplateBehavior [ RunTime:0.045865s ]
INFO: [ view_parse ] --END-- [ RunTime:0.047392s ]
INFO: [ view_filter ] --START--
INFO: Run Behavior\WriteHtmlCacheBehavior [ RunTime:0.004354s ]
INFO: [ view_filter ] --END-- [ RunTime:0.005046s ]
INFO: [ app_end ] --START--
INFO: Run Behavior\ShowPageTraceBehavior [ RunTime:0.005116s ]
INFO: [ app_end ] --END-- [ RunTime:0.005825s ]

