[ 2017-11-25T10:46:52+08:00 ] ::1 /test/
INFO: [ app_init ] --START--
INFO: Run Behavior\BuildLiteBehavior [ RunTime:0.000053s ]
INFO: [ app_init ] --END-- [ RunTime:0.002650s ]
INFO: [ app_begin ] --START--
INFO: Run Behavior\ReadHtmlCacheBehavior [ RunTime:0.001186s ]
INFO: [ app_begin ] --END-- [ RunTime:0.001409s ]
SQL: SHOW COLUMNS FROM `cates` [ RunTime:0.012897s ]
SQL: SELECT * FROM `cates` WHERE ( pid=0 )  [ RunTime:0.005709s ]
SQL: SELECT * FROM `cates` WHERE ( pid=3 )  [ RunTime:0.000583s ]
SQL: SELECT * FROM `cates` WHERE ( pid=5 )  [ RunTime:0.000866s ]
SQL: SELECT * FROM `cates` WHERE ( pid=64 )  [ RunTime:0.000513s ]
SQL: SELECT * FROM `cates` WHERE ( pid=145 )  [ RunTime:0.000515s ]
NOTIC: [2] Invalid argument supplied for foreach() F:\wamp\www\test\Myweb\Home\Controller\IndexController.class.php 第 11 行.
SQL: SELECT * FROM `cates` WHERE ( pid=146 )  [ RunTime:0.000509s ]
NOTIC: [2] Invalid argument supplied for foreach() F:\wamp\www\test\Myweb\Home\Controller\IndexController.class.php 第 11 行.
SQL: SELECT * FROM `cates` WHERE ( pid=147 )  [ RunTime:0.000408s ]
NOTIC: [2] Invalid argument supplied for foreach() F:\wamp\www\test\Myweb\Home\Controller\IndexController.class.php 第 11 行.
SQL: SELECT * FROM `cates` WHERE ( pid=148 )  [ RunTime:0.000801s ]
NOTIC: [2] Invalid argument supplied for foreach() F:\wamp\www\test\Myweb\Home\Controller\IndexController.class.php 第 11 行.
SQL: SELECT * FROM `cates` WHERE ( pid=65 )  [ RunTime:0.000862s ]
SQL: SELECT * FROM `cates` WHERE ( pid=149 )  [ RunTime:0.000691s ]
NOTIC: [2] Invalid argument supplied for foreach() F:\wamp\www\test\Myweb\Home\Controller\IndexController.class.php 第 11 行.
SQL: SELECT * FROM `cates` WHERE ( pid=150 )  [ RunTime:0.002365s ]
NOTIC: [2] Invalid argument supplied for foreach() F:\wamp\www\test\Myweb\Home\Controller\IndexController.class.php 第 11 行.
SQL: SELECT * FROM `cates` WHERE ( pid=151 )  [ RunTime:0.001336s ]
NOTIC: [2] Invalid argument supplied for foreach() F:\wamp\www\test\Myweb\Home\Controller\IndexController.class.php 第 11 行.
SQL: SELECT * FROM `cates` WHERE ( pid=152 )  [ RunTime:0.001037s ]
NOTIC: [2] Invalid argument supplied for foreach() F:\wamp\www\test\Myweb\Home\Controller\IndexController.class.php 第 11 行.
SQL: SELECT * FROM `cates` WHERE ( pid=232 )  [ RunTime:0.001010s ]
SQL: SELECT * FROM `cates` WHERE ( pid=234 )  [ RunTime:0.000700s ]
NOTIC: [2] Invalid argument supplied for foreach() F:\wamp\www\test\Myweb\Home\Controller\IndexController.class.php 第 11 行.
SQL: SELECT * FROM `cates` WHERE ( pid=6 )  [ RunTime:0.000791s ]
SQL: SELECT * FROM `cates` WHERE ( pid=66 )  [ RunTime:0.000845s ]
SQL: SELECT * FROM `cates` WHERE ( pid=153 )  [ RunTime:0.000566s ]
NOTIC: [2] Invalid argument supplied for foreach() F:\wamp\www\test\Myweb\Home\Controller\IndexController.class.php 第 11 行.
SQL: SELECT * FROM `cates` WHERE ( pid=154 )  [ RunTime:0.001961s ]
NOTIC: [2] Invalid argument supplied for foreach() F:\wamp\www\test\Myweb\Home\Controller\IndexController.class.php 第 11 行.
SQL: SELECT * FROM `cates` WHERE ( pid=68 )  [ RunTime:0.000613s ]
SQL: SELECT * FROM `cates` WHERE ( pid=155 )  [ RunTime:0.000733s ]
NOTIC: [2] Invalid argument supplied for foreach() F:\wamp\www\test\Myweb\Home\Controller\IndexController.class.php 第 11 行.
SQL: SELECT * FROM `cates` WHERE ( pid=156 )  [ RunTime:0.000489s ]
NOTIC: [2] Invalid argument supplied for foreach() F:\wamp\www\test\Myweb\Home\Controller\IndexController.class.php 第 11 行.
SQL: SELECT * FROM `cates` WHERE ( pid=157 )  [ RunTime:0.000524s ]
NOTIC: [2] Invalid argument supplied for foreach() F:\wamp\www\test\Myweb\Home\Controller\IndexController.class.php 第 11 行.
SQL: SELECT * FROM `cates` WHERE ( pid=233 )  [ RunTime:0.000361s ]
SQL: SELECT * FROM `cates` WHERE ( pid=235 )  [ RunTime:0.000342s ]
NOTIC: [2] Invalid argument supplied for foreach() F:\wamp\www\test\Myweb\Home\Controller\IndexController.class.php 第 11 行.
SQL: SELECT * FROM `cates` WHERE ( pid=236 )  [ RunTime:0.000290s ]
NOTIC: [2] Invalid argument supplied for foreach() F:\wamp\www\test\Myweb\Home\Controller\IndexController.class.php 第 11 行.
SQL: SELECT * FROM `cates` WHERE ( pid=7 )  [ RunTime:0.000418s ]
SQL: SELECT * FROM `cates` WHERE ( pid=8 )  [ RunTime:0.000932s ]
SQL: SELECT * FROM `cates` WHERE ( pid=79 )  [ RunTime:0.000734s ]
SQL: SELECT * FROM `cates` WHERE ( pid=191 )  [ RunTime:0.000345s ]
NOTIC: [2] Invalid argument supplied for foreach() F:\wamp\www\test\Myweb\Home\Controller\IndexController.class.php 第 11 行.
SQL: SELECT * FROM `cates` WHERE ( pid=192 )  [ RunTime:0.000297s ]
NOTIC: [2] Invalid argument supplied for foreach() F:\wamp\www\test\Myweb\Home\Controller\IndexController.class.php 第 11 行.
SQL: SELECT * FROM `cates` WHERE ( pid=193 )  [ RunTime:0.000267s ]
NOTIC: [2] Invalid argument supplied for foreach() F:\wamp\www\test\Myweb\Home\Controller\IndexController.class.php 第 11 行.
SQL: SELECT * FROM `cates` WHERE ( pid=80 )  [ RunTime:0.000314s ]
SQL: SELECT * FROM `cates` WHERE ( pid=194 )  [ RunTime:0.000314s ]
NOTIC: [2] Invalid argument supplied for foreach() F:\wamp\www\test\Myweb\Home\Controller\IndexController.class.php 第 11 行.
SQL: SELECT * FROM `cates` WHERE ( pid=195 )  [ RunTime:0.000279s ]
NOTIC: [2] Invalid argument supplied for foreach() F:\wamp\www\test\Myweb\Home\Controller\IndexController.class.php 第 11 行.
SQL: SELECT * FROM `cates` WHERE ( pid=256 )  [ RunTime:0.000624s ]
SQL: SELECT * FROM `cates` WHERE ( pid=258 )  [ RunTime:0.000513s ]
NOTIC: [2] Invalid argument supplied for foreach() F:\wamp\www\test\Myweb\Home\Controller\IndexController.class.php 第 11 行.
SQL: SELECT * FROM `cates` WHERE ( pid=259 )  [ RunTime:0.000456s ]
NOTIC: [2] Invalid argument supplied for foreach() F:\wamp\www\test\Myweb\Home\Controller\IndexController.class.php 第 11 行.
SQL: SELECT * FROM `cates` WHERE ( pid=9 )  [ RunTime:0.000495s ]
SQL: SELECT * FROM `cates` WHERE ( pid=81 )  [ RunTime:0.000439s ]
SQL: SELECT * FROM `cates` WHERE ( pid=198 )  [ RunTime:0.000487s ]
NOTIC: [2] Invalid argument supplied for foreach() F:\wamp\www\test\Myweb\Home\Controller\IndexController.class.php 第 11 行.
SQL: SELECT * FROM `cates` WHERE ( pid=82 )  [ RunTime:0.000482s ]
SQL: SELECT * FROM `cates` WHERE ( pid=196 )  [ RunTime:0.000453s ]
NOTIC: [2] Invalid argument supplied for foreach() F:\wamp\www\test\Myweb\Home\Controller\IndexController.class.php 第 11 行.
SQL: SELECT * FROM `cates` WHERE ( pid=197 )  [ RunTime:0.000648s ]
NOTIC: [2] Invalid argument supplied for foreach() F:\wamp\www\test\Myweb\Home\Controller\IndexController.class.php 第 11 行.
SQL: SELECT * FROM `cates` WHERE ( pid=257 )  [ RunTime:0.000410s ]
SQL: SELECT * FROM `cates` WHERE ( pid=260 )  [ RunTime:0.000341s ]
NOTIC: [2] Invalid argument supplied for foreach() F:\wamp\www\test\Myweb\Home\Controller\IndexController.class.php 第 11 行.
SQL: SELECT * FROM `cates` WHERE ( pid=11 )  [ RunTime:0.000506s ]
SQL: SELECT * FROM `cates` WHERE ( pid=13 )  [ RunTime:0.000631s ]
SQL: SELECT * FROM `cates` WHERE ( pid=43 )  [ RunTime:0.000598s ]
SQL: SELECT * FROM `cates` WHERE ( pid=94 )  [ RunTime:0.000556s ]
NOTIC: [2] Invalid argument supplied for foreach() F:\wamp\www\test\Myweb\Home\Controller\IndexController.class.php 第 11 行.
SQL: SELECT * FROM `cates` WHERE ( pid=95 )  [ RunTime:0.000952s ]
NOTIC: [2] Invalid argument supplied for foreach() F:\wamp\www\test\Myweb\Home\Controller\IndexController.class.php 第 11 行.
SQL: SELECT * FROM `cates` WHERE ( pid=96 )  [ RunTime:0.000688s ]
NOTIC: [2] Invalid argument supplied for foreach() F:\wamp\www\test\Myweb\Home\Controller\IndexController.class.php 第 11 行.
SQL: SELECT * FROM `cates` WHERE ( pid=97 )  [ RunTime:0.000859s ]
NOTIC: [2] Invalid argument supplied for foreach() F:\wamp\www\test\Myweb\Home\Controller\IndexController.class.php 第 11 行.
SQL: SELECT * FROM `cates` WHERE ( pid=44 )  [ RunTime:0.001130s ]
SQL: SELECT * FROM `cates` WHERE ( pid=199 )  [ RunTime:0.000779s ]
NOTIC: [2] Invalid argument supplied for foreach() F:\wamp\www\test\Myweb\Home\Controller\IndexController.class.php 第 11 行.
SQL: SELECT * FROM `cates` WHERE ( pid=200 )  [ RunTime:0.000649s ]
NOTIC: [2] Invalid argument supplied for foreach() F:\wamp\www\test\Myweb\Home\Controller\IndexController.class.php 第 11 行.
SQL: SELECT * FROM `cates` WHERE ( pid=201 )  [ RunTime:0.000622s ]
SQL: SELECT * FROM `cates` WHERE ( pid=203 )  [ RunTime:0.000642s ]
NOTIC: [2] Invalid argument supplied for foreach() F:\wamp\www\test\Myweb\Home\Controller\IndexController.class.php 第 11 行.
SQL: SELECT * FROM `cates` WHERE ( pid=204 )  [ RunTime:0.000612s ]
NOTIC: [2] Invalid argument supplied for foreach() F:\wamp\www\test\Myweb\Home\Controller\IndexController.class.php 第 11 行.
SQL: SELECT * FROM `cates` WHERE ( pid=14 )  [ RunTime:0.000797s ]
SQL: SELECT * FROM `cates` WHERE ( pid=46 )  [ RunTime:0.001679s ]
SQL: SELECT * FROM `cates` WHERE ( pid=85 )  [ RunTime:0.000917s ]
NOTIC: [2] Invalid argument supplied for foreach() F:\wamp\www\test\Myweb\Home\Controller\IndexController.class.php 第 11 行.
SQL: SELECT * FROM `cates` WHERE ( pid=86 )  [ RunTime:0.000567s ]
NOTIC: [2] Invalid argument supplied for foreach() F:\wamp\www\test\Myweb\Home\Controller\IndexController.class.php 第 11 行.
SQL: SELECT * FROM `cates` WHERE ( pid=87 )  [ RunTime:0.000611s ]
NOTIC: [2] Invalid argument supplied for foreach() F:\wamp\www\test\Myweb\Home\Controller\IndexController.class.php 第 11 行.
SQL: SELECT * FROM `cates` WHERE ( pid=88 )  [ RunTime:0.000578s ]
NOTIC: [2] Invalid argument supplied for foreach() F:\wamp\www\test\Myweb\Home\Controller\IndexController.class.php 第 11 行.
SQL: SELECT * FROM `cates` WHERE ( pid=89 )  [ RunTime:0.000837s ]
NOTIC: [2] Invalid argument supplied for foreach() F:\wamp\www\test\Myweb\Home\Controller\IndexController.class.php 第 11 行.
SQL: SELECT * FROM `cates` WHERE ( pid=45 )  [ RunTime:0.000752s ]
SQL: SELECT * FROM `cates` WHERE ( pid=90 )  [ RunTime:0.001612s ]
NOTIC: [2] Invalid argument supplied for foreach() F:\wamp\www\test\Myweb\Home\Controller\IndexController.class.php 第 11 行.
SQL: SELECT * FROM `cates` WHERE ( pid=91 )  [ RunTime:0.000766s ]
NOTIC: [2] Invalid argument supplied for foreach() F:\wamp\www\test\Myweb\Home\Controller\IndexController.class.php 第 11 行.
SQL: SELECT * FROM `cates` WHERE ( pid=92 )  [ RunTime:0.000515s ]
NOTIC: [2] Invalid argument supplied for foreach() F:\wamp\www\test\Myweb\Home\Controller\IndexController.class.php 第 11 行.
SQL: SELECT * FROM `cates` WHERE ( pid=93 )  [ RunTime:0.000769s ]
NOTIC: [2] Invalid argument supplied for foreach() F:\wamp\www\test\Myweb\Home\Controller\IndexController.class.php 第 11 行.
SQL: SELECT * FROM `cates` WHERE ( pid=202 )  [ RunTime:0.000765s ]
SQL: SELECT * FROM `cates` WHERE ( pid=205 )  [ RunTime:0.000542s ]
NOTIC: [2] Invalid argument supplied for foreach() F:\wamp\www\test\Myweb\Home\Controller\IndexController.class.php 第 11 行.
SQL: SELECT * FROM `cates` WHERE ( pid=206 )  [ RunTime:0.001262s ]
NOTIC: [2] Invalid argument supplied for foreach() F:\wamp\www\test\Myweb\Home\Controller\IndexController.class.php 第 11 行.
SQL: SELECT * FROM `cates` WHERE ( pid=207 )  [ RunTime:0.000685s ]
NOTIC: [2] Invalid argument supplied for foreach() F:\wamp\www\test\Myweb\Home\Controller\IndexController.class.php 第 11 行.
SQL: SELECT * FROM `cates` WHERE ( pid=15 )  [ RunTime:0.000643s ]
SQL: SELECT * FROM `cates` WHERE ( pid=16 )  [ RunTime:0.004774s ]
SQL: SELECT * FROM `cates` WHERE ( pid=48 )  [ RunTime:0.001612s ]
SQL: SELECT * FROM `cates` WHERE ( pid=103 )  [ RunTime:0.000942s ]
NOTIC: [2] Invalid argument supplied for foreach() F:\wamp\www\test\Myweb\Home\Controller\IndexController.class.php 第 11 行.
SQL: SELECT * FROM `cates` WHERE ( pid=104 )  [ RunTime:0.000683s ]
NOTIC: [2] Invalid argument supplied for foreach() F:\wamp\www\test\Myweb\Home\Controller\IndexController.class.php 第 11 行.
SQL: SELECT * FROM `cates` WHERE ( pid=105 )  [ RunTime:0.000691s ]
NOTIC: [2] Invalid argument supplied for foreach() F:\wamp\www\test\Myweb\Home\Controller\IndexController.class.php 第 11 行.
SQL: SELECT * FROM `cates` WHERE ( pid=106 )  [ RunTime:0.000612s ]
NOTIC: [2] Invalid argument supplied for foreach() F:\wamp\www\test\Myweb\Home\Controller\IndexController.class.php 第 11 行.
SQL: SELECT * FROM `cates` WHERE ( pid=47 )  [ RunTime:0.000769s ]
SQL: SELECT * FROM `cates` WHERE ( pid=98 )  [ RunTime:0.000768s ]
NOTIC: [2] Invalid argument supplied for foreach() F:\wamp\www\test\Myweb\Home\Controller\IndexController.class.php 第 11 行.
SQL: SELECT * FROM `cates` WHERE ( pid=99 )  [ RunTime:0.000698s ]
NOTIC: [2] Invalid argument supplied for foreach() F:\wamp\www\test\Myweb\Home\Controller\IndexController.class.php 第 11 行.
SQL: SELECT * FROM `cates` WHERE ( pid=100 )  [ RunTime:0.000789s ]
NOTIC: [2] Invalid argument supplied for foreach() F:\wamp\www\test\Myweb\Home\Controller\IndexController.class.php 第 11 行.
SQL: SELECT * FROM `cates` WHERE ( pid=101 )  [ RunTime:0.000557s ]
NOTIC: [2] Invalid argument supplied for foreach() F:\wamp\www\test\Myweb\Home\Controller\IndexController.class.php 第 11 行.
SQL: SELECT * FROM `cates` WHERE ( pid=102 )  [ RunTime:0.000613s ]
NOTIC: [2] Invalid argument supplied for foreach() F:\wamp\www\test\Myweb\Home\Controller\IndexController.class.php 第 11 行.
SQL: SELECT * FROM `cates` WHERE ( pid=208 )  [ RunTime:0.001381s ]
SQL: SELECT * FROM `cates` WHERE ( pid=209 )  [ RunTime:0.001161s ]
NOTIC: [2] Invalid argument supplied for foreach() F:\wamp\www\test\Myweb\Home\Controller\IndexController.class.php 第 11 行.
SQL: SELECT * FROM `cates` WHERE ( pid=210 )  [ RunTime:0.000552s ]
NOTIC: [2] Invalid argument supplied for foreach() F:\wamp\www\test\Myweb\Home\Controller\IndexController.class.php 第 11 行.
SQL: SELECT * FROM `cates` WHERE ( pid=17 )  [ RunTime:0.000377s ]
SQL: SELECT * FROM `cates` WHERE ( pid=49 )  [ RunTime:0.000341s ]
SQL: SELECT * FROM `cates` WHERE ( pid=107 )  [ RunTime:0.000436s ]
NOTIC: [2] Invalid argument supplied for foreach() F:\wamp\www\test\Myweb\Home\Controller\IndexController.class.php 第 11 行.
SQL: SELECT * FROM `cates` WHERE ( pid=108 )  [ RunTime:0.000398s ]
NOTIC: [2] Invalid argument supplied for foreach() F:\wamp\www\test\Myweb\Home\Controller\IndexController.class.php 第 11 行.
SQL: SELECT * FROM `cates` WHERE ( pid=109 )  [ RunTime:0.000497s ]
NOTIC: [2] Invalid argument supplied for foreach() F:\wamp\www\test\Myweb\Home\Controller\IndexController.class.php 第 11 行.
SQL: SELECT * FROM `cates` WHERE ( pid=110 )  [ RunTime:0.000949s ]
NOTIC: [2] Invalid argument supplied for foreach() F:\wamp\www\test\Myweb\Home\Controller\IndexController.class.php 第 11 行.
SQL: SELECT * FROM `cates` WHERE ( pid=50 )  [ RunTime:0.000842s ]
SQL: SELECT * FROM `cates` WHERE ( pid=111 )  [ RunTime:0.000585s ]
NOTIC: [2] Invalid argument supplied for foreach() F:\wamp\www\test\Myweb\Home\Controller\IndexController.class.php 第 11 行.
SQL: SELECT * FROM `cates` WHERE ( pid=112 )  [ RunTime:0.000553s ]
NOTIC: [2] Invalid argument supplied for foreach() F:\wamp\www\test\Myweb\Home\Controller\IndexController.class.php 第 11 行.
SQL: SELECT * FROM `cates` WHERE ( pid=211 )  [ RunTime:0.000409s ]
SQL: SELECT * FROM `cates` WHERE ( pid=212 )  [ RunTime:0.000390s ]
NOTIC: [2] Invalid argument supplied for foreach() F:\wamp\www\test\Myweb\Home\Controller\IndexController.class.php 第 11 行.
SQL: SELECT * FROM `cates` WHERE ( pid=213 )  [ RunTime:0.000793s ]
NOTIC: [2] Invalid argument supplied for foreach() F:\wamp\www\test\Myweb\Home\Controller\IndexController.class.php 第 11 行.
SQL: SELECT * FROM `cates` WHERE ( pid=19 )  [ RunTime:0.000617s ]
SQL: SELECT * FROM `cates` WHERE ( pid=20 )  [ RunTime:0.000658s ]
SQL: SELECT * FROM `cates` WHERE ( pid=51 )  [ RunTime:0.000489s ]
SQL: SELECT * FROM `cates` WHERE ( pid=113 )  [ RunTime:0.000403s ]
NOTIC: [2] Invalid argument supplied for foreach() F:\wamp\www\test\Myweb\Home\Controller\IndexController.class.php 第 11 行.
SQL: SELECT * FROM `cates` WHERE ( pid=52 )  [ RunTime:0.000533s ]
SQL: SELECT * FROM `cates` WHERE ( pid=115 )  [ RunTime:0.000595s ]
NOTIC: [2] Invalid argument supplied for foreach() F:\wamp\www\test\Myweb\Home\Controller\IndexController.class.php 第 11 行.
SQL: SELECT * FROM `cates` WHERE ( pid=116 )  [ RunTime:0.000651s ]
NOTIC: [2] Invalid argument supplied for foreach() F:\wamp\www\test\Myweb\Home\Controller\IndexController.class.php 第 11 行.
SQL: SELECT * FROM `cates` WHERE ( pid=214 )  [ RunTime:0.000638s ]
SQL: SELECT * FROM `cates` WHERE ( pid=215 )  [ RunTime:0.000941s ]
NOTIC: [2] Invalid argument supplied for foreach() F:\wamp\www\test\Myweb\Home\Controller\IndexController.class.php 第 11 行.
SQL: SELECT * FROM `cates` WHERE ( pid=216 )  [ RunTime:0.000774s ]
NOTIC: [2] Invalid argument supplied for foreach() F:\wamp\www\test\Myweb\Home\Controller\IndexController.class.php 第 11 行.
SQL: SELECT * FROM `cates` WHERE ( pid=21 )  [ RunTime:0.000888s ]
SQL: SELECT * FROM `cates` WHERE ( pid=53 )  [ RunTime:0.000681s ]
SQL: SELECT * FROM `cates` WHERE ( pid=117 )  [ RunTime:0.000758s ]
NOTIC: [2] Invalid argument supplied for foreach() F:\wamp\www\test\Myweb\Home\Controller\IndexController.class.php 第 11 行.
SQL: SELECT * FROM `cates` WHERE ( pid=54 )  [ RunTime:0.000840s ]
SQL: SELECT * FROM `cates` WHERE ( pid=118 )  [ RunTime:0.000694s ]
NOTIC: [2] Invalid argument supplied for foreach() F:\wamp\www\test\Myweb\Home\Controller\IndexController.class.php 第 11 行.
SQL: SELECT * FROM `cates` WHERE ( pid=119 )  [ RunTime:0.000773s ]
NOTIC: [2] Invalid argument supplied for foreach() F:\wamp\www\test\Myweb\Home\Controller\IndexController.class.php 第 11 行.
SQL: SELECT * FROM `cates` WHERE ( pid=217 )  [ RunTime:0.000926s ]
SQL: SELECT * FROM `cates` WHERE ( pid=218 )  [ RunTime:0.000594s ]
NOTIC: [2] Invalid argument supplied for foreach() F:\wamp\www\test\Myweb\Home\Controller\IndexController.class.php 第 11 行.
SQL: SELECT * FROM `cates` WHERE ( pid=219 )  [ RunTime:0.000437s ]
NOTIC: [2] Invalid argument supplied for foreach() F:\wamp\www\test\Myweb\Home\Controller\IndexController.class.php 第 11 行.
SQL: SELECT * FROM `cates` WHERE ( pid=23 )  [ RunTime:0.000767s ]
SQL: SELECT * FROM `cates` WHERE ( pid=25 )  [ RunTime:0.001220s ]
SQL: SELECT * FROM `cates` WHERE ( pid=55 )  [ RunTime:0.000752s ]
SQL: SELECT * FROM `cates` WHERE ( pid=123 )  [ RunTime:0.000763s ]
NOTIC: [2] Invalid argument supplied for foreach() F:\wamp\www\test\Myweb\Home\Controller\IndexController.class.php 第 11 行.
SQL: SELECT * FROM `cates` WHERE ( pid=124 )  [ RunTime:0.000714s ]
NOTIC: [2] Invalid argument supplied for foreach() F:\wamp\www\test\Myweb\Home\Controller\IndexController.class.php 第 11 行.
SQL: SELECT * FROM `cates` WHERE ( pid=125 )  [ RunTime:0.000629s ]
NOTIC: [2] Invalid argument supplied for foreach() F:\wamp\www\test\Myweb\Home\Controller\IndexController.class.php 第 11 行.
SQL: SELECT * FROM `cates` WHERE ( pid=56 )  [ RunTime:0.000606s ]
SQL: SELECT * FROM `cates` WHERE ( pid=120 )  [ RunTime:0.000909s ]
NOTIC: [2] Invalid argument supplied for foreach() F:\wamp\www\test\Myweb\Home\Controller\IndexController.class.php 第 11 行.
SQL: SELECT * FROM `cates` WHERE ( pid=121 )  [ RunTime:0.000835s ]
NOTIC: [2] Invalid argument supplied for foreach() F:\wamp\www\test\Myweb\Home\Controller\IndexController.class.php 第 11 行.
SQL: SELECT * FROM `cates` WHERE ( pid=122 )  [ RunTime:0.001335s ]
NOTIC: [2] Invalid argument supplied for foreach() F:\wamp\www\test\Myweb\Home\Controller\IndexController.class.php 第 11 行.
SQL: SELECT * FROM `cates` WHERE ( pid=220 )  [ RunTime:0.001055s ]
SQL: SELECT * FROM `cates` WHERE ( pid=221 )  [ RunTime:0.000464s ]
NOTIC: [2] Invalid argument supplied for foreach() F:\wamp\www\test\Myweb\Home\Controller\IndexController.class.php 第 11 行.
SQL: SELECT * FROM `cates` WHERE ( pid=222 )  [ RunTime:0.000548s ]
NOTIC: [2] Invalid argument supplied for foreach() F:\wamp\www\test\Myweb\Home\Controller\IndexController.class.php 第 11 行.
SQL: SELECT * FROM `cates` WHERE ( pid=26 )  [ RunTime:0.001110s ]
SQL: SELECT * FROM `cates` WHERE ( pid=57 )  [ RunTime:0.001669s ]
SQL: SELECT * FROM `cates` WHERE ( pid=128 )  [ RunTime:0.000941s ]
NOTIC: [2] Invalid argument supplied for foreach() F:\wamp\www\test\Myweb\Home\Controller\IndexController.class.php 第 11 行.
SQL: SELECT * FROM `cates` WHERE ( pid=129 )  [ RunTime:0.000666s ]
NOTIC: [2] Invalid argument supplied for foreach() F:\wamp\www\test\Myweb\Home\Controller\IndexController.class.php 第 11 行.
SQL: SELECT * FROM `cates` WHERE ( pid=130 )  [ RunTime:0.000869s ]
NOTIC: [2] Invalid argument supplied for foreach() F:\wamp\www\test\Myweb\Home\Controller\IndexController.class.php 第 11 行.
SQL: SELECT * FROM `cates` WHERE ( pid=58 )  [ RunTime:0.000704s ]
SQL: SELECT * FROM `cates` WHERE ( pid=126 )  [ RunTime:0.000881s ]
NOTIC: [2] Invalid argument supplied for foreach() F:\wamp\www\test\Myweb\Home\Controller\IndexController.class.php 第 11 行.
SQL: SELECT * FROM `cates` WHERE ( pid=127 )  [ RunTime:0.001076s ]
NOTIC: [2] Invalid argument supplied for foreach() F:\wamp\www\test\Myweb\Home\Controller\IndexController.class.php 第 11 行.
SQL: SELECT * FROM `cates` WHERE ( pid=223 )  [ RunTime:0.000683s ]
SQL: SELECT * FROM `cates` WHERE ( pid=224 )  [ RunTime:0.000549s ]
NOTIC: [2] Invalid argument supplied for foreach() F:\wamp\www\test\Myweb\Home\Controller\IndexController.class.php 第 11 行.
SQL: SELECT * FROM `cates` WHERE ( pid=225 )  [ RunTime:0.000816s ]
NOTIC: [2] Invalid argument supplied for foreach() F:\wamp\www\test\Myweb\Home\Controller\IndexController.class.php 第 11 行.
SQL: SELECT * FROM `cates` WHERE ( pid=27 )  [ RunTime:0.000929s ]
SQL: SELECT * FROM `cates` WHERE ( pid=28 )  [ RunTime:0.000608s ]
SQL: SELECT * FROM `cates` WHERE ( pid=59 )  [ RunTime:0.000663s ]
SQL: SELECT * FROM `cates` WHERE ( pid=131 )  [ RunTime:0.000749s ]
NOTIC: [2] Invalid argument supplied for foreach() F:\wamp\www\test\Myweb\Home\Controller\IndexController.class.php 第 11 行.
SQL: SELECT * FROM `cates` WHERE ( pid=132 )  [ RunTime:0.000784s ]
NOTIC: [2] Invalid argument supplied for foreach() F:\wamp\www\test\Myweb\Home\Controller\IndexController.class.php 第 11 行.
SQL: SELECT * FROM `cates` WHERE ( pid=133 )  [ RunTime:0.001071s ]
NOTIC: [2] Invalid argument supplied for foreach() F:\wamp\www\test\Myweb\Home\Controller\IndexController.class.php 第 11 行.
SQL: SELECT * FROM `cates` WHERE ( pid=61 )  [ RunTime:0.000574s ]
SQL: SELECT * FROM `cates` WHERE ( pid=134 )  [ RunTime:0.000461s ]
NOTIC: [2] Invalid argument supplied for foreach() F:\wamp\www\test\Myweb\Home\Controller\IndexController.class.php 第 11 行.
SQL: SELECT * FROM `cates` WHERE ( pid=135 )  [ RunTime:0.000426s ]
NOTIC: [2] Invalid argument supplied for foreach() F:\wamp\www\test\Myweb\Home\Controller\IndexController.class.php 第 11 行.
SQL: SELECT * FROM `cates` WHERE ( pid=136 )  [ RunTime:0.000422s ]
NOTIC: [2] Invalid argument supplied for foreach() F:\wamp\www\test\Myweb\Home\Controller\IndexController.class.php 第 11 行.
SQL: SELECT * FROM `cates` WHERE ( pid=137 )  [ RunTime:0.000745s ]
NOTIC: [2] Invalid argument supplied for foreach() F:\wamp\www\test\Myweb\Home\Controller\IndexController.class.php 第 11 行.
SQL: SELECT * FROM `cates` WHERE ( pid=226 )  [ RunTime:0.000745s ]
SQL: SELECT * FROM `cates` WHERE ( pid=228 )  [ RunTime:0.000685s ]
NOTIC: [2] Invalid argument supplied for foreach() F:\wamp\www\test\Myweb\Home\Controller\IndexController.class.php 第 11 行.
SQL: SELECT * FROM `cates` WHERE ( pid=229 )  [ RunTime:0.000540s ]
NOTIC: [2] Invalid argument supplied for foreach() F:\wamp\www\test\Myweb\Home\Controller\IndexController.class.php 第 11 行.
SQL: SELECT * FROM `cates` WHERE ( pid=29 )  [ RunTime:0.000438s ]
SQL: SELECT * FROM `cates` WHERE ( pid=62 )  [ RunTime:0.000720s ]
SQL: SELECT * FROM `cates` WHERE ( pid=138 )  [ RunTime:0.000609s ]
NOTIC: [2] Invalid argument supplied for foreach() F:\wamp\www\test\Myweb\Home\Controller\IndexController.class.php 第 11 行.
SQL: SELECT * FROM `cates` WHERE ( pid=139 )  [ RunTime:0.000646s ]
NOTIC: [2] Invalid argument supplied for foreach() F:\wamp\www\test\Myweb\Home\Controller\IndexController.class.php 第 11 行.
SQL: SELECT * FROM `cates` WHERE ( pid=63 )  [ RunTime:0.001090s ]
SQL: SELECT * FROM `cates` WHERE ( pid=140 )  [ RunTime:0.000693s ]
NOTIC: [2] Invalid argument supplied for foreach() F:\wamp\www\test\Myweb\Home\Controller\IndexController.class.php 第 11 行.
SQL: SELECT * FROM `cates` WHERE ( pid=141 )  [ RunTime:0.000635s ]
NOTIC: [2] Invalid argument supplied for foreach() F:\wamp\www\test\Myweb\Home\Controller\IndexController.class.php 第 11 行.
SQL: SELECT * FROM `cates` WHERE ( pid=142 )  [ RunTime:0.000631s ]
NOTIC: [2] Invalid argument supplied for foreach() F:\wamp\www\test\Myweb\Home\Controller\IndexController.class.php 第 11 行.
SQL: SELECT * FROM `cates` WHERE ( pid=143 )  [ RunTime:0.000789s ]
NOTIC: [2] Invalid argument supplied for foreach() F:\wamp\www\test\Myweb\Home\Controller\IndexController.class.php 第 11 行.
SQL: SELECT * FROM `cates` WHERE ( pid=144 )  [ RunTime:0.000789s ]
NOTIC: [2] Invalid argument supplied for foreach() F:\wamp\www\test\Myweb\Home\Controller\IndexController.class.php 第 11 行.
SQL: SELECT * FROM `cates` WHERE ( pid=227 )  [ RunTime:0.000720s ]
SQL: SELECT * FROM `cates` WHERE ( pid=230 )  [ RunTime:0.000542s ]
NOTIC: [2] Invalid argument supplied for foreach() F:\wamp\www\test\Myweb\Home\Controller\IndexController.class.php 第 11 行.
SQL: SELECT * FROM `cates` WHERE ( pid=231 )  [ RunTime:0.001181s ]
NOTIC: [2] Invalid argument supplied for foreach() F:\wamp\www\test\Myweb\Home\Controller\IndexController.class.php 第 11 行.
SQL: SELECT * FROM `cates` WHERE ( pid=31 )  [ RunTime:0.000881s ]
SQL: SELECT * FROM `cates` WHERE ( pid=32 )  [ RunTime:0.000596s ]
SQL: SELECT * FROM `cates` WHERE ( pid=69 )  [ RunTime:0.000449s ]
SQL: SELECT * FROM `cates` WHERE ( pid=158 )  [ RunTime:0.000408s ]
NOTIC: [2] Invalid argument supplied for foreach() F:\wamp\www\test\Myweb\Home\Controller\IndexController.class.php 第 11 行.
SQL: SELECT * FROM `cates` WHERE ( pid=159 )  [ RunTime:0.000417s ]
NOTIC: [2] Invalid argument supplied for foreach() F:\wamp\www\test\Myweb\Home\Controller\IndexController.class.php 第 11 行.
SQL: SELECT * FROM `cates` WHERE ( pid=160 )  [ RunTime:0.000621s ]
NOTIC: [2] Invalid argument supplied for foreach() F:\wamp\www\test\Myweb\Home\Controller\IndexController.class.php 第 11 行.
SQL: SELECT * FROM `cates` WHERE ( pid=161 )  [ RunTime:0.000460s ]
NOTIC: [2] Invalid argument supplied for foreach() F:\wamp\www\test\Myweb\Home\Controller\IndexController.class.php 第 11 行.
SQL: SELECT * FROM `cates` WHERE ( pid=70 )  [ RunTime:0.000879s ]
SQL: SELECT * FROM `cates` WHERE ( pid=162 )  [ RunTime:0.001654s ]
NOTIC: [2] Invalid argument supplied for foreach() F:\wamp\www\test\Myweb\Home\Controller\IndexController.class.php 第 11 行.
SQL: SELECT * FROM `cates` WHERE ( pid=163 )  [ RunTime:0.000735s ]
NOTIC: [2] Invalid argument supplied for foreach() F:\wamp\www\test\Myweb\Home\Controller\IndexController.class.php 第 11 行.
SQL: SELECT * FROM `cates` WHERE ( pid=164 )  [ RunTime:0.001427s ]
NOTIC: [2] Invalid argument supplied for foreach() F:\wamp\www\test\Myweb\Home\Controller\IndexController.class.php 第 11 行.
SQL: SELECT * FROM `cates` WHERE ( pid=237 )  [ RunTime:0.000790s ]
SQL: SELECT * FROM `cates` WHERE ( pid=239 )  [ RunTime:0.000674s ]
NOTIC: [2] Invalid argument supplied for foreach() F:\wamp\www\test\Myweb\Home\Controller\IndexController.class.php 第 11 行.
SQL: SELECT * FROM `cates` WHERE ( pid=240 )  [ RunTime:0.000832s ]
NOTIC: [2] Invalid argument supplied for foreach() F:\wamp\www\test\Myweb\Home\Controller\IndexController.class.php 第 11 行.
SQL: SELECT * FROM `cates` WHERE ( pid=34 )  [ RunTime:0.000910s ]
SQL: SELECT * FROM `cates` WHERE ( pid=71 )  [ RunTime:0.000777s ]
SQL: SELECT * FROM `cates` WHERE ( pid=165 )  [ RunTime:0.000705s ]
NOTIC: [2] Invalid argument supplied for foreach() F:\wamp\www\test\Myweb\Home\Controller\IndexController.class.php 第 11 行.
SQL: SELECT * FROM `cates` WHERE ( pid=166 )  [ RunTime:0.000941s ]
NOTIC: [2] Invalid argument supplied for foreach() F:\wamp\www\test\Myweb\Home\Controller\IndexController.class.php 第 11 行.
SQL: SELECT * FROM `cates` WHERE ( pid=72 )  [ RunTime:0.000647s ]
SQL: SELECT * FROM `cates` WHERE ( pid=167 )  [ RunTime:0.001851s ]
NOTIC: [2] Invalid argument supplied for foreach() F:\wamp\www\test\Myweb\Home\Controller\IndexController.class.php 第 11 行.
SQL: SELECT * FROM `cates` WHERE ( pid=168 )  [ RunTime:0.000643s ]
NOTIC: [2] Invalid argument supplied for foreach() F:\wamp\www\test\Myweb\Home\Controller\IndexController.class.php 第 11 行.
SQL: SELECT * FROM `cates` WHERE ( pid=238 )  [ RunTime:0.000956s ]
SQL: SELECT * FROM `cates` WHERE ( pid=241 )  [ RunTime:0.000671s ]
NOTIC: [2] Invalid argument supplied for foreach() F:\wamp\www\test\Myweb\Home\Controller\IndexController.class.php 第 11 行.
SQL: SELECT * FROM `cates` WHERE ( pid=242 )  [ RunTime:0.001160s ]
NOTIC: [2] Invalid argument supplied for foreach() F:\wamp\www\test\Myweb\Home\Controller\IndexController.class.php 第 11 行.
SQL: SELECT * FROM `cates` WHERE ( pid=35 )  [ RunTime:0.000588s ]
SQL: SELECT * FROM `cates` WHERE ( pid=36 )  [ RunTime:0.000522s ]
SQL: SELECT * FROM `cates` WHERE ( pid=73 )  [ RunTime:0.000622s ]
SQL: SELECT * FROM `cates` WHERE ( pid=169 )  [ RunTime:0.000627s ]
NOTIC: [2] Invalid argument supplied for foreach() F:\wamp\www\test\Myweb\Home\Controller\IndexController.class.php 第 11 行.
SQL: SELECT * FROM `cates` WHERE ( pid=170 )  [ RunTime:0.000871s ]
NOTIC: [2] Invalid argument supplied for foreach() F:\wamp\www\test\Myweb\Home\Controller\IndexController.class.php 第 11 行.
SQL: SELECT * FROM `cates` WHERE ( pid=171 )  [ RunTime:0.000603s ]
NOTIC: [2] Invalid argument supplied for foreach() F:\wamp\www\test\Myweb\Home\Controller\IndexController.class.php 第 11 行.
SQL: SELECT * FROM `cates` WHERE ( pid=74 )  [ RunTime:0.000662s ]
SQL: SELECT * FROM `cates` WHERE ( pid=172 )  [ RunTime:0.000597s ]
NOTIC: [2] Invalid argument supplied for foreach() F:\wamp\www\test\Myweb\Home\Controller\IndexController.class.php 第 11 行.
SQL: SELECT * FROM `cates` WHERE ( pid=173 )  [ RunTime:0.000834s ]
NOTIC: [2] Invalid argument supplied for foreach() F:\wamp\www\test\Myweb\Home\Controller\IndexController.class.php 第 11 行.
SQL: SELECT * FROM `cates` WHERE ( pid=174 )  [ RunTime:0.000633s ]
NOTIC: [2] Invalid argument supplied for foreach() F:\wamp\www\test\Myweb\Home\Controller\IndexController.class.php 第 11 行.
SQL: SELECT * FROM `cates` WHERE ( pid=243 )  [ RunTime:0.000533s ]
SQL: SELECT * FROM `cates` WHERE ( pid=244 )  [ RunTime:0.000768s ]
NOTIC: [2] Invalid argument supplied for foreach() F:\wamp\www\test\Myweb\Home\Controller\IndexController.class.php 第 11 行.
SQL: SELECT * FROM `cates` WHERE ( pid=245 )  [ RunTime:0.000730s ]
NOTIC: [2] Invalid argument supplied for foreach() F:\wamp\www\test\Myweb\Home\Controller\IndexController.class.php 第 11 行.
SQL: SELECT * FROM `cates` WHERE ( pid=37 )  [ RunTime:0.000972s ]
SQL: SELECT * FROM `cates` WHERE ( pid=75 )  [ RunTime:0.000786s ]
SQL: SELECT * FROM `cates` WHERE ( pid=175 )  [ RunTime:0.000969s ]
NOTIC: [2] Invalid argument supplied for foreach() F:\wamp\www\test\Myweb\Home\Controller\IndexController.class.php 第 11 行.
SQL: SELECT * FROM `cates` WHERE ( pid=176 )  [ RunTime:0.001151s ]
NOTIC: [2] Invalid argument supplied for foreach() F:\wamp\www\test\Myweb\Home\Controller\IndexController.class.php 第 11 行.
SQL: SELECT * FROM `cates` WHERE ( pid=76 )  [ RunTime:0.000748s ]
SQL: SELECT * FROM `cates` WHERE ( pid=177 )  [ RunTime:0.000869s ]
NOTIC: [2] Invalid argument supplied for foreach() F:\wamp\www\test\Myweb\Home\Controller\IndexController.class.php 第 11 行.
SQL: SELECT * FROM `cates` WHERE ( pid=178 )  [ RunTime:0.000726s ]
NOTIC: [2] Invalid argument supplied for foreach() F:\wamp\www\test\Myweb\Home\Controller\IndexController.class.php 第 11 行.
SQL: SELECT * FROM `cates` WHERE ( pid=246 )  [ RunTime:0.000800s ]
SQL: SELECT * FROM `cates` WHERE ( pid=247 )  [ RunTime:0.000801s ]
NOTIC: [2] Invalid argument supplied for foreach() F:\wamp\www\test\Myweb\Home\Controller\IndexController.class.php 第 11 行.
SQL: SELECT * FROM `cates` WHERE ( pid=248 )  [ RunTime:0.001612s ]
NOTIC: [2] Invalid argument supplied for foreach() F:\wamp\www\test\Myweb\Home\Controller\IndexController.class.php 第 11 行.
SQL: SELECT * FROM `cates` WHERE ( pid=39 )  [ RunTime:0.000611s ]
SQL: SELECT * FROM `cates` WHERE ( pid=41 )  [ RunTime:0.000775s ]
SQL: SELECT * FROM `cates` WHERE ( pid=77 )  [ RunTime:0.000514s ]
SQL: SELECT * FROM `cates` WHERE ( pid=179 )  [ RunTime:0.000541s ]
NOTIC: [2] Invalid argument supplied for foreach() F:\wamp\www\test\Myweb\Home\Controller\IndexController.class.php 第 11 行.
SQL: SELECT * FROM `cates` WHERE ( pid=180 )  [ RunTime:0.000675s ]
NOTIC: [2] Invalid argument supplied for foreach() F:\wamp\www\test\Myweb\Home\Controller\IndexController.class.php 第 11 行.
SQL: SELECT * FROM `cates` WHERE ( pid=181 )  [ RunTime:0.000593s ]
NOTIC: [2] Invalid argument supplied for foreach() F:\wamp\www\test\Myweb\Home\Controller\IndexController.class.php 第 11 行.
SQL: SELECT * FROM `cates` WHERE ( pid=182 )  [ RunTime:0.000890s ]
NOTIC: [2] Invalid argument supplied for foreach() F:\wamp\www\test\Myweb\Home\Controller\IndexController.class.php 第 11 行.
SQL: SELECT * FROM `cates` WHERE ( pid=78 )  [ RunTime:0.000673s ]
SQL: SELECT * FROM `cates` WHERE ( pid=183 )  [ RunTime:0.000508s ]
NOTIC: [2] Invalid argument supplied for foreach() F:\wamp\www\test\Myweb\Home\Controller\IndexController.class.php 第 11 行.
SQL: SELECT * FROM `cates` WHERE ( pid=184 )  [ RunTime:0.000786s ]
NOTIC: [2] Invalid argument supplied for foreach() F:\wamp\www\test\Myweb\Home\Controller\IndexController.class.php 第 11 行.
SQL: SELECT * FROM `cates` WHERE ( pid=185 )  [ RunTime:0.000556s ]
NOTIC: [2] Invalid argument supplied for foreach() F:\wamp\www\test\Myweb\Home\Controller\IndexController.class.php 第 11 行.
SQL: SELECT * FROM `cates` WHERE ( pid=249 )  [ RunTime:0.001051s ]
SQL: SELECT * FROM `cates` WHERE ( pid=250 )  [ RunTime:0.000780s ]
NOTIC: [2] Invalid argument supplied for foreach() F:\wamp\www\test\Myweb\Home\Controller\IndexController.class.php 第 11 行.
SQL: SELECT * FROM `cates` WHERE ( pid=251 )  [ RunTime:0.000768s ]
NOTIC: [2] Invalid argument supplied for foreach() F:\wamp\www\test\Myweb\Home\Controller\IndexController.class.php 第 11 行.
SQL: SELECT * FROM `cates` WHERE ( pid=252 )  [ RunTime:0.001411s ]
NOTIC: [2] Invalid argument supplied for foreach() F:\wamp\www\test\Myweb\Home\Controller\IndexController.class.php 第 11 行.
SQL: SELECT * FROM `cates` WHERE ( pid=42 )  [ RunTime:0.001000s ]
SQL: SELECT * FROM `cates` WHERE ( pid=83 )  [ RunTime:0.001006s ]
SQL: SELECT * FROM `cates` WHERE ( pid=186 )  [ RunTime:0.000925s ]
NOTIC: [2] Invalid argument supplied for foreach() F:\wamp\www\test\Myweb\Home\Controller\IndexController.class.php 第 11 行.
SQL: SELECT * FROM `cates` WHERE ( pid=187 )  [ RunTime:0.000929s ]
NOTIC: [2] Invalid argument supplied for foreach() F:\wamp\www\test\Myweb\Home\Controller\IndexController.class.php 第 11 行.
SQL: SELECT * FROM `cates` WHERE ( pid=188 )  [ RunTime:0.000601s ]
NOTIC: [2] Invalid argument supplied for foreach() F:\wamp\www\test\Myweb\Home\Controller\IndexController.class.php 第 11 行.
SQL: SELECT * FROM `cates` WHERE ( pid=84 )  [ RunTime:0.000514s ]
SQL: SELECT * FROM `cates` WHERE ( pid=189 )  [ RunTime:0.000837s ]
NOTIC: [2] Invalid argument supplied for foreach() F:\wamp\www\test\Myweb\Home\Controller\IndexController.class.php 第 11 行.
SQL: SELECT * FROM `cates` WHERE ( pid=190 )  [ RunTime:0.000572s ]
NOTIC: [2] Invalid argument supplied for foreach() F:\wamp\www\test\Myweb\Home\Controller\IndexController.class.php 第 11 行.
SQL: SELECT * FROM `cates` WHERE ( pid=253 )  [ RunTime:0.000698s ]
SQL: SELECT * FROM `cates` WHERE ( pid=254 )  [ RunTime:0.000653s ]
NOTIC: [2] Invalid argument supplied for foreach() F:\wamp\www\test\Myweb\Home\Controller\IndexController.class.php 第 11 行.
SQL: SELECT * FROM `cates` WHERE ( pid=255 )  [ RunTime:0.000597s ]
NOTIC: [2] Invalid argument supplied for foreach() F:\wamp\www\test\Myweb\Home\Controller\IndexController.class.php 第 11 行.
SQL: SHOW COLUMNS FROM `goods` [ RunTime:0.002115s ]
SQL: SELECT * FROM `goods` WHERE ( status!='3' ) LIMIT 0,3   [ RunTime:0.001018s ]
SQL: select * from goods where status!='3' order by id desc limit 0,4 [ RunTime:0.000753s ]
SQL: select * from goods where typeid=3 and status!='3' limit 0,7 [ RunTime:0.002016s ]
SQL: select * from goods where typeid=7 and status!='3' limit 0,7 [ RunTime:0.000987s ]
SQL: select * from goods where typeid=11 and status!='3' limit 0,7 [ RunTime:0.000527s ]
SQL: select * from goods where typeid=15 and status!='3' limit 0,7 [ RunTime:0.000517s ]
SQL: select * from goods where typeid=19 and status!='3' limit 0,7 [ RunTime:0.000847s ]
SQL: select * from goods where typeid=23 and status!='3' limit 0,7 [ RunTime:0.000727s ]
SQL: select * from goods where typeid=27 and status!='3' limit 0,7 [ RunTime:0.000804s ]
SQL: select * from goods where typeid=31 and status!='3' limit 0,7 [ RunTime:0.000581s ]
SQL: select * from goods where typeid=35 and status!='3' limit 0,7 [ RunTime:0.000485s ]
SQL: select * from goods where typeid=39 and status!='3' limit 0,7 [ RunTime:0.000492s ]
SQL: SHOW COLUMNS FROM `lunbos` [ RunTime:0.001624s ]
SQL: SELECT * FROM `lunbos` WHERE `status` = 1  [ RunTime:0.000696s ]
SQL: SHOW COLUMNS FROM `adverts` [ RunTime:0.002088s ]
SQL: SELECT * FROM `adverts` LIMIT 0,7   [ RunTime:0.000707s ]
SQL: SHOW COLUMNS FROM `friends` [ RunTime:0.001658s ]
SQL: SELECT * FROM `friends` LIMIT 0,20   [ RunTime:0.000756s ]
INFO: [ view_parse ] --START--
INFO: [ template_filter ] --START--
INFO: Run Behavior\ContentReplaceBehavior [ RunTime:0.000588s ]
INFO: [ template_filter ] --END-- [ RunTime:0.000815s ]
NOTIC: [8] Undefined index: username2 F:\wamp\www\test\Myweb\Runtime\Cache\Home\9485de9478e82fac04c3714025ac334a.php 第 30 行.
NOTIC: [8] Undefined index: username2 F:\wamp\www\test\Myweb\Runtime\Cache\Home\9485de9478e82fac04c3714025ac334a.php 第 33 行.
NOTIC: [8] Undefined index: username2 F:\wamp\www\test\Myweb\Runtime\Cache\Home\9485de9478e82fac04c3714025ac334a.php 第 38 行.
NOTIC: [8] Undefined index: goods F:\wamp\www\test\Myweb\Runtime\Cache\Home\9485de9478e82fac04c3714025ac334a.php 第 56 行.
NOTIC: [8] Undefined index: username2 F:\wamp\www\test\Myweb\Runtime\Cache\Home\9485de9478e82fac04c3714025ac334a.php 第 656 行.
NOTIC: [8] Undefined index: pic2 F:\wamp\www\test\Myweb\Runtime\Cache\Home\9485de9478e82fac04c3714025ac334a.php 第 658 行.
NOTIC: [8] Undefined index: count2 F:\wamp\www\test\Myweb\Runtime\Cache\Home\9485de9478e82fac04c3714025ac334a.php 第 690 行.
INFO: Run Behavior\ParseTemplateBehavior [ RunTime:0.223782s ]
INFO: [ view_parse ] --END-- [ RunTime:0.224045s ]
INFO: [ view_filter ] --START--
INFO: Run Behavior\WriteHtmlCacheBehavior [ RunTime:0.013598s ]
INFO: [ view_filter ] --END-- [ RunTime:0.013893s ]
INFO: [ app_end ] --START--
INFO: Run Behavior\ShowPageTraceBehavior [ RunTime:0.027754s ]
INFO: [ app_end ] --END-- [ RunTime:0.028076s ]

