[ 2017-11-23T12:19:59+08:00 ] ::1 /test/
INFO: [ app_init ] --START--
INFO: Run Behavior\BuildLiteBehavior [ RunTime:0.000056s ]
INFO: [ app_init ] --END-- [ RunTime:0.015460s ]
INFO: [ app_begin ] --START--
INFO: Run Behavior\ReadHtmlCacheBehavior [ RunTime:0.002011s ]
INFO: [ app_begin ] --END-- [ RunTime:0.002321s ]
SQL: SHOW COLUMNS FROM `cates` [ RunTime:0.035013s ]
SQL: SELECT * FROM `cates` WHERE ( pid=0 )  [ RunTime:0.016321s ]
SQL: SELECT * FROM `cates` WHERE ( pid=3 )  [ RunTime:0.000681s ]
SQL: SELECT * FROM `cates` WHERE ( pid=5 )  [ RunTime:0.001002s ]
SQL: SELECT * FROM `cates` WHERE ( pid=64 )  [ RunTime:0.001391s ]
SQL: SELECT * FROM `cates` WHERE ( pid=145 )  [ RunTime:0.000784s ]
NOTIC: [2] Invalid argument supplied for foreach() F:\wamp\www\test\Myweb\Home\Controller\IndexController.class.php 第 11 行.
SQL: SELECT * FROM `cates` WHERE ( pid=146 )  [ RunTime:0.000678s ]
NOTIC: [2] Invalid argument supplied for foreach() F:\wamp\www\test\Myweb\Home\Controller\IndexController.class.php 第 11 行.
SQL: SELECT * FROM `cates` WHERE ( pid=147 )  [ RunTime:0.000760s ]
NOTIC: [2] Invalid argument supplied for foreach() F:\wamp\www\test\Myweb\Home\Controller\IndexController.class.php 第 11 行.
SQL: SELECT * FROM `cates` WHERE ( pid=148 )  [ RunTime:0.001045s ]
NOTIC: [2] Invalid argument supplied for foreach() F:\wamp\www\test\Myweb\Home\Controller\IndexController.class.php 第 11 行.
SQL: SELECT * FROM `cates` WHERE ( pid=65 )  [ RunTime:0.000938s ]
SQL: SELECT * FROM `cates` WHERE ( pid=149 )  [ RunTime:0.000952s ]
NOTIC: [2] Invalid argument supplied for foreach() F:\wamp\www\test\Myweb\Home\Controller\IndexController.class.php 第 11 行.
SQL: SELECT * FROM `cates` WHERE ( pid=150 )  [ RunTime:0.000925s ]
NOTIC: [2] Invalid argument supplied for foreach() F:\wamp\www\test\Myweb\Home\Controller\IndexController.class.php 第 11 行.
SQL: SELECT * FROM `cates` WHERE ( pid=151 )  [ RunTime:0.000987s ]
NOTIC: [2] Invalid argument supplied for foreach() F:\wamp\www\test\Myweb\Home\Controller\IndexController.class.php 第 11 行.
SQL: SELECT * FROM `cates` WHERE ( pid=152 )  [ RunTime:0.000903s ]
NOTIC: [2] Invalid argument supplied for foreach() F:\wamp\www\test\Myweb\Home\Controller\IndexController.class.php 第 11 行.
SQL: SELECT * FROM `cates` WHERE ( pid=232 )  [ RunTime:0.000445s ]
SQL: SELECT * FROM `cates` WHERE ( pid=234 )  [ RunTime:0.000561s ]
NOTIC: [2] Invalid argument supplied for foreach() F:\wamp\www\test\Myweb\Home\Controller\IndexController.class.php 第 11 行.
SQL: SELECT * FROM `cates` WHERE ( pid=6 )  [ RunTime:0.000386s ]
SQL: SELECT * FROM `cates` WHERE ( pid=66 )  [ RunTime:0.000691s ]
SQL: SELECT * FROM `cates` WHERE ( pid=153 )  [ RunTime:0.000595s ]
NOTIC: [2] Invalid argument supplied for foreach() F:\wamp\www\test\Myweb\Home\Controller\IndexController.class.php 第 11 行.
SQL: SELECT * FROM `cates` WHERE ( pid=154 )  [ RunTime:0.000937s ]
NOTIC: [2] Invalid argument supplied for foreach() F:\wamp\www\test\Myweb\Home\Controller\IndexController.class.php 第 11 行.
SQL: SELECT * FROM `cates` WHERE ( pid=68 )  [ RunTime:0.000812s ]
SQL: SELECT * FROM `cates` WHERE ( pid=155 )  [ RunTime:0.000796s ]
NOTIC: [2] Invalid argument supplied for foreach() F:\wamp\www\test\Myweb\Home\Controller\IndexController.class.php 第 11 行.
SQL: SELECT * FROM `cates` WHERE ( pid=156 )  [ RunTime:0.001071s ]
NOTIC: [2] Invalid argument supplied for foreach() F:\wamp\www\test\Myweb\Home\Controller\IndexController.class.php 第 11 行.
SQL: SELECT * FROM `cates` WHERE ( pid=157 )  [ RunTime:0.000765s ]
NOTIC: [2] Invalid argument supplied for foreach() F:\wamp\www\test\Myweb\Home\Controller\IndexController.class.php 第 11 行.
SQL: SELECT * FROM `cates` WHERE ( pid=233 )  [ RunTime:0.001175s ]
SQL: SELECT * FROM `cates` WHERE ( pid=235 )  [ RunTime:0.000752s ]
NOTIC: [2] Invalid argument supplied for foreach() F:\wamp\www\test\Myweb\Home\Controller\IndexController.class.php 第 11 行.
SQL: SELECT * FROM `cates` WHERE ( pid=236 )  [ RunTime:0.001018s ]
NOTIC: [2] Invalid argument supplied for foreach() F:\wamp\www\test\Myweb\Home\Controller\IndexController.class.php 第 11 行.
SQL: SELECT * FROM `cates` WHERE ( pid=7 )  [ RunTime:0.000866s ]
SQL: SELECT * FROM `cates` WHERE ( pid=8 )  [ RunTime:0.001221s ]
SQL: SELECT * FROM `cates` WHERE ( pid=79 )  [ RunTime:0.000991s ]
SQL: SELECT * FROM `cates` WHERE ( pid=191 )  [ RunTime:0.000615s ]
NOTIC: [2] Invalid argument supplied for foreach() F:\wamp\www\test\Myweb\Home\Controller\IndexController.class.php 第 11 行.
SQL: SELECT * FROM `cates` WHERE ( pid=192 )  [ RunTime:0.001095s ]
NOTIC: [2] Invalid argument supplied for foreach() F:\wamp\www\test\Myweb\Home\Controller\IndexController.class.php 第 11 行.
SQL: SELECT * FROM `cates` WHERE ( pid=193 )  [ RunTime:0.000831s ]
NOTIC: [2] Invalid argument supplied for foreach() F:\wamp\www\test\Myweb\Home\Controller\IndexController.class.php 第 11 行.
SQL: SELECT * FROM `cates` WHERE ( pid=80 )  [ RunTime:0.000781s ]
SQL: SELECT * FROM `cates` WHERE ( pid=194 )  [ RunTime:0.000885s ]
NOTIC: [2] Invalid argument supplied for foreach() F:\wamp\www\test\Myweb\Home\Controller\IndexController.class.php 第 11 行.
SQL: SELECT * FROM `cates` WHERE ( pid=195 )  [ RunTime:0.000642s ]
NOTIC: [2] Invalid argument supplied for foreach() F:\wamp\www\test\Myweb\Home\Controller\IndexController.class.php 第 11 行.
SQL: SELECT * FROM `cates` WHERE ( pid=256 )  [ RunTime:0.000655s ]
SQL: SELECT * FROM `cates` WHERE ( pid=258 )  [ RunTime:0.000569s ]
NOTIC: [2] Invalid argument supplied for foreach() F:\wamp\www\test\Myweb\Home\Controller\IndexController.class.php 第 11 行.
SQL: SELECT * FROM `cates` WHERE ( pid=259 )  [ RunTime:0.000582s ]
NOTIC: [2] Invalid argument supplied for foreach() F:\wamp\www\test\Myweb\Home\Controller\IndexController.class.php 第 11 行.
SQL: SELECT * FROM `cates` WHERE ( pid=9 )  [ RunTime:0.000625s ]
SQL: SELECT * FROM `cates` WHERE ( pid=81 )  [ RunTime:0.000628s ]
SQL: SELECT * FROM `cates` WHERE ( pid=198 )  [ RunTime:0.000567s ]
NOTIC: [2] Invalid argument supplied for foreach() F:\wamp\www\test\Myweb\Home\Controller\IndexController.class.php 第 11 行.
SQL: SELECT * FROM `cates` WHERE ( pid=82 )  [ RunTime:0.000657s ]
SQL: SELECT * FROM `cates` WHERE ( pid=196 )  [ RunTime:0.000586s ]
NOTIC: [2] Invalid argument supplied for foreach() F:\wamp\www\test\Myweb\Home\Controller\IndexController.class.php 第 11 行.
SQL: SELECT * FROM `cates` WHERE ( pid=197 )  [ RunTime:0.000512s ]
NOTIC: [2] Invalid argument supplied for foreach() F:\wamp\www\test\Myweb\Home\Controller\IndexController.class.php 第 11 行.
SQL: SELECT * FROM `cates` WHERE ( pid=257 )  [ RunTime:0.000477s ]
SQL: SELECT * FROM `cates` WHERE ( pid=260 )  [ RunTime:0.000605s ]
NOTIC: [2] Invalid argument supplied for foreach() F:\wamp\www\test\Myweb\Home\Controller\IndexController.class.php 第 11 行.
SQL: SELECT * FROM `cates` WHERE ( pid=11 )  [ RunTime:0.000771s ]
SQL: SELECT * FROM `cates` WHERE ( pid=13 )  [ RunTime:0.000773s ]
SQL: SELECT * FROM `cates` WHERE ( pid=43 )  [ RunTime:0.000911s ]
SQL: SELECT * FROM `cates` WHERE ( pid=94 )  [ RunTime:0.000771s ]
NOTIC: [2] Invalid argument supplied for foreach() F:\wamp\www\test\Myweb\Home\Controller\IndexController.class.php 第 11 行.
SQL: SELECT * FROM `cates` WHERE ( pid=95 )  [ RunTime:0.001400s ]
NOTIC: [2] Invalid argument supplied for foreach() F:\wamp\www\test\Myweb\Home\Controller\IndexController.class.php 第 11 行.
SQL: SELECT * FROM `cates` WHERE ( pid=96 )  [ RunTime:0.000815s ]
NOTIC: [2] Invalid argument supplied for foreach() F:\wamp\www\test\Myweb\Home\Controller\IndexController.class.php 第 11 行.
SQL: SELECT * FROM `cates` WHERE ( pid=97 )  [ RunTime:0.000587s ]
NOTIC: [2] Invalid argument supplied for foreach() F:\wamp\www\test\Myweb\Home\Controller\IndexController.class.php 第 11 行.
SQL: SELECT * FROM `cates` WHERE ( pid=44 )  [ RunTime:0.000516s ]
SQL: SELECT * FROM `cates` WHERE ( pid=199 )  [ RunTime:0.000629s ]
NOTIC: [2] Invalid argument supplied for foreach() F:\wamp\www\test\Myweb\Home\Controller\IndexController.class.php 第 11 行.
SQL: SELECT * FROM `cates` WHERE ( pid=200 )  [ RunTime:0.000904s ]
NOTIC: [2] Invalid argument supplied for foreach() F:\wamp\www\test\Myweb\Home\Controller\IndexController.class.php 第 11 行.
SQL: SELECT * FROM `cates` WHERE ( pid=201 )  [ RunTime:0.000891s ]
SQL: SELECT * FROM `cates` WHERE ( pid=203 )  [ RunTime:0.000720s ]
NOTIC: [2] Invalid argument supplied for foreach() F:\wamp\www\test\Myweb\Home\Controller\IndexController.class.php 第 11 行.
SQL: SELECT * FROM `cates` WHERE ( pid=204 )  [ RunTime:0.000833s ]
NOTIC: [2] Invalid argument supplied for foreach() F:\wamp\www\test\Myweb\Home\Controller\IndexController.class.php 第 11 行.
SQL: SELECT * FROM `cates` WHERE ( pid=14 )  [ RunTime:0.001155s ]
SQL: SELECT * FROM `cates` WHERE ( pid=46 )  [ RunTime:0.001027s ]
SQL: SELECT * FROM `cates` WHERE ( pid=85 )  [ RunTime:0.000763s ]
NOTIC: [2] Invalid argument supplied for foreach() F:\wamp\www\test\Myweb\Home\Controller\IndexController.class.php 第 11 行.
SQL: SELECT * FROM `cates` WHERE ( pid=86 )  [ RunTime:0.000593s ]
NOTIC: [2] Invalid argument supplied for foreach() F:\wamp\www\test\Myweb\Home\Controller\IndexController.class.php 第 11 行.
SQL: SELECT * FROM `cates` WHERE ( pid=87 )  [ RunTime:0.001661s ]
NOTIC: [2] Invalid argument supplied for foreach() F:\wamp\www\test\Myweb\Home\Controller\IndexController.class.php 第 11 行.
SQL: SELECT * FROM `cates` WHERE ( pid=88 )  [ RunTime:0.000802s ]
NOTIC: [2] Invalid argument supplied for foreach() F:\wamp\www\test\Myweb\Home\Controller\IndexController.class.php 第 11 行.
SQL: SELECT * FROM `cates` WHERE ( pid=89 )  [ RunTime:0.000940s ]
NOTIC: [2] Invalid argument supplied for foreach() F:\wamp\www\test\Myweb\Home\Controller\IndexController.class.php 第 11 行.
SQL: SELECT * FROM `cates` WHERE ( pid=45 )  [ RunTime:0.000758s ]
SQL: SELECT * FROM `cates` WHERE ( pid=90 )  [ RunTime:0.000734s ]
NOTIC: [2] Invalid argument supplied for foreach() F:\wamp\www\test\Myweb\Home\Controller\IndexController.class.php 第 11 行.
SQL: SELECT * FROM `cates` WHERE ( pid=91 )  [ RunTime:0.001143s ]
NOTIC: [2] Invalid argument supplied for foreach() F:\wamp\www\test\Myweb\Home\Controller\IndexController.class.php 第 11 行.
SQL: SELECT * FROM `cates` WHERE ( pid=92 )  [ RunTime:0.001231s ]
NOTIC: [2] Invalid argument supplied for foreach() F:\wamp\www\test\Myweb\Home\Controller\IndexController.class.php 第 11 行.
SQL: SELECT * FROM `cates` WHERE ( pid=93 )  [ RunTime:0.000765s ]
NOTIC: [2] Invalid argument supplied for foreach() F:\wamp\www\test\Myweb\Home\Controller\IndexController.class.php 第 11 行.
SQL: SELECT * FROM `cates` WHERE ( pid=202 )  [ RunTime:0.001272s ]
SQL: SELECT * FROM `cates` WHERE ( pid=205 )  [ RunTime:0.000714s ]
NOTIC: [2] Invalid argument supplied for foreach() F:\wamp\www\test\Myweb\Home\Controller\IndexController.class.php 第 11 行.
SQL: SELECT * FROM `cates` WHERE ( pid=206 )  [ RunTime:0.000702s ]
NOTIC: [2] Invalid argument supplied for foreach() F:\wamp\www\test\Myweb\Home\Controller\IndexController.class.php 第 11 行.
SQL: SELECT * FROM `cates` WHERE ( pid=207 )  [ RunTime:0.000825s ]
NOTIC: [2] Invalid argument supplied for foreach() F:\wamp\www\test\Myweb\Home\Controller\IndexController.class.php 第 11 行.
SQL: SELECT * FROM `cates` WHERE ( pid=15 )  [ RunTime:0.000740s ]
SQL: SELECT * FROM `cates` WHERE ( pid=16 )  [ RunTime:0.000693s ]
SQL: SELECT * FROM `cates` WHERE ( pid=48 )  [ RunTime:0.000660s ]
SQL: SELECT * FROM `cates` WHERE ( pid=103 )  [ RunTime:0.000617s ]
NOTIC: [2] Invalid argument supplied for foreach() F:\wamp\www\test\Myweb\Home\Controller\IndexController.class.php 第 11 行.
SQL: SELECT * FROM `cates` WHERE ( pid=104 )  [ RunTime:0.000544s ]
NOTIC: [2] Invalid argument supplied for foreach() F:\wamp\www\test\Myweb\Home\Controller\IndexController.class.php 第 11 行.
SQL: SELECT * FROM `cates` WHERE ( pid=105 )  [ RunTime:0.000535s ]
NOTIC: [2] Invalid argument supplied for foreach() F:\wamp\www\test\Myweb\Home\Controller\IndexController.class.php 第 11 行.
SQL: SELECT * FROM `cates` WHERE ( pid=106 )  [ RunTime:0.000597s ]
NOTIC: [2] Invalid argument supplied for foreach() F:\wamp\www\test\Myweb\Home\Controller\IndexController.class.php 第 11 行.
SQL: SELECT * FROM `cates` WHERE ( pid=47 )  [ RunTime:0.000722s ]
SQL: SELECT * FROM `cates` WHERE ( pid=98 )  [ RunTime:0.000602s ]
NOTIC: [2] Invalid argument supplied for foreach() F:\wamp\www\test\Myweb\Home\Controller\IndexController.class.php 第 11 行.
SQL: SELECT * FROM `cates` WHERE ( pid=99 )  [ RunTime:0.001246s ]
NOTIC: [2] Invalid argument supplied for foreach() F:\wamp\www\test\Myweb\Home\Controller\IndexController.class.php 第 11 行.
SQL: SELECT * FROM `cates` WHERE ( pid=100 )  [ RunTime:0.000837s ]
NOTIC: [2] Invalid argument supplied for foreach() F:\wamp\www\test\Myweb\Home\Controller\IndexController.class.php 第 11 行.
SQL: SELECT * FROM `cates` WHERE ( pid=101 )  [ RunTime:0.000640s ]
NOTIC: [2] Invalid argument supplied for foreach() F:\wamp\www\test\Myweb\Home\Controller\IndexController.class.php 第 11 行.
SQL: SELECT * FROM `cates` WHERE ( pid=102 )  [ RunTime:0.000705s ]
NOTIC: [2] Invalid argument supplied for foreach() F:\wamp\www\test\Myweb\Home\Controller\IndexController.class.php 第 11 行.
SQL: SELECT * FROM `cates` WHERE ( pid=208 )  [ RunTime:0.001183s ]
SQL: SELECT * FROM `cates` WHERE ( pid=209 )  [ RunTime:0.001163s ]
NOTIC: [2] Invalid argument supplied for foreach() F:\wamp\www\test\Myweb\Home\Controller\IndexController.class.php 第 11 行.
SQL: SELECT * FROM `cates` WHERE ( pid=210 )  [ RunTime:0.000798s ]
NOTIC: [2] Invalid argument supplied for foreach() F:\wamp\www\test\Myweb\Home\Controller\IndexController.class.php 第 11 行.
SQL: SELECT * FROM `cates` WHERE ( pid=17 )  [ RunTime:0.000755s ]
SQL: SELECT * FROM `cates` WHERE ( pid=49 )  [ RunTime:0.000653s ]
SQL: SELECT * FROM `cates` WHERE ( pid=107 )  [ RunTime:0.000674s ]
NOTIC: [2] Invalid argument supplied for foreach() F:\wamp\www\test\Myweb\Home\Controller\IndexController.class.php 第 11 行.
SQL: SELECT * FROM `cates` WHERE ( pid=108 )  [ RunTime:0.001065s ]
NOTIC: [2] Invalid argument supplied for foreach() F:\wamp\www\test\Myweb\Home\Controller\IndexController.class.php 第 11 行.
SQL: SELECT * FROM `cates` WHERE ( pid=109 )  [ RunTime:0.000900s ]
NOTIC: [2] Invalid argument supplied for foreach() F:\wamp\www\test\Myweb\Home\Controller\IndexController.class.php 第 11 行.
SQL: SELECT * FROM `cates` WHERE ( pid=110 )  [ RunTime:0.000683s ]
NOTIC: [2] Invalid argument supplied for foreach() F:\wamp\www\test\Myweb\Home\Controller\IndexController.class.php 第 11 行.
SQL: SELECT * FROM `cates` WHERE ( pid=50 )  [ RunTime:0.000719s ]
SQL: SELECT * FROM `cates` WHERE ( pid=111 )  [ RunTime:0.000726s ]
NOTIC: [2] Invalid argument supplied for foreach() F:\wamp\www\test\Myweb\Home\Controller\IndexController.class.php 第 11 行.
SQL: SELECT * FROM `cates` WHERE ( pid=112 )  [ RunTime:0.000772s ]
NOTIC: [2] Invalid argument supplied for foreach() F:\wamp\www\test\Myweb\Home\Controller\IndexController.class.php 第 11 行.
SQL: SELECT * FROM `cates` WHERE ( pid=211 )  [ RunTime:0.000948s ]
SQL: SELECT * FROM `cates` WHERE ( pid=212 )  [ RunTime:0.000818s ]
NOTIC: [2] Invalid argument supplied for foreach() F:\wamp\www\test\Myweb\Home\Controller\IndexController.class.php 第 11 行.
SQL: SELECT * FROM `cates` WHERE ( pid=213 )  [ RunTime:0.000717s ]
NOTIC: [2] Invalid argument supplied for foreach() F:\wamp\www\test\Myweb\Home\Controller\IndexController.class.php 第 11 行.
SQL: SELECT * FROM `cates` WHERE ( pid=19 )  [ RunTime:0.000608s ]
SQL: SELECT * FROM `cates` WHERE ( pid=20 )  [ RunTime:0.000596s ]
SQL: SELECT * FROM `cates` WHERE ( pid=51 )  [ RunTime:0.000496s ]
SQL: SELECT * FROM `cates` WHERE ( pid=113 )  [ RunTime:0.000630s ]
NOTIC: [2] Invalid argument supplied for foreach() F:\wamp\www\test\Myweb\Home\Controller\IndexController.class.php 第 11 行.
SQL: SELECT * FROM `cates` WHERE ( pid=52 )  [ RunTime:0.003326s ]
SQL: SELECT * FROM `cates` WHERE ( pid=115 )  [ RunTime:0.000716s ]
NOTIC: [2] Invalid argument supplied for foreach() F:\wamp\www\test\Myweb\Home\Controller\IndexController.class.php 第 11 行.
SQL: SELECT * FROM `cates` WHERE ( pid=116 )  [ RunTime:0.000660s ]
NOTIC: [2] Invalid argument supplied for foreach() F:\wamp\www\test\Myweb\Home\Controller\IndexController.class.php 第 11 行.
SQL: SELECT * FROM `cates` WHERE ( pid=214 )  [ RunTime:0.000709s ]
SQL: SELECT * FROM `cates` WHERE ( pid=215 )  [ RunTime:0.000777s ]
NOTIC: [2] Invalid argument supplied for foreach() F:\wamp\www\test\Myweb\Home\Controller\IndexController.class.php 第 11 行.
SQL: SELECT * FROM `cates` WHERE ( pid=216 )  [ RunTime:0.000848s ]
NOTIC: [2] Invalid argument supplied for foreach() F:\wamp\www\test\Myweb\Home\Controller\IndexController.class.php 第 11 行.
SQL: SELECT * FROM `cates` WHERE ( pid=21 )  [ RunTime:0.000732s ]
SQL: SELECT * FROM `cates` WHERE ( pid=53 )  [ RunTime:0.001161s ]
SQL: SELECT * FROM `cates` WHERE ( pid=117 )  [ RunTime:0.001168s ]
NOTIC: [2] Invalid argument supplied for foreach() F:\wamp\www\test\Myweb\Home\Controller\IndexController.class.php 第 11 行.
SQL: SELECT * FROM `cates` WHERE ( pid=54 )  [ RunTime:0.000823s ]
SQL: SELECT * FROM `cates` WHERE ( pid=118 )  [ RunTime:0.001052s ]
NOTIC: [2] Invalid argument supplied for foreach() F:\wamp\www\test\Myweb\Home\Controller\IndexController.class.php 第 11 行.
SQL: SELECT * FROM `cates` WHERE ( pid=119 )  [ RunTime:0.000735s ]
NOTIC: [2] Invalid argument supplied for foreach() F:\wamp\www\test\Myweb\Home\Controller\IndexController.class.php 第 11 行.
SQL: SELECT * FROM `cates` WHERE ( pid=217 )  [ RunTime:0.000986s ]
SQL: SELECT * FROM `cates` WHERE ( pid=218 )  [ RunTime:0.000663s ]
NOTIC: [2] Invalid argument supplied for foreach() F:\wamp\www\test\Myweb\Home\Controller\IndexController.class.php 第 11 行.
SQL: SELECT * FROM `cates` WHERE ( pid=219 )  [ RunTime:0.000981s ]
NOTIC: [2] Invalid argument supplied for foreach() F:\wamp\www\test\Myweb\Home\Controller\IndexController.class.php 第 11 行.
SQL: SELECT * FROM `cates` WHERE ( pid=23 )  [ RunTime:0.000811s ]
SQL: SELECT * FROM `cates` WHERE ( pid=25 )  [ RunTime:0.000893s ]
SQL: SELECT * FROM `cates` WHERE ( pid=55 )  [ RunTime:0.000838s ]
SQL: SELECT * FROM `cates` WHERE ( pid=123 )  [ RunTime:0.000704s ]
NOTIC: [2] Invalid argument supplied for foreach() F:\wamp\www\test\Myweb\Home\Controller\IndexController.class.php 第 11 行.
SQL: SELECT * FROM `cates` WHERE ( pid=124 )  [ RunTime:0.000809s ]
NOTIC: [2] Invalid argument supplied for foreach() F:\wamp\www\test\Myweb\Home\Controller\IndexController.class.php 第 11 行.
SQL: SELECT * FROM `cates` WHERE ( pid=125 )  [ RunTime:0.001003s ]
NOTIC: [2] Invalid argument supplied for foreach() F:\wamp\www\test\Myweb\Home\Controller\IndexController.class.php 第 11 行.
SQL: SELECT * FROM `cates` WHERE ( pid=56 )  [ RunTime:0.001131s ]
SQL: SELECT * FROM `cates` WHERE ( pid=120 )  [ RunTime:0.000480s ]
NOTIC: [2] Invalid argument supplied for foreach() F:\wamp\www\test\Myweb\Home\Controller\IndexController.class.php 第 11 行.
SQL: SELECT * FROM `cates` WHERE ( pid=121 )  [ RunTime:0.000422s ]
NOTIC: [2] Invalid argument supplied for foreach() F:\wamp\www\test\Myweb\Home\Controller\IndexController.class.php 第 11 行.
SQL: SELECT * FROM `cates` WHERE ( pid=122 )  [ RunTime:0.000560s ]
NOTIC: [2] Invalid argument supplied for foreach() F:\wamp\www\test\Myweb\Home\Controller\IndexController.class.php 第 11 行.
SQL: SELECT * FROM `cates` WHERE ( pid=220 )  [ RunTime:0.000444s ]
SQL: SELECT * FROM `cates` WHERE ( pid=221 )  [ RunTime:0.000426s ]
NOTIC: [2] Invalid argument supplied for foreach() F:\wamp\www\test\Myweb\Home\Controller\IndexController.class.php 第 11 行.
SQL: SELECT * FROM `cates` WHERE ( pid=222 )  [ RunTime:0.000486s ]
NOTIC: [2] Invalid argument supplied for foreach() F:\wamp\www\test\Myweb\Home\Controller\IndexController.class.php 第 11 行.
SQL: SELECT * FROM `cates` WHERE ( pid=26 )  [ RunTime:0.000890s ]
SQL: SELECT * FROM `cates` WHERE ( pid=57 )  [ RunTime:0.000539s ]
SQL: SELECT * FROM `cates` WHERE ( pid=128 )  [ RunTime:0.001026s ]
NOTIC: [2] Invalid argument supplied for foreach() F:\wamp\www\test\Myweb\Home\Controller\IndexController.class.php 第 11 行.
SQL: SELECT * FROM `cates` WHERE ( pid=129 )  [ RunTime:0.001339s ]
NOTIC: [2] Invalid argument supplied for foreach() F:\wamp\www\test\Myweb\Home\Controller\IndexController.class.php 第 11 行.
SQL: SELECT * FROM `cates` WHERE ( pid=130 )  [ RunTime:0.000760s ]
NOTIC: [2] Invalid argument supplied for foreach() F:\wamp\www\test\Myweb\Home\Controller\IndexController.class.php 第 11 行.
SQL: SELECT * FROM `cates` WHERE ( pid=58 )  [ RunTime:0.000585s ]
SQL: SELECT * FROM `cates` WHERE ( pid=126 )  [ RunTime:0.000405s ]
NOTIC: [2] Invalid argument supplied for foreach() F:\wamp\www\test\Myweb\Home\Controller\IndexController.class.php 第 11 行.
SQL: SELECT * FROM `cates` WHERE ( pid=127 )  [ RunTime:0.000695s ]
NOTIC: [2] Invalid argument supplied for foreach() F:\wamp\www\test\Myweb\Home\Controller\IndexController.class.php 第 11 行.
SQL: SELECT * FROM `cates` WHERE ( pid=223 )  [ RunTime:0.000454s ]
SQL: SELECT * FROM `cates` WHERE ( pid=224 )  [ RunTime:0.000693s ]
NOTIC: [2] Invalid argument supplied for foreach() F:\wamp\www\test\Myweb\Home\Controller\IndexController.class.php 第 11 行.
SQL: SELECT * FROM `cates` WHERE ( pid=225 )  [ RunTime:0.000385s ]
NOTIC: [2] Invalid argument supplied for foreach() F:\wamp\www\test\Myweb\Home\Controller\IndexController.class.php 第 11 行.
SQL: SELECT * FROM `cates` WHERE ( pid=27 )  [ RunTime:0.000408s ]
SQL: SELECT * FROM `cates` WHERE ( pid=28 )  [ RunTime:0.000727s ]
SQL: SELECT * FROM `cates` WHERE ( pid=59 )  [ RunTime:0.000720s ]
SQL: SELECT * FROM `cates` WHERE ( pid=131 )  [ RunTime:0.001375s ]
NOTIC: [2] Invalid argument supplied for foreach() F:\wamp\www\test\Myweb\Home\Controller\IndexController.class.php 第 11 行.
SQL: SELECT * FROM `cates` WHERE ( pid=132 )  [ RunTime:0.000874s ]
NOTIC: [2] Invalid argument supplied for foreach() F:\wamp\www\test\Myweb\Home\Controller\IndexController.class.php 第 11 行.
SQL: SELECT * FROM `cates` WHERE ( pid=133 )  [ RunTime:0.000730s ]
NOTIC: [2] Invalid argument supplied for foreach() F:\wamp\www\test\Myweb\Home\Controller\IndexController.class.php 第 11 行.
SQL: SELECT * FROM `cates` WHERE ( pid=61 )  [ RunTime:0.000998s ]
SQL: SELECT * FROM `cates` WHERE ( pid=134 )  [ RunTime:0.005134s ]
NOTIC: [2] Invalid argument supplied for foreach() F:\wamp\www\test\Myweb\Home\Controller\IndexController.class.php 第 11 行.
SQL: SELECT * FROM `cates` WHERE ( pid=135 )  [ RunTime:0.000631s ]
NOTIC: [2] Invalid argument supplied for foreach() F:\wamp\www\test\Myweb\Home\Controller\IndexController.class.php 第 11 行.
SQL: SELECT * FROM `cates` WHERE ( pid=136 )  [ RunTime:0.000514s ]
NOTIC: [2] Invalid argument supplied for foreach() F:\wamp\www\test\Myweb\Home\Controller\IndexController.class.php 第 11 行.
SQL: SELECT * FROM `cates` WHERE ( pid=137 )  [ RunTime:0.000764s ]
NOTIC: [2] Invalid argument supplied for foreach() F:\wamp\www\test\Myweb\Home\Controller\IndexController.class.php 第 11 行.
SQL: SELECT * FROM `cates` WHERE ( pid=226 )  [ RunTime:0.000746s ]
SQL: SELECT * FROM `cates` WHERE ( pid=228 )  [ RunTime:0.000730s ]
NOTIC: [2] Invalid argument supplied for foreach() F:\wamp\www\test\Myweb\Home\Controller\IndexController.class.php 第 11 行.
SQL: SELECT * FROM `cates` WHERE ( pid=229 )  [ RunTime:0.000683s ]
NOTIC: [2] Invalid argument supplied for foreach() F:\wamp\www\test\Myweb\Home\Controller\IndexController.class.php 第 11 行.
SQL: SELECT * FROM `cates` WHERE ( pid=29 )  [ RunTime:0.001206s ]
SQL: SELECT * FROM `cates` WHERE ( pid=62 )  [ RunTime:0.000658s ]
SQL: SELECT * FROM `cates` WHERE ( pid=138 )  [ RunTime:0.000507s ]
NOTIC: [2] Invalid argument supplied for foreach() F:\wamp\www\test\Myweb\Home\Controller\IndexController.class.php 第 11 行.
SQL: SELECT * FROM `cates` WHERE ( pid=139 )  [ RunTime:0.000646s ]
NOTIC: [2] Invalid argument supplied for foreach() F:\wamp\www\test\Myweb\Home\Controller\IndexController.class.php 第 11 行.
SQL: SELECT * FROM `cates` WHERE ( pid=63 )  [ RunTime:0.000602s ]
SQL: SELECT * FROM `cates` WHERE ( pid=140 )  [ RunTime:0.000594s ]
NOTIC: [2] Invalid argument supplied for foreach() F:\wamp\www\test\Myweb\Home\Controller\IndexController.class.php 第 11 行.
SQL: SELECT * FROM `cates` WHERE ( pid=141 )  [ RunTime:0.000424s ]
NOTIC: [2] Invalid argument supplied for foreach() F:\wamp\www\test\Myweb\Home\Controller\IndexController.class.php 第 11 行.
SQL: SELECT * FROM `cates` WHERE ( pid=142 )  [ RunTime:0.000461s ]
NOTIC: [2] Invalid argument supplied for foreach() F:\wamp\www\test\Myweb\Home\Controller\IndexController.class.php 第 11 行.
SQL: SELECT * FROM `cates` WHERE ( pid=143 )  [ RunTime:0.000597s ]
NOTIC: [2] Invalid argument supplied for foreach() F:\wamp\www\test\Myweb\Home\Controller\IndexController.class.php 第 11 行.
SQL: SELECT * FROM `cates` WHERE ( pid=144 )  [ RunTime:0.000503s ]
NOTIC: [2] Invalid argument supplied for foreach() F:\wamp\www\test\Myweb\Home\Controller\IndexController.class.php 第 11 行.
SQL: SELECT * FROM `cates` WHERE ( pid=227 )  [ RunTime:0.000428s ]
SQL: SELECT * FROM `cates` WHERE ( pid=230 )  [ RunTime:0.000503s ]
NOTIC: [2] Invalid argument supplied for foreach() F:\wamp\www\test\Myweb\Home\Controller\IndexController.class.php 第 11 行.
SQL: SELECT * FROM `cates` WHERE ( pid=231 )  [ RunTime:0.000490s ]
NOTIC: [2] Invalid argument supplied for foreach() F:\wamp\www\test\Myweb\Home\Controller\IndexController.class.php 第 11 行.
SQL: SELECT * FROM `cates` WHERE ( pid=31 )  [ RunTime:0.000694s ]
SQL: SELECT * FROM `cates` WHERE ( pid=32 )  [ RunTime:0.000606s ]
SQL: SELECT * FROM `cates` WHERE ( pid=69 )  [ RunTime:0.000533s ]
SQL: SELECT * FROM `cates` WHERE ( pid=158 )  [ RunTime:0.000738s ]
NOTIC: [2] Invalid argument supplied for foreach() F:\wamp\www\test\Myweb\Home\Controller\IndexController.class.php 第 11 行.
SQL: SELECT * FROM `cates` WHERE ( pid=159 )  [ RunTime:0.000462s ]
NOTIC: [2] Invalid argument supplied for foreach() F:\wamp\www\test\Myweb\Home\Controller\IndexController.class.php 第 11 行.
SQL: SELECT * FROM `cates` WHERE ( pid=160 )  [ RunTime:0.000844s ]
NOTIC: [2] Invalid argument supplied for foreach() F:\wamp\www\test\Myweb\Home\Controller\IndexController.class.php 第 11 行.
SQL: SELECT * FROM `cates` WHERE ( pid=161 )  [ RunTime:0.000612s ]
NOTIC: [2] Invalid argument supplied for foreach() F:\wamp\www\test\Myweb\Home\Controller\IndexController.class.php 第 11 行.
SQL: SELECT * FROM `cates` WHERE ( pid=70 )  [ RunTime:0.000562s ]
SQL: SELECT * FROM `cates` WHERE ( pid=162 )  [ RunTime:0.000712s ]
NOTIC: [2] Invalid argument supplied for foreach() F:\wamp\www\test\Myweb\Home\Controller\IndexController.class.php 第 11 行.
SQL: SELECT * FROM `cates` WHERE ( pid=163 )  [ RunTime:0.001236s ]
NOTIC: [2] Invalid argument supplied for foreach() F:\wamp\www\test\Myweb\Home\Controller\IndexController.class.php 第 11 行.
SQL: SELECT * FROM `cates` WHERE ( pid=164 )  [ RunTime:0.001145s ]
NOTIC: [2] Invalid argument supplied for foreach() F:\wamp\www\test\Myweb\Home\Controller\IndexController.class.php 第 11 行.
SQL: SELECT * FROM `cates` WHERE ( pid=237 )  [ RunTime:0.001059s ]
SQL: SELECT * FROM `cates` WHERE ( pid=239 )  [ RunTime:0.000785s ]
NOTIC: [2] Invalid argument supplied for foreach() F:\wamp\www\test\Myweb\Home\Controller\IndexController.class.php 第 11 行.
SQL: SELECT * FROM `cates` WHERE ( pid=240 )  [ RunTime:0.001002s ]
NOTIC: [2] Invalid argument supplied for foreach() F:\wamp\www\test\Myweb\Home\Controller\IndexController.class.php 第 11 行.
SQL: SELECT * FROM `cates` WHERE ( pid=34 )  [ RunTime:0.000881s ]
SQL: SELECT * FROM `cates` WHERE ( pid=71 )  [ RunTime:0.000816s ]
SQL: SELECT * FROM `cates` WHERE ( pid=165 )  [ RunTime:0.000765s ]
NOTIC: [2] Invalid argument supplied for foreach() F:\wamp\www\test\Myweb\Home\Controller\IndexController.class.php 第 11 行.
SQL: SELECT * FROM `cates` WHERE ( pid=166 )  [ RunTime:0.000685s ]
NOTIC: [2] Invalid argument supplied for foreach() F:\wamp\www\test\Myweb\Home\Controller\IndexController.class.php 第 11 行.
SQL: SELECT * FROM `cates` WHERE ( pid=72 )  [ RunTime:0.000820s ]
SQL: SELECT * FROM `cates` WHERE ( pid=167 )  [ RunTime:0.001327s ]
NOTIC: [2] Invalid argument supplied for foreach() F:\wamp\www\test\Myweb\Home\Controller\IndexController.class.php 第 11 行.
SQL: SELECT * FROM `cates` WHERE ( pid=168 )  [ RunTime:0.000855s ]
NOTIC: [2] Invalid argument supplied for foreach() F:\wamp\www\test\Myweb\Home\Controller\IndexController.class.php 第 11 行.
SQL: SELECT * FROM `cates` WHERE ( pid=238 )  [ RunTime:0.000709s ]
SQL: SELECT * FROM `cates` WHERE ( pid=241 )  [ RunTime:0.001124s ]
NOTIC: [2] Invalid argument supplied for foreach() F:\wamp\www\test\Myweb\Home\Controller\IndexController.class.php 第 11 行.
SQL: SELECT * FROM `cates` WHERE ( pid=242 )  [ RunTime:0.000638s ]
NOTIC: [2] Invalid argument supplied for foreach() F:\wamp\www\test\Myweb\Home\Controller\IndexController.class.php 第 11 行.
SQL: SELECT * FROM `cates` WHERE ( pid=35 )  [ RunTime:0.000787s ]
SQL: SELECT * FROM `cates` WHERE ( pid=36 )  [ RunTime:0.000626s ]
SQL: SELECT * FROM `cates` WHERE ( pid=73 )  [ RunTime:0.000768s ]
SQL: SELECT * FROM `cates` WHERE ( pid=169 )  [ RunTime:0.000809s ]
NOTIC: [2] Invalid argument supplied for foreach() F:\wamp\www\test\Myweb\Home\Controller\IndexController.class.php 第 11 行.
SQL: SELECT * FROM `cates` WHERE ( pid=170 )  [ RunTime:0.000714s ]
NOTIC: [2] Invalid argument supplied for foreach() F:\wamp\www\test\Myweb\Home\Controller\IndexController.class.php 第 11 行.
SQL: SELECT * FROM `cates` WHERE ( pid=171 )  [ RunTime:0.000703s ]
NOTIC: [2] Invalid argument supplied for foreach() F:\wamp\www\test\Myweb\Home\Controller\IndexController.class.php 第 11 行.
SQL: SELECT * FROM `cates` WHERE ( pid=74 )  [ RunTime:0.000885s ]
SQL: SELECT * FROM `cates` WHERE ( pid=172 )  [ RunTime:0.001160s ]
NOTIC: [2] Invalid argument supplied for foreach() F:\wamp\www\test\Myweb\Home\Controller\IndexController.class.php 第 11 行.
SQL: SELECT * FROM `cates` WHERE ( pid=173 )  [ RunTime:0.001076s ]
NOTIC: [2] Invalid argument supplied for foreach() F:\wamp\www\test\Myweb\Home\Controller\IndexController.class.php 第 11 行.
SQL: SELECT * FROM `cates` WHERE ( pid=174 )  [ RunTime:0.000724s ]
NOTIC: [2] Invalid argument supplied for foreach() F:\wamp\www\test\Myweb\Home\Controller\IndexController.class.php 第 11 行.
SQL: SELECT * FROM `cates` WHERE ( pid=243 )  [ RunTime:0.000669s ]
SQL: SELECT * FROM `cates` WHERE ( pid=244 )  [ RunTime:0.000701s ]
NOTIC: [2] Invalid argument supplied for foreach() F:\wamp\www\test\Myweb\Home\Controller\IndexController.class.php 第 11 行.
SQL: SELECT * FROM `cates` WHERE ( pid=245 )  [ RunTime:0.001181s ]
NOTIC: [2] Invalid argument supplied for foreach() F:\wamp\www\test\Myweb\Home\Controller\IndexController.class.php 第 11 行.
SQL: SELECT * FROM `cates` WHERE ( pid=37 )  [ RunTime:0.001319s ]
SQL: SELECT * FROM `cates` WHERE ( pid=75 )  [ RunTime:0.000865s ]
SQL: SELECT * FROM `cates` WHERE ( pid=175 )  [ RunTime:0.000748s ]
NOTIC: [2] Invalid argument supplied for foreach() F:\wamp\www\test\Myweb\Home\Controller\IndexController.class.php 第 11 行.
SQL: SELECT * FROM `cates` WHERE ( pid=176 )  [ RunTime:0.000626s ]
NOTIC: [2] Invalid argument supplied for foreach() F:\wamp\www\test\Myweb\Home\Controller\IndexController.class.php 第 11 行.
SQL: SELECT * FROM `cates` WHERE ( pid=76 )  [ RunTime:0.000864s ]
SQL: SELECT * FROM `cates` WHERE ( pid=177 )  [ RunTime:0.000537s ]
NOTIC: [2] Invalid argument supplied for foreach() F:\wamp\www\test\Myweb\Home\Controller\IndexController.class.php 第 11 行.
SQL: SELECT * FROM `cates` WHERE ( pid=178 )  [ RunTime:0.000462s ]
NOTIC: [2] Invalid argument supplied for foreach() F:\wamp\www\test\Myweb\Home\Controller\IndexController.class.php 第 11 行.
SQL: SELECT * FROM `cates` WHERE ( pid=246 )  [ RunTime:0.000455s ]
SQL: SELECT * FROM `cates` WHERE ( pid=247 )  [ RunTime:0.000460s ]
NOTIC: [2] Invalid argument supplied for foreach() F:\wamp\www\test\Myweb\Home\Controller\IndexController.class.php 第 11 行.
SQL: SELECT * FROM `cates` WHERE ( pid=248 )  [ RunTime:0.000450s ]
NOTIC: [2] Invalid argument supplied for foreach() F:\wamp\www\test\Myweb\Home\Controller\IndexController.class.php 第 11 行.
SQL: SELECT * FROM `cates` WHERE ( pid=39 )  [ RunTime:0.001151s ]
SQL: SELECT * FROM `cates` WHERE ( pid=41 )  [ RunTime:0.000627s ]
SQL: SELECT * FROM `cates` WHERE ( pid=77 )  [ RunTime:0.000733s ]
SQL: SELECT * FROM `cates` WHERE ( pid=179 )  [ RunTime:0.000499s ]
NOTIC: [2] Invalid argument supplied for foreach() F:\wamp\www\test\Myweb\Home\Controller\IndexController.class.php 第 11 行.
SQL: SELECT * FROM `cates` WHERE ( pid=180 )  [ RunTime:0.001010s ]
NOTIC: [2] Invalid argument supplied for foreach() F:\wamp\www\test\Myweb\Home\Controller\IndexController.class.php 第 11 行.
SQL: SELECT * FROM `cates` WHERE ( pid=181 )  [ RunTime:0.000724s ]
NOTIC: [2] Invalid argument supplied for foreach() F:\wamp\www\test\Myweb\Home\Controller\IndexController.class.php 第 11 行.
SQL: SELECT * FROM `cates` WHERE ( pid=182 )  [ RunTime:0.001191s ]
NOTIC: [2] Invalid argument supplied for foreach() F:\wamp\www\test\Myweb\Home\Controller\IndexController.class.php 第 11 行.
SQL: SELECT * FROM `cates` WHERE ( pid=78 )  [ RunTime:0.000640s ]
SQL: SELECT * FROM `cates` WHERE ( pid=183 )  [ RunTime:0.000677s ]
NOTIC: [2] Invalid argument supplied for foreach() F:\wamp\www\test\Myweb\Home\Controller\IndexController.class.php 第 11 行.
SQL: SELECT * FROM `cates` WHERE ( pid=184 )  [ RunTime:0.000480s ]
NOTIC: [2] Invalid argument supplied for foreach() F:\wamp\www\test\Myweb\Home\Controller\IndexController.class.php 第 11 行.
SQL: SELECT * FROM `cates` WHERE ( pid=185 )  [ RunTime:0.000389s ]
NOTIC: [2] Invalid argument supplied for foreach() F:\wamp\www\test\Myweb\Home\Controller\IndexController.class.php 第 11 行.
SQL: SELECT * FROM `cates` WHERE ( pid=249 )  [ RunTime:0.000403s ]
SQL: SELECT * FROM `cates` WHERE ( pid=250 )  [ RunTime:0.000371s ]
NOTIC: [2] Invalid argument supplied for foreach() F:\wamp\www\test\Myweb\Home\Controller\IndexController.class.php 第 11 行.
SQL: SELECT * FROM `cates` WHERE ( pid=251 )  [ RunTime:0.000386s ]
NOTIC: [2] Invalid argument supplied for foreach() F:\wamp\www\test\Myweb\Home\Controller\IndexController.class.php 第 11 行.
SQL: SELECT * FROM `cates` WHERE ( pid=252 )  [ RunTime:0.000449s ]
NOTIC: [2] Invalid argument supplied for foreach() F:\wamp\www\test\Myweb\Home\Controller\IndexController.class.php 第 11 行.
SQL: SELECT * FROM `cates` WHERE ( pid=42 )  [ RunTime:0.000767s ]
SQL: SELECT * FROM `cates` WHERE ( pid=83 )  [ RunTime:0.000600s ]
SQL: SELECT * FROM `cates` WHERE ( pid=186 )  [ RunTime:0.000466s ]
NOTIC: [2] Invalid argument supplied for foreach() F:\wamp\www\test\Myweb\Home\Controller\IndexController.class.php 第 11 行.
SQL: SELECT * FROM `cates` WHERE ( pid=187 )  [ RunTime:0.000372s ]
NOTIC: [2] Invalid argument supplied for foreach() F:\wamp\www\test\Myweb\Home\Controller\IndexController.class.php 第 11 行.
SQL: SELECT * FROM `cates` WHERE ( pid=188 )  [ RunTime:0.000478s ]
NOTIC: [2] Invalid argument supplied for foreach() F:\wamp\www\test\Myweb\Home\Controller\IndexController.class.php 第 11 行.
SQL: SELECT * FROM `cates` WHERE ( pid=84 )  [ RunTime:0.000734s ]
SQL: SELECT * FROM `cates` WHERE ( pid=189 )  [ RunTime:0.000997s ]
NOTIC: [2] Invalid argument supplied for foreach() F:\wamp\www\test\Myweb\Home\Controller\IndexController.class.php 第 11 行.
SQL: SELECT * FROM `cates` WHERE ( pid=190 )  [ RunTime:0.000826s ]
NOTIC: [2] Invalid argument supplied for foreach() F:\wamp\www\test\Myweb\Home\Controller\IndexController.class.php 第 11 行.
SQL: SELECT * FROM `cates` WHERE ( pid=253 )  [ RunTime:0.000691s ]
SQL: SELECT * FROM `cates` WHERE ( pid=254 )  [ RunTime:0.001196s ]
NOTIC: [2] Invalid argument supplied for foreach() F:\wamp\www\test\Myweb\Home\Controller\IndexController.class.php 第 11 行.
SQL: SELECT * FROM `cates` WHERE ( pid=255 )  [ RunTime:0.000681s ]
NOTIC: [2] Invalid argument supplied for foreach() F:\wamp\www\test\Myweb\Home\Controller\IndexController.class.php 第 11 行.
SQL: SHOW COLUMNS FROM `goods` [ RunTime:0.001904s ]
SQL: SELECT * FROM `goods` WHERE ( status!='3' ) LIMIT 0,3   [ RunTime:0.002483s ]
SQL: select * from goods where status!='3' order by id desc limit 0,4 [ RunTime:0.031751s ]
SQL: select * from goods where typeid=3 and status!='3' limit 0,7 [ RunTime:0.000986s ]
SQL: select * from goods where typeid=7 and status!='3' limit 0,7 [ RunTime:0.000736s ]
SQL: select * from goods where typeid=11 and status!='3' limit 0,7 [ RunTime:0.000857s ]
SQL: select * from goods where typeid=15 and status!='3' limit 0,7 [ RunTime:0.001069s ]
SQL: select * from goods where typeid=19 and status!='3' limit 0,7 [ RunTime:0.000773s ]
SQL: select * from goods where typeid=23 and status!='3' limit 0,7 [ RunTime:0.001438s ]
SQL: select * from goods where typeid=27 and status!='3' limit 0,7 [ RunTime:0.001086s ]
SQL: select * from goods where typeid=31 and status!='3' limit 0,7 [ RunTime:0.001563s ]
SQL: select * from goods where typeid=35 and status!='3' limit 0,7 [ RunTime:0.001556s ]
SQL: select * from goods where typeid=39 and status!='3' limit 0,7 [ RunTime:0.001156s ]
SQL: SHOW COLUMNS FROM `lunbos` [ RunTime:0.014810s ]
SQL: SELECT * FROM `lunbos` WHERE `status` = 1  [ RunTime:0.000633s ]
SQL: SHOW COLUMNS FROM `adverts` [ RunTime:0.028727s ]
SQL: SELECT * FROM `adverts` LIMIT 0,7   [ RunTime:0.000680s ]
SQL: SHOW COLUMNS FROM `friends` [ RunTime:0.007615s ]
SQL: SELECT * FROM `friends` LIMIT 0,20   [ RunTime:0.000716s ]
INFO: [ view_parse ] --START--
INFO: [ template_filter ] --START--
INFO: Run Behavior\ContentReplaceBehavior [ RunTime:0.000743s ]
INFO: [ template_filter ] --END-- [ RunTime:0.001009s ]
NOTIC: [8] Undefined index: username2 F:\wamp\www\test\Myweb\Runtime\Cache\Home\9485de9478e82fac04c3714025ac334a.php 第 30 行.
NOTIC: [8] Undefined index: username2 F:\wamp\www\test\Myweb\Runtime\Cache\Home\9485de9478e82fac04c3714025ac334a.php 第 33 行.
NOTIC: [8] Undefined index: username2 F:\wamp\www\test\Myweb\Runtime\Cache\Home\9485de9478e82fac04c3714025ac334a.php 第 38 行.
NOTIC: [8] Undefined index: goods F:\wamp\www\test\Myweb\Runtime\Cache\Home\9485de9478e82fac04c3714025ac334a.php 第 56 行.
NOTIC: [8] Undefined index: username2 F:\wamp\www\test\Myweb\Runtime\Cache\Home\9485de9478e82fac04c3714025ac334a.php 第 656 行.
NOTIC: [8] Undefined index: pic2 F:\wamp\www\test\Myweb\Runtime\Cache\Home\9485de9478e82fac04c3714025ac334a.php 第 658 行.
NOTIC: [8] Undefined index: count2 F:\wamp\www\test\Myweb\Runtime\Cache\Home\9485de9478e82fac04c3714025ac334a.php 第 690 行.
INFO: Run Behavior\ParseTemplateBehavior [ RunTime:0.284429s ]
INFO: [ view_parse ] --END-- [ RunTime:0.284699s ]
INFO: [ view_filter ] --START--
INFO: Run Behavior\WriteHtmlCacheBehavior [ RunTime:0.011598s ]
INFO: [ view_filter ] --END-- [ RunTime:0.011868s ]
INFO: [ app_end ] --START--
INFO: Run Behavior\ShowPageTraceBehavior [ RunTime:0.006636s ]
INFO: [ app_end ] --END-- [ RunTime:0.007135s ]

[ 2017-11-23T13:18:01+08:00 ] ::1 /test/
INFO: [ app_init ] --START--
INFO: Run Behavior\BuildLiteBehavior [ RunTime:0.000049s ]
INFO: [ app_init ] --END-- [ RunTime:0.001032s ]
INFO: [ app_begin ] --START--
INFO: Run Behavior\ReadHtmlCacheBehavior [ RunTime:0.001028s ]
INFO: [ app_begin ] --END-- [ RunTime:0.001273s ]
SQL: SHOW COLUMNS FROM `cates` [ RunTime:0.002579s ]
SQL: SELECT * FROM `cates` WHERE ( pid=0 )  [ RunTime:0.000454s ]
SQL: SELECT * FROM `cates` WHERE ( pid=3 )  [ RunTime:0.000562s ]
SQL: SELECT * FROM `cates` WHERE ( pid=5 )  [ RunTime:0.000395s ]
SQL: SELECT * FROM `cates` WHERE ( pid=64 )  [ RunTime:0.000331s ]
SQL: SELECT * FROM `cates` WHERE ( pid=145 )  [ RunTime:0.000362s ]
NOTIC: [2] Invalid argument supplied for foreach() F:\wamp\www\test\Myweb\Home\Controller\IndexController.class.php 第 11 行.
SQL: SELECT * FROM `cates` WHERE ( pid=146 )  [ RunTime:0.000524s ]
NOTIC: [2] Invalid argument supplied for foreach() F:\wamp\www\test\Myweb\Home\Controller\IndexController.class.php 第 11 行.
SQL: SELECT * FROM `cates` WHERE ( pid=147 )  [ RunTime:0.000411s ]
NOTIC: [2] Invalid argument supplied for foreach() F:\wamp\www\test\Myweb\Home\Controller\IndexController.class.php 第 11 行.
SQL: SELECT * FROM `cates` WHERE ( pid=148 )  [ RunTime:0.000337s ]
NOTIC: [2] Invalid argument supplied for foreach() F:\wamp\www\test\Myweb\Home\Controller\IndexController.class.php 第 11 行.
SQL: SELECT * FROM `cates` WHERE ( pid=65 )  [ RunTime:0.000469s ]
SQL: SELECT * FROM `cates` WHERE ( pid=149 )  [ RunTime:0.000467s ]
NOTIC: [2] Invalid argument supplied for foreach() F:\wamp\www\test\Myweb\Home\Controller\IndexController.class.php 第 11 行.
SQL: SELECT * FROM `cates` WHERE ( pid=150 )  [ RunTime:0.000436s ]
NOTIC: [2] Invalid argument supplied for foreach() F:\wamp\www\test\Myweb\Home\Controller\IndexController.class.php 第 11 行.
SQL: SELECT * FROM `cates` WHERE ( pid=151 )  [ RunTime:0.000516s ]
NOTIC: [2] Invalid argument supplied for foreach() F:\wamp\www\test\Myweb\Home\Controller\IndexController.class.php 第 11 行.
SQL: SELECT * FROM `cates` WHERE ( pid=152 )  [ RunTime:0.000504s ]
NOTIC: [2] Invalid argument supplied for foreach() F:\wamp\www\test\Myweb\Home\Controller\IndexController.class.php 第 11 行.
SQL: SELECT * FROM `cates` WHERE ( pid=232 )  [ RunTime:0.000447s ]
SQL: SELECT * FROM `cates` WHERE ( pid=234 )  [ RunTime:0.000410s ]
NOTIC: [2] Invalid argument supplied for foreach() F:\wamp\www\test\Myweb\Home\Controller\IndexController.class.php 第 11 行.
SQL: SELECT * FROM `cates` WHERE ( pid=6 )  [ RunTime:0.000410s ]
SQL: SELECT * FROM `cates` WHERE ( pid=66 )  [ RunTime:0.000375s ]
SQL: SELECT * FROM `cates` WHERE ( pid=153 )  [ RunTime:0.000412s ]
NOTIC: [2] Invalid argument supplied for foreach() F:\wamp\www\test\Myweb\Home\Controller\IndexController.class.php 第 11 行.
SQL: SELECT * FROM `cates` WHERE ( pid=154 )  [ RunTime:0.000380s ]
NOTIC: [2] Invalid argument supplied for foreach() F:\wamp\www\test\Myweb\Home\Controller\IndexController.class.php 第 11 行.
SQL: SELECT * FROM `cates` WHERE ( pid=68 )  [ RunTime:0.000383s ]
SQL: SELECT * FROM `cates` WHERE ( pid=155 )  [ RunTime:0.000456s ]
NOTIC: [2] Invalid argument supplied for foreach() F:\wamp\www\test\Myweb\Home\Controller\IndexController.class.php 第 11 行.
SQL: SELECT * FROM `cates` WHERE ( pid=156 )  [ RunTime:0.000505s ]
NOTIC: [2] Invalid argument supplied for foreach() F:\wamp\www\test\Myweb\Home\Controller\IndexController.class.php 第 11 行.
SQL: SELECT * FROM `cates` WHERE ( pid=157 )  [ RunTime:0.000498s ]
NOTIC: [2] Invalid argument supplied for foreach() F:\wamp\www\test\Myweb\Home\Controller\IndexController.class.php 第 11 行.
SQL: SELECT * FROM `cates` WHERE ( pid=233 )  [ RunTime:0.000456s ]
SQL: SELECT * FROM `cates` WHERE ( pid=235 )  [ RunTime:0.000616s ]
NOTIC: [2] Invalid argument supplied for foreach() F:\wamp\www\test\Myweb\Home\Controller\IndexController.class.php 第 11 行.
SQL: SELECT * FROM `cates` WHERE ( pid=236 )  [ RunTime:0.000443s ]
NOTIC: [2] Invalid argument supplied for foreach() F:\wamp\www\test\Myweb\Home\Controller\IndexController.class.php 第 11 行.
SQL: SELECT * FROM `cates` WHERE ( pid=7 )  [ RunTime:0.000467s ]
SQL: SELECT * FROM `cates` WHERE ( pid=8 )  [ RunTime:0.000354s ]
SQL: SELECT * FROM `cates` WHERE ( pid=79 )  [ RunTime:0.000336s ]
SQL: SELECT * FROM `cates` WHERE ( pid=191 )  [ RunTime:0.000397s ]
NOTIC: [2] Invalid argument supplied for foreach() F:\wamp\www\test\Myweb\Home\Controller\IndexController.class.php 第 11 行.
SQL: SELECT * FROM `cates` WHERE ( pid=192 )  [ RunTime:0.000327s ]
NOTIC: [2] Invalid argument supplied for foreach() F:\wamp\www\test\Myweb\Home\Controller\IndexController.class.php 第 11 行.
SQL: SELECT * FROM `cates` WHERE ( pid=193 )  [ RunTime:0.000474s ]
NOTIC: [2] Invalid argument supplied for foreach() F:\wamp\www\test\Myweb\Home\Controller\IndexController.class.php 第 11 行.
SQL: SELECT * FROM `cates` WHERE ( pid=80 )  [ RunTime:0.000381s ]
SQL: SELECT * FROM `cates` WHERE ( pid=194 )  [ RunTime:0.000451s ]
NOTIC: [2] Invalid argument supplied for foreach() F:\wamp\www\test\Myweb\Home\Controller\IndexController.class.php 第 11 行.
SQL: SELECT * FROM `cates` WHERE ( pid=195 )  [ RunTime:0.000460s ]
NOTIC: [2] Invalid argument supplied for foreach() F:\wamp\www\test\Myweb\Home\Controller\IndexController.class.php 第 11 行.
SQL: SELECT * FROM `cates` WHERE ( pid=256 )  [ RunTime:0.000439s ]
SQL: SELECT * FROM `cates` WHERE ( pid=258 )  [ RunTime:0.000395s ]
NOTIC: [2] Invalid argument supplied for foreach() F:\wamp\www\test\Myweb\Home\Controller\IndexController.class.php 第 11 行.
SQL: SELECT * FROM `cates` WHERE ( pid=259 )  [ RunTime:0.000347s ]
NOTIC: [2] Invalid argument supplied for foreach() F:\wamp\www\test\Myweb\Home\Controller\IndexController.class.php 第 11 行.
SQL: SELECT * FROM `cates` WHERE ( pid=9 )  [ RunTime:0.000417s ]
SQL: SELECT * FROM `cates` WHERE ( pid=81 )  [ RunTime:0.000368s ]
SQL: SELECT * FROM `cates` WHERE ( pid=198 )  [ RunTime:0.000450s ]
NOTIC: [2] Invalid argument supplied for foreach() F:\wamp\www\test\Myweb\Home\Controller\IndexController.class.php 第 11 行.
SQL: SELECT * FROM `cates` WHERE ( pid=82 )  [ RunTime:0.000408s ]
SQL: SELECT * FROM `cates` WHERE ( pid=196 )  [ RunTime:0.000354s ]
NOTIC: [2] Invalid argument supplied for foreach() F:\wamp\www\test\Myweb\Home\Controller\IndexController.class.php 第 11 行.
SQL: SELECT * FROM `cates` WHERE ( pid=197 )  [ RunTime:0.000400s ]
NOTIC: [2] Invalid argument supplied for foreach() F:\wamp\www\test\Myweb\Home\Controller\IndexController.class.php 第 11 行.
SQL: SELECT * FROM `cates` WHERE ( pid=257 )  [ RunTime:0.000395s ]
SQL: SELECT * FROM `cates` WHERE ( pid=260 )  [ RunTime:0.000432s ]
NOTIC: [2] Invalid argument supplied for foreach() F:\wamp\www\test\Myweb\Home\Controller\IndexController.class.php 第 11 行.
SQL: SELECT * FROM `cates` WHERE ( pid=11 )  [ RunTime:0.000345s ]
SQL: SELECT * FROM `cates` WHERE ( pid=13 )  [ RunTime:0.000375s ]
SQL: SELECT * FROM `cates` WHERE ( pid=43 )  [ RunTime:0.000359s ]
SQL: SELECT * FROM `cates` WHERE ( pid=94 )  [ RunTime:0.000391s ]
NOTIC: [2] Invalid argument supplied for foreach() F:\wamp\www\test\Myweb\Home\Controller\IndexController.class.php 第 11 行.
SQL: SELECT * FROM `cates` WHERE ( pid=95 )  [ RunTime:0.000328s ]
NOTIC: [2] Invalid argument supplied for foreach() F:\wamp\www\test\Myweb\Home\Controller\IndexController.class.php 第 11 行.
SQL: SELECT * FROM `cates` WHERE ( pid=96 )  [ RunTime:0.000407s ]
NOTIC: [2] Invalid argument supplied for foreach() F:\wamp\www\test\Myweb\Home\Controller\IndexController.class.php 第 11 行.
SQL: SELECT * FROM `cates` WHERE ( pid=97 )  [ RunTime:0.000372s ]
NOTIC: [2] Invalid argument supplied for foreach() F:\wamp\www\test\Myweb\Home\Controller\IndexController.class.php 第 11 行.
SQL: SELECT * FROM `cates` WHERE ( pid=44 )  [ RunTime:0.000354s ]
SQL: SELECT * FROM `cates` WHERE ( pid=199 )  [ RunTime:0.000556s ]
NOTIC: [2] Invalid argument supplied for foreach() F:\wamp\www\test\Myweb\Home\Controller\IndexController.class.php 第 11 行.
SQL: SELECT * FROM `cates` WHERE ( pid=200 )  [ RunTime:0.000400s ]
NOTIC: [2] Invalid argument supplied for foreach() F:\wamp\www\test\Myweb\Home\Controller\IndexController.class.php 第 11 行.
SQL: SELECT * FROM `cates` WHERE ( pid=201 )  [ RunTime:0.000391s ]
SQL: SELECT * FROM `cates` WHERE ( pid=203 )  [ RunTime:0.000388s ]
NOTIC: [2] Invalid argument supplied for foreach() F:\wamp\www\test\Myweb\Home\Controller\IndexController.class.php 第 11 行.
SQL: SELECT * FROM `cates` WHERE ( pid=204 )  [ RunTime:0.000373s ]
NOTIC: [2] Invalid argument supplied for foreach() F:\wamp\www\test\Myweb\Home\Controller\IndexController.class.php 第 11 行.
SQL: SELECT * FROM `cates` WHERE ( pid=14 )  [ RunTime:0.000504s ]
SQL: SELECT * FROM `cates` WHERE ( pid=46 )  [ RunTime:0.000411s ]
SQL: SELECT * FROM `cates` WHERE ( pid=85 )  [ RunTime:0.000403s ]
NOTIC: [2] Invalid argument supplied for foreach() F:\wamp\www\test\Myweb\Home\Controller\IndexController.class.php 第 11 行.
SQL: SELECT * FROM `cates` WHERE ( pid=86 )  [ RunTime:0.000372s ]
NOTIC: [2] Invalid argument supplied for foreach() F:\wamp\www\test\Myweb\Home\Controller\IndexController.class.php 第 11 行.
SQL: SELECT * FROM `cates` WHERE ( pid=87 )  [ RunTime:0.000335s ]
NOTIC: [2] Invalid argument supplied for foreach() F:\wamp\www\test\Myweb\Home\Controller\IndexController.class.php 第 11 行.
SQL: SELECT * FROM `cates` WHERE ( pid=88 )  [ RunTime:0.000378s ]
NOTIC: [2] Invalid argument supplied for foreach() F:\wamp\www\test\Myweb\Home\Controller\IndexController.class.php 第 11 行.
SQL: SELECT * FROM `cates` WHERE ( pid=89 )  [ RunTime:0.000424s ]
NOTIC: [2] Invalid argument supplied for foreach() F:\wamp\www\test\Myweb\Home\Controller\IndexController.class.php 第 11 行.
SQL: SELECT * FROM `cates` WHERE ( pid=45 )  [ RunTime:0.000498s ]
SQL: SELECT * FROM `cates` WHERE ( pid=90 )  [ RunTime:0.000517s ]
NOTIC: [2] Invalid argument supplied for foreach() F:\wamp\www\test\Myweb\Home\Controller\IndexController.class.php 第 11 行.
SQL: SELECT * FROM `cates` WHERE ( pid=91 )  [ RunTime:0.000387s ]
NOTIC: [2] Invalid argument supplied for foreach() F:\wamp\www\test\Myweb\Home\Controller\IndexController.class.php 第 11 行.
SQL: SELECT * FROM `cates` WHERE ( pid=92 )  [ RunTime:0.000318s ]
NOTIC: [2] Invalid argument supplied for foreach() F:\wamp\www\test\Myweb\Home\Controller\IndexController.class.php 第 11 行.
SQL: SELECT * FROM `cates` WHERE ( pid=93 )  [ RunTime:0.000310s ]
NOTIC: [2] Invalid argument supplied for foreach() F:\wamp\www\test\Myweb\Home\Controller\IndexController.class.php 第 11 行.
SQL: SELECT * FROM `cates` WHERE ( pid=202 )  [ RunTime:0.000458s ]
SQL: SELECT * FROM `cates` WHERE ( pid=205 )  [ RunTime:0.000415s ]
NOTIC: [2] Invalid argument supplied for foreach() F:\wamp\www\test\Myweb\Home\Controller\IndexController.class.php 第 11 行.
SQL: SELECT * FROM `cates` WHERE ( pid=206 )  [ RunTime:0.000342s ]
NOTIC: [2] Invalid argument supplied for foreach() F:\wamp\www\test\Myweb\Home\Controller\IndexController.class.php 第 11 行.
SQL: SELECT * FROM `cates` WHERE ( pid=207 )  [ RunTime:0.000319s ]
NOTIC: [2] Invalid argument supplied for foreach() F:\wamp\www\test\Myweb\Home\Controller\IndexController.class.php 第 11 行.
SQL: SELECT * FROM `cates` WHERE ( pid=15 )  [ RunTime:0.000469s ]
SQL: SELECT * FROM `cates` WHERE ( pid=16 )  [ RunTime:0.000460s ]
SQL: SELECT * FROM `cates` WHERE ( pid=48 )  [ RunTime:0.000358s ]
SQL: SELECT * FROM `cates` WHERE ( pid=103 )  [ RunTime:0.000418s ]
NOTIC: [2] Invalid argument supplied for foreach() F:\wamp\www\test\Myweb\Home\Controller\IndexController.class.php 第 11 行.
SQL: SELECT * FROM `cates` WHERE ( pid=104 )  [ RunTime:0.000441s ]
NOTIC: [2] Invalid argument supplied for foreach() F:\wamp\www\test\Myweb\Home\Controller\IndexController.class.php 第 11 行.
SQL: SELECT * FROM `cates` WHERE ( pid=105 )  [ RunTime:0.000414s ]
NOTIC: [2] Invalid argument supplied for foreach() F:\wamp\www\test\Myweb\Home\Controller\IndexController.class.php 第 11 行.
SQL: SELECT * FROM `cates` WHERE ( pid=106 )  [ RunTime:0.000420s ]
NOTIC: [2] Invalid argument supplied for foreach() F:\wamp\www\test\Myweb\Home\Controller\IndexController.class.php 第 11 行.
SQL: SELECT * FROM `cates` WHERE ( pid=47 )  [ RunTime:0.000366s ]
SQL: SELECT * FROM `cates` WHERE ( pid=98 )  [ RunTime:0.000390s ]
NOTIC: [2] Invalid argument supplied for foreach() F:\wamp\www\test\Myweb\Home\Controller\IndexController.class.php 第 11 行.
SQL: SELECT * FROM `cates` WHERE ( pid=99 )  [ RunTime:0.000502s ]
NOTIC: [2] Invalid argument supplied for foreach() F:\wamp\www\test\Myweb\Home\Controller\IndexController.class.php 第 11 行.
SQL: SELECT * FROM `cates` WHERE ( pid=100 )  [ RunTime:0.000483s ]
NOTIC: [2] Invalid argument supplied for foreach() F:\wamp\www\test\Myweb\Home\Controller\IndexController.class.php 第 11 行.
SQL: SELECT * FROM `cates` WHERE ( pid=101 )  [ RunTime:0.000497s ]
NOTIC: [2] Invalid argument supplied for foreach() F:\wamp\www\test\Myweb\Home\Controller\IndexController.class.php 第 11 行.
SQL: SELECT * FROM `cates` WHERE ( pid=102 )  [ RunTime:0.000516s ]
NOTIC: [2] Invalid argument supplied for foreach() F:\wamp\www\test\Myweb\Home\Controller\IndexController.class.php 第 11 行.
SQL: SELECT * FROM `cates` WHERE ( pid=208 )  [ RunTime:0.000532s ]
SQL: SELECT * FROM `cates` WHERE ( pid=209 )  [ RunTime:0.000520s ]
NOTIC: [2] Invalid argument supplied for foreach() F:\wamp\www\test\Myweb\Home\Controller\IndexController.class.php 第 11 行.
SQL: SELECT * FROM `cates` WHERE ( pid=210 )  [ RunTime:0.000568s ]
NOTIC: [2] Invalid argument supplied for foreach() F:\wamp\www\test\Myweb\Home\Controller\IndexController.class.php 第 11 行.
SQL: SELECT * FROM `cates` WHERE ( pid=17 )  [ RunTime:0.000570s ]
SQL: SELECT * FROM `cates` WHERE ( pid=49 )  [ RunTime:0.000464s ]
SQL: SELECT * FROM `cates` WHERE ( pid=107 )  [ RunTime:0.000496s ]
NOTIC: [2] Invalid argument supplied for foreach() F:\wamp\www\test\Myweb\Home\Controller\IndexController.class.php 第 11 行.
SQL: SELECT * FROM `cates` WHERE ( pid=108 )  [ RunTime:0.000555s ]
NOTIC: [2] Invalid argument supplied for foreach() F:\wamp\www\test\Myweb\Home\Controller\IndexController.class.php 第 11 行.
SQL: SELECT * FROM `cates` WHERE ( pid=109 )  [ RunTime:0.000540s ]
NOTIC: [2] Invalid argument supplied for foreach() F:\wamp\www\test\Myweb\Home\Controller\IndexController.class.php 第 11 行.
SQL: SELECT * FROM `cates` WHERE ( pid=110 )  [ RunTime:0.000537s ]
NOTIC: [2] Invalid argument supplied for foreach() F:\wamp\www\test\Myweb\Home\Controller\IndexController.class.php 第 11 行.
SQL: SELECT * FROM `cates` WHERE ( pid=50 )  [ RunTime:0.000583s ]
SQL: SELECT * FROM `cates` WHERE ( pid=111 )  [ RunTime:0.000501s ]
NOTIC: [2] Invalid argument supplied for foreach() F:\wamp\www\test\Myweb\Home\Controller\IndexController.class.php 第 11 行.
SQL: SELECT * FROM `cates` WHERE ( pid=112 )  [ RunTime:0.000494s ]
NOTIC: [2] Invalid argument supplied for foreach() F:\wamp\www\test\Myweb\Home\Controller\IndexController.class.php 第 11 行.
SQL: SELECT * FROM `cates` WHERE ( pid=211 )  [ RunTime:0.000577s ]
SQL: SELECT * FROM `cates` WHERE ( pid=212 )  [ RunTime:0.000469s ]
NOTIC: [2] Invalid argument supplied for foreach() F:\wamp\www\test\Myweb\Home\Controller\IndexController.class.php 第 11 行.
SQL: SELECT * FROM `cates` WHERE ( pid=213 )  [ RunTime:0.000522s ]
NOTIC: [2] Invalid argument supplied for foreach() F:\wamp\www\test\Myweb\Home\Controller\IndexController.class.php 第 11 行.
SQL: SELECT * FROM `cates` WHERE ( pid=19 )  [ RunTime:0.000483s ]
SQL: SELECT * FROM `cates` WHERE ( pid=20 )  [ RunTime:0.000430s ]
SQL: SELECT * FROM `cates` WHERE ( pid=51 )  [ RunTime:0.000438s ]
SQL: SELECT * FROM `cates` WHERE ( pid=113 )  [ RunTime:0.000435s ]
NOTIC: [2] Invalid argument supplied for foreach() F:\wamp\www\test\Myweb\Home\Controller\IndexController.class.php 第 11 行.
SQL: SELECT * FROM `cates` WHERE ( pid=52 )  [ RunTime:0.000502s ]
SQL: SELECT * FROM `cates` WHERE ( pid=115 )  [ RunTime:0.000545s ]
NOTIC: [2] Invalid argument supplied for foreach() F:\wamp\www\test\Myweb\Home\Controller\IndexController.class.php 第 11 行.
SQL: SELECT * FROM `cates` WHERE ( pid=116 )  [ RunTime:0.000515s ]
NOTIC: [2] Invalid argument supplied for foreach() F:\wamp\www\test\Myweb\Home\Controller\IndexController.class.php 第 11 行.
SQL: SELECT * FROM `cates` WHERE ( pid=214 )  [ RunTime:0.000547s ]
SQL: SELECT * FROM `cates` WHERE ( pid=215 )  [ RunTime:0.000501s ]
NOTIC: [2] Invalid argument supplied for foreach() F:\wamp\www\test\Myweb\Home\Controller\IndexController.class.php 第 11 行.
SQL: SELECT * FROM `cates` WHERE ( pid=216 )  [ RunTime:0.000471s ]
NOTIC: [2] Invalid argument supplied for foreach() F:\wamp\www\test\Myweb\Home\Controller\IndexController.class.php 第 11 行.
SQL: SELECT * FROM `cates` WHERE ( pid=21 )  [ RunTime:0.000498s ]
SQL: SELECT * FROM `cates` WHERE ( pid=53 )  [ RunTime:0.000478s ]
SQL: SELECT * FROM `cates` WHERE ( pid=117 )  [ RunTime:0.000426s ]
NOTIC: [2] Invalid argument supplied for foreach() F:\wamp\www\test\Myweb\Home\Controller\IndexController.class.php 第 11 行.
SQL: SELECT * FROM `cates` WHERE ( pid=54 )  [ RunTime:0.000425s ]
SQL: SELECT * FROM `cates` WHERE ( pid=118 )  [ RunTime:0.000455s ]
NOTIC: [2] Invalid argument supplied for foreach() F:\wamp\www\test\Myweb\Home\Controller\IndexController.class.php 第 11 行.
SQL: SELECT * FROM `cates` WHERE ( pid=119 )  [ RunTime:0.000442s ]
NOTIC: [2] Invalid argument supplied for foreach() F:\wamp\www\test\Myweb\Home\Controller\IndexController.class.php 第 11 行.
SQL: SELECT * FROM `cates` WHERE ( pid=217 )  [ RunTime:0.000505s ]
SQL: SELECT * FROM `cates` WHERE ( pid=218 )  [ RunTime:0.000492s ]
NOTIC: [2] Invalid argument supplied for foreach() F:\wamp\www\test\Myweb\Home\Controller\IndexController.class.php 第 11 行.
SQL: SELECT * FROM `cates` WHERE ( pid=219 )  [ RunTime:0.000471s ]
NOTIC: [2] Invalid argument supplied for foreach() F:\wamp\www\test\Myweb\Home\Controller\IndexController.class.php 第 11 行.
SQL: SELECT * FROM `cates` WHERE ( pid=23 )  [ RunTime:0.000410s ]
SQL: SELECT * FROM `cates` WHERE ( pid=25 )  [ RunTime:0.000483s ]
SQL: SELECT * FROM `cates` WHERE ( pid=55 )  [ RunTime:0.000493s ]
SQL: SELECT * FROM `cates` WHERE ( pid=123 )  [ RunTime:0.000541s ]
NOTIC: [2] Invalid argument supplied for foreach() F:\wamp\www\test\Myweb\Home\Controller\IndexController.class.php 第 11 行.
SQL: SELECT * FROM `cates` WHERE ( pid=124 )  [ RunTime:0.000537s ]
NOTIC: [2] Invalid argument supplied for foreach() F:\wamp\www\test\Myweb\Home\Controller\IndexController.class.php 第 11 行.
SQL: SELECT * FROM `cates` WHERE ( pid=125 )  [ RunTime:0.000578s ]
NOTIC: [2] Invalid argument supplied for foreach() F:\wamp\www\test\Myweb\Home\Controller\IndexController.class.php 第 11 行.
SQL: SELECT * FROM `cates` WHERE ( pid=56 )  [ RunTime:0.000628s ]
SQL: SELECT * FROM `cates` WHERE ( pid=120 )  [ RunTime:0.000593s ]
NOTIC: [2] Invalid argument supplied for foreach() F:\wamp\www\test\Myweb\Home\Controller\IndexController.class.php 第 11 行.
SQL: SELECT * FROM `cates` WHERE ( pid=121 )  [ RunTime:0.000556s ]
NOTIC: [2] Invalid argument supplied for foreach() F:\wamp\www\test\Myweb\Home\Controller\IndexController.class.php 第 11 行.
SQL: SELECT * FROM `cates` WHERE ( pid=122 )  [ RunTime:0.000583s ]
NOTIC: [2] Invalid argument supplied for foreach() F:\wamp\www\test\Myweb\Home\Controller\IndexController.class.php 第 11 行.
SQL: SELECT * FROM `cates` WHERE ( pid=220 )  [ RunTime:0.000584s ]
SQL: SELECT * FROM `cates` WHERE ( pid=221 )  [ RunTime:0.000920s ]
NOTIC: [2] Invalid argument supplied for foreach() F:\wamp\www\test\Myweb\Home\Controller\IndexController.class.php 第 11 行.
SQL: SELECT * FROM `cates` WHERE ( pid=222 )  [ RunTime:0.000531s ]
NOTIC: [2] Invalid argument supplied for foreach() F:\wamp\www\test\Myweb\Home\Controller\IndexController.class.php 第 11 行.
SQL: SELECT * FROM `cates` WHERE ( pid=26 )  [ RunTime:0.000592s ]
SQL: SELECT * FROM `cates` WHERE ( pid=57 )  [ RunTime:0.000535s ]
SQL: SELECT * FROM `cates` WHERE ( pid=128 )  [ RunTime:0.000519s ]
NOTIC: [2] Invalid argument supplied for foreach() F:\wamp\www\test\Myweb\Home\Controller\IndexController.class.php 第 11 行.
SQL: SELECT * FROM `cates` WHERE ( pid=129 )  [ RunTime:0.000517s ]
NOTIC: [2] Invalid argument supplied for foreach() F:\wamp\www\test\Myweb\Home\Controller\IndexController.class.php 第 11 行.
SQL: SELECT * FROM `cates` WHERE ( pid=130 )  [ RunTime:0.000478s ]
NOTIC: [2] Invalid argument supplied for foreach() F:\wamp\www\test\Myweb\Home\Controller\IndexController.class.php 第 11 行.
SQL: SELECT * FROM `cates` WHERE ( pid=58 )  [ RunTime:0.000481s ]
SQL: SELECT * FROM `cates` WHERE ( pid=126 )  [ RunTime:0.000511s ]
NOTIC: [2] Invalid argument supplied for foreach() F:\wamp\www\test\Myweb\Home\Controller\IndexController.class.php 第 11 行.
SQL: SELECT * FROM `cates` WHERE ( pid=127 )  [ RunTime:0.000498s ]
NOTIC: [2] Invalid argument supplied for foreach() F:\wamp\www\test\Myweb\Home\Controller\IndexController.class.php 第 11 行.
SQL: SELECT * FROM `cates` WHERE ( pid=223 )  [ RunTime:0.000502s ]
SQL: SELECT * FROM `cates` WHERE ( pid=224 )  [ RunTime:0.000555s ]
NOTIC: [2] Invalid argument supplied for foreach() F:\wamp\www\test\Myweb\Home\Controller\IndexController.class.php 第 11 行.
SQL: SELECT * FROM `cates` WHERE ( pid=225 )  [ RunTime:0.000596s ]
NOTIC: [2] Invalid argument supplied for foreach() F:\wamp\www\test\Myweb\Home\Controller\IndexController.class.php 第 11 行.
SQL: SELECT * FROM `cates` WHERE ( pid=27 )  [ RunTime:0.000572s ]
SQL: SELECT * FROM `cates` WHERE ( pid=28 )  [ RunTime:0.000534s ]
SQL: SELECT * FROM `cates` WHERE ( pid=59 )  [ RunTime:0.000573s ]
SQL: SELECT * FROM `cates` WHERE ( pid=131 )  [ RunTime:0.000504s ]
NOTIC: [2] Invalid argument supplied for foreach() F:\wamp\www\test\Myweb\Home\Controller\IndexController.class.php 第 11 行.
SQL: SELECT * FROM `cates` WHERE ( pid=132 )  [ RunTime:0.000497s ]
NOTIC: [2] Invalid argument supplied for foreach() F:\wamp\www\test\Myweb\Home\Controller\IndexController.class.php 第 11 行.
SQL: SELECT * FROM `cates` WHERE ( pid=133 )  [ RunTime:0.000520s ]
NOTIC: [2] Invalid argument supplied for foreach() F:\wamp\www\test\Myweb\Home\Controller\IndexController.class.php 第 11 行.
SQL: SELECT * FROM `cates` WHERE ( pid=61 )  [ RunTime:0.000526s ]
SQL: SELECT * FROM `cates` WHERE ( pid=134 )  [ RunTime:0.000517s ]
NOTIC: [2] Invalid argument supplied for foreach() F:\wamp\www\test\Myweb\Home\Controller\IndexController.class.php 第 11 行.
SQL: SELECT * FROM `cates` WHERE ( pid=135 )  [ RunTime:0.000496s ]
NOTIC: [2] Invalid argument supplied for foreach() F:\wamp\www\test\Myweb\Home\Controller\IndexController.class.php 第 11 行.
SQL: SELECT * FROM `cates` WHERE ( pid=136 )  [ RunTime:0.000515s ]
NOTIC: [2] Invalid argument supplied for foreach() F:\wamp\www\test\Myweb\Home\Controller\IndexController.class.php 第 11 行.
SQL: SELECT * FROM `cates` WHERE ( pid=137 )  [ RunTime:0.000488s ]
NOTIC: [2] Invalid argument supplied for foreach() F:\wamp\www\test\Myweb\Home\Controller\IndexController.class.php 第 11 行.
SQL: SELECT * FROM `cates` WHERE ( pid=226 )  [ RunTime:0.000507s ]
SQL: SELECT * FROM `cates` WHERE ( pid=228 )  [ RunTime:0.000479s ]
NOTIC: [2] Invalid argument supplied for foreach() F:\wamp\www\test\Myweb\Home\Controller\IndexController.class.php 第 11 行.
SQL: SELECT * FROM `cates` WHERE ( pid=229 )  [ RunTime:0.000463s ]
NOTIC: [2] Invalid argument supplied for foreach() F:\wamp\www\test\Myweb\Home\Controller\IndexController.class.php 第 11 行.
SQL: SELECT * FROM `cates` WHERE ( pid=29 )  [ RunTime:0.000489s ]
SQL: SELECT * FROM `cates` WHERE ( pid=62 )  [ RunTime:0.000503s ]
SQL: SELECT * FROM `cates` WHERE ( pid=138 )  [ RunTime:0.000441s ]
NOTIC: [2] Invalid argument supplied for foreach() F:\wamp\www\test\Myweb\Home\Controller\IndexController.class.php 第 11 行.
SQL: SELECT * FROM `cates` WHERE ( pid=139 )  [ RunTime:0.000445s ]
NOTIC: [2] Invalid argument supplied for foreach() F:\wamp\www\test\Myweb\Home\Controller\IndexController.class.php 第 11 行.
SQL: SELECT * FROM `cates` WHERE ( pid=63 )  [ RunTime:0.000633s ]
SQL: SELECT * FROM `cates` WHERE ( pid=140 )  [ RunTime:0.000582s ]
NOTIC: [2] Invalid argument supplied for foreach() F:\wamp\www\test\Myweb\Home\Controller\IndexController.class.php 第 11 行.
SQL: SELECT * FROM `cates` WHERE ( pid=141 )  [ RunTime:0.000571s ]
NOTIC: [2] Invalid argument supplied for foreach() F:\wamp\www\test\Myweb\Home\Controller\IndexController.class.php 第 11 行.
SQL: SELECT * FROM `cates` WHERE ( pid=142 )  [ RunTime:0.000522s ]
NOTIC: [2] Invalid argument supplied for foreach() F:\wamp\www\test\Myweb\Home\Controller\IndexController.class.php 第 11 行.
SQL: SELECT * FROM `cates` WHERE ( pid=143 )  [ RunTime:0.000514s ]
NOTIC: [2] Invalid argument supplied for foreach() F:\wamp\www\test\Myweb\Home\Controller\IndexController.class.php 第 11 行.
SQL: SELECT * FROM `cates` WHERE ( pid=144 )  [ RunTime:0.000565s ]
NOTIC: [2] Invalid argument supplied for foreach() F:\wamp\www\test\Myweb\Home\Controller\IndexController.class.php 第 11 行.
SQL: SELECT * FROM `cates` WHERE ( pid=227 )  [ RunTime:0.000632s ]
SQL: SELECT * FROM `cates` WHERE ( pid=230 )  [ RunTime:0.000438s ]
NOTIC: [2] Invalid argument supplied for foreach() F:\wamp\www\test\Myweb\Home\Controller\IndexController.class.php 第 11 行.
SQL: SELECT * FROM `cates` WHERE ( pid=231 )  [ RunTime:0.000565s ]
NOTIC: [2] Invalid argument supplied for foreach() F:\wamp\www\test\Myweb\Home\Controller\IndexController.class.php 第 11 行.
SQL: SELECT * FROM `cates` WHERE ( pid=31 )  [ RunTime:0.000539s ]
SQL: SELECT * FROM `cates` WHERE ( pid=32 )  [ RunTime:0.000611s ]
SQL: SELECT * FROM `cates` WHERE ( pid=69 )  [ RunTime:0.000575s ]
SQL: SELECT * FROM `cates` WHERE ( pid=158 )  [ RunTime:0.000550s ]
NOTIC: [2] Invalid argument supplied for foreach() F:\wamp\www\test\Myweb\Home\Controller\IndexController.class.php 第 11 行.
SQL: SELECT * FROM `cates` WHERE ( pid=159 )  [ RunTime:0.000523s ]
NOTIC: [2] Invalid argument supplied for foreach() F:\wamp\www\test\Myweb\Home\Controller\IndexController.class.php 第 11 行.
SQL: SELECT * FROM `cates` WHERE ( pid=160 )  [ RunTime:0.000440s ]
NOTIC: [2] Invalid argument supplied for foreach() F:\wamp\www\test\Myweb\Home\Controller\IndexController.class.php 第 11 行.
SQL: SELECT * FROM `cates` WHERE ( pid=161 )  [ RunTime:0.000474s ]
NOTIC: [2] Invalid argument supplied for foreach() F:\wamp\www\test\Myweb\Home\Controller\IndexController.class.php 第 11 行.
SQL: SELECT * FROM `cates` WHERE ( pid=70 )  [ RunTime:0.000452s ]
SQL: SELECT * FROM `cates` WHERE ( pid=162 )  [ RunTime:0.000483s ]
NOTIC: [2] Invalid argument supplied for foreach() F:\wamp\www\test\Myweb\Home\Controller\IndexController.class.php 第 11 行.
SQL: SELECT * FROM `cates` WHERE ( pid=163 )  [ RunTime:0.000503s ]
NOTIC: [2] Invalid argument supplied for foreach() F:\wamp\www\test\Myweb\Home\Controller\IndexController.class.php 第 11 行.
SQL: SELECT * FROM `cates` WHERE ( pid=164 )  [ RunTime:0.000535s ]
NOTIC: [2] Invalid argument supplied for foreach() F:\wamp\www\test\Myweb\Home\Controller\IndexController.class.php 第 11 行.
SQL: SELECT * FROM `cates` WHERE ( pid=237 )  [ RunTime:0.000560s ]
SQL: SELECT * FROM `cates` WHERE ( pid=239 )  [ RunTime:0.000524s ]
NOTIC: [2] Invalid argument supplied for foreach() F:\wamp\www\test\Myweb\Home\Controller\IndexController.class.php 第 11 行.
SQL: SELECT * FROM `cates` WHERE ( pid=240 )  [ RunTime:0.000501s ]
NOTIC: [2] Invalid argument supplied for foreach() F:\wamp\www\test\Myweb\Home\Controller\IndexController.class.php 第 11 行.
SQL: SELECT * FROM `cates` WHERE ( pid=34 )  [ RunTime:0.000507s ]
SQL: SELECT * FROM `cates` WHERE ( pid=71 )  [ RunTime:0.000631s ]
SQL: SELECT * FROM `cates` WHERE ( pid=165 )  [ RunTime:0.000630s ]
NOTIC: [2] Invalid argument supplied for foreach() F:\wamp\www\test\Myweb\Home\Controller\IndexController.class.php 第 11 行.
SQL: SELECT * FROM `cates` WHERE ( pid=166 )  [ RunTime:0.000541s ]
NOTIC: [2] Invalid argument supplied for foreach() F:\wamp\www\test\Myweb\Home\Controller\IndexController.class.php 第 11 行.
SQL: SELECT * FROM `cates` WHERE ( pid=72 )  [ RunTime:0.000455s ]
SQL: SELECT * FROM `cates` WHERE ( pid=167 )  [ RunTime:0.000473s ]
NOTIC: [2] Invalid argument supplied for foreach() F:\wamp\www\test\Myweb\Home\Controller\IndexController.class.php 第 11 行.
SQL: SELECT * FROM `cates` WHERE ( pid=168 )  [ RunTime:0.000512s ]
NOTIC: [2] Invalid argument supplied for foreach() F:\wamp\www\test\Myweb\Home\Controller\IndexController.class.php 第 11 行.
SQL: SELECT * FROM `cates` WHERE ( pid=238 )  [ RunTime:0.000594s ]
SQL: SELECT * FROM `cates` WHERE ( pid=241 )  [ RunTime:0.000568s ]
NOTIC: [2] Invalid argument supplied for foreach() F:\wamp\www\test\Myweb\Home\Controller\IndexController.class.php 第 11 行.
SQL: SELECT * FROM `cates` WHERE ( pid=242 )  [ RunTime:0.000532s ]
NOTIC: [2] Invalid argument supplied for foreach() F:\wamp\www\test\Myweb\Home\Controller\IndexController.class.php 第 11 行.
SQL: SELECT * FROM `cates` WHERE ( pid=35 )  [ RunTime:0.000548s ]
SQL: SELECT * FROM `cates` WHERE ( pid=36 )  [ RunTime:0.000428s ]
SQL: SELECT * FROM `cates` WHERE ( pid=73 )  [ RunTime:0.000448s ]
SQL: SELECT * FROM `cates` WHERE ( pid=169 )  [ RunTime:0.000478s ]
NOTIC: [2] Invalid argument supplied for foreach() F:\wamp\www\test\Myweb\Home\Controller\IndexController.class.php 第 11 行.
SQL: SELECT * FROM `cates` WHERE ( pid=170 )  [ RunTime:0.000386s ]
NOTIC: [2] Invalid argument supplied for foreach() F:\wamp\www\test\Myweb\Home\Controller\IndexController.class.php 第 11 行.
SQL: SELECT * FROM `cates` WHERE ( pid=171 )  [ RunTime:0.000522s ]
NOTIC: [2] Invalid argument supplied for foreach() F:\wamp\www\test\Myweb\Home\Controller\IndexController.class.php 第 11 行.
SQL: SELECT * FROM `cates` WHERE ( pid=74 )  [ RunTime:0.000534s ]
SQL: SELECT * FROM `cates` WHERE ( pid=172 )  [ RunTime:0.000569s ]
NOTIC: [2] Invalid argument supplied for foreach() F:\wamp\www\test\Myweb\Home\Controller\IndexController.class.php 第 11 行.
SQL: SELECT * FROM `cates` WHERE ( pid=173 )  [ RunTime:0.000542s ]
NOTIC: [2] Invalid argument supplied for foreach() F:\wamp\www\test\Myweb\Home\Controller\IndexController.class.php 第 11 行.
SQL: SELECT * FROM `cates` WHERE ( pid=174 )  [ RunTime:0.000600s ]
NOTIC: [2] Invalid argument supplied for foreach() F:\wamp\www\test\Myweb\Home\Controller\IndexController.class.php 第 11 行.
SQL: SELECT * FROM `cates` WHERE ( pid=243 )  [ RunTime:0.000584s ]
SQL: SELECT * FROM `cates` WHERE ( pid=244 )  [ RunTime:0.000566s ]
NOTIC: [2] Invalid argument supplied for foreach() F:\wamp\www\test\Myweb\Home\Controller\IndexController.class.php 第 11 行.
SQL: SELECT * FROM `cates` WHERE ( pid=245 )  [ RunTime:0.000553s ]
NOTIC: [2] Invalid argument supplied for foreach() F:\wamp\www\test\Myweb\Home\Controller\IndexController.class.php 第 11 行.
SQL: SELECT * FROM `cates` WHERE ( pid=37 )  [ RunTime:0.000586s ]
SQL: SELECT * FROM `cates` WHERE ( pid=75 )  [ RunTime:0.000572s ]
SQL: SELECT * FROM `cates` WHERE ( pid=175 )  [ RunTime:0.000491s ]
NOTIC: [2] Invalid argument supplied for foreach() F:\wamp\www\test\Myweb\Home\Controller\IndexController.class.php 第 11 行.
SQL: SELECT * FROM `cates` WHERE ( pid=176 )  [ RunTime:0.000509s ]
NOTIC: [2] Invalid argument supplied for foreach() F:\wamp\www\test\Myweb\Home\Controller\IndexController.class.php 第 11 行.
SQL: SELECT * FROM `cates` WHERE ( pid=76 )  [ RunTime:0.000552s ]
SQL: SELECT * FROM `cates` WHERE ( pid=177 )  [ RunTime:0.000505s ]
NOTIC: [2] Invalid argument supplied for foreach() F:\wamp\www\test\Myweb\Home\Controller\IndexController.class.php 第 11 行.
SQL: SELECT * FROM `cates` WHERE ( pid=178 )  [ RunTime:0.000503s ]
NOTIC: [2] Invalid argument supplied for foreach() F:\wamp\www\test\Myweb\Home\Controller\IndexController.class.php 第 11 行.
SQL: SELECT * FROM `cates` WHERE ( pid=246 )  [ RunTime:0.000546s ]
SQL: SELECT * FROM `cates` WHERE ( pid=247 )  [ RunTime:0.000544s ]
NOTIC: [2] Invalid argument supplied for foreach() F:\wamp\www\test\Myweb\Home\Controller\IndexController.class.php 第 11 行.
SQL: SELECT * FROM `cates` WHERE ( pid=248 )  [ RunTime:0.000521s ]
NOTIC: [2] Invalid argument supplied for foreach() F:\wamp\www\test\Myweb\Home\Controller\IndexController.class.php 第 11 行.
SQL: SELECT * FROM `cates` WHERE ( pid=39 )  [ RunTime:0.000576s ]
SQL: SELECT * FROM `cates` WHERE ( pid=41 )  [ RunTime:0.000551s ]
SQL: SELECT * FROM `cates` WHERE ( pid=77 )  [ RunTime:0.000519s ]
SQL: SELECT * FROM `cates` WHERE ( pid=179 )  [ RunTime:0.000524s ]
NOTIC: [2] Invalid argument supplied for foreach() F:\wamp\www\test\Myweb\Home\Controller\IndexController.class.php 第 11 行.
SQL: SELECT * FROM `cates` WHERE ( pid=180 )  [ RunTime:0.000520s ]
NOTIC: [2] Invalid argument supplied for foreach() F:\wamp\www\test\Myweb\Home\Controller\IndexController.class.php 第 11 行.
SQL: SELECT * FROM `cates` WHERE ( pid=181 )  [ RunTime:0.000541s ]
NOTIC: [2] Invalid argument supplied for foreach() F:\wamp\www\test\Myweb\Home\Controller\IndexController.class.php 第 11 行.
SQL: SELECT * FROM `cates` WHERE ( pid=182 )  [ RunTime:0.000521s ]
NOTIC: [2] Invalid argument supplied for foreach() F:\wamp\www\test\Myweb\Home\Controller\IndexController.class.php 第 11 行.
SQL: SELECT * FROM `cates` WHERE ( pid=78 )  [ RunTime:0.000525s ]
SQL: SELECT * FROM `cates` WHERE ( pid=183 )  [ RunTime:0.000488s ]
NOTIC: [2] Invalid argument supplied for foreach() F:\wamp\www\test\Myweb\Home\Controller\IndexController.class.php 第 11 行.
SQL: SELECT * FROM `cates` WHERE ( pid=184 )  [ RunTime:0.000481s ]
NOTIC: [2] Invalid argument supplied for foreach() F:\wamp\www\test\Myweb\Home\Controller\IndexController.class.php 第 11 行.
SQL: SELECT * FROM `cates` WHERE ( pid=185 )  [ RunTime:0.000387s ]
NOTIC: [2] Invalid argument supplied for foreach() F:\wamp\www\test\Myweb\Home\Controller\IndexController.class.php 第 11 行.
SQL: SELECT * FROM `cates` WHERE ( pid=249 )  [ RunTime:0.000407s ]
SQL: SELECT * FROM `cates` WHERE ( pid=250 )  [ RunTime:0.000417s ]
NOTIC: [2] Invalid argument supplied for foreach() F:\wamp\www\test\Myweb\Home\Controller\IndexController.class.php 第 11 行.
SQL: SELECT * FROM `cates` WHERE ( pid=251 )  [ RunTime:0.000361s ]
NOTIC: [2] Invalid argument supplied for foreach() F:\wamp\www\test\Myweb\Home\Controller\IndexController.class.php 第 11 行.
SQL: SELECT * FROM `cates` WHERE ( pid=252 )  [ RunTime:0.000346s ]
NOTIC: [2] Invalid argument supplied for foreach() F:\wamp\www\test\Myweb\Home\Controller\IndexController.class.php 第 11 行.
SQL: SELECT * FROM `cates` WHERE ( pid=42 )  [ RunTime:0.000528s ]
SQL: SELECT * FROM `cates` WHERE ( pid=83 )  [ RunTime:0.000551s ]
SQL: SELECT * FROM `cates` WHERE ( pid=186 )  [ RunTime:0.000523s ]
NOTIC: [2] Invalid argument supplied for foreach() F:\wamp\www\test\Myweb\Home\Controller\IndexController.class.php 第 11 行.
SQL: SELECT * FROM `cates` WHERE ( pid=187 )  [ RunTime:0.000529s ]
NOTIC: [2] Invalid argument supplied for foreach() F:\wamp\www\test\Myweb\Home\Controller\IndexController.class.php 第 11 行.
SQL: SELECT * FROM `cates` WHERE ( pid=188 )  [ RunTime:0.000554s ]
NOTIC: [2] Invalid argument supplied for foreach() F:\wamp\www\test\Myweb\Home\Controller\IndexController.class.php 第 11 行.
SQL: SELECT * FROM `cates` WHERE ( pid=84 )  [ RunTime:0.000512s ]
SQL: SELECT * FROM `cates` WHERE ( pid=189 )  [ RunTime:0.000502s ]
NOTIC: [2] Invalid argument supplied for foreach() F:\wamp\www\test\Myweb\Home\Controller\IndexController.class.php 第 11 行.
SQL: SELECT * FROM `cates` WHERE ( pid=190 )  [ RunTime:0.000545s ]
NOTIC: [2] Invalid argument supplied for foreach() F:\wamp\www\test\Myweb\Home\Controller\IndexController.class.php 第 11 行.
SQL: SELECT * FROM `cates` WHERE ( pid=253 )  [ RunTime:0.000580s ]
SQL: SELECT * FROM `cates` WHERE ( pid=254 )  [ RunTime:0.000557s ]
NOTIC: [2] Invalid argument supplied for foreach() F:\wamp\www\test\Myweb\Home\Controller\IndexController.class.php 第 11 行.
SQL: SELECT * FROM `cates` WHERE ( pid=255 )  [ RunTime:0.000591s ]
NOTIC: [2] Invalid argument supplied for foreach() F:\wamp\www\test\Myweb\Home\Controller\IndexController.class.php 第 11 行.
SQL: SHOW COLUMNS FROM `goods` [ RunTime:0.001826s ]
SQL: SELECT * FROM `goods` WHERE ( status!='3' ) LIMIT 0,3   [ RunTime:0.000806s ]
SQL: select * from goods where status!='3' order by id desc limit 0,4 [ RunTime:0.000671s ]
SQL: select * from goods where typeid=3 and status!='3' limit 0,7 [ RunTime:0.000601s ]
SQL: select * from goods where typeid=7 and status!='3' limit 0,7 [ RunTime:0.000535s ]
SQL: select * from goods where typeid=11 and status!='3' limit 0,7 [ RunTime:0.000543s ]
SQL: select * from goods where typeid=15 and status!='3' limit 0,7 [ RunTime:0.000536s ]
SQL: select * from goods where typeid=19 and status!='3' limit 0,7 [ RunTime:0.000566s ]
SQL: select * from goods where typeid=23 and status!='3' limit 0,7 [ RunTime:0.000578s ]
SQL: select * from goods where typeid=27 and status!='3' limit 0,7 [ RunTime:0.000592s ]
SQL: select * from goods where typeid=31 and status!='3' limit 0,7 [ RunTime:0.000607s ]
SQL: select * from goods where typeid=35 and status!='3' limit 0,7 [ RunTime:0.000579s ]
SQL: select * from goods where typeid=39 and status!='3' limit 0,7 [ RunTime:0.000551s ]
SQL: SHOW COLUMNS FROM `lunbos` [ RunTime:0.001413s ]
SQL: SELECT * FROM `lunbos` WHERE `status` = 1  [ RunTime:0.000499s ]
SQL: SHOW COLUMNS FROM `adverts` [ RunTime:0.001466s ]
SQL: SELECT * FROM `adverts` LIMIT 0,7   [ RunTime:0.000543s ]
SQL: SHOW COLUMNS FROM `friends` [ RunTime:0.001227s ]
SQL: SELECT * FROM `friends` LIMIT 0,20   [ RunTime:0.000370s ]
INFO: [ view_parse ] --START--
INFO: [ template_filter ] --START--
INFO: Run Behavior\ContentReplaceBehavior [ RunTime:0.000567s ]
INFO: [ template_filter ] --END-- [ RunTime:0.000752s ]
NOTIC: [8] Undefined index: username2 F:\wamp\www\test\Myweb\Runtime\Cache\Home\9485de9478e82fac04c3714025ac334a.php 第 30 行.
NOTIC: [8] Undefined index: username2 F:\wamp\www\test\Myweb\Runtime\Cache\Home\9485de9478e82fac04c3714025ac334a.php 第 33 行.
NOTIC: [8] Undefined index: username2 F:\wamp\www\test\Myweb\Runtime\Cache\Home\9485de9478e82fac04c3714025ac334a.php 第 38 行.
NOTIC: [8] Undefined index: goods F:\wamp\www\test\Myweb\Runtime\Cache\Home\9485de9478e82fac04c3714025ac334a.php 第 56 行.
NOTIC: [8] Undefined index: username2 F:\wamp\www\test\Myweb\Runtime\Cache\Home\9485de9478e82fac04c3714025ac334a.php 第 656 行.
NOTIC: [8] Undefined index: pic2 F:\wamp\www\test\Myweb\Runtime\Cache\Home\9485de9478e82fac04c3714025ac334a.php 第 658 行.
NOTIC: [8] Undefined index: count2 F:\wamp\www\test\Myweb\Runtime\Cache\Home\9485de9478e82fac04c3714025ac334a.php 第 690 行.
INFO: Run Behavior\ParseTemplateBehavior [ RunTime:0.096368s ]
INFO: [ view_parse ] --END-- [ RunTime:0.096572s ]
INFO: [ view_filter ] --START--
INFO: Run Behavior\WriteHtmlCacheBehavior [ RunTime:0.000658s ]
INFO: [ view_filter ] --END-- [ RunTime:0.000797s ]
INFO: [ app_end ] --START--
INFO: Run Behavior\ShowPageTraceBehavior [ RunTime:0.001279s ]
INFO: [ app_end ] --END-- [ RunTime:0.001546s ]

